2025-03-22 20:01:58 [main] INFO  TC-028_verifyUserLogout - 
===================================================================================== NEW TEST RUN =====================================================================================
2025-03-22 20:01:58 [main] INFO  TC-028_verifyUserLogout - Logger initialized
2025-03-22 20:01:58 [main] INFO  TC-028_verifyUserLogout - Starting test setup for: verifyUserLogout (🔢 Test Case ID: TC-028)
2025-03-22 20:02:17 [main] INFO  TC-028_verifyUserLogout - Navigated to the site: https://demo.nopcommerce.com
2025-03-22 20:02:17 [main] INFO  TC-028_verifyUserLogout - Injected cookie: cf_clearance
2025-03-22 20:02:17 [main] INFO  TC-028_verifyUserLogout - Injected cookie: _ga
2025-03-22 20:02:17 [main] INFO  TC-028_verifyUserLogout - Injected cookie: .Nop.Antiforgery
2025-03-22 20:02:17 [main] INFO  TC-028_verifyUserLogout - Injected cookie: .Nop.Customer
2025-03-22 20:02:17 [main] INFO  TC-028_verifyUserLogout - Injected cookie: .Nop.Culture
2025-03-22 20:02:17 [main] INFO  TC-028_verifyUserLogout - Injected cookie: _ga_SCT41TW89V
2025-03-22 20:02:18 [main] INFO  TC-028_verifyUserLogout - Page refreshed with bypassed cookies.
2025-03-22 20:02:18 [main] INFO  utils.MainFunctionalities - Navigated to login page
2025-03-22 20:02:23 [main] INFO  utils.MainFunctionalities - Entered username and password
2025-03-22 20:02:28 [main] INFO  TC-028_verifyUserLogout - Closing the browser for test: verifyUserLogout
2025-03-22 20:02:28 [main] INFO  TC-028_verifyUserLogout - Browser closed.
2025-03-22 20:02:59 [main] INFO  TC-028_verifyUserLogout - 
===================================================================================== NEW TEST RUN =====================================================================================
2025-03-22 20:02:59 [main] INFO  TC-028_verifyUserLogout - Logger initialized
2025-03-22 20:02:59 [main] INFO  TC-028_verifyUserLogout - Starting test setup for: verifyUserLogout (🔢 Test Case ID: TC-028)
2025-03-22 20:03:16 [main] INFO  TC-028_verifyUserLogout - Navigated to the site: https://demo.nopcommerce.com
2025-03-22 20:03:16 [main] INFO  TC-028_verifyUserLogout - Injected cookie: cf_clearance
2025-03-22 20:03:16 [main] INFO  TC-028_verifyUserLogout - Injected cookie: _ga
2025-03-22 20:03:16 [main] INFO  TC-028_verifyUserLogout - Injected cookie: .Nop.Antiforgery
2025-03-22 20:03:16 [main] INFO  TC-028_verifyUserLogout - Injected cookie: .Nop.Customer
2025-03-22 20:03:16 [main] INFO  TC-028_verifyUserLogout - Injected cookie: .Nop.Culture
2025-03-22 20:03:16 [main] INFO  TC-028_verifyUserLogout - Injected cookie: _ga_SCT41TW89V
2025-03-22 20:03:17 [main] INFO  TC-028_verifyUserLogout - Page refreshed with bypassed cookies.
2025-03-22 20:03:18 [main] INFO  utils.MainFunctionalities - Navigated to login page
2025-03-22 20:03:23 [main] INFO  utils.MainFunctionalities - Entered username and password
2025-03-22 20:03:24 [main] INFO  utils.MainFunctionalities - User is logged in successfully.
2025-03-22 20:03:27 [main] INFO  TC-028_verifyUserLogout - User successfully logged in.
2025-03-22 20:03:31 [main] INFO  TC-028_verifyUserLogout - Clicking 'Logout' button.
2025-03-22 20:03:33 [main] INFO  TC-028_verifyUserLogout - Closing the browser for test: verifyUserLogout
2025-03-22 20:03:34 [main] INFO  TC-028_verifyUserLogout - Browser closed.
2025-03-22 20:06:35 [main] INFO  TC-028_verifyUserLogout - 
===================================================================================== NEW TEST RUN =====================================================================================
2025-03-22 20:06:35 [main] INFO  TC-028_verifyUserLogout - Logger initialized
2025-03-22 20:06:35 [main] INFO  TC-028_verifyUserLogout - Starting test setup for: verifyUserLogout (🔢 Test Case ID: TC-028)
2025-03-22 20:06:53 [main] INFO  TC-028_verifyUserLogout - Navigated to the site: https://demo.nopcommerce.com
2025-03-22 20:06:53 [main] INFO  TC-028_verifyUserLogout - Injected cookie: cf_clearance
2025-03-22 20:06:53 [main] INFO  TC-028_verifyUserLogout - Injected cookie: _ga
2025-03-22 20:06:53 [main] INFO  TC-028_verifyUserLogout - Injected cookie: .Nop.Antiforgery
2025-03-22 20:06:53 [main] INFO  TC-028_verifyUserLogout - Injected cookie: .Nop.Customer
2025-03-22 20:06:53 [main] INFO  TC-028_verifyUserLogout - Injected cookie: .Nop.Culture
2025-03-22 20:06:53 [main] INFO  TC-028_verifyUserLogout - Injected cookie: _ga_SCT41TW89V
2025-03-22 20:06:53 [main] INFO  TC-028_verifyUserLogout - Page refreshed with bypassed cookies.
2025-03-22 20:06:54 [main] INFO  utils.MainFunctionalities - Navigated to login page
2025-03-22 20:06:59 [main] INFO  utils.MainFunctionalities - Entered username and password
2025-03-22 20:07:01 [main] INFO  utils.MainFunctionalities - User is logged in successfully.
2025-03-22 20:07:02 [main] INFO  TC-028_verifyUserLogout - User successfully logged in.
2025-03-22 20:07:06 [main] INFO  TC-028_verifyUserLogout - Clicking 'Logout' button.
2025-03-22 20:07:07 [main] INFO  TC-028_verifyUserLogout - Closing the browser for test: verifyUserLogout
2025-03-22 20:07:07 [main] INFO  TC-028_verifyUserLogout - Browser closed.
2025-03-22 20:10:58 [main] INFO  TC-028_verifyUserLogout - 
===================================================================================== NEW TEST RUN =====================================================================================
2025-03-22 20:10:58 [main] INFO  TC-028_verifyUserLogout - Logger initialized
2025-03-22 20:10:58 [main] INFO  TC-028_verifyUserLogout - Starting test setup for: verifyUserLogout (🔢 Test Case ID: TC-028)
2025-03-22 20:11:17 [main] INFO  TC-028_verifyUserLogout - Navigated to the site: https://demo.nopcommerce.com
2025-03-22 20:11:17 [main] INFO  TC-028_verifyUserLogout - Injected cookie: cf_clearance
2025-03-22 20:11:17 [main] INFO  TC-028_verifyUserLogout - Injected cookie: _ga
2025-03-22 20:11:17 [main] INFO  TC-028_verifyUserLogout - Injected cookie: .Nop.Antiforgery
2025-03-22 20:11:17 [main] INFO  TC-028_verifyUserLogout - Injected cookie: .Nop.Customer
2025-03-22 20:11:17 [main] INFO  TC-028_verifyUserLogout - Injected cookie: .Nop.Culture
2025-03-22 20:11:17 [main] INFO  TC-028_verifyUserLogout - Injected cookie: _ga_SCT41TW89V
2025-03-22 20:11:18 [main] INFO  TC-028_verifyUserLogout - Page refreshed with bypassed cookies.
2025-03-22 20:11:18 [main] INFO  utils.MainFunctionalities - Navigated to login page
2025-03-22 20:11:25 [main] INFO  utils.MainFunctionalities - Entered username and password
2025-03-22 20:11:27 [main] INFO  utils.MainFunctionalities - User is logged in successfully.
2025-03-22 20:11:29 [main] INFO  TC-028_verifyUserLogout - User successfully logged in.
2025-03-22 20:11:31 [main] INFO  TC-028_verifyUserLogout - Clicking 'Logout' button.
2025-03-22 20:11:36 [main] INFO  TC-028_verifyUserLogout - User successfully logged out.
2025-03-22 20:11:36 [main] INFO  TC-028_verifyUserLogout - Closing the browser for test: verifyUserLogout
2025-03-22 20:11:36 [main] INFO  TC-028_verifyUserLogout - Browser closed.
2025-03-22 21:34:06 [main] INFO  TC-028_verifyUserLogout - 
===================================================================================== NEW TEST RUN =====================================================================================
2025-03-22 21:34:06 [main] INFO  TC-028_verifyUserLogout - Logger initialized
2025-03-22 21:34:06 [main] INFO  TC-028_verifyUserLogout - Starting test setup for: verifyUserLogout (🔢 Test Case ID: TC-028)
2025-03-22 21:34:30 [main] INFO  TC-028_verifyUserLogout - Navigated to the site: https://demo.nopcommerce.com
2025-03-22 21:34:30 [main] INFO  TC-028_verifyUserLogout - Injected cookie: cf_clearance
2025-03-22 21:34:30 [main] INFO  TC-028_verifyUserLogout - Injected cookie: _ga
2025-03-22 21:34:30 [main] INFO  TC-028_verifyUserLogout - Injected cookie: .Nop.Antiforgery
2025-03-22 21:34:30 [main] INFO  TC-028_verifyUserLogout - Injected cookie: .Nop.Customer
2025-03-22 21:34:30 [main] INFO  TC-028_verifyUserLogout - Injected cookie: .Nop.Culture
2025-03-22 21:34:30 [main] INFO  TC-028_verifyUserLogout - Injected cookie: _ga_SCT41TW89V
2025-03-22 21:34:31 [main] INFO  TC-028_verifyUserLogout - Page refreshed with bypassed cookies.
2025-03-22 21:34:33 [main] INFO  utils.MainFunctionalities - Navigated to login page
2025-03-22 21:34:39 [main] INFO  utils.MainFunctionalities - Entered username and password
2025-03-22 21:34:49 [main] INFO  TC-028_verifyUserLogout - Closing the browser for test: verifyUserLogout
2025-03-22 21:34:49 [main] INFO  TC-028_verifyUserLogout - Browser closed.
2025-03-22 21:35:17 [main] INFO  TC-028_verifyUserLogout - 
===================================================================================== NEW TEST RUN =====================================================================================
2025-03-22 21:35:17 [main] INFO  TC-028_verifyUserLogout - Logger initialized
2025-03-22 21:35:17 [main] INFO  TC-028_verifyUserLogout - Starting test setup for: verifyUserLogout (🔢 Test Case ID: TC-028)
2025-03-22 21:35:40 [main] INFO  TC-028_verifyUserLogout - Navigated to the site: https://demo.nopcommerce.com
2025-03-22 21:35:40 [main] INFO  TC-028_verifyUserLogout - Injected cookie: _ga
2025-03-22 21:35:40 [main] INFO  TC-028_verifyUserLogout - Injected cookie: cf_clearance
2025-03-22 21:35:40 [main] INFO  TC-028_verifyUserLogout - Injected cookie: .Nop.Antiforgery
2025-03-22 21:35:40 [main] INFO  TC-028_verifyUserLogout - Injected cookie: .Nop.Customer
2025-03-22 21:35:40 [main] INFO  TC-028_verifyUserLogout - Injected cookie: .Nop.Culture
2025-03-22 21:35:40 [main] INFO  TC-028_verifyUserLogout - Injected cookie: _ga_SCT41TW89V
2025-03-22 21:35:41 [main] INFO  TC-028_verifyUserLogout - Page refreshed with bypassed cookies.
2025-03-22 21:35:43 [main] INFO  utils.MainFunctionalities - Navigated to login page
2025-03-22 21:35:49 [main] INFO  utils.MainFunctionalities - Entered username and password
2025-03-22 21:35:51 [main] INFO  utils.MainFunctionalities - User is logged in successfully.
2025-03-22 21:35:54 [main] INFO  TC-028_verifyUserLogout - User successfully logged in.
2025-03-22 21:35:58 [main] INFO  TC-028_verifyUserLogout - Clicking 'Logout' button.
2025-03-22 21:36:01 [main] INFO  TC-028_verifyUserLogout - User successfully logged out.
2025-03-22 21:36:01 [main] INFO  TC-028_verifyUserLogout - Closing the browser for test: verifyUserLogout
2025-03-22 21:36:02 [main] INFO  TC-028_verifyUserLogout - Browser closed.
2025-03-22 21:44:02 [main] INFO  TC-028_verifyUserLogout - 
===================================================================================== NEW TEST RUN =====================================================================================
2025-03-22 21:44:02 [main] INFO  TC-028_verifyUserLogout - Logger initialized
2025-03-22 21:44:02 [main] INFO  TC-028_verifyUserLogout - Starting test setup for: verifyUserLogout (🔢 Test Case ID: TC-028)
2025-03-22 21:44:25 [main] INFO  TC-028_verifyUserLogout - Navigated to the site: https://demo.nopcommerce.com
2025-03-22 21:44:25 [main] INFO  TC-028_verifyUserLogout - Injected cookie: _ga
2025-03-22 21:44:25 [main] INFO  TC-028_verifyUserLogout - Injected cookie: cf_clearance
2025-03-22 21:44:25 [main] INFO  TC-028_verifyUserLogout - Injected cookie: .Nop.Antiforgery
2025-03-22 21:44:25 [main] INFO  TC-028_verifyUserLogout - Injected cookie: .Nop.Customer
2025-03-22 21:44:25 [main] INFO  TC-028_verifyUserLogout - Injected cookie: .Nop.Culture
2025-03-22 21:44:25 [main] INFO  TC-028_verifyUserLogout - Injected cookie: _ga_SCT41TW89V
2025-03-22 21:44:25 [main] INFO  TC-028_verifyUserLogout - Page refreshed with bypassed cookies.
2025-03-22 21:44:25 [main] INFO  TC-028_verifyUserLogout - 🟢 Starting test: verifyUserLogout (🔢 Test Case ID: TC-028)
2025-03-22 21:44:27 [main] INFO  utils.MainFunctionalities - Navigated to login page
2025-03-22 21:44:31 [main] INFO  utils.MainFunctionalities - Entered username and password
2025-03-22 21:44:43 [main] ERROR listeners.TestListener - ❌ Test FAILED: verifyUserLogout
org.openqa.selenium.TimeoutException: Expected condition failed: waiting for visibility of element located by By.cssSelector: .ico-account (tried for 10 second(s) with 500 milliseconds interval)
Build info: version: '4.29.0', revision: '5fc1ec94cb'
System info: os.name: 'Windows 11', os.arch: 'amd64', os.version: '10.0', java.version: '23.0.1'
Driver info: org.openqa.selenium.chrome.ChromeDriver
Capabilities {acceptInsecureCerts: false, browserName: chrome, browserVersion: 134.0.6998.118, chrome: {chromedriverVersion: 134.0.6998.165 (fd886e2cb29..., userDataDir: C:\Users\MOHAME~1\AppData\L...}, fedcm:accounts: true, goog:chromeOptions: {debuggerAddress: localhost:53364}, networkConnectionEnabled: false, pageLoadStrategy: normal, platformName: windows, proxy: Proxy(), se:cdp: ws://localhost:53364/devtoo..., se:cdpVersion: 134.0.6998.118, setWindowRect: true, strictFileInteractability: false, timeouts: {implicit: 0, pageLoad: 300000, script: 30000}, unhandledPromptBehavior: dismiss and notify, webauthn:extension:credBlob: true, webauthn:extension:largeBlob: true, webauthn:extension:minPinLength: true, webauthn:extension:prf: true, webauthn:virtualAuthenticators: true}
Session ID: e59782ca1a5b71057820a9800ba39145
	at org.openqa.selenium.support.ui.WebDriverWait.timeoutException(WebDriverWait.java:84) ~[selenium-support-4.29.0.jar:?]
	at org.openqa.selenium.support.ui.FluentWait.until(FluentWait.java:228) ~[selenium-support-4.29.0.jar:?]
	at utils.SeleniumHelper.waitForVisibility(SeleniumHelper.java:63) ~[test-classes/:?]
	at utils.MainFunctionalities.login(MainFunctionalities.java:58) ~[test-classes/:?]
	at tests.ui.AuthenticationTest.verifyUserLogout(AuthenticationTest.java:119) ~[test-classes/:?]
	at jdk.internal.reflect.DirectMethodHandleAccessor.invoke(DirectMethodHandleAccessor.java:103) ~[?:?]
	at java.lang.reflect.Method.invoke(Method.java:580) ~[?:?]
	at org.testng.internal.invokers.MethodInvocationHelper.invokeMethod(MethodInvocationHelper.java:141) ~[testng-7.11.0.jar:7.11.0]
	at org.testng.internal.invokers.TestInvoker.invokeMethod(TestInvoker.java:687) ~[testng-7.11.0.jar:7.11.0]
	at org.testng.internal.invokers.TestInvoker.invokeTestMethod(TestInvoker.java:230) ~[testng-7.11.0.jar:7.11.0]
	at org.testng.internal.invokers.MethodRunner.runInSequence(MethodRunner.java:63) ~[testng-7.11.0.jar:7.11.0]
	at org.testng.internal.invokers.TestInvoker$MethodInvocationAgent.invoke(TestInvoker.java:995) ~[testng-7.11.0.jar:7.11.0]
	at org.testng.internal.invokers.TestInvoker.invokeTestMethods(TestInvoker.java:203) ~[testng-7.11.0.jar:7.11.0]
	at org.testng.internal.invokers.TestMethodWorker.invokeTestMethods(TestMethodWorker.java:154) ~[testng-7.11.0.jar:7.11.0]
	at org.testng.internal.invokers.TestMethodWorker.run(TestMethodWorker.java:134) ~[testng-7.11.0.jar:7.11.0]
	at java.util.ArrayList.forEach(ArrayList.java:1597) [?:?]
	at org.testng.TestRunner.privateRun(TestRunner.java:741) [testng-7.11.0.jar:7.11.0]
	at org.testng.TestRunner.run(TestRunner.java:616) [testng-7.11.0.jar:7.11.0]
	at org.testng.SuiteRunner.runTest(SuiteRunner.java:421) [testng-7.11.0.jar:7.11.0]
	at org.testng.SuiteRunner.runSequentially(SuiteRunner.java:413) [testng-7.11.0.jar:7.11.0]
	at org.testng.SuiteRunner.privateRun(SuiteRunner.java:373) [testng-7.11.0.jar:7.11.0]
	at org.testng.SuiteRunner.run(SuiteRunner.java:312) [testng-7.11.0.jar:7.11.0]
	at org.testng.SuiteRunnerWorker.runSuite(SuiteRunnerWorker.java:52) [testng-7.11.0.jar:7.11.0]
	at org.testng.SuiteRunnerWorker.run(SuiteRunnerWorker.java:95) [testng-7.11.0.jar:7.11.0]
	at org.testng.TestNG.runSuitesSequentially(TestNG.java:1274) [testng-7.11.0.jar:7.11.0]
	at org.testng.TestNG.runSuitesLocally(TestNG.java:1208) [testng-7.11.0.jar:7.11.0]
	at org.testng.TestNG.runSuites(TestNG.java:1112) [testng-7.11.0.jar:7.11.0]
	at org.testng.TestNG.run(TestNG.java:1079) [testng-7.11.0.jar:7.11.0]
	at org.apache.maven.surefire.testng.TestNGExecutor.run(TestNGExecutor.java:155) [surefire-testng-3.5.2.jar:3.5.2]
	at org.apache.maven.surefire.testng.TestNGDirectoryTestSuite.executeSingleClass(TestNGDirectoryTestSuite.java:102) [surefire-testng-3.5.2.jar:3.5.2]
	at org.apache.maven.surefire.testng.TestNGDirectoryTestSuite.execute(TestNGDirectoryTestSuite.java:91) [surefire-testng-3.5.2.jar:3.5.2]
	at org.apache.maven.surefire.testng.TestNGProvider.invoke(TestNGProvider.java:137) [surefire-testng-3.5.2.jar:3.5.2]
	at org.apache.maven.surefire.booter.ForkedBooter.runSuitesInProcess(ForkedBooter.java:385) [surefire-booter-3.5.2.jar:3.5.2]
	at org.apache.maven.surefire.booter.ForkedBooter.execute(ForkedBooter.java:162) [surefire-booter-3.5.2.jar:3.5.2]
	at org.apache.maven.surefire.booter.ForkedBooter.run(ForkedBooter.java:507) [surefire-booter-3.5.2.jar:3.5.2]
	at org.apache.maven.surefire.booter.ForkedBooter.main(ForkedBooter.java:495) [surefire-booter-3.5.2.jar:3.5.2]
2025-03-22 21:44:43 [main] INFO  TC-028_verifyUserLogout - Closing the browser for test: verifyUserLogout
2025-03-22 21:44:44 [main] INFO  TC-028_verifyUserLogout - Browser closed.
2025-03-22 22:01:10 [main] INFO  TC-028_verifyUserLogout - 
===================================================================================== NEW TEST RUN =====================================================================================
2025-03-22 22:01:10 [main] INFO  TC-028_verifyUserLogout - Logger initialized
2025-03-22 22:01:10 [main] INFO  TC-028_verifyUserLogout - Starting test setup for: verifyUserLogout (🔢 Test Case ID: TC-028)
2025-03-22 22:01:32 [main] INFO  TC-028_verifyUserLogout - Navigated to the site: https://demo.nopcommerce.com
2025-03-22 22:01:32 [main] INFO  TC-028_verifyUserLogout - Injected cookie: _ga
2025-03-22 22:01:32 [main] INFO  TC-028_verifyUserLogout - Injected cookie: cf_clearance
2025-03-22 22:01:32 [main] INFO  TC-028_verifyUserLogout - Injected cookie: .Nop.Antiforgery
2025-03-22 22:01:32 [main] INFO  TC-028_verifyUserLogout - Injected cookie: .Nop.Customer
2025-03-22 22:01:32 [main] INFO  TC-028_verifyUserLogout - Injected cookie: .Nop.Culture
2025-03-22 22:01:32 [main] INFO  TC-028_verifyUserLogout - Injected cookie: _ga_SCT41TW89V
2025-03-22 22:01:33 [main] INFO  TC-028_verifyUserLogout - Page refreshed with bypassed cookies.
2025-03-22 22:01:33 [main] INFO  TC-028_verifyUserLogout - 🟢 Starting test: verifyUserLogout (🔢 Test Case ID: TC-028)
2025-03-22 22:01:35 [main] INFO  utils.MainFunctionalities - Navigated to login page
2025-03-22 22:01:40 [main] INFO  utils.MainFunctionalities - Entered username and password
2025-03-22 22:01:41 [main] INFO  utils.MainFunctionalities - User is logged in successfully.
2025-03-22 22:01:43 [main] INFO  utils.MainFunctionalities - User successfully logged in.
2025-03-22 22:01:46 [main] INFO  utils.MainFunctionalities - Clicking 'Logout' button.
2025-03-22 22:01:51 [main] INFO  utils.MainFunctionalities - User successfully logged out.
2025-03-22 22:01:51 [main] INFO  listeners.TestListener - ✅ Test PASSED: verifyUserLogout (Duration: 17358ms)
2025-03-22 22:01:51 [main] INFO  TC-028_verifyUserLogout - Closing the browser for test: verifyUserLogout
2025-03-22 22:01:51 [main] INFO  TC-028_verifyUserLogout - Browser closed.
2025-03-22 22:12:20 [main] INFO  TC-028_verifyUserLogout - 
===================================================================================== NEW TEST RUN =====================================================================================
2025-03-22 22:12:20 [main] INFO  TC-028_verifyUserLogout - Logger initialized
2025-03-22 22:12:20 [main] INFO  TC-028_verifyUserLogout - Starting test setup for: verifyUserLogout (🔢 Test Case ID: TC-028)
2025-03-22 22:12:44 [main] INFO  TC-028_verifyUserLogout - Navigated to the site: https://demo.nopcommerce.com
2025-03-22 22:12:44 [main] INFO  TC-028_verifyUserLogout - Injected cookie: _ga
2025-03-22 22:12:44 [main] INFO  TC-028_verifyUserLogout - Injected cookie: cf_clearance
2025-03-22 22:12:44 [main] INFO  TC-028_verifyUserLogout - Injected cookie: .Nop.Antiforgery
2025-03-22 22:12:44 [main] INFO  TC-028_verifyUserLogout - Injected cookie: .Nop.Customer
2025-03-22 22:12:44 [main] INFO  TC-028_verifyUserLogout - Injected cookie: .Nop.Culture
2025-03-22 22:12:44 [main] INFO  TC-028_verifyUserLogout - Injected cookie: _ga_SCT41TW89V
2025-03-22 22:12:45 [main] INFO  TC-028_verifyUserLogout - Page refreshed with bypassed cookies.
2025-03-22 22:12:45 [main] INFO  TC-028_verifyUserLogout - 🟢 Starting test: verifyUserLogout (🔢 Test Case ID: TC-028)
2025-03-22 22:12:46 [main] INFO  utils.MainFunctionalities - Navigated to login page
2025-03-22 22:12:53 [main] INFO  utils.MainFunctionalities - Entered username and password
2025-03-22 22:12:55 [main] INFO  utils.MainFunctionalities - User is logged in successfully.
2025-03-22 22:12:56 [main] INFO  utils.MainFunctionalities - User successfully logged in.
2025-03-22 22:13:00 [main] INFO  utils.MainFunctionalities - Clicking 'Logout' button.
2025-03-22 22:13:04 [main] INFO  utils.MainFunctionalities - User successfully logged out.
2025-03-22 22:13:04 [main] INFO  listeners.TestListener - ✅ Test PASSED: verifyUserLogout (Duration: 19236ms)
2025-03-22 22:13:04 [main] INFO  TC-028_verifyUserLogout - Closing the browser for test: verifyUserLogout
2025-03-22 22:13:05 [main] INFO  TC-028_verifyUserLogout - Browser closed.
2025-03-22 22:17:34 [main] INFO  TC-028_verifyUserLogout - 
===================================================================================== NEW TEST RUN =====================================================================================
2025-03-22 22:17:34 [main] INFO  TC-028_verifyUserLogout - Logger initialized
2025-03-22 22:17:34 [main] INFO  TC-028_verifyUserLogout - Starting test setup for: verifyUserLogout (🔢 Test Case ID: TC-028)
2025-03-22 22:17:56 [main] INFO  TC-028_verifyUserLogout - Navigated to the site: https://demo.nopcommerce.com
2025-03-22 22:17:56 [main] INFO  TC-028_verifyUserLogout - Injected cookie: _ga
2025-03-22 22:17:56 [main] INFO  TC-028_verifyUserLogout - Injected cookie: cf_clearance
2025-03-22 22:17:56 [main] INFO  TC-028_verifyUserLogout - Injected cookie: .Nop.Antiforgery
2025-03-22 22:17:56 [main] INFO  TC-028_verifyUserLogout - Injected cookie: .Nop.Customer
2025-03-22 22:17:56 [main] INFO  TC-028_verifyUserLogout - Injected cookie: .Nop.Culture
2025-03-22 22:17:56 [main] INFO  TC-028_verifyUserLogout - Injected cookie: _ga_SCT41TW89V
2025-03-22 22:17:57 [main] INFO  TC-028_verifyUserLogout - Page refreshed with bypassed cookies.
2025-03-22 22:17:57 [main] INFO  TC-028_verifyUserLogout - 🟢 Starting test: verifyUserLogout (🔢 Test Case ID: TC-028)
2025-03-22 22:17:59 [main] INFO  utils.MainFunctionalities - Navigated to login page
2025-03-22 22:18:05 [main] INFO  utils.MainFunctionalities - Entered username and password
2025-03-22 22:18:07 [main] INFO  utils.MainFunctionalities - User is logged in successfully.
2025-03-22 22:18:08 [main] INFO  utils.MainFunctionalities - User successfully logged in.
2025-03-22 22:18:12 [main] INFO  utils.MainFunctionalities - Clicking 'Logout' button.
2025-03-22 22:18:17 [main] INFO  utils.MainFunctionalities - User successfully logged out.
2025-03-22 22:18:17 [main] INFO  listeners.TestListener - ✅ Test PASSED: verifyUserLogout (Duration: 19909ms)
2025-03-22 22:18:17 [main] INFO  TC-028_verifyUserLogout - Closing the browser for test: verifyUserLogout
2025-03-22 22:18:17 [main] INFO  TC-028_verifyUserLogout - Browser closed.
2025-03-23 00:55:06 [main] INFO  TC-028_verifyUserLogout - 
===================================================================================== NEW TEST RUN =====================================================================================
2025-03-23 00:55:06 [main] INFO  TC-028_verifyUserLogout - Logger initialized
2025-03-23 00:55:06 [main] INFO  TC-028_verifyUserLogout - Starting test setup for: verifyUserLogout (🔢 Test Case ID: TC-028)
2025-03-23 00:55:23 [main] INFO  TC-028_verifyUserLogout - Navigated to the site: https://demo.nopcommerce.com
2025-03-23 00:55:23 [main] INFO  TC-028_verifyUserLogout - Injected cookie: cf_clearance
2025-03-23 00:55:23 [main] INFO  TC-028_verifyUserLogout - Injected cookie: _ga
2025-03-23 00:55:23 [main] INFO  TC-028_verifyUserLogout - Injected cookie: .Nop.Antiforgery
2025-03-23 00:55:23 [main] INFO  TC-028_verifyUserLogout - Injected cookie: .Nop.Customer
2025-03-23 00:55:23 [main] INFO  TC-028_verifyUserLogout - Injected cookie: .Nop.Culture
2025-03-23 00:55:23 [main] INFO  TC-028_verifyUserLogout - Injected cookie: _ga_SCT41TW89V
2025-03-23 00:55:24 [main] INFO  TC-028_verifyUserLogout - Page refreshed with bypassed cookies.
2025-03-23 00:55:24 [main] INFO  utils.MainFunctionalities - Navigated to login page
2025-03-23 00:55:30 [main] INFO  utils.MainFunctionalities - Entered username and password
2025-03-23 00:55:32 [main] INFO  utils.MainFunctionalities - User is logged in successfully.
2025-03-23 00:55:34 [main] INFO  utils.MainFunctionalities - User successfully logged in.
2025-03-23 00:55:38 [main] INFO  utils.MainFunctionalities - Clicking 'Logout' button.
2025-03-23 00:55:42 [main] INFO  utils.MainFunctionalities - User successfully logged out.
2025-03-23 00:55:42 [main] INFO  TC-028_verifyUserLogout - Closing the browser for test: verifyUserLogout
2025-03-23 00:55:42 [main] INFO  TC-028_verifyUserLogout - Browser closed.
