2025-03-18 13:21:56 [main] INFO  TC-043_verifySortingOptions - 
===================================================================================== NEW TEST RUN =====================================================================================
2025-03-18 13:21:56 [main] INFO  TC-043_verifySortingOptions - Logger initialized
2025-03-18 13:21:56 [main] INFO  TC-043_verifySortingOptions - Starting test setup for: verifySortingOptions (🔢 Test Case ID: TC-043)
2025-03-18 13:22:17 [main] INFO  TC-043_verifySortingOptions - Navigated to the site: https://demo.nopcommerce.com
2025-03-18 13:22:17 [main] INFO  TC-043_verifySortingOptions - Injected cookie: cf_clearance
2025-03-18 13:22:17 [main] INFO  TC-043_verifySortingOptions - Injected cookie: _ga
2025-03-18 13:22:17 [main] INFO  TC-043_verifySortingOptions - Injected cookie: .Nop.Antiforgery
2025-03-18 13:22:17 [main] INFO  TC-043_verifySortingOptions - Injected cookie: .Nop.Customer
2025-03-18 13:22:17 [main] INFO  TC-043_verifySortingOptions - Injected cookie: .Nop.Culture
2025-03-18 13:22:17 [main] INFO  TC-043_verifySortingOptions - Injected cookie: _ga_SCT41TW89V
2025-03-18 13:22:18 [main] INFO  TC-043_verifySortingOptions - Page refreshed with bypassed cookies.
2025-03-18 13:22:18 [main] INFO  TC-043_verifySortingOptions - 🟢 Starting test: verifySortingOptions (🔢 Test Case ID: TC-043)
2025-03-18 13:22:18 [main] INFO  TC-043_verifySortingOptions - Navigating to: https://demo.nopcommerce.com/
2025-03-18 13:22:28 [main] INFO  TC-043_verifySortingOptions - Sorting verified for: Price: Low to High
2025-03-18 13:22:30 [main] INFO  TC-043_verifySortingOptions - Sorting verified for: Price: High to Low
2025-03-18 13:22:31 [main] INFO  TC-043_verifySortingOptions - Sorting verified for: Name: A to Z
2025-03-18 13:22:34 [main] INFO  TC-043_verifySortingOptions - Sorting verified for: Name: Z to A
2025-03-18 13:22:34 [main] INFO  listeners.TestListener - ✅ Test PASSED: verifySortingOptions (Duration: 15706ms)
2025-03-18 13:22:34 [main] INFO  TC-043_verifySortingOptions - Closing the browser for test: verifySortingOptions
2025-03-18 13:22:34 [main] INFO  TC-043_verifySortingOptions - Browser closed.
2025-03-18 13:22:34 [main] INFO  listeners.TestListener - 🏁 Finished Test Suite: EcomUIRegressionTest
