2025-03-25 00:10:55 [main] INFO  TC-048_verifyInvalidSearchTerm - 
===================================================================================== NEW TEST RUN =====================================================================================
2025-03-25 00:10:55 [main] INFO  TC-048_verifyInvalidSearchTerm - Logger initialized
2025-03-25 00:10:55 [main] INFO  TC-048_verifyInvalidSearchTerm - Starting test setup for: verifyInvalidSearchTerm (🔢 Test Case ID: TC-048)
2025-03-25 00:11:13 [main] INFO  TC-048_verifyInvalidSearchTerm - Navigated to the site: https://demo.nopcommerce.com
2025-03-25 00:11:13 [main] INFO  TC-048_verifyInvalidSearchTerm - Injected cookie: _ga
2025-03-25 00:11:13 [main] INFO  TC-048_verifyInvalidSearchTerm - Injected cookie: cf_clearance
2025-03-25 00:11:13 [main] INFO  TC-048_verifyInvalidSearchTerm - Injected cookie: .Nop.Antiforgery
2025-03-25 00:11:13 [main] INFO  TC-048_verifyInvalidSearchTerm - Injected cookie: .Nop.Customer
2025-03-25 00:11:13 [main] INFO  TC-048_verifyInvalidSearchTerm - Injected cookie: .Nop.Culture
2025-03-25 00:11:13 [main] INFO  TC-048_verifyInvalidSearchTerm - Injected cookie: _ga_SCT41TW89V
2025-03-25 00:11:14 [main] INFO  TC-048_verifyInvalidSearchTerm - Page refreshed with bypassed cookies.
2025-03-25 00:11:14 [main] INFO  TC-048_verifyInvalidSearchTerm - Navigating to: https://demo.nopcommerce.com/
2025-03-25 00:11:14 [main] INFO  utils.MainFunctionalities - Searching for product: xyz123invalidterm
2025-03-25 00:11:21 [main] INFO  utils.MainFunctionalities - Search for 'xyz123invalidterm' completed successfully.
2025-03-25 00:11:22 [main] INFO  utils.MainFunctionalities - Invalid search term verification completed successfully.
2025-03-25 00:11:22 [main] INFO  TC-048_verifyInvalidSearchTerm - Invalid search term verified successfully.
2025-03-25 00:11:22 [main] INFO  TC-048_verifyInvalidSearchTerm - Closing the browser for test: verifyInvalidSearchTerm
2025-03-25 00:11:22 [main] INFO  TC-048_verifyInvalidSearchTerm - Browser closed.
2025-03-25 00:21:48 [main] INFO  TC-048_verifyInvalidSearchTerm - 
===================================================================================== NEW TEST RUN =====================================================================================
2025-03-25 00:21:48 [main] INFO  TC-048_verifyInvalidSearchTerm - Logger initialized
2025-03-25 00:21:48 [main] INFO  TC-048_verifyInvalidSearchTerm - Starting test setup for: verifyInvalidSearchTerm (🔢 Test Case ID: TC-048)
2025-03-25 00:22:13 [main] INFO  TC-048_verifyInvalidSearchTerm - Navigated to the site: https://demo.nopcommerce.com
2025-03-25 00:22:13 [main] INFO  TC-048_verifyInvalidSearchTerm - Injected cookie: cf_clearance
2025-03-25 00:22:13 [main] INFO  TC-048_verifyInvalidSearchTerm - Injected cookie: _ga
2025-03-25 00:22:13 [main] INFO  TC-048_verifyInvalidSearchTerm - Injected cookie: .Nop.Antiforgery
2025-03-25 00:22:13 [main] INFO  TC-048_verifyInvalidSearchTerm - Injected cookie: .Nop.Customer
2025-03-25 00:22:13 [main] INFO  TC-048_verifyInvalidSearchTerm - Injected cookie: .Nop.Culture
2025-03-25 00:22:13 [main] INFO  TC-048_verifyInvalidSearchTerm - Injected cookie: _ga_SCT41TW89V
2025-03-25 00:22:14 [main] INFO  TC-048_verifyInvalidSearchTerm - Page refreshed with bypassed cookies.
2025-03-25 00:22:14 [main] INFO  TC-048_verifyInvalidSearchTerm - 🟢 Starting test: verifyInvalidSearchTerm (🔢 Test Case ID: TC-048)
2025-03-25 00:22:14 [main] INFO  TC-048_verifyInvalidSearchTerm - Navigating to: https://demo.nopcommerce.com/
2025-03-25 00:22:15 [main] INFO  utils.MainFunctionalities - Searching for product: xyz123invalidterm
2025-03-25 00:22:20 [main] INFO  utils.MainFunctionalities - Search for 'xyz123invalidterm' completed successfully.
2025-03-25 00:22:22 [main] INFO  utils.MainFunctionalities - Invalid search term verification completed successfully.
2025-03-25 00:22:22 [main] INFO  TC-048_verifyInvalidSearchTerm - Invalid search term verified successfully.
2025-03-25 00:22:22 [main] INFO  listeners.TestListener - ✅ Test PASSED: verifyInvalidSearchTerm (Duration: 7836ms)
2025-03-25 00:22:22 [main] INFO  TC-048_verifyInvalidSearchTerm - Closing the browser for test: verifyInvalidSearchTerm
2025-03-25 00:22:22 [main] INFO  TC-048_verifyInvalidSearchTerm - Browser closed.
