2025-03-18 03:43:46 [main] INFO  TC-080_verifyInvalidAddressPreventsCheckout - 
===================================================================================== NEW TEST RUN =====================================================================================
2025-03-18 03:43:46 [main] INFO  TC-080_verifyInvalidAddressPreventsCheckout - Logger initialized and writing to: E:/Folder/Galal/Courses/Digital Egypt Pioneers Initiative (DEPI) - Software Testing/DEPI Software Tester Graduation Project/automation-framework/reports/logs/TC-080_verifyInvalidAddressPreventsCheckout.log
2025-03-18 03:43:46 [main] INFO  TC-080_verifyInvalidAddressPreventsCheckout - Starting test setup for: verifyInvalidAddressPreventsCheckout (🔢 Test Case ID: TC-080)
2025-03-18 03:44:03 [main] INFO  TC-080_verifyInvalidAddressPreventsCheckout - Navigated to the site: https://demo.nopcommerce.com
2025-03-18 03:44:03 [main] INFO  TC-080_verifyInvalidAddressPreventsCheckout - Injected cookie: _ga
2025-03-18 03:44:03 [main] INFO  TC-080_verifyInvalidAddressPreventsCheckout - Injected cookie: cf_clearance
2025-03-18 03:44:03 [main] INFO  TC-080_verifyInvalidAddressPreventsCheckout - Injected cookie: .Nop.Antiforgery
2025-03-18 03:44:03 [main] INFO  TC-080_verifyInvalidAddressPreventsCheckout - Injected cookie: .Nop.Customer
2025-03-18 03:44:03 [main] INFO  TC-080_verifyInvalidAddressPreventsCheckout - Injected cookie: .Nop.Culture
2025-03-18 03:44:03 [main] INFO  TC-080_verifyInvalidAddressPreventsCheckout - Injected cookie: _ga_SCT41TW89V
2025-03-18 03:44:03 [main] INFO  TC-080_verifyInvalidAddressPreventsCheckout - Page refreshed with bypassed cookies.
2025-03-18 03:44:03 [main] INFO  TC-080_verifyInvalidAddressPreventsCheckout - 🟢 Starting test: verifyInvalidAddressPreventsCheckout (🔢 Test Case ID: TC-080)
2025-03-18 03:44:03 [main] INFO  TC-080_verifyInvalidAddressPreventsCheckout - Navigating to product page: https://demo.nopcommerce.com/adobe-photoshop
2025-03-18 03:44:05 [main] INFO  TC-080_verifyInvalidAddressPreventsCheckout - Clicked 'Add to Cart' button.
2025-03-18 03:44:06 [main] INFO  TC-080_verifyInvalidAddressPreventsCheckout - Product successfully added to cart.
2025-03-18 03:44:06 [main] INFO  TC-080_verifyInvalidAddressPreventsCheckout - Cart quantity updated to: 1
2025-03-18 03:44:07 [main] INFO  TC-080_verifyInvalidAddressPreventsCheckout - Cart page loaded successfully.
2025-03-18 03:44:07 [main] INFO  TC-080_verifyInvalidAddressPreventsCheckout - Accepted terms of service.
2025-03-18 03:44:09 [main] INFO  TC-080_verifyInvalidAddressPreventsCheckout - Selected 'Checkout as Guest' option.
2025-03-18 03:44:10 [main] INFO  TC-080_verifyInvalidAddressPreventsCheckout - Checkout page loaded successfully.
2025-03-18 03:44:11 [main] INFO  TC-080_verifyInvalidAddressPreventsCheckout - Validation alert found: City is required, Email is required., Street address is required, Country is required., Zip / postal code is required
2025-03-18 03:44:12 [main] INFO  TC-080_verifyInvalidAddressPreventsCheckout - "TC-080" Passed: Validation alert appeared as expected.
2025-03-18 03:44:12 [main] INFO  listeners.TestListener - ✅ Test PASSED: verifyInvalidAddressPreventsCheckout (Duration: 8295ms)
2025-03-18 03:44:12 [main] INFO  TC-080_verifyInvalidAddressPreventsCheckout - Closing the browser for test: verifyInvalidAddressPreventsCheckout
2025-03-18 03:44:12 [main] INFO  TC-080_verifyInvalidAddressPreventsCheckout - Browser closed.
2025-03-18 04:00:52 [main] INFO  TC-080_verifyInvalidAddressPreventsCheckout - 
===================================================================================== NEW TEST RUN =====================================================================================
2025-03-18 04:00:52 [main] INFO  TC-080_verifyInvalidAddressPreventsCheckout - Logger initialized and writing to: E:/Folder/Galal/Courses/Digital Egypt Pioneers Initiative (DEPI) - Software Testing/DEPI Software Tester Graduation Project/automation-framework/reports/logs/TC-080_verifyInvalidAddressPreventsCheckout.log
2025-03-18 04:00:52 [main] INFO  TC-080_verifyInvalidAddressPreventsCheckout - Starting test setup for: verifyInvalidAddressPreventsCheckout (🔢 Test Case ID: TC-080)
2025-03-18 04:01:09 [main] INFO  TC-080_verifyInvalidAddressPreventsCheckout - Navigated to the site: https://demo.nopcommerce.com
2025-03-18 04:01:09 [main] INFO  TC-080_verifyInvalidAddressPreventsCheckout - Injected cookie: _ga
2025-03-18 04:01:09 [main] INFO  TC-080_verifyInvalidAddressPreventsCheckout - Injected cookie: cf_clearance
2025-03-18 04:01:09 [main] INFO  TC-080_verifyInvalidAddressPreventsCheckout - Injected cookie: .Nop.Antiforgery
2025-03-18 04:01:09 [main] INFO  TC-080_verifyInvalidAddressPreventsCheckout - Injected cookie: .Nop.Customer
2025-03-18 04:01:09 [main] INFO  TC-080_verifyInvalidAddressPreventsCheckout - Injected cookie: .Nop.Culture
2025-03-18 04:01:09 [main] INFO  TC-080_verifyInvalidAddressPreventsCheckout - Injected cookie: _ga_SCT41TW89V
2025-03-18 04:01:10 [main] INFO  TC-080_verifyInvalidAddressPreventsCheckout - Page refreshed with bypassed cookies.
2025-03-18 04:01:10 [main] INFO  TC-080_verifyInvalidAddressPreventsCheckout - 🟢 Starting test: verifyInvalidAddressPreventsCheckout (🔢 Test Case ID: TC-080)
2025-03-18 04:01:10 [main] INFO  TC-080_verifyInvalidAddressPreventsCheckout - Navigating to product page: https://demo.nopcommerce.com/adobe-photoshop
2025-03-18 04:01:12 [main] INFO  TC-080_verifyInvalidAddressPreventsCheckout - Clicked 'Add to Cart' button.
2025-03-18 04:01:12 [main] INFO  TC-080_verifyInvalidAddressPreventsCheckout - Product successfully added to cart.
2025-03-18 04:01:12 [main] INFO  TC-080_verifyInvalidAddressPreventsCheckout - Cart quantity updated to: 1
2025-03-18 04:01:13 [main] INFO  TC-080_verifyInvalidAddressPreventsCheckout - Cart page loaded successfully.
2025-03-18 04:01:13 [main] INFO  TC-080_verifyInvalidAddressPreventsCheckout - Accepted terms of service.
2025-03-18 04:01:15 [main] INFO  TC-080_verifyInvalidAddressPreventsCheckout - Selected 'Checkout as Guest' option.
2025-03-18 04:01:16 [main] INFO  TC-080_verifyInvalidAddressPreventsCheckout - Checkout page loaded successfully.
2025-03-18 04:01:18 [main] INFO  TC-080_verifyInvalidAddressPreventsCheckout - Validation alert found: City is required, Email is required., Street address is required, Country is required., Zip / postal code is required
2025-03-18 04:01:18 [main] INFO  TC-080_verifyInvalidAddressPreventsCheckout - "TC-080" Passed: Validation alert appeared as expected.
2025-03-18 04:01:18 [main] INFO  listeners.TestListener - ✅ Test PASSED: verifyInvalidAddressPreventsCheckout (Duration: 8101ms)
2025-03-18 04:01:18 [main] INFO  TC-080_verifyInvalidAddressPreventsCheckout - Closing the browser for test: verifyInvalidAddressPreventsCheckout
2025-03-18 04:01:18 [main] INFO  TC-080_verifyInvalidAddressPreventsCheckout - Browser closed.
