2025-03-19 06:50:28 [main] INFO  TC-077_verifyEmptyCartMessage - 
===================================================================================== NEW TEST RUN =====================================================================================
2025-03-19 06:50:28 [main] INFO  TC-077_verifyEmptyCartMessage - Logger initialized
2025-03-19 06:50:28 [main] INFO  TC-077_verifyEmptyCartMessage - Starting test setup for: verifyEmptyCartMessage (🔢 Test Case ID: TC-077)
2025-03-19 06:50:44 [main] INFO  TC-077_verifyEmptyCartMessage - Navigated to the site: https://demo.nopcommerce.com
2025-03-19 06:50:44 [main] INFO  TC-077_verifyEmptyCartMessage - Injected cookie: cf_clearance
2025-03-19 06:50:44 [main] INFO  TC-077_verifyEmptyCartMessage - Injected cookie: _ga
2025-03-19 06:50:44 [main] INFO  TC-077_verifyEmptyCartMessage - Injected cookie: .Nop.Antiforgery
2025-03-19 06:50:44 [main] INFO  TC-077_verifyEmptyCartMessage - Injected cookie: .Nop.Customer
2025-03-19 06:50:44 [main] INFO  TC-077_verifyEmptyCartMessage - Injected cookie: .Nop.Culture
2025-03-19 06:50:44 [main] INFO  TC-077_verifyEmptyCartMessage - Injected cookie: _ga_SCT41TW89V
2025-03-19 06:50:45 [main] INFO  TC-077_verifyEmptyCartMessage - Page refreshed with bypassed cookies.
2025-03-19 06:50:45 [main] INFO  TC-077_verifyEmptyCartMessage - 🟢 Starting test: verifyEmptyCartMessage (🔢 Test Case ID: TC-077)
2025-03-19 06:50:46 [main] INFO  TC-077_verifyEmptyCartMessage - Navigating to cart page.
2025-03-19 06:50:48 [main] INFO  TC-077_verifyEmptyCartMessage - Verified that the empty cart message is displayed: Your Shopping Cart is empty!
2025-03-19 06:50:48 [main] INFO  listeners.TestListener - ✅ Test PASSED: verifyEmptyCartMessage (Duration: 3389ms)
2025-03-19 06:50:48 [main] INFO  TC-077_verifyEmptyCartMessage - Closing the browser for test: verifyEmptyCartMessage
2025-03-19 06:50:49 [main] INFO  TC-077_verifyEmptyCartMessage - Browser closed.
2025-03-19 06:59:50 [main] INFO  TC-077_verifyEmptyCartMessage - 
===================================================================================== NEW TEST RUN =====================================================================================
2025-03-19 06:59:50 [main] INFO  TC-077_verifyEmptyCartMessage - Logger initialized
2025-03-19 06:59:50 [main] INFO  TC-077_verifyEmptyCartMessage - Starting test setup for: verifyEmptyCartMessage (🔢 Test Case ID: TC-077)
2025-03-19 07:00:12 [main] INFO  TC-077_verifyEmptyCartMessage - Navigated to the site: https://demo.nopcommerce.com
2025-03-19 07:00:12 [main] INFO  TC-077_verifyEmptyCartMessage - Injected cookie: _ga
2025-03-19 07:00:12 [main] INFO  TC-077_verifyEmptyCartMessage - Injected cookie: cf_clearance
2025-03-19 07:00:12 [main] INFO  TC-077_verifyEmptyCartMessage - Injected cookie: .Nop.Antiforgery
2025-03-19 07:00:12 [main] INFO  TC-077_verifyEmptyCartMessage - Injected cookie: .Nop.Customer
2025-03-19 07:00:12 [main] INFO  TC-077_verifyEmptyCartMessage - Injected cookie: .Nop.Culture
2025-03-19 07:00:12 [main] INFO  TC-077_verifyEmptyCartMessage - Injected cookie: _ga_SCT41TW89V
2025-03-19 07:00:12 [main] INFO  TC-077_verifyEmptyCartMessage - Page refreshed with bypassed cookies.
2025-03-19 07:00:12 [main] INFO  TC-077_verifyEmptyCartMessage - 🟢 Starting test: verifyEmptyCartMessage (🔢 Test Case ID: TC-077)
2025-03-19 07:00:14 [main] INFO  TC-077_verifyEmptyCartMessage - Navigating to cart page.
2025-03-19 07:00:16 [main] INFO  TC-077_verifyEmptyCartMessage - Verified that the empty cart message is displayed: Your Shopping Cart is empty!
2025-03-19 07:00:16 [main] INFO  listeners.TestListener - ✅ Test PASSED: verifyEmptyCartMessage (Duration: 3892ms)
2025-03-19 07:00:17 [main] INFO  TC-077_verifyEmptyCartMessage - Closing the browser for test: verifyEmptyCartMessage
2025-03-19 07:00:18 [main] INFO  TC-077_verifyEmptyCartMessage - Browser closed.
2025-03-22 23:48:24 [main] INFO  TC-077_verifyEmptyCartMessage - 
===================================================================================== NEW TEST RUN =====================================================================================
2025-03-22 23:48:24 [main] INFO  TC-077_verifyEmptyCartMessage - Logger initialized
2025-03-22 23:48:24 [main] INFO  TC-077_verifyEmptyCartMessage - Starting test setup for: verifyEmptyCartMessage (🔢 Test Case ID: TC-077)
2025-03-22 23:48:53 [main] INFO  TC-077_verifyEmptyCartMessage - Navigated to the site: https://demo.nopcommerce.com
2025-03-22 23:48:53 [main] INFO  TC-077_verifyEmptyCartMessage - Injected cookie: _ga
2025-03-22 23:48:53 [main] INFO  TC-077_verifyEmptyCartMessage - Injected cookie: cf_clearance
2025-03-22 23:48:53 [main] INFO  TC-077_verifyEmptyCartMessage - Injected cookie: .Nop.Antiforgery
2025-03-22 23:48:53 [main] INFO  TC-077_verifyEmptyCartMessage - Injected cookie: .Nop.Customer
2025-03-22 23:48:53 [main] INFO  TC-077_verifyEmptyCartMessage - Injected cookie: .Nop.Culture
2025-03-22 23:48:53 [main] INFO  TC-077_verifyEmptyCartMessage - Injected cookie: _ga_SCT41TW89V
2025-03-22 23:48:54 [main] INFO  TC-077_verifyEmptyCartMessage - Page refreshed with bypassed cookies.
2025-03-22 23:48:55 [main] INFO  utils.MainFunctionalities - Navigating to cart page.
2025-03-22 23:48:58 [main] INFO  utils.MainFunctionalities - Verified that the empty cart message is displayed: Your Shopping Cart is empty!
2025-03-22 23:48:58 [main] INFO  TC-077_verifyEmptyCartMessage - Closing the browser for test: verifyEmptyCartMessage
2025-03-22 23:48:58 [main] INFO  TC-077_verifyEmptyCartMessage - Browser closed.
2025-03-23 00:29:47 [main] INFO  TC-077_verifyEmptyCartMessage - 
===================================================================================== NEW TEST RUN =====================================================================================
2025-03-23 00:29:47 [main] INFO  TC-077_verifyEmptyCartMessage - Logger initialized
2025-03-23 00:29:47 [main] INFO  TC-077_verifyEmptyCartMessage - Starting test setup for: verifyEmptyCartMessage (🔢 Test Case ID: TC-077)
2025-03-23 00:30:03 [main] INFO  TC-077_verifyEmptyCartMessage - Navigated to the site: https://demo.nopcommerce.com
2025-03-23 00:30:03 [main] INFO  TC-077_verifyEmptyCartMessage - Injected cookie: cf_clearance
2025-03-23 00:30:03 [main] INFO  TC-077_verifyEmptyCartMessage - Injected cookie: _ga
2025-03-23 00:30:03 [main] INFO  TC-077_verifyEmptyCartMessage - Injected cookie: .Nop.Antiforgery
2025-03-23 00:30:03 [main] INFO  TC-077_verifyEmptyCartMessage - Injected cookie: .Nop.Customer
2025-03-23 00:30:03 [main] INFO  TC-077_verifyEmptyCartMessage - Injected cookie: .Nop.Culture
2025-03-23 00:30:03 [main] INFO  TC-077_verifyEmptyCartMessage - Injected cookie: _ga_SCT41TW89V
2025-03-23 00:30:04 [main] INFO  TC-077_verifyEmptyCartMessage - Page refreshed with bypassed cookies.
2025-03-23 00:30:04 [main] INFO  TC-077_verifyEmptyCartMessage - 🟢 Starting test: verifyEmptyCartMessage (🔢 Test Case ID: TC-077)
2025-03-23 00:30:05 [main] INFO  utils.MainFunctionalities - Navigating to cart page.
2025-03-23 00:30:07 [main] INFO  utils.MainFunctionalities - Verified that the empty cart message is displayed: Your Shopping Cart is empty!
2025-03-23 00:30:07 [main] INFO  listeners.TestListener - ✅ Test PASSED: verifyEmptyCartMessage (Duration: 2748ms)
2025-03-23 00:30:07 [main] INFO  TC-077_verifyEmptyCartMessage - Closing the browser for test: verifyEmptyCartMessage
2025-03-23 00:30:07 [main] INFO  TC-077_verifyEmptyCartMessage - Browser closed.
2025-03-23 01:20:59 [main] INFO  TC-077_verifyEmptyCartMessage - 
===================================================================================== NEW TEST RUN =====================================================================================
2025-03-23 01:20:59 [main] INFO  TC-077_verifyEmptyCartMessage - Logger initialized
2025-03-23 01:20:59 [main] INFO  TC-077_verifyEmptyCartMessage - Starting test setup for: verifyEmptyCartMessage (🔢 Test Case ID: TC-077)
2025-03-23 01:21:15 [main] INFO  TC-077_verifyEmptyCartMessage - Navigated to the site: https://demo.nopcommerce.com
2025-03-23 01:21:15 [main] INFO  TC-077_verifyEmptyCartMessage - Injected cookie: _ga
2025-03-23 01:21:15 [main] INFO  TC-077_verifyEmptyCartMessage - Injected cookie: cf_clearance
2025-03-23 01:21:15 [main] INFO  TC-077_verifyEmptyCartMessage - Injected cookie: .Nop.Antiforgery
2025-03-23 01:21:15 [main] INFO  TC-077_verifyEmptyCartMessage - Injected cookie: .Nop.Customer
2025-03-23 01:21:15 [main] INFO  TC-077_verifyEmptyCartMessage - Injected cookie: .Nop.Culture
2025-03-23 01:21:15 [main] INFO  TC-077_verifyEmptyCartMessage - Injected cookie: _ga_SCT41TW89V
2025-03-23 01:21:16 [main] INFO  TC-077_verifyEmptyCartMessage - Page refreshed with bypassed cookies.
2025-03-23 01:21:16 [main] INFO  TC-077_verifyEmptyCartMessage - 🟢 Starting test: verifyEmptyCartMessage (🔢 Test Case ID: TC-077)
2025-03-23 01:21:16 [main] INFO  utils.MainFunctionalities - Navigating to cart page.
2025-03-23 01:21:18 [main] INFO  utils.MainFunctionalities - Verified that the empty cart message is displayed: Your Shopping Cart is empty!
2025-03-23 01:21:18 [main] INFO  listeners.TestListener - ✅ Test PASSED: verifyEmptyCartMessage (Duration: 1913ms)
2025-03-23 01:21:18 [main] INFO  TC-077_verifyEmptyCartMessage - Closing the browser for test: verifyEmptyCartMessage
2025-03-23 01:21:18 [main] INFO  TC-077_verifyEmptyCartMessage - Browser closed.
