2025-03-18 03:12:43 [main] INFO  TC-001_verifyHomePageLoads - 
===================================================================================== NEW TEST RUN =====================================================================================
2025-03-18 03:12:43 [main] INFO  TC-001_verifyHomePageLoads - Logger initialized and writing to: E:/Folder/Galal/Courses/Digital Egypt Pioneers Initiative (DEPI) - Software Testing/DEPI Software Tester Graduation Project/automation-framework/reports/logs/TC-001_verifyHomePageLoads.log
2025-03-18 03:12:43 [main] INFO  TC-001_verifyHomePageLoads - Starting test setup for: verifyHomePageLoads (🔢 Test Case ID: TC-001)
2025-03-18 03:12:59 [main] INFO  TC-001_verifyHomePageLoads - Navigated to the site: https://demo.nopcommerce.com
2025-03-18 03:12:59 [main] INFO  TC-001_verifyHomePageLoads - Injected cookie: cf_clearance
2025-03-18 03:12:59 [main] INFO  TC-001_verifyHomePageLoads - Injected cookie: _ga
2025-03-18 03:12:59 [main] INFO  TC-001_verifyHomePageLoads - Injected cookie: .Nop.Antiforgery
2025-03-18 03:12:59 [main] INFO  TC-001_verifyHomePageLoads - Injected cookie: .Nop.Customer
2025-03-18 03:12:59 [main] INFO  TC-001_verifyHomePageLoads - Injected cookie: .Nop.Culture
2025-03-18 03:12:59 [main] INFO  TC-001_verifyHomePageLoads - Injected cookie: _ga_SCT41TW89V
2025-03-18 03:13:00 [main] INFO  TC-001_verifyHomePageLoads - Page refreshed with bypassed cookies.
2025-03-18 03:13:00 [main] INFO  TC-001_verifyHomePageLoads - 🟢 Starting test: verifyHomePageLoads (🔢 Test Case ID: TC-001)
2025-03-18 03:13:00 [main] INFO  TC-001_verifyHomePageLoads - Navigating to: https://demo.nopcommerce.com/
2025-03-18 03:13:00 [main] INFO  TC-001_verifyHomePageLoads - Actual Page Title: nopCommerce demo store. Home page title
2025-03-18 03:13:00 [main] INFO  listeners.TestListener - ✅ Test PASSED: verifyHomePageLoads (Duration: 505ms)
2025-03-18 03:13:00 [main] INFO  TC-001_verifyHomePageLoads - Closing the browser for test: verifyHomePageLoads
2025-03-18 03:13:00 [main] INFO  TC-001_verifyHomePageLoads - Browser closed.
2025-03-18 03:13:00 [main] INFO  listeners.TestListener - 🏁 Finished Test Suite: Surefire test
2025-03-18 03:15:40 [main] INFO  TC-001_verifyHomePageLoads - 
===================================================================================== NEW TEST RUN =====================================================================================
2025-03-18 03:15:40 [main] INFO  TC-001_verifyHomePageLoads - Logger initialized and writing to: E:/Folder/Galal/Courses/Digital Egypt Pioneers Initiative (DEPI) - Software Testing/DEPI Software Tester Graduation Project/automation-framework/reports/logs/TC-001_verifyHomePageLoads.log
2025-03-18 03:15:40 [main] INFO  TC-001_verifyHomePageLoads - Starting test setup for: verifyHomePageLoads (🔢 Test Case ID: TC-001)
2025-03-18 03:15:56 [main] INFO  TC-001_verifyHomePageLoads - Navigated to the site: https://demo.nopcommerce.com
2025-03-18 03:15:56 [main] INFO  TC-001_verifyHomePageLoads - Injected cookie: cf_clearance
2025-03-18 03:15:56 [main] INFO  TC-001_verifyHomePageLoads - Injected cookie: _ga
2025-03-18 03:15:56 [main] INFO  TC-001_verifyHomePageLoads - Injected cookie: .Nop.Antiforgery
2025-03-18 03:15:56 [main] INFO  TC-001_verifyHomePageLoads - Injected cookie: .Nop.Customer
2025-03-18 03:15:56 [main] INFO  TC-001_verifyHomePageLoads - Injected cookie: .Nop.Culture
2025-03-18 03:15:56 [main] INFO  TC-001_verifyHomePageLoads - Injected cookie: _ga_SCT41TW89V
2025-03-18 03:15:57 [main] INFO  TC-001_verifyHomePageLoads - Page refreshed with bypassed cookies.
2025-03-18 03:15:57 [main] INFO  TC-001_verifyHomePageLoads - 🟢 Starting test: verifyHomePageLoads (🔢 Test Case ID: TC-001)
2025-03-18 03:15:57 [main] INFO  TC-001_verifyHomePageLoads - Navigating to: https://demo.nopcommerce.com/
2025-03-18 03:15:57 [main] INFO  TC-001_verifyHomePageLoads - Actual Page Title: nopCommerce demo store. Home page title
2025-03-18 03:15:57 [main] INFO  listeners.TestListener - ✅ Test PASSED: verifyHomePageLoads (Duration: 513ms)
2025-03-18 03:15:57 [main] INFO  TC-001_verifyHomePageLoads - Closing the browser for test: verifyHomePageLoads
2025-03-18 03:15:58 [main] INFO  TC-001_verifyHomePageLoads - Browser closed.
2025-03-18 03:15:58 [main] INFO  listeners.TestListener - 🏁 Finished Test Suite: Surefire test
2025-03-18 03:29:55 [main] INFO  TC-001_verifyHomePageLoads - 
===================================================================================== NEW TEST RUN =====================================================================================
2025-03-18 03:29:55 [main] INFO  TC-001_verifyHomePageLoads - Logger initialized and writing to: E:/Folder/Galal/Courses/Digital Egypt Pioneers Initiative (DEPI) - Software Testing/DEPI Software Tester Graduation Project/automation-framework/reports/logs/TC-001_verifyHomePageLoads.log
2025-03-18 03:29:55 [main] INFO  TC-001_verifyHomePageLoads - Starting test setup for: verifyHomePageLoads (🔢 Test Case ID: TC-001)
2025-03-18 03:30:12 [main] INFO  TC-001_verifyHomePageLoads - Navigated to the site: https://demo.nopcommerce.com
2025-03-18 03:30:12 [main] INFO  TC-001_verifyHomePageLoads - Injected cookie: _ga
2025-03-18 03:30:12 [main] INFO  TC-001_verifyHomePageLoads - Injected cookie: cf_clearance
2025-03-18 03:30:12 [main] INFO  TC-001_verifyHomePageLoads - Injected cookie: .Nop.Antiforgery
2025-03-18 03:30:12 [main] INFO  TC-001_verifyHomePageLoads - Injected cookie: .Nop.Customer
2025-03-18 03:30:12 [main] INFO  TC-001_verifyHomePageLoads - Injected cookie: .Nop.Culture
2025-03-18 03:30:12 [main] INFO  TC-001_verifyHomePageLoads - Injected cookie: _ga_SCT41TW89V
2025-03-18 03:30:12 [main] INFO  TC-001_verifyHomePageLoads - Page refreshed with bypassed cookies.
2025-03-18 03:30:12 [main] INFO  TC-001_verifyHomePageLoads - 🟢 Starting test: verifyHomePageLoads (🔢 Test Case ID: TC-001)
2025-03-18 03:30:12 [main] INFO  TC-001_verifyHomePageLoads - Navigating to: https://demo.nopcommerce.com/
2025-03-18 03:30:13 [main] INFO  TC-001_verifyHomePageLoads - Actual Page Title: nopCommerce demo store. Home page title
2025-03-18 03:30:13 [main] INFO  listeners.TestListener - ✅ Test PASSED: verifyHomePageLoads (Duration: 609ms)
2025-03-18 03:30:13 [main] INFO  TC-001_verifyHomePageLoads - Closing the browser for test: verifyHomePageLoads
2025-03-18 03:30:13 [main] INFO  TC-001_verifyHomePageLoads - Browser closed.
2025-03-18 03:30:13 [main] INFO  listeners.TestListener - 🏁 Finished Test Suite: Surefire test
2025-03-18 03:34:32 [main] INFO  TC-001_verifyHomePageLoads - 
===================================================================================== NEW TEST RUN =====================================================================================
2025-03-18 03:34:32 [main] INFO  TC-001_verifyHomePageLoads - Logger initialized and writing to: E:/Folder/Galal/Courses/Digital Egypt Pioneers Initiative (DEPI) - Software Testing/DEPI Software Tester Graduation Project/automation-framework/reports/logs/TC-001_verifyHomePageLoads.log
2025-03-18 03:34:32 [main] INFO  TC-001_verifyHomePageLoads - Starting test setup for: verifyHomePageLoads (🔢 Test Case ID: TC-001)
2025-03-18 03:34:49 [main] INFO  TC-001_verifyHomePageLoads - Navigated to the site: https://demo.nopcommerce.com
2025-03-18 03:34:49 [main] INFO  TC-001_verifyHomePageLoads - Injected cookie: _ga
2025-03-18 03:34:49 [main] INFO  TC-001_verifyHomePageLoads - Injected cookie: cf_clearance
2025-03-18 03:34:49 [main] INFO  TC-001_verifyHomePageLoads - Injected cookie: .Nop.Antiforgery
2025-03-18 03:34:49 [main] INFO  TC-001_verifyHomePageLoads - Injected cookie: .Nop.Customer
2025-03-18 03:34:49 [main] INFO  TC-001_verifyHomePageLoads - Injected cookie: .Nop.Culture
2025-03-18 03:34:49 [main] INFO  TC-001_verifyHomePageLoads - Injected cookie: _ga_SCT41TW89V
2025-03-18 03:34:49 [main] INFO  TC-001_verifyHomePageLoads - Page refreshed with bypassed cookies.
2025-03-18 03:34:49 [main] INFO  TC-001_verifyHomePageLoads - 🟢 Starting test: verifyHomePageLoads (🔢 Test Case ID: TC-001)
2025-03-18 03:34:49 [main] INFO  TC-001_verifyHomePageLoads - Navigating to: https://demo.nopcommerce.com/
2025-03-18 03:34:50 [main] INFO  TC-001_verifyHomePageLoads - Actual Page Title: nopCommerce demo store. Home page title
2025-03-18 03:34:50 [main] INFO  listeners.TestListener - ✅ Test PASSED: verifyHomePageLoads (Duration: 629ms)
2025-03-18 03:34:50 [main] INFO  TC-001_verifyHomePageLoads - Closing the browser for test: verifyHomePageLoads
2025-03-18 03:34:50 [main] INFO  TC-001_verifyHomePageLoads - Browser closed.
2025-03-18 03:34:50 [main] INFO  listeners.TestListener - 🏁 Finished Test Suite: Surefire test
2025-03-18 03:36:59 [main] INFO  TC-001_verifyHomePageLoads - 
===================================================================================== NEW TEST RUN =====================================================================================
2025-03-18 03:36:59 [main] INFO  TC-001_verifyHomePageLoads - Logger initialized and writing to: E:/Folder/Galal/Courses/Digital Egypt Pioneers Initiative (DEPI) - Software Testing/DEPI Software Tester Graduation Project/automation-framework/reports/logs/TC-001_verifyHomePageLoads.log
2025-03-18 03:36:59 [main] INFO  TC-001_verifyHomePageLoads - Starting test setup for: verifyHomePageLoads (🔢 Test Case ID: TC-001)
2025-03-18 03:37:16 [main] INFO  TC-001_verifyHomePageLoads - Navigated to the site: https://demo.nopcommerce.com
2025-03-18 03:37:16 [main] INFO  TC-001_verifyHomePageLoads - Injected cookie: cf_clearance
2025-03-18 03:37:16 [main] INFO  TC-001_verifyHomePageLoads - Injected cookie: _ga
2025-03-18 03:37:16 [main] INFO  TC-001_verifyHomePageLoads - Injected cookie: .Nop.Antiforgery
2025-03-18 03:37:16 [main] INFO  TC-001_verifyHomePageLoads - Injected cookie: .Nop.Customer
2025-03-18 03:37:16 [main] INFO  TC-001_verifyHomePageLoads - Injected cookie: .Nop.Culture
2025-03-18 03:37:16 [main] INFO  TC-001_verifyHomePageLoads - Injected cookie: _ga_SCT41TW89V
2025-03-18 03:37:16 [main] INFO  TC-001_verifyHomePageLoads - Page refreshed with bypassed cookies.
2025-03-18 03:37:16 [main] INFO  TC-001_verifyHomePageLoads - 🟢 Starting test: verifyHomePageLoads (🔢 Test Case ID: TC-001)
2025-03-18 03:37:16 [main] INFO  TC-001_verifyHomePageLoads - Navigating to: https://demo.nopcommerce.com/
2025-03-18 03:37:17 [main] INFO  TC-001_verifyHomePageLoads - Actual Page Title: nopCommerce demo store. Home page title
2025-03-18 03:37:17 [main] INFO  listeners.TestListener - ✅ Test PASSED: verifyHomePageLoads (Duration: 608ms)
2025-03-18 03:37:17 [main] INFO  TC-001_verifyHomePageLoads - Closing the browser for test: verifyHomePageLoads
2025-03-18 03:37:17 [main] INFO  TC-001_verifyHomePageLoads - Browser closed.
2025-03-18 03:37:17 [main] INFO  listeners.TestListener - 🏁 Finished Test Suite: Surefire test
2025-03-18 03:45:29 [main] INFO  TC-001_verifyHomePageLoads - 
===================================================================================== NEW TEST RUN =====================================================================================
2025-03-18 03:45:29 [main] INFO  TC-001_verifyHomePageLoads - Logger initialized and writing to: E:/Folder/Galal/Courses/Digital Egypt Pioneers Initiative (DEPI) - Software Testing/DEPI Software Tester Graduation Project/automation-framework/reports/logs/TC-001_verifyHomePageLoads.log
2025-03-18 03:45:29 [main] INFO  TC-001_verifyHomePageLoads - Starting test setup for: verifyHomePageLoads (🔢 Test Case ID: TC-001)
2025-03-18 03:45:46 [main] INFO  TC-001_verifyHomePageLoads - Navigated to the site: https://demo.nopcommerce.com
2025-03-18 03:45:46 [main] INFO  TC-001_verifyHomePageLoads - Injected cookie: cf_clearance
2025-03-18 03:45:46 [main] INFO  TC-001_verifyHomePageLoads - Injected cookie: _ga
2025-03-18 03:45:46 [main] INFO  TC-001_verifyHomePageLoads - Injected cookie: .Nop.Antiforgery
2025-03-18 03:45:46 [main] INFO  TC-001_verifyHomePageLoads - Injected cookie: .Nop.Customer
2025-03-18 03:45:46 [main] INFO  TC-001_verifyHomePageLoads - Injected cookie: .Nop.Culture
2025-03-18 03:45:46 [main] INFO  TC-001_verifyHomePageLoads - Injected cookie: _ga_SCT41TW89V
2025-03-18 03:45:46 [main] INFO  TC-001_verifyHomePageLoads - Page refreshed with bypassed cookies.
2025-03-18 03:45:46 [main] INFO  TC-001_verifyHomePageLoads - 🟢 Starting test: verifyHomePageLoads (🔢 Test Case ID: TC-001)
2025-03-18 03:45:46 [main] INFO  TC-001_verifyHomePageLoads - Navigating to: https://demo.nopcommerce.com/
2025-03-18 03:45:47 [main] INFO  TC-001_verifyHomePageLoads - Actual Page Title: nopCommerce demo store. Home page title
2025-03-18 03:45:47 [main] INFO  listeners.TestListener - ✅ Test PASSED: verifyHomePageLoads (Duration: 622ms)
2025-03-18 03:45:47 [main] INFO  TC-001_verifyHomePageLoads - Closing the browser for test: verifyHomePageLoads
2025-03-18 03:45:47 [main] INFO  TC-001_verifyHomePageLoads - Browser closed.
2025-03-18 04:02:35 [main] INFO  TC-001_verifyHomePageLoads - 
===================================================================================== NEW TEST RUN =====================================================================================
2025-03-18 04:02:35 [main] INFO  TC-001_verifyHomePageLoads - Logger initialized and writing to: E:/Folder/Galal/Courses/Digital Egypt Pioneers Initiative (DEPI) - Software Testing/DEPI Software Tester Graduation Project/automation-framework/reports/logs/TC-001_verifyHomePageLoads.log
2025-03-18 04:02:35 [main] INFO  TC-001_verifyHomePageLoads - Starting test setup for: verifyHomePageLoads (🔢 Test Case ID: TC-001)
2025-03-18 04:02:51 [main] INFO  TC-001_verifyHomePageLoads - Navigated to the site: https://demo.nopcommerce.com
2025-03-18 04:02:51 [main] INFO  TC-001_verifyHomePageLoads - Injected cookie: _ga
2025-03-18 04:02:51 [main] INFO  TC-001_verifyHomePageLoads - Injected cookie: cf_clearance
2025-03-18 04:02:51 [main] INFO  TC-001_verifyHomePageLoads - Injected cookie: .Nop.Antiforgery
2025-03-18 04:02:51 [main] INFO  TC-001_verifyHomePageLoads - Injected cookie: .Nop.Customer
2025-03-18 04:02:51 [main] INFO  TC-001_verifyHomePageLoads - Injected cookie: .Nop.Culture
2025-03-18 04:02:51 [main] INFO  TC-001_verifyHomePageLoads - Injected cookie: _ga_SCT41TW89V
2025-03-18 04:02:52 [main] INFO  TC-001_verifyHomePageLoads - Page refreshed with bypassed cookies.
2025-03-18 04:02:52 [main] INFO  TC-001_verifyHomePageLoads - 🟢 Starting test: verifyHomePageLoads (🔢 Test Case ID: TC-001)
2025-03-18 04:02:52 [main] INFO  TC-001_verifyHomePageLoads - Navigating to: https://demo.nopcommerce.com/
2025-03-18 04:02:52 [main] INFO  TC-001_verifyHomePageLoads - Actual Page Title: nopCommerce demo store. Home page title
2025-03-18 04:02:52 [main] INFO  listeners.TestListener - ✅ Test PASSED: verifyHomePageLoads (Duration: 665ms)
2025-03-18 04:02:52 [main] INFO  TC-001_verifyHomePageLoads - Closing the browser for test: verifyHomePageLoads
2025-03-18 04:02:52 [main] INFO  TC-001_verifyHomePageLoads - Browser closed.
