2025-03-18 03:49:42 [main] INFO  TC-044_verifyFilteringByManufacturer - 
===================================================================================== NEW TEST RUN =====================================================================================
2025-03-18 03:49:42 [main] INFO  TC-044_verifyFilteringByManufacturer - Logger initialized and writing to: E:/Folder/Galal/Courses/Digital Egypt Pioneers Initiative (DEPI) - Software Testing/DEPI Software Tester Graduation Project/automation-framework/reports/logs/TC-044_verifyFilteringByManufacturer.log
2025-03-18 03:49:42 [main] INFO  TC-044_verifyFilteringByManufacturer - Starting test setup for: verifyFilteringByManufacturer (🔢 Test Case ID: TC-044)
2025-03-18 03:49:59 [main] INFO  TC-044_verifyFilteringByManufacturer - Navigated to the site: https://demo.nopcommerce.com
2025-03-18 03:49:59 [main] INFO  TC-044_verifyFilteringByManufacturer - Injected cookie: _ga
2025-03-18 03:49:59 [main] INFO  TC-044_verifyFilteringByManufacturer - Injected cookie: cf_clearance
2025-03-18 03:49:59 [main] INFO  TC-044_verifyFilteringByManufacturer - Injected cookie: .Nop.Antiforgery
2025-03-18 03:49:59 [main] INFO  TC-044_verifyFilteringByManufacturer - Injected cookie: .Nop.Customer
2025-03-18 03:49:59 [main] INFO  TC-044_verifyFilteringByManufacturer - Injected cookie: .Nop.Culture
2025-03-18 03:49:59 [main] INFO  TC-044_verifyFilteringByManufacturer - Injected cookie: _ga_SCT41TW89V
2025-03-18 03:50:00 [main] INFO  TC-044_verifyFilteringByManufacturer - Page refreshed with bypassed cookies.
2025-03-18 03:50:00 [main] INFO  TC-044_verifyFilteringByManufacturer - 🟢 Starting test: verifyFilteringByManufacturer (🔢 Test Case ID: TC-044)
2025-03-18 03:50:00 [main] INFO  TC-044_verifyFilteringByManufacturer - Navigating to: https://demo.nopcommerce.com/
2025-03-18 03:50:02 [main] INFO  TC-044_verifyFilteringByManufacturer - Filtering by manufacturer HP verified successfully.
2025-03-18 03:50:02 [main] INFO  listeners.TestListener - ✅ Test PASSED: verifyFilteringByManufacturer (Duration: 2356ms)
2025-03-18 03:50:02 [main] INFO  TC-044_verifyFilteringByManufacturer - Closing the browser for test: verifyFilteringByManufacturer
2025-03-18 03:50:02 [main] INFO  TC-044_verifyFilteringByManufacturer - Browser closed.
2025-03-18 04:06:41 [main] INFO  TC-044_verifyFilteringByManufacturer - 
===================================================================================== NEW TEST RUN =====================================================================================
2025-03-18 04:06:41 [main] INFO  TC-044_verifyFilteringByManufacturer - Logger initialized and writing to: E:/Folder/Galal/Courses/Digital Egypt Pioneers Initiative (DEPI) - Software Testing/DEPI Software Tester Graduation Project/automation-framework/reports/logs/TC-044_verifyFilteringByManufacturer.log
2025-03-18 04:06:41 [main] INFO  TC-044_verifyFilteringByManufacturer - Starting test setup for: verifyFilteringByManufacturer (🔢 Test Case ID: TC-044)
2025-03-18 04:06:58 [main] INFO  TC-044_verifyFilteringByManufacturer - Navigated to the site: https://demo.nopcommerce.com
2025-03-18 04:06:58 [main] INFO  TC-044_verifyFilteringByManufacturer - Injected cookie: _ga
2025-03-18 04:06:58 [main] INFO  TC-044_verifyFilteringByManufacturer - Injected cookie: cf_clearance
2025-03-18 04:06:58 [main] INFO  TC-044_verifyFilteringByManufacturer - Injected cookie: .Nop.Antiforgery
2025-03-18 04:06:58 [main] INFO  TC-044_verifyFilteringByManufacturer - Injected cookie: .Nop.Customer
2025-03-18 04:06:58 [main] INFO  TC-044_verifyFilteringByManufacturer - Injected cookie: .Nop.Culture
2025-03-18 04:06:58 [main] INFO  TC-044_verifyFilteringByManufacturer - Injected cookie: _ga_SCT41TW89V
2025-03-18 04:06:59 [main] INFO  TC-044_verifyFilteringByManufacturer - Page refreshed with bypassed cookies.
2025-03-18 04:06:59 [main] INFO  TC-044_verifyFilteringByManufacturer - 🟢 Starting test: verifyFilteringByManufacturer (🔢 Test Case ID: TC-044)
2025-03-18 04:06:59 [main] INFO  TC-044_verifyFilteringByManufacturer - Navigating to: https://demo.nopcommerce.com/
2025-03-18 04:07:01 [main] INFO  TC-044_verifyFilteringByManufacturer - Filtering by manufacturer HP verified successfully.
2025-03-18 04:07:01 [main] INFO  listeners.TestListener - ✅ Test PASSED: verifyFilteringByManufacturer (Duration: 2342ms)
2025-03-18 04:07:01 [main] INFO  TC-044_verifyFilteringByManufacturer - Closing the browser for test: verifyFilteringByManufacturer
2025-03-18 04:07:01 [main] INFO  TC-044_verifyFilteringByManufacturer - Browser closed.
