2025-03-18 03:49:22 [main] INFO  TC-050_verifyClearingFilters - 
===================================================================================== NEW TEST RUN =====================================================================================
2025-03-18 03:49:22 [main] INFO  TC-050_verifyClearingFilters - Logger initialized and writing to: E:/Folder/Galal/Courses/Digital Egypt Pioneers Initiative (DEPI) - Software Testing/DEPI Software Tester Graduation Project/automation-framework/reports/logs/TC-050_verifyClearingFilters.log
2025-03-18 03:49:22 [main] INFO  TC-050_verifyClearingFilters - Starting test setup for: verifyClearingFilters (🔢 Test Case ID: TC-050)
2025-03-18 03:49:39 [main] INFO  TC-050_verifyClearingFilters - Navigated to the site: https://demo.nopcommerce.com
2025-03-18 03:49:39 [main] INFO  TC-050_verifyClearingFilters - Injected cookie: _ga
2025-03-18 03:49:39 [main] INFO  TC-050_verifyClearingFilters - Injected cookie: cf_clearance
2025-03-18 03:49:39 [main] INFO  TC-050_verifyClearingFilters - Injected cookie: .Nop.Antiforgery
2025-03-18 03:49:39 [main] INFO  TC-050_verifyClearingFilters - Injected cookie: .Nop.Customer
2025-03-18 03:49:39 [main] INFO  TC-050_verifyClearingFilters - Injected cookie: .Nop.Culture
2025-03-18 03:49:39 [main] INFO  TC-050_verifyClearingFilters - Injected cookie: _ga_SCT41TW89V
2025-03-18 03:49:39 [main] INFO  TC-050_verifyClearingFilters - Page refreshed with bypassed cookies.
2025-03-18 03:49:39 [main] INFO  TC-050_verifyClearingFilters - 🟢 Starting test: verifyClearingFilters (🔢 Test Case ID: TC-050)
2025-03-18 03:49:39 [main] INFO  TC-050_verifyClearingFilters - Navigating to: https://demo.nopcommerce.com/
2025-03-18 03:49:42 [main] INFO  TC-050_verifyClearingFilters - Filtering by manufacturer HP verified successfully.
2025-03-18 03:49:42 [main] INFO  TC-050_verifyClearingFilters - Clearing filters and verifying reset results successful.
2025-03-18 03:49:42 [main] INFO  listeners.TestListener - ✅ Test PASSED: verifyClearingFilters (Duration: 2458ms)
2025-03-18 03:49:42 [main] INFO  TC-050_verifyClearingFilters - Closing the browser for test: verifyClearingFilters
2025-03-18 03:49:42 [main] INFO  TC-050_verifyClearingFilters - Browser closed.
2025-03-18 04:06:21 [main] INFO  TC-050_verifyClearingFilters - 
===================================================================================== NEW TEST RUN =====================================================================================
2025-03-18 04:06:21 [main] INFO  TC-050_verifyClearingFilters - Logger initialized and writing to: E:/Folder/Galal/Courses/Digital Egypt Pioneers Initiative (DEPI) - Software Testing/DEPI Software Tester Graduation Project/automation-framework/reports/logs/TC-050_verifyClearingFilters.log
2025-03-18 04:06:21 [main] INFO  TC-050_verifyClearingFilters - Starting test setup for: verifyClearingFilters (🔢 Test Case ID: TC-050)
2025-03-18 04:06:38 [main] INFO  TC-050_verifyClearingFilters - Navigated to the site: https://demo.nopcommerce.com
2025-03-18 04:06:38 [main] INFO  TC-050_verifyClearingFilters - Injected cookie: _ga
2025-03-18 04:06:38 [main] INFO  TC-050_verifyClearingFilters - Injected cookie: cf_clearance
2025-03-18 04:06:38 [main] INFO  TC-050_verifyClearingFilters - Injected cookie: .Nop.Antiforgery
2025-03-18 04:06:38 [main] INFO  TC-050_verifyClearingFilters - Injected cookie: .Nop.Customer
2025-03-18 04:06:38 [main] INFO  TC-050_verifyClearingFilters - Injected cookie: .Nop.Culture
2025-03-18 04:06:38 [main] INFO  TC-050_verifyClearingFilters - Injected cookie: _ga_SCT41TW89V
2025-03-18 04:06:38 [main] INFO  TC-050_verifyClearingFilters - Page refreshed with bypassed cookies.
2025-03-18 04:06:38 [main] INFO  TC-050_verifyClearingFilters - 🟢 Starting test: verifyClearingFilters (🔢 Test Case ID: TC-050)
2025-03-18 04:06:38 [main] INFO  TC-050_verifyClearingFilters - Navigating to: https://demo.nopcommerce.com/
2025-03-18 04:06:41 [main] INFO  TC-050_verifyClearingFilters - Filtering by manufacturer HP verified successfully.
2025-03-18 04:06:41 [main] INFO  TC-050_verifyClearingFilters - Clearing filters and verifying reset results successful.
2025-03-18 04:06:41 [main] INFO  listeners.TestListener - ✅ Test PASSED: verifyClearingFilters (Duration: 2458ms)
2025-03-18 04:06:41 [main] INFO  TC-050_verifyClearingFilters - Closing the browser for test: verifyClearingFilters
2025-03-18 04:06:41 [main] INFO  TC-050_verifyClearingFilters - Browser closed.
