2025-03-18 21:45:42 [main] INFO  TC-021_verifySessionHandling - 
===================================================================================== NEW TEST RUN =====================================================================================
2025-03-18 21:45:42 [main] INFO  TC-021_verifySessionHandling - Logger initialized
2025-03-18 21:45:42 [main] INFO  TC-021_verifySessionHandling - Starting test setup for: verifySessionHandling (🔢 Test Case ID: TC-021)
2025-03-18 21:46:06 [main] INFO  TC-021_verifySessionHandling - Navigated to the site: https://demo.nopcommerce.com
2025-03-18 21:46:07 [main] INFO  TC-021_verifySessionHandling - Injected cookie: cf_clearance
2025-03-18 21:46:07 [main] INFO  TC-021_verifySessionHandling - Injected cookie: _ga
2025-03-18 21:46:07 [main] INFO  TC-021_verifySessionHandling - Injected cookie: .Nop.Antiforgery
2025-03-18 21:46:07 [main] INFO  TC-021_verifySessionHandling - Injected cookie: .Nop.Customer
2025-03-18 21:46:07 [main] INFO  TC-021_verifySessionHandling - Injected cookie: .Nop.Culture
2025-03-18 21:46:07 [main] INFO  TC-021_verifySessionHandling - Injected cookie: _ga_SCT41TW89V
2025-03-18 21:46:07 [main] INFO  TC-021_verifySessionHandling - Page refreshed with bypassed cookies.
2025-03-18 21:46:09 [main] INFO  TC-021_verifySessionHandling - Navigating to login page.
2025-03-18 21:46:13 [main] INFO  TC-021_verifySessionHandling - User logged in.
2025-03-18 21:46:18 [main] INFO  TC-021_verifySessionHandling - Closing the browser for test: verifySessionHandling
2025-03-18 21:46:18 [main] INFO  TC-021_verifySessionHandling - Browser closed.
2025-03-18 21:46:44 [main] INFO  TC-021_verifySessionHandling - 
===================================================================================== NEW TEST RUN =====================================================================================
2025-03-18 21:46:44 [main] INFO  TC-021_verifySessionHandling - Logger initialized
2025-03-18 21:46:44 [main] INFO  TC-021_verifySessionHandling - Starting test setup for: verifySessionHandling (🔢 Test Case ID: TC-021)
2025-03-18 21:47:06 [main] INFO  TC-021_verifySessionHandling - Navigated to the site: https://demo.nopcommerce.com
2025-03-18 21:47:06 [main] INFO  TC-021_verifySessionHandling - Injected cookie: _ga
2025-03-18 21:47:06 [main] INFO  TC-021_verifySessionHandling - Injected cookie: cf_clearance
2025-03-18 21:47:06 [main] INFO  TC-021_verifySessionHandling - Injected cookie: .Nop.Antiforgery
2025-03-18 21:47:06 [main] INFO  TC-021_verifySessionHandling - Injected cookie: .Nop.Customer
2025-03-18 21:47:06 [main] INFO  TC-021_verifySessionHandling - Injected cookie: .Nop.Culture
2025-03-18 21:47:06 [main] INFO  TC-021_verifySessionHandling - Injected cookie: _ga_SCT41TW89V
2025-03-18 21:47:07 [main] INFO  TC-021_verifySessionHandling - Page refreshed with bypassed cookies.
2025-03-18 21:47:08 [main] INFO  TC-021_verifySessionHandling - Navigating to login page.
2025-03-18 21:47:11 [main] INFO  TC-021_verifySessionHandling - User logged in.
2025-03-18 21:47:18 [main] INFO  TC-021_verifySessionHandling - Closing the browser for test: verifySessionHandling
2025-03-18 21:47:18 [main] INFO  TC-021_verifySessionHandling - Browser closed.
2025-03-18 21:51:06 [main] INFO  TC-021_verifySessionHandling - 
===================================================================================== NEW TEST RUN =====================================================================================
2025-03-18 21:51:06 [main] INFO  TC-021_verifySessionHandling - Logger initialized
2025-03-18 21:51:06 [main] INFO  TC-021_verifySessionHandling - Starting test setup for: verifySessionHandling (🔢 Test Case ID: TC-021)
2025-03-18 21:51:29 [main] INFO  TC-021_verifySessionHandling - Navigated to the site: https://demo.nopcommerce.com
2025-03-18 21:51:29 [main] INFO  TC-021_verifySessionHandling - Injected cookie: _ga
2025-03-18 21:51:29 [main] INFO  TC-021_verifySessionHandling - Injected cookie: cf_clearance
2025-03-18 21:51:29 [main] INFO  TC-021_verifySessionHandling - Injected cookie: .Nop.Antiforgery
2025-03-18 21:51:29 [main] INFO  TC-021_verifySessionHandling - Injected cookie: .Nop.Customer
2025-03-18 21:51:29 [main] INFO  TC-021_verifySessionHandling - Injected cookie: .Nop.Culture
2025-03-18 21:51:29 [main] INFO  TC-021_verifySessionHandling - Injected cookie: _ga_SCT41TW89V
2025-03-18 21:51:30 [main] INFO  TC-021_verifySessionHandling - Page refreshed with bypassed cookies.
2025-03-18 21:51:31 [main] INFO  TC-021_verifySessionHandling - Navigating to login page.
2025-03-18 21:51:37 [main] INFO  TC-021_verifySessionHandling - User logged in.
2025-03-18 21:52:01 [main] INFO  TC-021_verifySessionHandling - Closing the browser for test: verifySessionHandling
2025-03-18 21:52:01 [main] INFO  TC-021_verifySessionHandling - Browser closed.
2025-03-18 21:53:12 [main] INFO  TC-021_verifySessionHandling - 
===================================================================================== NEW TEST RUN =====================================================================================
2025-03-18 21:53:12 [main] INFO  TC-021_verifySessionHandling - Logger initialized
2025-03-18 21:53:12 [main] INFO  TC-021_verifySessionHandling - Starting test setup for: verifySessionHandling (🔢 Test Case ID: TC-021)
2025-03-18 21:53:34 [main] INFO  TC-021_verifySessionHandling - Navigated to the site: https://demo.nopcommerce.com
2025-03-18 21:53:34 [main] INFO  TC-021_verifySessionHandling - Injected cookie: _ga
2025-03-18 21:53:34 [main] INFO  TC-021_verifySessionHandling - Injected cookie: cf_clearance
2025-03-18 21:53:34 [main] INFO  TC-021_verifySessionHandling - Injected cookie: .Nop.Antiforgery
2025-03-18 21:53:34 [main] INFO  TC-021_verifySessionHandling - Injected cookie: .Nop.Customer
2025-03-18 21:53:34 [main] INFO  TC-021_verifySessionHandling - Injected cookie: .Nop.Culture
2025-03-18 21:53:34 [main] INFO  TC-021_verifySessionHandling - Injected cookie: _ga_SCT41TW89V
2025-03-18 21:53:35 [main] INFO  TC-021_verifySessionHandling - Page refreshed with bypassed cookies.
2025-03-18 21:53:36 [main] INFO  TC-021_verifySessionHandling - Navigating to login page.
2025-03-18 21:53:41 [main] INFO  TC-021_verifySessionHandling - User logged in.
2025-03-18 21:53:44 [main] INFO  TC-021_verifySessionHandling - User is logged in successfully.
2025-03-18 21:53:46 [main] INFO  TC-021_verifySessionHandling - User remains logged in after refresh or browser reopen.
2025-03-18 21:53:46 [main] INFO  TC-021_verifySessionHandling - Closing the browser for test: verifySessionHandling
2025-03-18 21:53:47 [main] INFO  TC-021_verifySessionHandling - Browser closed.
