2025-03-18 08:20:35 [main] INFO  TC-083_TC-084_verifyAvailablePaymentMethods - 
===================================================================================== NEW TEST RUN =====================================================================================
2025-03-18 08:20:35 [main] INFO  TC-083_TC-084_verifyAvailablePaymentMethods - Logger initialized
2025-03-18 08:20:35 [main] INFO  TC-083_TC-084_verifyAvailablePaymentMethods - Starting test setup for: verifyAvailablePaymentMethods (🔢 Test Case ID: TC-083_TC-084)
2025-03-18 08:20:53 [main] INFO  TC-083_TC-084_verifyAvailablePaymentMethods - Navigated to the site: https://demo.nopcommerce.com
2025-03-18 08:20:53 [main] INFO  TC-083_TC-084_verifyAvailablePaymentMethods - Injected cookie: _ga
2025-03-18 08:20:53 [main] INFO  TC-083_TC-084_verifyAvailablePaymentMethods - Injected cookie: cf_clearance
2025-03-18 08:20:53 [main] INFO  TC-083_TC-084_verifyAvailablePaymentMethods - Injected cookie: .Nop.Antiforgery
2025-03-18 08:20:53 [main] INFO  TC-083_TC-084_verifyAvailablePaymentMethods - Injected cookie: .Nop.Customer
2025-03-18 08:20:53 [main] INFO  TC-083_TC-084_verifyAvailablePaymentMethods - Injected cookie: .Nop.Culture
2025-03-18 08:20:53 [main] INFO  TC-083_TC-084_verifyAvailablePaymentMethods - Injected cookie: _ga_SCT41TW89V
2025-03-18 08:20:53 [main] INFO  TC-083_TC-084_verifyAvailablePaymentMethods - Page refreshed with bypassed cookies.
2025-03-18 08:20:53 [main] INFO  TC-083_TC-084_verifyAvailablePaymentMethods - Navigating to: https://demo.nopcommerce.com/login
2025-03-18 08:20:58 [main] INFO  TC-083_TC-084_verifyAvailablePaymentMethods - Login verified, proceeding with checkout process.
2025-03-18 08:21:02 [main] INFO  TC-083_TC-084_verifyAvailablePaymentMethods - Product successfully added to cart.
2025-03-18 08:21:08 [main] INFO  TC-083_TC-084_verifyAvailablePaymentMethods - Checkout page loaded successfully.
2025-03-18 08:21:32 [main] INFO  TC-083_TC-084_verifyAvailablePaymentMethods - Closing the browser for test: verifyAvailablePaymentMethods
2025-03-18 08:21:32 [main] INFO  TC-083_TC-084_verifyAvailablePaymentMethods - Browser closed.
2025-03-18 08:28:26 [main] INFO  TC-083_TC-084_verifyAvailablePaymentMethods - 
===================================================================================== NEW TEST RUN =====================================================================================
2025-03-18 08:28:26 [main] INFO  TC-083_TC-084_verifyAvailablePaymentMethods - Logger initialized
2025-03-18 08:28:26 [main] INFO  TC-083_TC-084_verifyAvailablePaymentMethods - Starting test setup for: verifyAvailablePaymentMethods (🔢 Test Case ID: TC-083_TC-084)
2025-03-18 08:28:45 [main] INFO  TC-083_TC-084_verifyAvailablePaymentMethods - Navigated to the site: https://demo.nopcommerce.com
2025-03-18 08:28:45 [main] INFO  TC-083_TC-084_verifyAvailablePaymentMethods - Injected cookie: _ga
2025-03-18 08:28:45 [main] INFO  TC-083_TC-084_verifyAvailablePaymentMethods - Injected cookie: cf_clearance
2025-03-18 08:28:45 [main] INFO  TC-083_TC-084_verifyAvailablePaymentMethods - Injected cookie: .Nop.Antiforgery
2025-03-18 08:28:45 [main] INFO  TC-083_TC-084_verifyAvailablePaymentMethods - Injected cookie: .Nop.Customer
2025-03-18 08:28:45 [main] INFO  TC-083_TC-084_verifyAvailablePaymentMethods - Injected cookie: .Nop.Culture
2025-03-18 08:28:45 [main] INFO  TC-083_TC-084_verifyAvailablePaymentMethods - Injected cookie: _ga_SCT41TW89V
2025-03-18 08:28:45 [main] INFO  TC-083_TC-084_verifyAvailablePaymentMethods - Page refreshed with bypassed cookies.
2025-03-18 08:28:45 [main] INFO  TC-083_TC-084_verifyAvailablePaymentMethods - Navigating to: https://demo.nopcommerce.com/login
2025-03-18 08:28:50 [main] INFO  TC-083_TC-084_verifyAvailablePaymentMethods - Login verified, proceeding with checkout process.
2025-03-18 08:28:53 [main] INFO  TC-083_TC-084_verifyAvailablePaymentMethods - Product successfully added to cart.
2025-03-18 08:28:57 [main] INFO  TC-083_TC-084_verifyAvailablePaymentMethods - Checkout page loaded successfully.
2025-03-18 08:29:24 [main] INFO  TC-083_TC-084_verifyAvailablePaymentMethods - Closing the browser for test: verifyAvailablePaymentMethods
2025-03-18 08:29:24 [main] INFO  TC-083_TC-084_verifyAvailablePaymentMethods - Browser closed.
2025-03-18 08:32:26 [main] INFO  TC-083_TC-084_verifyAvailablePaymentMethods - 
===================================================================================== NEW TEST RUN =====================================================================================
2025-03-18 08:32:26 [main] INFO  TC-083_TC-084_verifyAvailablePaymentMethods - Logger initialized
2025-03-18 08:32:26 [main] INFO  TC-083_TC-084_verifyAvailablePaymentMethods - Starting test setup for: verifyAvailablePaymentMethods (🔢 Test Case ID: TC-083_TC-084)
2025-03-18 08:32:44 [main] INFO  TC-083_TC-084_verifyAvailablePaymentMethods - Navigated to the site: https://demo.nopcommerce.com
2025-03-18 08:32:44 [main] INFO  TC-083_TC-084_verifyAvailablePaymentMethods - Injected cookie: _ga
2025-03-18 08:32:44 [main] INFO  TC-083_TC-084_verifyAvailablePaymentMethods - Injected cookie: cf_clearance
2025-03-18 08:32:44 [main] INFO  TC-083_TC-084_verifyAvailablePaymentMethods - Injected cookie: .Nop.Antiforgery
2025-03-18 08:32:44 [main] INFO  TC-083_TC-084_verifyAvailablePaymentMethods - Injected cookie: .Nop.Customer
2025-03-18 08:32:44 [main] INFO  TC-083_TC-084_verifyAvailablePaymentMethods - Injected cookie: .Nop.Culture
2025-03-18 08:32:44 [main] INFO  TC-083_TC-084_verifyAvailablePaymentMethods - Injected cookie: _ga_SCT41TW89V
2025-03-18 08:32:45 [main] INFO  TC-083_TC-084_verifyAvailablePaymentMethods - Page refreshed with bypassed cookies.
2025-03-18 08:32:45 [main] INFO  TC-083_TC-084_verifyAvailablePaymentMethods - Navigating to: https://demo.nopcommerce.com/login
2025-03-18 08:32:50 [main] INFO  TC-083_TC-084_verifyAvailablePaymentMethods - Login verified, proceeding with checkout process.
2025-03-18 08:32:54 [main] INFO  TC-083_TC-084_verifyAvailablePaymentMethods - Product successfully added to cart.
2025-03-18 08:32:58 [main] INFO  TC-083_TC-084_verifyAvailablePaymentMethods - Checkout page loaded successfully.
2025-03-18 08:33:02 [main] ERROR TC-083_TC-084_verifyAvailablePaymentMethods - Neither PayPal nor Cash On Delivery (COD) payment methods are available! Available methods: 
2025-03-18 08:33:02 [main] INFO  TC-083_TC-084_verifyAvailablePaymentMethods - Closing the browser for test: verifyAvailablePaymentMethods
2025-03-18 08:33:02 [main] INFO  TC-083_TC-084_verifyAvailablePaymentMethods - Browser closed.
2025-03-18 08:36:32 [main] INFO  TC-083_TC-084_verifyAvailablePaymentMethods - 
===================================================================================== NEW TEST RUN =====================================================================================
2025-03-18 08:36:32 [main] INFO  TC-083_TC-084_verifyAvailablePaymentMethods - Logger initialized
2025-03-18 08:36:32 [main] INFO  TC-083_TC-084_verifyAvailablePaymentMethods - Starting test setup for: verifyAvailablePaymentMethods (🔢 Test Case ID: TC-083_TC-084)
2025-03-18 08:36:51 [main] INFO  TC-083_TC-084_verifyAvailablePaymentMethods - Navigated to the site: https://demo.nopcommerce.com
2025-03-18 08:36:51 [main] INFO  TC-083_TC-084_verifyAvailablePaymentMethods - Injected cookie: _ga
2025-03-18 08:36:51 [main] INFO  TC-083_TC-084_verifyAvailablePaymentMethods - Injected cookie: cf_clearance
2025-03-18 08:36:51 [main] INFO  TC-083_TC-084_verifyAvailablePaymentMethods - Injected cookie: .Nop.Antiforgery
2025-03-18 08:36:51 [main] INFO  TC-083_TC-084_verifyAvailablePaymentMethods - Injected cookie: .Nop.Customer
2025-03-18 08:36:51 [main] INFO  TC-083_TC-084_verifyAvailablePaymentMethods - Injected cookie: .Nop.Culture
2025-03-18 08:36:51 [main] INFO  TC-083_TC-084_verifyAvailablePaymentMethods - Injected cookie: _ga_SCT41TW89V
2025-03-18 08:36:52 [main] INFO  TC-083_TC-084_verifyAvailablePaymentMethods - Page refreshed with bypassed cookies.
2025-03-18 08:36:52 [main] INFO  TC-083_TC-084_verifyAvailablePaymentMethods - 🟢 Starting test: verifyAvailablePaymentMethods (🔢 Test Case ID: TC-083_TC-084)
2025-03-18 08:36:52 [main] INFO  TC-083_TC-084_verifyAvailablePaymentMethods - Navigating to: https://demo.nopcommerce.com/login
2025-03-18 08:36:56 [main] INFO  TC-083_TC-084_verifyAvailablePaymentMethods - Login verified, proceeding with checkout process.
2025-03-18 08:36:59 [main] INFO  TC-083_TC-084_verifyAvailablePaymentMethods - Product successfully added to cart.
2025-03-18 08:37:05 [main] INFO  TC-083_TC-084_verifyAvailablePaymentMethods - Checkout page loaded successfully.
2025-03-18 08:37:10 [main] ERROR TC-083_TC-084_verifyAvailablePaymentMethods - Neither PayPal nor Cash On Delivery (COD) payment methods are available! Available methods: 
2025-03-18 08:37:10 [main] ERROR listeners.TestListener - ❌ Test FAILED: verifyAvailablePaymentMethods
java.lang.AssertionError: Neither PayPal nor Cash On Delivery (COD) payment methods are available! Available methods: 
	at org.testng.Assert.fail(Assert.java:111) ~[testng-7.11.0.jar:7.11.0]
	at tests.ui.UITest.verifyAvailablePaymentMethods(UITest.java:122) ~[test-classes/:?]
	at jdk.internal.reflect.DirectMethodHandleAccessor.invoke(DirectMethodHandleAccessor.java:103) ~[?:?]
	at java.lang.reflect.Method.invoke(Method.java:580) ~[?:?]
	at org.testng.internal.invokers.MethodInvocationHelper.invokeMethod(MethodInvocationHelper.java:141) ~[testng-7.11.0.jar:7.11.0]
	at org.testng.internal.invokers.TestInvoker.invokeMethod(TestInvoker.java:687) ~[testng-7.11.0.jar:7.11.0]
	at org.testng.internal.invokers.TestInvoker.invokeTestMethod(TestInvoker.java:230) ~[testng-7.11.0.jar:7.11.0]
	at org.testng.internal.invokers.MethodRunner.runInSequence(MethodRunner.java:63) ~[testng-7.11.0.jar:7.11.0]
	at org.testng.internal.invokers.TestInvoker$MethodInvocationAgent.invoke(TestInvoker.java:995) ~[testng-7.11.0.jar:7.11.0]
	at org.testng.internal.invokers.TestInvoker.invokeTestMethods(TestInvoker.java:203) ~[testng-7.11.0.jar:7.11.0]
	at org.testng.internal.invokers.TestMethodWorker.invokeTestMethods(TestMethodWorker.java:154) ~[testng-7.11.0.jar:7.11.0]
	at org.testng.internal.invokers.TestMethodWorker.run(TestMethodWorker.java:134) ~[testng-7.11.0.jar:7.11.0]
	at java.util.ArrayList.forEach(ArrayList.java:1597) [?:?]
	at org.testng.TestRunner.privateRun(TestRunner.java:741) [testng-7.11.0.jar:7.11.0]
	at org.testng.TestRunner.run(TestRunner.java:616) [testng-7.11.0.jar:7.11.0]
	at org.testng.SuiteRunner.runTest(SuiteRunner.java:421) [testng-7.11.0.jar:7.11.0]
	at org.testng.SuiteRunner.runSequentially(SuiteRunner.java:413) [testng-7.11.0.jar:7.11.0]
	at org.testng.SuiteRunner.privateRun(SuiteRunner.java:373) [testng-7.11.0.jar:7.11.0]
	at org.testng.SuiteRunner.run(SuiteRunner.java:312) [testng-7.11.0.jar:7.11.0]
	at org.testng.SuiteRunnerWorker.runSuite(SuiteRunnerWorker.java:52) [testng-7.11.0.jar:7.11.0]
	at org.testng.SuiteRunnerWorker.run(SuiteRunnerWorker.java:95) [testng-7.11.0.jar:7.11.0]
	at org.testng.TestNG.runSuitesSequentially(TestNG.java:1274) [testng-7.11.0.jar:7.11.0]
	at org.testng.TestNG.runSuitesLocally(TestNG.java:1208) [testng-7.11.0.jar:7.11.0]
	at org.testng.TestNG.runSuites(TestNG.java:1112) [testng-7.11.0.jar:7.11.0]
	at org.testng.TestNG.run(TestNG.java:1079) [testng-7.11.0.jar:7.11.0]
	at org.apache.maven.surefire.testng.TestNGExecutor.run(TestNGExecutor.java:155) [surefire-testng-3.5.2.jar:3.5.2]
	at org.apache.maven.surefire.testng.TestNGDirectoryTestSuite.executeSingleClass(TestNGDirectoryTestSuite.java:102) [surefire-testng-3.5.2.jar:3.5.2]
	at org.apache.maven.surefire.testng.TestNGDirectoryTestSuite.execute(TestNGDirectoryTestSuite.java:91) [surefire-testng-3.5.2.jar:3.5.2]
	at org.apache.maven.surefire.testng.TestNGProvider.invoke(TestNGProvider.java:137) [surefire-testng-3.5.2.jar:3.5.2]
	at org.apache.maven.surefire.booter.ForkedBooter.runSuitesInProcess(ForkedBooter.java:385) [surefire-booter-3.5.2.jar:3.5.2]
	at org.apache.maven.surefire.booter.ForkedBooter.execute(ForkedBooter.java:162) [surefire-booter-3.5.2.jar:3.5.2]
	at org.apache.maven.surefire.booter.ForkedBooter.run(ForkedBooter.java:507) [surefire-booter-3.5.2.jar:3.5.2]
	at org.apache.maven.surefire.booter.ForkedBooter.main(ForkedBooter.java:495) [surefire-booter-3.5.2.jar:3.5.2]
2025-03-18 08:37:10 [main] INFO  TC-083_TC-084_verifyAvailablePaymentMethods - Closing the browser for test: verifyAvailablePaymentMethods
2025-03-18 08:37:10 [main] INFO  TC-083_TC-084_verifyAvailablePaymentMethods - Browser closed.
2025-03-18 08:37:10 [main] INFO  listeners.TestListener - 🏁 Finished Test Suite: Surefire test
