2025-03-19 06:49:57 [main] INFO  TC-070_verifyCartSummaryDisplaysCorrectPricing - 
===================================================================================== NEW TEST RUN =====================================================================================
2025-03-19 06:49:57 [main] INFO  TC-070_verifyCartSummaryDisplaysCorrectPricing - Logger initialized
2025-03-19 06:49:57 [main] INFO  TC-070_verifyCartSummaryDisplaysCorrectPricing - Starting test setup for: verifyCartSummaryDisplaysCorrectPricing (🔢 Test Case ID: TC-070)
2025-03-19 06:50:13 [main] INFO  TC-070_verifyCartSummaryDisplaysCorrectPricing - Navigated to the site: https://demo.nopcommerce.com
2025-03-19 06:50:13 [main] INFO  TC-070_verifyCartSummaryDisplaysCorrectPricing - Injected cookie: _ga
2025-03-19 06:50:13 [main] INFO  TC-070_verifyCartSummaryDisplaysCorrectPricing - Injected cookie: cf_clearance
2025-03-19 06:50:13 [main] INFO  TC-070_verifyCartSummaryDisplaysCorrectPricing - Injected cookie: .Nop.Antiforgery
2025-03-19 06:50:13 [main] INFO  TC-070_verifyCartSummaryDisplaysCorrectPricing - Injected cookie: .Nop.Customer
2025-03-19 06:50:13 [main] INFO  TC-070_verifyCartSummaryDisplaysCorrectPricing - Injected cookie: .Nop.Culture
2025-03-19 06:50:13 [main] INFO  TC-070_verifyCartSummaryDisplaysCorrectPricing - Injected cookie: _ga_SCT41TW89V
2025-03-19 06:50:14 [main] INFO  TC-070_verifyCartSummaryDisplaysCorrectPricing - Page refreshed with bypassed cookies.
2025-03-19 06:50:14 [main] INFO  TC-070_verifyCartSummaryDisplaysCorrectPricing - 🟢 Starting test: verifyCartSummaryDisplaysCorrectPricing (🔢 Test Case ID: TC-070)
2025-03-19 06:50:15 [main] INFO  TC-070_verifyCartSummaryDisplaysCorrectPricing - Navigating to product page: https://demo.nopcommerce.com/lenovo-ideacentre
2025-03-19 06:50:17 [main] INFO  TC-070_verifyCartSummaryDisplaysCorrectPricing - Clicked 'Add to Cart' button for product: Lenovo IdeaCentre
2025-03-19 06:50:19 [main] INFO  TC-070_verifyCartSummaryDisplaysCorrectPricing - Lenovo IdeaCentre successfully added to cart.
2025-03-19 06:50:20 [main] INFO  TC-070_verifyCartSummaryDisplaysCorrectPricing - Navigating to product page: https://demo.nopcommerce.com/adobe-photoshop
2025-03-19 06:50:22 [main] INFO  TC-070_verifyCartSummaryDisplaysCorrectPricing - Clicked 'Add to Cart' button for product: Adobe Photoshop
2025-03-19 06:50:24 [main] INFO  TC-070_verifyCartSummaryDisplaysCorrectPricing - Adobe Photoshop successfully added to cart.
2025-03-19 06:50:26 [main] INFO  TC-070_verifyCartSummaryDisplaysCorrectPricing - Navigating to cart page.
2025-03-19 06:50:28 [main] INFO  TC-070_verifyCartSummaryDisplaysCorrectPricing - Subtotal: 575.0
2025-03-19 06:50:28 [main] INFO  TC-070_verifyCartSummaryDisplaysCorrectPricing - Tax: 0.0
2025-03-19 06:50:28 [main] INFO  TC-070_verifyCartSummaryDisplaysCorrectPricing - Total: 575.0
2025-03-19 06:50:28 [main] INFO  TC-070_verifyCartSummaryDisplaysCorrectPricing - Cart summary displays correct pricing.
2025-03-19 06:50:28 [main] INFO  listeners.TestListener - ✅ Test PASSED: verifyCartSummaryDisplaysCorrectPricing (Duration: 14269ms)
2025-03-19 06:50:28 [main] INFO  TC-070_verifyCartSummaryDisplaysCorrectPricing - Closing the browser for test: verifyCartSummaryDisplaysCorrectPricing
2025-03-19 06:50:28 [main] INFO  TC-070_verifyCartSummaryDisplaysCorrectPricing - Browser closed.
2025-03-19 06:59:14 [main] INFO  TC-070_verifyCartSummaryDisplaysCorrectPricing - 
===================================================================================== NEW TEST RUN =====================================================================================
2025-03-19 06:59:14 [main] INFO  TC-070_verifyCartSummaryDisplaysCorrectPricing - Logger initialized
2025-03-19 06:59:14 [main] INFO  TC-070_verifyCartSummaryDisplaysCorrectPricing - Starting test setup for: verifyCartSummaryDisplaysCorrectPricing (🔢 Test Case ID: TC-070)
2025-03-19 06:59:36 [main] INFO  TC-070_verifyCartSummaryDisplaysCorrectPricing - Navigated to the site: https://demo.nopcommerce.com
2025-03-19 06:59:36 [main] INFO  TC-070_verifyCartSummaryDisplaysCorrectPricing - Injected cookie: cf_clearance
2025-03-19 06:59:36 [main] INFO  TC-070_verifyCartSummaryDisplaysCorrectPricing - Injected cookie: _ga
2025-03-19 06:59:36 [main] INFO  TC-070_verifyCartSummaryDisplaysCorrectPricing - Injected cookie: .Nop.Antiforgery
2025-03-19 06:59:36 [main] INFO  TC-070_verifyCartSummaryDisplaysCorrectPricing - Injected cookie: .Nop.Customer
2025-03-19 06:59:36 [main] INFO  TC-070_verifyCartSummaryDisplaysCorrectPricing - Injected cookie: .Nop.Culture
2025-03-19 06:59:36 [main] INFO  TC-070_verifyCartSummaryDisplaysCorrectPricing - Injected cookie: _ga_SCT41TW89V
2025-03-19 06:59:37 [main] INFO  TC-070_verifyCartSummaryDisplaysCorrectPricing - Page refreshed with bypassed cookies.
2025-03-19 06:59:37 [main] INFO  TC-070_verifyCartSummaryDisplaysCorrectPricing - 🟢 Starting test: verifyCartSummaryDisplaysCorrectPricing (🔢 Test Case ID: TC-070)
2025-03-19 06:59:38 [main] INFO  TC-070_verifyCartSummaryDisplaysCorrectPricing - Navigating to product page: https://demo.nopcommerce.com/lenovo-ideacentre
2025-03-19 06:59:41 [main] INFO  TC-070_verifyCartSummaryDisplaysCorrectPricing - Clicked 'Add to Cart' button for product: Lenovo IdeaCentre
2025-03-19 06:59:42 [main] INFO  TC-070_verifyCartSummaryDisplaysCorrectPricing - Lenovo IdeaCentre successfully added to cart.
2025-03-19 06:59:43 [main] INFO  TC-070_verifyCartSummaryDisplaysCorrectPricing - Navigating to product page: https://demo.nopcommerce.com/adobe-photoshop
2025-03-19 06:59:45 [main] INFO  TC-070_verifyCartSummaryDisplaysCorrectPricing - Clicked 'Add to Cart' button for product: Adobe Photoshop
2025-03-19 06:59:47 [main] INFO  TC-070_verifyCartSummaryDisplaysCorrectPricing - Adobe Photoshop successfully added to cart.
2025-03-19 06:59:48 [main] INFO  TC-070_verifyCartSummaryDisplaysCorrectPricing - Navigating to cart page.
2025-03-19 06:59:50 [main] INFO  TC-070_verifyCartSummaryDisplaysCorrectPricing - Subtotal: 575.0
2025-03-19 06:59:50 [main] INFO  TC-070_verifyCartSummaryDisplaysCorrectPricing - Tax: 0.0
2025-03-19 06:59:50 [main] INFO  TC-070_verifyCartSummaryDisplaysCorrectPricing - Total: 575.0
2025-03-19 06:59:50 [main] INFO  TC-070_verifyCartSummaryDisplaysCorrectPricing - Cart summary displays correct pricing.
2025-03-19 06:59:50 [main] INFO  listeners.TestListener - ✅ Test PASSED: verifyCartSummaryDisplaysCorrectPricing (Duration: 13337ms)
2025-03-19 06:59:50 [main] INFO  TC-070_verifyCartSummaryDisplaysCorrectPricing - Closing the browser for test: verifyCartSummaryDisplaysCorrectPricing
2025-03-19 06:59:50 [main] INFO  TC-070_verifyCartSummaryDisplaysCorrectPricing - Browser closed.
2025-03-22 23:42:06 [main] INFO  TC-070_verifyCartSummaryDisplaysCorrectPricing - 
===================================================================================== NEW TEST RUN =====================================================================================
2025-03-22 23:42:07 [main] INFO  TC-070_verifyCartSummaryDisplaysCorrectPricing - Logger initialized
2025-03-22 23:42:07 [main] INFO  TC-070_verifyCartSummaryDisplaysCorrectPricing - Starting test setup for: verifyCartSummaryDisplaysCorrectPricing (🔢 Test Case ID: TC-070)
2025-03-22 23:42:30 [main] INFO  TC-070_verifyCartSummaryDisplaysCorrectPricing - Navigated to the site: https://demo.nopcommerce.com
2025-03-22 23:42:30 [main] INFO  TC-070_verifyCartSummaryDisplaysCorrectPricing - Injected cookie: _ga
2025-03-22 23:42:30 [main] INFO  TC-070_verifyCartSummaryDisplaysCorrectPricing - Injected cookie: cf_clearance
2025-03-22 23:42:30 [main] INFO  TC-070_verifyCartSummaryDisplaysCorrectPricing - Injected cookie: .Nop.Antiforgery
2025-03-22 23:42:30 [main] INFO  TC-070_verifyCartSummaryDisplaysCorrectPricing - Injected cookie: .Nop.Customer
2025-03-22 23:42:30 [main] INFO  TC-070_verifyCartSummaryDisplaysCorrectPricing - Injected cookie: .Nop.Culture
2025-03-22 23:42:30 [main] INFO  TC-070_verifyCartSummaryDisplaysCorrectPricing - Injected cookie: _ga_SCT41TW89V
2025-03-22 23:42:31 [main] INFO  TC-070_verifyCartSummaryDisplaysCorrectPricing - Page refreshed with bypassed cookies.
2025-03-22 23:42:31 [main] INFO  TC-070_verifyCartSummaryDisplaysCorrectPricing - Closing the browser for test: verifyCartSummaryDisplaysCorrectPricing
2025-03-22 23:42:32 [main] INFO  TC-070_verifyCartSummaryDisplaysCorrectPricing - Browser closed.
2025-03-22 23:43:16 [main] INFO  TC-070_verifyCartSummaryDisplaysCorrectPricing - 
===================================================================================== NEW TEST RUN =====================================================================================
2025-03-22 23:43:16 [main] INFO  TC-070_verifyCartSummaryDisplaysCorrectPricing - Logger initialized
2025-03-22 23:43:16 [main] INFO  TC-070_verifyCartSummaryDisplaysCorrectPricing - Starting test setup for: verifyCartSummaryDisplaysCorrectPricing (🔢 Test Case ID: TC-070)
2025-03-22 23:43:40 [main] INFO  TC-070_verifyCartSummaryDisplaysCorrectPricing - Navigated to the site: https://demo.nopcommerce.com
2025-03-22 23:43:40 [main] INFO  TC-070_verifyCartSummaryDisplaysCorrectPricing - Injected cookie: _ga
2025-03-22 23:43:40 [main] INFO  TC-070_verifyCartSummaryDisplaysCorrectPricing - Injected cookie: cf_clearance
2025-03-22 23:43:40 [main] INFO  TC-070_verifyCartSummaryDisplaysCorrectPricing - Injected cookie: .Nop.Antiforgery
2025-03-22 23:43:40 [main] INFO  TC-070_verifyCartSummaryDisplaysCorrectPricing - Injected cookie: .Nop.Customer
2025-03-22 23:43:40 [main] INFO  TC-070_verifyCartSummaryDisplaysCorrectPricing - Injected cookie: .Nop.Culture
2025-03-22 23:43:40 [main] INFO  TC-070_verifyCartSummaryDisplaysCorrectPricing - Injected cookie: _ga_SCT41TW89V
2025-03-22 23:43:41 [main] INFO  TC-070_verifyCartSummaryDisplaysCorrectPricing - Page refreshed with bypassed cookies.
2025-03-22 23:43:43 [main] INFO  utils.MainFunctionalities - Navigating to product page: https://demo.nopcommerce.com/lenovo-ideacentre
2025-03-22 23:43:45 [main] INFO  utils.MainFunctionalities - Clicked 'Add to Cart' button with ID: add-to-cart-button-3
2025-03-22 23:43:46 [main] INFO  utils.MainFunctionalities - Product successfully added to cart.
2025-03-22 23:43:47 [main] INFO  utils.MainFunctionalities - Navigating to product page: https://demo.nopcommerce.com/adobe-photoshop
2025-03-22 23:44:01 [main] INFO  TC-070_verifyCartSummaryDisplaysCorrectPricing - Closing the browser for test: verifyCartSummaryDisplaysCorrectPricing
2025-03-22 23:44:01 [main] INFO  TC-070_verifyCartSummaryDisplaysCorrectPricing - Browser closed.
2025-03-22 23:45:02 [main] INFO  TC-070_verifyCartSummaryDisplaysCorrectPricing - 
===================================================================================== NEW TEST RUN =====================================================================================
2025-03-22 23:45:02 [main] INFO  TC-070_verifyCartSummaryDisplaysCorrectPricing - Logger initialized
2025-03-22 23:45:02 [main] INFO  TC-070_verifyCartSummaryDisplaysCorrectPricing - Starting test setup for: verifyCartSummaryDisplaysCorrectPricing (🔢 Test Case ID: TC-070)
2025-03-22 23:45:28 [main] INFO  TC-070_verifyCartSummaryDisplaysCorrectPricing - Navigated to the site: https://demo.nopcommerce.com
2025-03-22 23:45:28 [main] INFO  TC-070_verifyCartSummaryDisplaysCorrectPricing - Injected cookie: _ga
2025-03-22 23:45:28 [main] INFO  TC-070_verifyCartSummaryDisplaysCorrectPricing - Injected cookie: cf_clearance
2025-03-22 23:45:28 [main] INFO  TC-070_verifyCartSummaryDisplaysCorrectPricing - Injected cookie: .Nop.Antiforgery
2025-03-22 23:45:28 [main] INFO  TC-070_verifyCartSummaryDisplaysCorrectPricing - Injected cookie: .Nop.Customer
2025-03-22 23:45:28 [main] INFO  TC-070_verifyCartSummaryDisplaysCorrectPricing - Injected cookie: .Nop.Culture
2025-03-22 23:45:28 [main] INFO  TC-070_verifyCartSummaryDisplaysCorrectPricing - Injected cookie: _ga_SCT41TW89V
2025-03-22 23:45:32 [main] INFO  TC-070_verifyCartSummaryDisplaysCorrectPricing - Page refreshed with bypassed cookies.
2025-03-22 23:45:33 [main] INFO  utils.MainFunctionalities - Navigating to product page: https://demo.nopcommerce.com/lenovo-ideacentre
2025-03-22 23:45:45 [main] INFO  TC-070_verifyCartSummaryDisplaysCorrectPricing - Closing the browser for test: verifyCartSummaryDisplaysCorrectPricing
2025-03-22 23:45:45 [main] INFO  TC-070_verifyCartSummaryDisplaysCorrectPricing - Browser closed.
2025-03-22 23:46:02 [main] INFO  TC-070_verifyCartSummaryDisplaysCorrectPricing - 
===================================================================================== NEW TEST RUN =====================================================================================
2025-03-22 23:46:02 [main] INFO  TC-070_verifyCartSummaryDisplaysCorrectPricing - Logger initialized
2025-03-22 23:46:02 [main] INFO  TC-070_verifyCartSummaryDisplaysCorrectPricing - Starting test setup for: verifyCartSummaryDisplaysCorrectPricing (🔢 Test Case ID: TC-070)
2025-03-22 23:46:30 [main] INFO  TC-070_verifyCartSummaryDisplaysCorrectPricing - Navigated to the site: https://demo.nopcommerce.com
2025-03-22 23:46:30 [main] INFO  TC-070_verifyCartSummaryDisplaysCorrectPricing - Injected cookie: _ga
2025-03-22 23:46:30 [main] INFO  TC-070_verifyCartSummaryDisplaysCorrectPricing - Injected cookie: cf_clearance
2025-03-22 23:46:30 [main] INFO  TC-070_verifyCartSummaryDisplaysCorrectPricing - Injected cookie: .Nop.Antiforgery
2025-03-22 23:46:30 [main] INFO  TC-070_verifyCartSummaryDisplaysCorrectPricing - Injected cookie: .Nop.Customer
2025-03-22 23:46:30 [main] INFO  TC-070_verifyCartSummaryDisplaysCorrectPricing - Injected cookie: .Nop.Culture
2025-03-22 23:46:30 [main] INFO  TC-070_verifyCartSummaryDisplaysCorrectPricing - Injected cookie: _ga_SCT41TW89V
2025-03-22 23:46:31 [main] INFO  TC-070_verifyCartSummaryDisplaysCorrectPricing - Page refreshed with bypassed cookies.
2025-03-22 23:46:34 [main] INFO  utils.MainFunctionalities - Navigating to product page: https://demo.nopcommerce.com/lenovo-ideacentre
2025-03-22 23:46:35 [main] INFO  utils.MainFunctionalities - Clicked 'Add to Cart' button with ID: add-to-cart-button-3
2025-03-22 23:46:36 [main] INFO  utils.MainFunctionalities - Product successfully added to cart.
2025-03-22 23:46:37 [main] INFO  utils.MainFunctionalities - Navigating to product page: https://demo.nopcommerce.com/adobe-photoshop
2025-03-22 23:46:40 [main] INFO  utils.MainFunctionalities - Clicked 'Add to Cart' button with ID: add-to-cart-button-10
2025-03-22 23:46:41 [main] INFO  utils.MainFunctionalities - Product successfully added to cart.
2025-03-22 23:46:43 [main] INFO  TC-070_verifyCartSummaryDisplaysCorrectPricing - Navigating to cart page.
2025-03-22 23:46:45 [main] INFO  utils.MainFunctionalities - Subtotal: 575.0
2025-03-22 23:46:45 [main] INFO  utils.MainFunctionalities - Tax: 0.0
2025-03-22 23:46:45 [main] INFO  utils.MainFunctionalities - Total: 575.0
2025-03-22 23:46:45 [main] INFO  TC-070_verifyCartSummaryDisplaysCorrectPricing - Cart summary displays correct pricing.
2025-03-22 23:46:45 [main] INFO  TC-070_verifyCartSummaryDisplaysCorrectPricing - Closing the browser for test: verifyCartSummaryDisplaysCorrectPricing
2025-03-22 23:46:45 [main] INFO  TC-070_verifyCartSummaryDisplaysCorrectPricing - Browser closed.
2025-03-23 00:29:19 [main] INFO  TC-070_verifyCartSummaryDisplaysCorrectPricing - 
===================================================================================== NEW TEST RUN =====================================================================================
2025-03-23 00:29:19 [main] INFO  TC-070_verifyCartSummaryDisplaysCorrectPricing - Logger initialized
2025-03-23 00:29:19 [main] INFO  TC-070_verifyCartSummaryDisplaysCorrectPricing - Starting test setup for: verifyCartSummaryDisplaysCorrectPricing (🔢 Test Case ID: TC-070)
2025-03-23 00:29:36 [main] INFO  TC-070_verifyCartSummaryDisplaysCorrectPricing - Navigated to the site: https://demo.nopcommerce.com
2025-03-23 00:29:36 [main] INFO  TC-070_verifyCartSummaryDisplaysCorrectPricing - Injected cookie: cf_clearance
2025-03-23 00:29:36 [main] INFO  TC-070_verifyCartSummaryDisplaysCorrectPricing - Injected cookie: _ga
2025-03-23 00:29:36 [main] INFO  TC-070_verifyCartSummaryDisplaysCorrectPricing - Injected cookie: .Nop.Antiforgery
2025-03-23 00:29:36 [main] INFO  TC-070_verifyCartSummaryDisplaysCorrectPricing - Injected cookie: .Nop.Customer
2025-03-23 00:29:36 [main] INFO  TC-070_verifyCartSummaryDisplaysCorrectPricing - Injected cookie: .Nop.Culture
2025-03-23 00:29:36 [main] INFO  TC-070_verifyCartSummaryDisplaysCorrectPricing - Injected cookie: _ga_SCT41TW89V
2025-03-23 00:29:36 [main] INFO  TC-070_verifyCartSummaryDisplaysCorrectPricing - Page refreshed with bypassed cookies.
2025-03-23 00:29:36 [main] INFO  TC-070_verifyCartSummaryDisplaysCorrectPricing - 🟢 Starting test: verifyCartSummaryDisplaysCorrectPricing (🔢 Test Case ID: TC-070)
2025-03-23 00:29:37 [main] INFO  utils.MainFunctionalities - Navigating to product page: https://demo.nopcommerce.com/lenovo-ideacentre
2025-03-23 00:29:40 [main] INFO  utils.MainFunctionalities - Clicked 'Add to Cart' button with ID: add-to-cart-button-3
2025-03-23 00:29:41 [main] INFO  utils.MainFunctionalities - Product successfully added to cart.
2025-03-23 00:29:42 [main] INFO  utils.MainFunctionalities - Navigating to product page: https://demo.nopcommerce.com/adobe-photoshop
2025-03-23 00:29:44 [main] INFO  utils.MainFunctionalities - Clicked 'Add to Cart' button with ID: add-to-cart-button-10
2025-03-23 00:29:44 [main] INFO  utils.MainFunctionalities - Product successfully added to cart.
2025-03-23 00:29:45 [main] INFO  TC-070_verifyCartSummaryDisplaysCorrectPricing - Navigating to cart page.
2025-03-23 00:29:47 [main] INFO  utils.MainFunctionalities - Subtotal: 575.0
2025-03-23 00:29:47 [main] INFO  utils.MainFunctionalities - Tax: 0.0
2025-03-23 00:29:47 [main] INFO  utils.MainFunctionalities - Total: 575.0
2025-03-23 00:29:47 [main] INFO  TC-070_verifyCartSummaryDisplaysCorrectPricing - Cart summary displays correct pricing.
2025-03-23 00:29:47 [main] INFO  listeners.TestListener - ✅ Test PASSED: verifyCartSummaryDisplaysCorrectPricing (Duration: 10830ms)
2025-03-23 00:29:47 [main] INFO  TC-070_verifyCartSummaryDisplaysCorrectPricing - Closing the browser for test: verifyCartSummaryDisplaysCorrectPricing
2025-03-23 00:29:47 [main] INFO  TC-070_verifyCartSummaryDisplaysCorrectPricing - Browser closed.
2025-03-23 01:20:31 [main] INFO  TC-070_verifyCartSummaryDisplaysCorrectPricing - 
===================================================================================== NEW TEST RUN =====================================================================================
2025-03-23 01:20:31 [main] INFO  TC-070_verifyCartSummaryDisplaysCorrectPricing - Logger initialized
2025-03-23 01:20:31 [main] INFO  TC-070_verifyCartSummaryDisplaysCorrectPricing - Starting test setup for: verifyCartSummaryDisplaysCorrectPricing (🔢 Test Case ID: TC-070)
2025-03-23 01:20:47 [main] INFO  TC-070_verifyCartSummaryDisplaysCorrectPricing - Navigated to the site: https://demo.nopcommerce.com
2025-03-23 01:20:47 [main] INFO  TC-070_verifyCartSummaryDisplaysCorrectPricing - Injected cookie: cf_clearance
2025-03-23 01:20:47 [main] INFO  TC-070_verifyCartSummaryDisplaysCorrectPricing - Injected cookie: _ga
2025-03-23 01:20:47 [main] INFO  TC-070_verifyCartSummaryDisplaysCorrectPricing - Injected cookie: .Nop.Antiforgery
2025-03-23 01:20:47 [main] INFO  TC-070_verifyCartSummaryDisplaysCorrectPricing - Injected cookie: .Nop.Customer
2025-03-23 01:20:47 [main] INFO  TC-070_verifyCartSummaryDisplaysCorrectPricing - Injected cookie: .Nop.Culture
2025-03-23 01:20:47 [main] INFO  TC-070_verifyCartSummaryDisplaysCorrectPricing - Injected cookie: _ga_SCT41TW89V
2025-03-23 01:20:48 [main] INFO  TC-070_verifyCartSummaryDisplaysCorrectPricing - Page refreshed with bypassed cookies.
2025-03-23 01:20:48 [main] INFO  TC-070_verifyCartSummaryDisplaysCorrectPricing - 🟢 Starting test: verifyCartSummaryDisplaysCorrectPricing (🔢 Test Case ID: TC-070)
2025-03-23 01:20:48 [main] INFO  utils.MainFunctionalities - Navigating to product page: https://demo.nopcommerce.com/lenovo-ideacentre
2025-03-23 01:20:51 [main] INFO  utils.MainFunctionalities - Clicked 'Add to Cart' button with ID: add-to-cart-button-3
2025-03-23 01:20:52 [main] INFO  utils.MainFunctionalities - Product successfully added to cart.
2025-03-23 01:20:53 [main] INFO  utils.MainFunctionalities - Navigating to product page: https://demo.nopcommerce.com/adobe-photoshop
2025-03-23 01:20:55 [main] INFO  utils.MainFunctionalities - Clicked 'Add to Cart' button with ID: add-to-cart-button-10
2025-03-23 01:20:55 [main] INFO  utils.MainFunctionalities - Product successfully added to cart.
2025-03-23 01:20:57 [main] INFO  TC-070_verifyCartSummaryDisplaysCorrectPricing - Navigating to cart page.
2025-03-23 01:20:58 [main] INFO  utils.MainFunctionalities - Subtotal: 575.0
2025-03-23 01:20:58 [main] INFO  utils.MainFunctionalities - Tax: 0.0
2025-03-23 01:20:58 [main] INFO  utils.MainFunctionalities - Total: 575.0
2025-03-23 01:20:58 [main] INFO  TC-070_verifyCartSummaryDisplaysCorrectPricing - Cart summary displays correct pricing.
2025-03-23 01:20:58 [main] INFO  listeners.TestListener - ✅ Test PASSED: verifyCartSummaryDisplaysCorrectPricing (Duration: 10578ms)
2025-03-23 01:20:58 [main] INFO  TC-070_verifyCartSummaryDisplaysCorrectPricing - Closing the browser for test: verifyCartSummaryDisplaysCorrectPricing
2025-03-23 01:20:59 [main] INFO  TC-070_verifyCartSummaryDisplaysCorrectPricing - Browser closed.
