2025-03-19 06:50:49 [main] INFO  TC-019_verifyRemoveMultipleProducts - 
===================================================================================== NEW TEST RUN =====================================================================================
2025-03-19 06:50:49 [main] INFO  TC-019_verifyRemoveMultipleProducts - Logger initialized
2025-03-19 06:50:49 [main] INFO  TC-019_verifyRemoveMultipleProducts - Starting test setup for: verifyRemoveMultipleProducts (🔢 Test Case ID: TC-019)
2025-03-19 06:51:04 [main] INFO  TC-019_verifyRemoveMultipleProducts - Navigated to the site: https://demo.nopcommerce.com
2025-03-19 06:51:04 [main] INFO  TC-019_verifyRemoveMultipleProducts - Injected cookie: _ga
2025-03-19 06:51:04 [main] INFO  TC-019_verifyRemoveMultipleProducts - Injected cookie: cf_clearance
2025-03-19 06:51:04 [main] INFO  TC-019_verifyRemoveMultipleProducts - Injected cookie: .Nop.Antiforgery
2025-03-19 06:51:04 [main] INFO  TC-019_verifyRemoveMultipleProducts - Injected cookie: .Nop.Customer
2025-03-19 06:51:04 [main] INFO  TC-019_verifyRemoveMultipleProducts - Injected cookie: .Nop.Culture
2025-03-19 06:51:04 [main] INFO  TC-019_verifyRemoveMultipleProducts - Injected cookie: _ga_SCT41TW89V
2025-03-19 06:51:05 [main] INFO  TC-019_verifyRemoveMultipleProducts - Page refreshed with bypassed cookies.
2025-03-19 06:51:05 [main] INFO  TC-019_verifyRemoveMultipleProducts - 🟢 Starting test: verifyRemoveMultipleProducts (🔢 Test Case ID: TC-019)
2025-03-19 06:51:06 [main] INFO  TC-019_verifyRemoveMultipleProducts - Navigating to product page: https://demo.nopcommerce.com/lenovo-ideacentre
2025-03-19 06:51:08 [main] INFO  TC-019_verifyRemoveMultipleProducts - Clicked 'Add to Cart' button for product: Lenovo IdeaCentre
2025-03-19 06:51:10 [main] INFO  TC-019_verifyRemoveMultipleProducts - Lenovo IdeaCentre successfully added to cart.
2025-03-19 06:51:11 [main] INFO  TC-019_verifyRemoveMultipleProducts - Navigating to product page: https://demo.nopcommerce.com/apple-macbook-pro
2025-03-19 06:51:12 [main] INFO  TC-019_verifyRemoveMultipleProducts - Clicked 'Add to Cart' button for product: Apple MacBook Pro
2025-03-19 06:51:15 [main] INFO  TC-019_verifyRemoveMultipleProducts - Apple MacBook Pro successfully added to cart.
2025-03-19 06:51:15 [main] INFO  TC-019_verifyRemoveMultipleProducts - Navigating to product page: https://demo.nopcommerce.com/flower-girl-bracelet
2025-03-19 06:51:17 [main] INFO  TC-019_verifyRemoveMultipleProducts - Clicked 'Add to Cart' button for product: Flower Girl Bracelet
2025-03-19 06:51:20 [main] INFO  TC-019_verifyRemoveMultipleProducts - Flower Girl Bracelet successfully added to cart.
2025-03-19 06:51:20 [main] INFO  TC-019_verifyRemoveMultipleProducts - Navigating to product page: https://demo.nopcommerce.com/pride-and-prejudice
2025-03-19 06:51:22 [main] INFO  TC-019_verifyRemoveMultipleProducts - Clicked 'Add to Cart' button for product: Pride and Prejudice
2025-03-19 06:51:24 [main] INFO  TC-019_verifyRemoveMultipleProducts - Pride and Prejudice successfully added to cart.
2025-03-19 06:51:25 [main] INFO  TC-019_verifyRemoveMultipleProducts - Navigating to cart page.
2025-03-19 06:51:25 [main] INFO  TC-019_verifyRemoveMultipleProducts - Lenovo IdeaCentre is confirmed in the cart.
2025-03-19 06:51:25 [main] INFO  TC-019_verifyRemoveMultipleProducts - Apple MacBook Pro is confirmed in the cart.
2025-03-19 06:51:25 [main] INFO  TC-019_verifyRemoveMultipleProducts - Flower Girl Bracelet is confirmed in the cart.
2025-03-19 06:51:25 [main] INFO  TC-019_verifyRemoveMultipleProducts - Pride and Prejudice is confirmed in the cart.
2025-03-19 06:51:45 [main] INFO  listeners.TestListener - ✅ Test PASSED: verifyRemoveMultipleProducts (Duration: 40059ms)
2025-03-19 06:51:45 [main] INFO  TC-019_verifyRemoveMultipleProducts - Closing the browser for test: verifyRemoveMultipleProducts
2025-03-19 06:51:45 [main] INFO  TC-019_verifyRemoveMultipleProducts - Browser closed.
2025-03-19 07:00:18 [main] INFO  TC-019_verifyRemoveMultipleProducts - 
===================================================================================== NEW TEST RUN =====================================================================================
2025-03-19 07:00:18 [main] INFO  TC-019_verifyRemoveMultipleProducts - Logger initialized
2025-03-19 07:00:18 [main] INFO  TC-019_verifyRemoveMultipleProducts - Starting test setup for: verifyRemoveMultipleProducts (🔢 Test Case ID: TC-019)
2025-03-19 07:00:39 [main] INFO  TC-019_verifyRemoveMultipleProducts - Navigated to the site: https://demo.nopcommerce.com
2025-03-19 07:00:39 [main] INFO  TC-019_verifyRemoveMultipleProducts - Injected cookie: _ga
2025-03-19 07:00:39 [main] INFO  TC-019_verifyRemoveMultipleProducts - Injected cookie: cf_clearance
2025-03-19 07:00:39 [main] INFO  TC-019_verifyRemoveMultipleProducts - Injected cookie: .Nop.Antiforgery
2025-03-19 07:00:39 [main] INFO  TC-019_verifyRemoveMultipleProducts - Injected cookie: .Nop.Customer
2025-03-19 07:00:39 [main] INFO  TC-019_verifyRemoveMultipleProducts - Injected cookie: .Nop.Culture
2025-03-19 07:00:39 [main] INFO  TC-019_verifyRemoveMultipleProducts - Injected cookie: _ga_SCT41TW89V
2025-03-19 07:00:39 [main] INFO  TC-019_verifyRemoveMultipleProducts - Page refreshed with bypassed cookies.
2025-03-19 07:00:39 [main] INFO  TC-019_verifyRemoveMultipleProducts - 🟢 Starting test: verifyRemoveMultipleProducts (🔢 Test Case ID: TC-019)
2025-03-19 07:00:41 [main] INFO  TC-019_verifyRemoveMultipleProducts - Navigating to product page: https://demo.nopcommerce.com/lenovo-ideacentre
2025-03-19 07:00:44 [main] INFO  TC-019_verifyRemoveMultipleProducts - Clicked 'Add to Cart' button for product: Lenovo IdeaCentre
2025-03-19 07:00:46 [main] INFO  TC-019_verifyRemoveMultipleProducts - Lenovo IdeaCentre successfully added to cart.
2025-03-19 07:00:47 [main] INFO  TC-019_verifyRemoveMultipleProducts - Navigating to product page: https://demo.nopcommerce.com/apple-macbook-pro
2025-03-19 07:00:50 [main] INFO  TC-019_verifyRemoveMultipleProducts - Clicked 'Add to Cart' button for product: Apple MacBook Pro
2025-03-19 07:00:51 [main] INFO  TC-019_verifyRemoveMultipleProducts - Apple MacBook Pro successfully added to cart.
2025-03-19 07:00:52 [main] INFO  TC-019_verifyRemoveMultipleProducts - Navigating to product page: https://demo.nopcommerce.com/flower-girl-bracelet
2025-03-19 07:00:55 [main] INFO  TC-019_verifyRemoveMultipleProducts - Clicked 'Add to Cart' button for product: Flower Girl Bracelet
2025-03-19 07:00:58 [main] INFO  TC-019_verifyRemoveMultipleProducts - Flower Girl Bracelet successfully added to cart.
2025-03-19 07:00:59 [main] INFO  TC-019_verifyRemoveMultipleProducts - Navigating to product page: https://demo.nopcommerce.com/pride-and-prejudice
2025-03-19 07:01:00 [main] INFO  TC-019_verifyRemoveMultipleProducts - Clicked 'Add to Cart' button for product: Pride and Prejudice
2025-03-19 07:01:02 [main] INFO  TC-019_verifyRemoveMultipleProducts - Pride and Prejudice successfully added to cart.
2025-03-19 07:01:03 [main] INFO  TC-019_verifyRemoveMultipleProducts - Navigating to cart page.
2025-03-19 07:01:04 [main] INFO  TC-019_verifyRemoveMultipleProducts - Lenovo IdeaCentre is confirmed in the cart.
2025-03-19 07:01:04 [main] INFO  TC-019_verifyRemoveMultipleProducts - Apple MacBook Pro is confirmed in the cart.
2025-03-19 07:01:04 [main] INFO  TC-019_verifyRemoveMultipleProducts - Flower Girl Bracelet is confirmed in the cart.
2025-03-19 07:01:04 [main] INFO  TC-019_verifyRemoveMultipleProducts - Pride and Prejudice is confirmed in the cart.
2025-03-19 07:01:24 [main] INFO  listeners.TestListener - ✅ Test PASSED: verifyRemoveMultipleProducts (Duration: 44893ms)
2025-03-19 07:01:24 [main] INFO  TC-019_verifyRemoveMultipleProducts - Closing the browser for test: verifyRemoveMultipleProducts
2025-03-19 07:01:25 [main] INFO  TC-019_verifyRemoveMultipleProducts - Browser closed.
2025-03-23 00:30:07 [main] INFO  TC-019_verifyRemoveMultipleProducts - 
===================================================================================== NEW TEST RUN =====================================================================================
2025-03-23 00:30:07 [main] INFO  TC-019_verifyRemoveMultipleProducts - Logger initialized
2025-03-23 00:30:07 [main] INFO  TC-019_verifyRemoveMultipleProducts - Starting test setup for: verifyRemoveMultipleProducts (🔢 Test Case ID: TC-019)
2025-03-23 00:30:24 [main] INFO  TC-019_verifyRemoveMultipleProducts - Navigated to the site: https://demo.nopcommerce.com
2025-03-23 00:30:24 [main] INFO  TC-019_verifyRemoveMultipleProducts - Injected cookie: cf_clearance
2025-03-23 00:30:24 [main] INFO  TC-019_verifyRemoveMultipleProducts - Injected cookie: _ga
2025-03-23 00:30:24 [main] INFO  TC-019_verifyRemoveMultipleProducts - Injected cookie: .Nop.Antiforgery
2025-03-23 00:30:24 [main] INFO  TC-019_verifyRemoveMultipleProducts - Injected cookie: .Nop.Customer
2025-03-23 00:30:24 [main] INFO  TC-019_verifyRemoveMultipleProducts - Injected cookie: .Nop.Culture
2025-03-23 00:30:24 [main] INFO  TC-019_verifyRemoveMultipleProducts - Injected cookie: _ga_SCT41TW89V
2025-03-23 00:30:25 [main] INFO  TC-019_verifyRemoveMultipleProducts - Page refreshed with bypassed cookies.
2025-03-23 00:30:25 [main] INFO  TC-019_verifyRemoveMultipleProducts - 🟢 Starting test: verifyRemoveMultipleProducts (🔢 Test Case ID: TC-019)
2025-03-23 00:30:25 [main] INFO  utils.MainFunctionalities - Navigating to product page: https://demo.nopcommerce.com/lenovo-ideacentre
2025-03-23 00:30:28 [main] INFO  utils.MainFunctionalities - Clicked 'Add to Cart' button with ID: add-to-cart-button-3
2025-03-23 00:30:29 [main] INFO  utils.MainFunctionalities - Product successfully added to cart.
2025-03-23 00:30:30 [main] INFO  utils.MainFunctionalities - Navigating to product page: https://demo.nopcommerce.com/apple-macbook-pro
2025-03-23 00:30:32 [main] INFO  utils.MainFunctionalities - Clicked 'Add to Cart' button with ID: add-to-cart-button-4
2025-03-23 00:30:33 [main] INFO  utils.MainFunctionalities - Product successfully added to cart.
2025-03-23 00:30:33 [main] INFO  utils.MainFunctionalities - Navigating to product page: https://demo.nopcommerce.com/flower-girl-bracelet
2025-03-23 00:30:35 [main] INFO  utils.MainFunctionalities - Clicked 'Add to Cart' button with ID: add-to-cart-button-43
2025-03-23 00:30:35 [main] INFO  utils.MainFunctionalities - Product successfully added to cart.
2025-03-23 00:30:38 [main] INFO  utils.MainFunctionalities - Navigating to product page: https://demo.nopcommerce.com/pride-and-prejudice
2025-03-23 00:30:40 [main] INFO  utils.MainFunctionalities - Clicked 'Add to Cart' button with ID: add-to-cart-button-41
2025-03-23 00:30:40 [main] INFO  utils.MainFunctionalities - Product successfully added to cart.
2025-03-23 00:30:40 [main] INFO  utils.MainFunctionalities - Cart quantity updated to: 5
2025-03-23 00:30:40 [main] INFO  TC-019_verifyRemoveMultipleProducts - Lenovo IdeaCentre is confirmed in the cart.
2025-03-23 00:30:40 [main] INFO  TC-019_verifyRemoveMultipleProducts - Apple MacBook Pro is confirmed in the cart.
2025-03-23 00:30:40 [main] INFO  TC-019_verifyRemoveMultipleProducts - Flower Girl Bracelet is confirmed in the cart.
2025-03-23 00:30:40 [main] INFO  TC-019_verifyRemoveMultipleProducts - Pride and Prejudice is confirmed in the cart.
2025-03-23 00:30:53 [main] ERROR listeners.TestListener - ❌ Test FAILED: verifyRemoveMultipleProducts
org.openqa.selenium.TimeoutException: Expected condition failed: waiting for element to be clickable: By.cssSelector: .remove-btn (tried for 10 second(s) with 500 milliseconds interval)
Build info: version: '4.29.0', revision: '5fc1ec94cb'
System info: os.name: 'Windows 11', os.arch: 'amd64', os.version: '10.0', java.version: '23.0.1'
Driver info: org.openqa.selenium.chrome.ChromeDriver
Capabilities {acceptInsecureCerts: false, browserName: chrome, browserVersion: 134.0.6998.118, chrome: {chromedriverVersion: 134.0.6998.165 (fd886e2cb29..., userDataDir: C:\Users\MOHAME~1\AppData\L...}, fedcm:accounts: true, goog:chromeOptions: {debuggerAddress: localhost:62150}, networkConnectionEnabled: false, pageLoadStrategy: normal, platformName: windows, proxy: Proxy(), se:cdp: ws://localhost:62150/devtoo..., se:cdpVersion: 134.0.6998.118, setWindowRect: true, strictFileInteractability: false, timeouts: {implicit: 0, pageLoad: 300000, script: 30000}, unhandledPromptBehavior: dismiss and notify, webauthn:extension:credBlob: true, webauthn:extension:largeBlob: true, webauthn:extension:minPinLength: true, webauthn:extension:prf: true, webauthn:virtualAuthenticators: true}
Session ID: e03072f8ed768086ae73888c09d83c99
	at org.openqa.selenium.support.ui.WebDriverWait.timeoutException(WebDriverWait.java:84) ~[selenium-support-4.29.0.jar:?]
	at org.openqa.selenium.support.ui.FluentWait.until(FluentWait.java:228) ~[selenium-support-4.29.0.jar:?]
	at utils.SeleniumHelper.waitForClickable(SeleniumHelper.java:90) ~[test-classes/:?]
	at utils.MainFunctionalities.removeProductFromCart(MainFunctionalities.java:141) ~[test-classes/:?]
	at tests.ui.CartTest.verifyRemoveMultipleProducts(CartTest.java:140) ~[test-classes/:?]
	at jdk.internal.reflect.DirectMethodHandleAccessor.invoke(DirectMethodHandleAccessor.java:103) ~[?:?]
	at java.lang.reflect.Method.invoke(Method.java:580) ~[?:?]
	at org.testng.internal.invokers.MethodInvocationHelper.invokeMethod(MethodInvocationHelper.java:141) ~[testng-7.11.0.jar:7.11.0]
	at org.testng.internal.invokers.TestInvoker.invokeMethod(TestInvoker.java:687) ~[testng-7.11.0.jar:7.11.0]
	at org.testng.internal.invokers.TestInvoker.invokeTestMethod(TestInvoker.java:230) ~[testng-7.11.0.jar:7.11.0]
	at org.testng.internal.invokers.MethodRunner.runInSequence(MethodRunner.java:63) ~[testng-7.11.0.jar:7.11.0]
	at org.testng.internal.invokers.TestInvoker$MethodInvocationAgent.invoke(TestInvoker.java:995) ~[testng-7.11.0.jar:7.11.0]
	at org.testng.internal.invokers.TestInvoker.invokeTestMethods(TestInvoker.java:203) ~[testng-7.11.0.jar:7.11.0]
	at org.testng.internal.invokers.TestMethodWorker.invokeTestMethods(TestMethodWorker.java:154) ~[testng-7.11.0.jar:7.11.0]
	at org.testng.internal.invokers.TestMethodWorker.run(TestMethodWorker.java:134) ~[testng-7.11.0.jar:7.11.0]
	at java.util.ArrayList.forEach(ArrayList.java:1597) [?:?]
	at org.testng.TestRunner.privateRun(TestRunner.java:741) [testng-7.11.0.jar:7.11.0]
	at org.testng.TestRunner.run(TestRunner.java:616) [testng-7.11.0.jar:7.11.0]
	at org.testng.SuiteRunner.runTest(SuiteRunner.java:421) [testng-7.11.0.jar:7.11.0]
	at org.testng.SuiteRunner.runSequentially(SuiteRunner.java:413) [testng-7.11.0.jar:7.11.0]
	at org.testng.SuiteRunner.privateRun(SuiteRunner.java:373) [testng-7.11.0.jar:7.11.0]
	at org.testng.SuiteRunner.run(SuiteRunner.java:312) [testng-7.11.0.jar:7.11.0]
	at org.testng.SuiteRunnerWorker.runSuite(SuiteRunnerWorker.java:52) [testng-7.11.0.jar:7.11.0]
	at org.testng.SuiteRunnerWorker.run(SuiteRunnerWorker.java:95) [testng-7.11.0.jar:7.11.0]
	at org.testng.TestNG.runSuitesSequentially(TestNG.java:1274) [testng-7.11.0.jar:7.11.0]
	at org.testng.TestNG.runSuitesLocally(TestNG.java:1208) [testng-7.11.0.jar:7.11.0]
	at org.testng.TestNG.runSuites(TestNG.java:1112) [testng-7.11.0.jar:7.11.0]
	at org.testng.TestNG.run(TestNG.java:1079) [testng-7.11.0.jar:7.11.0]
	at org.apache.maven.surefire.testng.TestNGExecutor.run(TestNGExecutor.java:155) [surefire-testng-3.5.2.jar:3.5.2]
	at org.apache.maven.surefire.testng.TestNGDirectoryTestSuite.executeSingleClass(TestNGDirectoryTestSuite.java:102) [surefire-testng-3.5.2.jar:3.5.2]
	at org.apache.maven.surefire.testng.TestNGDirectoryTestSuite.execute(TestNGDirectoryTestSuite.java:91) [surefire-testng-3.5.2.jar:3.5.2]
	at org.apache.maven.surefire.testng.TestNGProvider.invoke(TestNGProvider.java:137) [surefire-testng-3.5.2.jar:3.5.2]
	at org.apache.maven.surefire.booter.ForkedBooter.runSuitesInProcess(ForkedBooter.java:385) [surefire-booter-3.5.2.jar:3.5.2]
	at org.apache.maven.surefire.booter.ForkedBooter.execute(ForkedBooter.java:162) [surefire-booter-3.5.2.jar:3.5.2]
	at org.apache.maven.surefire.booter.ForkedBooter.run(ForkedBooter.java:507) [surefire-booter-3.5.2.jar:3.5.2]
	at org.apache.maven.surefire.booter.ForkedBooter.main(ForkedBooter.java:495) [surefire-booter-3.5.2.jar:3.5.2]
2025-03-23 00:30:53 [main] INFO  TC-019_verifyRemoveMultipleProducts - Closing the browser for test: verifyRemoveMultipleProducts
2025-03-23 00:30:53 [main] INFO  TC-019_verifyRemoveMultipleProducts - Browser closed.
2025-03-23 00:36:28 [main] INFO  TC-019_verifyRemoveMultipleProducts - 
===================================================================================== NEW TEST RUN =====================================================================================
2025-03-23 00:36:28 [main] INFO  TC-019_verifyRemoveMultipleProducts - Logger initialized
2025-03-23 00:36:28 [main] INFO  TC-019_verifyRemoveMultipleProducts - Starting test setup for: verifyRemoveMultipleProducts (🔢 Test Case ID: TC-019)
2025-03-23 00:36:45 [main] INFO  TC-019_verifyRemoveMultipleProducts - Navigated to the site: https://demo.nopcommerce.com
2025-03-23 00:36:45 [main] INFO  TC-019_verifyRemoveMultipleProducts - Injected cookie: cf_clearance
2025-03-23 00:36:45 [main] INFO  TC-019_verifyRemoveMultipleProducts - Injected cookie: _ga
2025-03-23 00:36:45 [main] INFO  TC-019_verifyRemoveMultipleProducts - Injected cookie: .Nop.Antiforgery
2025-03-23 00:36:45 [main] INFO  TC-019_verifyRemoveMultipleProducts - Injected cookie: .Nop.Customer
2025-03-23 00:36:45 [main] INFO  TC-019_verifyRemoveMultipleProducts - Injected cookie: .Nop.Culture
2025-03-23 00:36:45 [main] INFO  TC-019_verifyRemoveMultipleProducts - Injected cookie: _ga_SCT41TW89V
2025-03-23 00:36:46 [main] INFO  TC-019_verifyRemoveMultipleProducts - Page refreshed with bypassed cookies.
2025-03-23 00:36:47 [main] INFO  utils.MainFunctionalities - Navigating to product page: https://demo.nopcommerce.com/lenovo-ideacentre
2025-03-23 00:36:48 [main] INFO  utils.MainFunctionalities - Clicked 'Add to Cart' button with ID: add-to-cart-button-3
2025-03-23 00:36:49 [main] INFO  utils.MainFunctionalities - Product successfully added to cart.
2025-03-23 00:36:50 [main] INFO  utils.MainFunctionalities - Navigating to product page: https://demo.nopcommerce.com/apple-macbook-pro
2025-03-23 00:36:51 [main] INFO  utils.MainFunctionalities - Clicked 'Add to Cart' button with ID: add-to-cart-button-4
2025-03-23 00:36:51 [main] INFO  utils.MainFunctionalities - Product successfully added to cart.
2025-03-23 00:36:52 [main] INFO  utils.MainFunctionalities - Navigating to product page: https://demo.nopcommerce.com/flower-girl-bracelet
2025-03-23 00:36:54 [main] INFO  utils.MainFunctionalities - Clicked 'Add to Cart' button with ID: add-to-cart-button-43
2025-03-23 00:36:55 [main] INFO  utils.MainFunctionalities - Product successfully added to cart.
2025-03-23 00:36:56 [main] INFO  utils.MainFunctionalities - Navigating to product page: https://demo.nopcommerce.com/pride-and-prejudice
2025-03-23 00:36:58 [main] INFO  utils.MainFunctionalities - Clicked 'Add to Cart' button with ID: add-to-cart-button-41
2025-03-23 00:36:58 [main] INFO  utils.MainFunctionalities - Product successfully added to cart.
2025-03-23 00:36:58 [main] INFO  utils.MainFunctionalities - Cart quantity updated to: 5
2025-03-23 00:36:58 [main] INFO  TC-019_verifyRemoveMultipleProducts - Lenovo IdeaCentre is confirmed in the cart.
2025-03-23 00:36:58 [main] INFO  TC-019_verifyRemoveMultipleProducts - Apple MacBook Pro is confirmed in the cart.
2025-03-23 00:36:58 [main] INFO  TC-019_verifyRemoveMultipleProducts - Flower Girl Bracelet is confirmed in the cart.
2025-03-23 00:36:59 [main] INFO  TC-019_verifyRemoveMultipleProducts - Pride and Prejudice is confirmed in the cart.
2025-03-23 00:37:10 [main] INFO  TC-019_verifyRemoveMultipleProducts - Closing the browser for test: verifyRemoveMultipleProducts
2025-03-23 00:37:11 [main] INFO  TC-019_verifyRemoveMultipleProducts - Browser closed.
2025-03-23 00:38:03 [main] INFO  TC-019_verifyRemoveMultipleProducts - 
===================================================================================== NEW TEST RUN =====================================================================================
2025-03-23 00:38:03 [main] INFO  TC-019_verifyRemoveMultipleProducts - Logger initialized
2025-03-23 00:38:03 [main] INFO  TC-019_verifyRemoveMultipleProducts - Starting test setup for: verifyRemoveMultipleProducts (🔢 Test Case ID: TC-019)
2025-03-23 00:38:20 [main] INFO  TC-019_verifyRemoveMultipleProducts - Navigated to the site: https://demo.nopcommerce.com
2025-03-23 00:38:20 [main] INFO  TC-019_verifyRemoveMultipleProducts - Injected cookie: cf_clearance
2025-03-23 00:38:20 [main] INFO  TC-019_verifyRemoveMultipleProducts - Injected cookie: _ga
2025-03-23 00:38:20 [main] INFO  TC-019_verifyRemoveMultipleProducts - Injected cookie: .Nop.Antiforgery
2025-03-23 00:38:20 [main] INFO  TC-019_verifyRemoveMultipleProducts - Injected cookie: .Nop.Customer
2025-03-23 00:38:20 [main] INFO  TC-019_verifyRemoveMultipleProducts - Injected cookie: .Nop.Culture
2025-03-23 00:38:20 [main] INFO  TC-019_verifyRemoveMultipleProducts - Injected cookie: _ga_SCT41TW89V
2025-03-23 00:38:21 [main] INFO  TC-019_verifyRemoveMultipleProducts - Page refreshed with bypassed cookies.
2025-03-23 00:38:22 [main] INFO  utils.MainFunctionalities - Navigating to product page: https://demo.nopcommerce.com/lenovo-ideacentre
2025-03-23 00:38:23 [main] INFO  utils.MainFunctionalities - Clicked 'Add to Cart' button with ID: add-to-cart-button-3
2025-03-23 00:38:24 [main] INFO  utils.MainFunctionalities - Product successfully added to cart.
2025-03-23 00:38:24 [main] INFO  utils.MainFunctionalities - Navigating to product page: https://demo.nopcommerce.com/apple-macbook-pro
2025-03-23 00:38:27 [main] INFO  utils.MainFunctionalities - Clicked 'Add to Cart' button with ID: add-to-cart-button-4
2025-03-23 00:38:27 [main] INFO  utils.MainFunctionalities - Product successfully added to cart.
2025-03-23 00:38:28 [main] INFO  utils.MainFunctionalities - Navigating to product page: https://demo.nopcommerce.com/flower-girl-bracelet
2025-03-23 00:38:30 [main] INFO  utils.MainFunctionalities - Clicked 'Add to Cart' button with ID: add-to-cart-button-43
2025-03-23 00:38:30 [main] INFO  utils.MainFunctionalities - Product successfully added to cart.
2025-03-23 00:38:34 [main] INFO  utils.MainFunctionalities - Navigating to product page: https://demo.nopcommerce.com/pride-and-prejudice
2025-03-23 00:38:35 [main] INFO  utils.MainFunctionalities - Clicked 'Add to Cart' button with ID: add-to-cart-button-41
2025-03-23 00:38:35 [main] INFO  utils.MainFunctionalities - Product successfully added to cart.
2025-03-23 00:38:36 [main] INFO  utils.MainFunctionalities - Cart quantity updated to: 5
2025-03-23 00:38:36 [main] INFO  TC-019_verifyRemoveMultipleProducts - Lenovo IdeaCentre is confirmed in the cart.
2025-03-23 00:38:36 [main] INFO  TC-019_verifyRemoveMultipleProducts - Apple MacBook Pro is confirmed in the cart.
2025-03-23 00:38:36 [main] INFO  TC-019_verifyRemoveMultipleProducts - Flower Girl Bracelet is confirmed in the cart.
2025-03-23 00:38:36 [main] INFO  TC-019_verifyRemoveMultipleProducts - Pride and Prejudice is confirmed in the cart.
2025-03-23 00:38:54 [main] INFO  TC-019_verifyRemoveMultipleProducts - Closing the browser for test: verifyRemoveMultipleProducts
2025-03-23 00:38:54 [main] INFO  TC-019_verifyRemoveMultipleProducts - Browser closed.
2025-03-23 01:21:18 [main] INFO  TC-019_verifyRemoveMultipleProducts - 
===================================================================================== NEW TEST RUN =====================================================================================
2025-03-23 01:21:18 [main] INFO  TC-019_verifyRemoveMultipleProducts - Logger initialized
2025-03-23 01:21:18 [main] INFO  TC-019_verifyRemoveMultipleProducts - Starting test setup for: verifyRemoveMultipleProducts (🔢 Test Case ID: TC-019)
2025-03-23 01:21:35 [main] INFO  TC-019_verifyRemoveMultipleProducts - Navigated to the site: https://demo.nopcommerce.com
2025-03-23 01:21:35 [main] INFO  TC-019_verifyRemoveMultipleProducts - Injected cookie: _ga
2025-03-23 01:21:35 [main] INFO  TC-019_verifyRemoveMultipleProducts - Injected cookie: cf_clearance
2025-03-23 01:21:35 [main] INFO  TC-019_verifyRemoveMultipleProducts - Injected cookie: .Nop.Antiforgery
2025-03-23 01:21:35 [main] INFO  TC-019_verifyRemoveMultipleProducts - Injected cookie: .Nop.Customer
2025-03-23 01:21:35 [main] INFO  TC-019_verifyRemoveMultipleProducts - Injected cookie: .Nop.Culture
2025-03-23 01:21:35 [main] INFO  TC-019_verifyRemoveMultipleProducts - Injected cookie: _ga_SCT41TW89V
2025-03-23 01:21:35 [main] INFO  TC-019_verifyRemoveMultipleProducts - Page refreshed with bypassed cookies.
2025-03-23 01:21:35 [main] INFO  TC-019_verifyRemoveMultipleProducts - 🟢 Starting test: verifyRemoveMultipleProducts (🔢 Test Case ID: TC-019)
2025-03-23 01:21:36 [main] INFO  utils.MainFunctionalities - Navigating to product page: https://demo.nopcommerce.com/lenovo-ideacentre
2025-03-23 01:21:39 [main] INFO  utils.MainFunctionalities - Clicked 'Add to Cart' button with ID: add-to-cart-button-3
2025-03-23 01:21:40 [main] INFO  utils.MainFunctionalities - Product successfully added to cart.
2025-03-23 01:21:41 [main] INFO  utils.MainFunctionalities - Navigating to product page: https://demo.nopcommerce.com/apple-macbook-pro
2025-03-23 01:21:44 [main] INFO  utils.MainFunctionalities - Clicked 'Add to Cart' button with ID: add-to-cart-button-4
2025-03-23 01:21:44 [main] INFO  utils.MainFunctionalities - Product successfully added to cart.
2025-03-23 01:21:45 [main] INFO  utils.MainFunctionalities - Navigating to product page: https://demo.nopcommerce.com/flower-girl-bracelet
2025-03-23 01:21:47 [main] INFO  utils.MainFunctionalities - Clicked 'Add to Cart' button with ID: add-to-cart-button-43
2025-03-23 01:21:49 [main] INFO  utils.MainFunctionalities - Product successfully added to cart.
2025-03-23 01:21:50 [main] INFO  utils.MainFunctionalities - Navigating to product page: https://demo.nopcommerce.com/pride-and-prejudice
2025-03-23 01:21:51 [main] INFO  utils.MainFunctionalities - Clicked 'Add to Cart' button with ID: add-to-cart-button-41
2025-03-23 01:21:52 [main] INFO  utils.MainFunctionalities - Product successfully added to cart.
2025-03-23 01:21:52 [main] INFO  utils.MainFunctionalities - Cart quantity updated to: 5
2025-03-23 01:21:52 [main] INFO  TC-019_verifyRemoveMultipleProducts - Lenovo IdeaCentre is confirmed in the cart.
2025-03-23 01:21:52 [main] INFO  TC-019_verifyRemoveMultipleProducts - Apple MacBook Pro is confirmed in the cart.
2025-03-23 01:21:52 [main] INFO  TC-019_verifyRemoveMultipleProducts - Flower Girl Bracelet is confirmed in the cart.
2025-03-23 01:21:52 [main] INFO  TC-019_verifyRemoveMultipleProducts - Pride and Prejudice is confirmed in the cart.
2025-03-23 01:22:11 [main] INFO  listeners.TestListener - ✅ Test PASSED: verifyRemoveMultipleProducts (Duration: 35454ms)
2025-03-23 01:22:11 [main] INFO  TC-019_verifyRemoveMultipleProducts - Closing the browser for test: verifyRemoveMultipleProducts
2025-03-23 01:22:11 [main] INFO  TC-019_verifyRemoveMultipleProducts - Browser closed.
