2025-03-18 21:02:18 [main] INFO  TC-182_verifyCartIconUpdatesCount - 
===================================================================================== NEW TEST RUN =====================================================================================
2025-03-18 21:02:18 [main] INFO  TC-182_verifyCartIconUpdatesCount - Logger initialized
2025-03-18 21:02:18 [main] INFO  TC-182_verifyCartIconUpdatesCount - Starting test setup for: verifyCartIconUpdatesCount (🔢 Test Case ID: TC-182)
2025-03-18 21:05:53 [main] INFO  TC-182_verifyCartIconUpdatesCount - 
===================================================================================== NEW TEST RUN =====================================================================================
2025-03-18 21:05:53 [main] INFO  TC-182_verifyCartIconUpdatesCount - Logger initialized
2025-03-18 21:05:53 [main] INFO  TC-182_verifyCartIconUpdatesCount - Starting test setup for: verifyCartIconUpdatesCount (🔢 Test Case ID: TC-182)
2025-03-18 21:06:15 [main] INFO  TC-182_verifyCartIconUpdatesCount - Navigated to the site: https://demo.nopcommerce.com
2025-03-18 21:06:15 [main] INFO  TC-182_verifyCartIconUpdatesCount - Injected cookie: cf_clearance
2025-03-18 21:06:15 [main] INFO  TC-182_verifyCartIconUpdatesCount - Injected cookie: _ga
2025-03-18 21:06:15 [main] INFO  TC-182_verifyCartIconUpdatesCount - Injected cookie: .Nop.Antiforgery
2025-03-18 21:06:15 [main] INFO  TC-182_verifyCartIconUpdatesCount - Injected cookie: .Nop.Customer
2025-03-18 21:06:15 [main] INFO  TC-182_verifyCartIconUpdatesCount - Injected cookie: .Nop.Culture
2025-03-18 21:06:15 [main] INFO  TC-182_verifyCartIconUpdatesCount - Injected cookie: _ga_SCT41TW89V
2025-03-18 21:06:16 [main] INFO  TC-182_verifyCartIconUpdatesCount - Page refreshed with bypassed cookies.
2025-03-18 21:06:18 [main] INFO  TC-182_verifyCartIconUpdatesCount - Navigating to product page: https://demo.nopcommerce.com/portable-sound-speakers
2025-03-18 21:06:19 [main] INFO  TC-182_verifyCartIconUpdatesCount - First product added to cart.
2025-03-18 21:06:28 [main] INFO  TC-182_verifyCartIconUpdatesCount - Closing the browser for test: verifyCartIconUpdatesCount
2025-03-18 21:06:29 [main] INFO  TC-182_verifyCartIconUpdatesCount - Browser closed.
2025-03-18 21:07:36 [main] INFO  TC-182_verifyCartIconUpdatesCount - 
===================================================================================== NEW TEST RUN =====================================================================================
2025-03-18 21:07:36 [main] INFO  TC-182_verifyCartIconUpdatesCount - Logger initialized
2025-03-18 21:07:36 [main] INFO  TC-182_verifyCartIconUpdatesCount - Starting test setup for: verifyCartIconUpdatesCount (🔢 Test Case ID: TC-182)
2025-03-18 21:07:58 [main] INFO  TC-182_verifyCartIconUpdatesCount - Navigated to the site: https://demo.nopcommerce.com
2025-03-18 21:07:58 [main] INFO  TC-182_verifyCartIconUpdatesCount - Injected cookie: _ga
2025-03-18 21:07:58 [main] INFO  TC-182_verifyCartIconUpdatesCount - Injected cookie: cf_clearance
2025-03-18 21:07:58 [main] INFO  TC-182_verifyCartIconUpdatesCount - Injected cookie: .Nop.Antiforgery
2025-03-18 21:07:58 [main] INFO  TC-182_verifyCartIconUpdatesCount - Injected cookie: .Nop.Customer
2025-03-18 21:07:58 [main] INFO  TC-182_verifyCartIconUpdatesCount - Injected cookie: .Nop.Culture
2025-03-18 21:07:58 [main] INFO  TC-182_verifyCartIconUpdatesCount - Injected cookie: _ga_SCT41TW89V
2025-03-18 21:07:59 [main] INFO  TC-182_verifyCartIconUpdatesCount - Page refreshed with bypassed cookies.
2025-03-18 21:08:00 [main] INFO  TC-182_verifyCartIconUpdatesCount - Navigating to product page: https://demo.nopcommerce.com/portable-sound-speakers
2025-03-18 21:08:02 [main] INFO  TC-182_verifyCartIconUpdatesCount - First product added to cart.
2025-03-18 21:08:03 [main] INFO  TC-182_verifyCartIconUpdatesCount - Closing the browser for test: verifyCartIconUpdatesCount
2025-03-18 21:08:03 [main] INFO  TC-182_verifyCartIconUpdatesCount - Browser closed.
2025-03-18 21:09:10 [main] INFO  TC-182_verifyCartIconUpdatesCount - 
===================================================================================== NEW TEST RUN =====================================================================================
2025-03-18 21:09:10 [main] INFO  TC-182_verifyCartIconUpdatesCount - Logger initialized
2025-03-18 21:09:10 [main] INFO  TC-182_verifyCartIconUpdatesCount - Starting test setup for: verifyCartIconUpdatesCount (🔢 Test Case ID: TC-182)
2025-03-18 21:09:35 [main] INFO  TC-182_verifyCartIconUpdatesCount - Navigated to the site: https://demo.nopcommerce.com
2025-03-18 21:09:35 [main] INFO  TC-182_verifyCartIconUpdatesCount - Injected cookie: _ga
2025-03-18 21:09:35 [main] INFO  TC-182_verifyCartIconUpdatesCount - Injected cookie: cf_clearance
2025-03-18 21:09:35 [main] INFO  TC-182_verifyCartIconUpdatesCount - Injected cookie: .Nop.Antiforgery
2025-03-18 21:09:35 [main] INFO  TC-182_verifyCartIconUpdatesCount - Injected cookie: .Nop.Customer
2025-03-18 21:09:35 [main] INFO  TC-182_verifyCartIconUpdatesCount - Injected cookie: .Nop.Culture
2025-03-18 21:09:35 [main] INFO  TC-182_verifyCartIconUpdatesCount - Injected cookie: _ga_SCT41TW89V
2025-03-18 21:09:35 [main] INFO  TC-182_verifyCartIconUpdatesCount - Page refreshed with bypassed cookies.
2025-03-18 21:09:37 [main] INFO  TC-182_verifyCartIconUpdatesCount - Navigating to product page: https://demo.nopcommerce.com/lenovo-ideacentre
2025-03-18 21:09:38 [main] INFO  TC-182_verifyCartIconUpdatesCount - First product added to cart.
2025-03-18 21:09:40 [main] INFO  TC-182_verifyCartIconUpdatesCount - Cart icon count after adding first product: 1
2025-03-18 21:09:41 [main] INFO  TC-182_verifyCartIconUpdatesCount - Navigating to second product page: https://demo.nopcommerce.com/portable-sound-speakers
2025-03-18 21:09:44 [main] INFO  TC-182_verifyCartIconUpdatesCount - Second product added to cart.
2025-03-18 21:09:44 [main] INFO  TC-182_verifyCartIconUpdatesCount - Closing the browser for test: verifyCartIconUpdatesCount
2025-03-18 21:09:44 [main] INFO  TC-182_verifyCartIconUpdatesCount - Browser closed.
2025-03-18 21:12:39 [main] INFO  TC-182_verifyCartIconUpdatesCount - 
===================================================================================== NEW TEST RUN =====================================================================================
2025-03-18 21:12:39 [main] INFO  TC-182_verifyCartIconUpdatesCount - Logger initialized
2025-03-18 21:12:39 [main] INFO  TC-182_verifyCartIconUpdatesCount - Starting test setup for: verifyCartIconUpdatesCount (🔢 Test Case ID: TC-182)
2025-03-18 21:13:01 [main] INFO  TC-182_verifyCartIconUpdatesCount - Navigated to the site: https://demo.nopcommerce.com
2025-03-18 21:13:01 [main] INFO  TC-182_verifyCartIconUpdatesCount - Injected cookie: _ga
2025-03-18 21:13:01 [main] INFO  TC-182_verifyCartIconUpdatesCount - Injected cookie: cf_clearance
2025-03-18 21:13:01 [main] INFO  TC-182_verifyCartIconUpdatesCount - Injected cookie: .Nop.Antiforgery
2025-03-18 21:13:01 [main] INFO  TC-182_verifyCartIconUpdatesCount - Injected cookie: .Nop.Customer
2025-03-18 21:13:01 [main] INFO  TC-182_verifyCartIconUpdatesCount - Injected cookie: .Nop.Culture
2025-03-18 21:13:01 [main] INFO  TC-182_verifyCartIconUpdatesCount - Injected cookie: _ga_SCT41TW89V
2025-03-18 21:13:02 [main] INFO  TC-182_verifyCartIconUpdatesCount - Page refreshed with bypassed cookies.
2025-03-18 21:13:04 [main] INFO  TC-182_verifyCartIconUpdatesCount - Navigating to product page: https://demo.nopcommerce.com/lenovo-ideacentre
2025-03-18 21:13:07 [main] INFO  TC-182_verifyCartIconUpdatesCount - First product added to cart.
2025-03-18 21:13:09 [main] INFO  TC-182_verifyCartIconUpdatesCount - Cart icon count after adding first product: 1
2025-03-18 21:13:11 [main] INFO  TC-182_verifyCartIconUpdatesCount - Navigating to second product page: https://demo.nopcommerce.com/portable-sound-speakers
2025-03-18 21:13:12 [main] INFO  TC-182_verifyCartIconUpdatesCount - Second product added to cart.
2025-03-18 21:13:12 [main] INFO  TC-182_verifyCartIconUpdatesCount - Closing the browser for test: verifyCartIconUpdatesCount
2025-03-18 21:13:12 [main] INFO  TC-182_verifyCartIconUpdatesCount - Browser closed.
2025-03-18 21:14:11 [main] INFO  TC-182_verifyCartIconUpdatesCount - 
===================================================================================== NEW TEST RUN =====================================================================================
2025-03-18 21:14:11 [main] INFO  TC-182_verifyCartIconUpdatesCount - Logger initialized
2025-03-18 21:14:11 [main] INFO  TC-182_verifyCartIconUpdatesCount - Starting test setup for: verifyCartIconUpdatesCount (🔢 Test Case ID: TC-182)
2025-03-18 21:14:33 [main] INFO  TC-182_verifyCartIconUpdatesCount - Navigated to the site: https://demo.nopcommerce.com
2025-03-18 21:14:33 [main] INFO  TC-182_verifyCartIconUpdatesCount - Injected cookie: cf_clearance
2025-03-18 21:14:33 [main] INFO  TC-182_verifyCartIconUpdatesCount - Injected cookie: _ga
2025-03-18 21:14:33 [main] INFO  TC-182_verifyCartIconUpdatesCount - Injected cookie: .Nop.Antiforgery
2025-03-18 21:14:33 [main] INFO  TC-182_verifyCartIconUpdatesCount - Injected cookie: .Nop.Customer
2025-03-18 21:14:33 [main] INFO  TC-182_verifyCartIconUpdatesCount - Injected cookie: .Nop.Culture
2025-03-18 21:14:33 [main] INFO  TC-182_verifyCartIconUpdatesCount - Injected cookie: _ga_SCT41TW89V
2025-03-18 21:14:34 [main] INFO  TC-182_verifyCartIconUpdatesCount - Page refreshed with bypassed cookies.
2025-03-18 21:14:36 [main] INFO  TC-182_verifyCartIconUpdatesCount - Navigating to product page: https://demo.nopcommerce.com/lenovo-ideacentre
2025-03-18 21:14:38 [main] INFO  TC-182_verifyCartIconUpdatesCount - First product added to cart.
2025-03-18 21:14:40 [main] INFO  TC-182_verifyCartIconUpdatesCount - Cart icon count after adding first product: 1
2025-03-18 21:14:41 [main] INFO  TC-182_verifyCartIconUpdatesCount - Navigating to second product page: https://demo.nopcommerce.com/portable-sound-speakers
2025-03-18 21:14:43 [main] INFO  TC-182_verifyCartIconUpdatesCount - Second product added to cart.
2025-03-18 21:14:43 [main] INFO  TC-182_verifyCartIconUpdatesCount - Closing the browser for test: verifyCartIconUpdatesCount
2025-03-18 21:14:43 [main] INFO  TC-182_verifyCartIconUpdatesCount - Browser closed.
2025-03-18 21:15:49 [main] INFO  TC-182_verifyCartIconUpdatesCount - 
===================================================================================== NEW TEST RUN =====================================================================================
2025-03-18 21:15:49 [main] INFO  TC-182_verifyCartIconUpdatesCount - Logger initialized
2025-03-18 21:15:49 [main] INFO  TC-182_verifyCartIconUpdatesCount - Starting test setup for: verifyCartIconUpdatesCount (🔢 Test Case ID: TC-182)
2025-03-18 21:16:10 [main] INFO  TC-182_verifyCartIconUpdatesCount - Navigated to the site: https://demo.nopcommerce.com
2025-03-18 21:16:10 [main] INFO  TC-182_verifyCartIconUpdatesCount - Injected cookie: _ga
2025-03-18 21:16:10 [main] INFO  TC-182_verifyCartIconUpdatesCount - Injected cookie: cf_clearance
2025-03-18 21:16:10 [main] INFO  TC-182_verifyCartIconUpdatesCount - Injected cookie: .Nop.Antiforgery
2025-03-18 21:16:10 [main] INFO  TC-182_verifyCartIconUpdatesCount - Injected cookie: .Nop.Customer
2025-03-18 21:16:10 [main] INFO  TC-182_verifyCartIconUpdatesCount - Injected cookie: .Nop.Culture
2025-03-18 21:16:10 [main] INFO  TC-182_verifyCartIconUpdatesCount - Injected cookie: _ga_SCT41TW89V
2025-03-18 21:16:11 [main] INFO  TC-182_verifyCartIconUpdatesCount - Page refreshed with bypassed cookies.
2025-03-18 21:16:13 [main] INFO  TC-182_verifyCartIconUpdatesCount - Navigating to product page: https://demo.nopcommerce.com/lenovo-ideacentre
2025-03-18 21:16:16 [main] INFO  TC-182_verifyCartIconUpdatesCount - First product added to cart.
2025-03-18 21:16:18 [main] INFO  TC-182_verifyCartIconUpdatesCount - Cart icon count after adding first product: 1
2025-03-18 21:16:20 [main] INFO  TC-182_verifyCartIconUpdatesCount - Navigating to second product page: https://demo.nopcommerce.com/portable-sound-speakers
2025-03-18 21:16:22 [main] INFO  TC-182_verifyCartIconUpdatesCount - Second product added to cart.
2025-03-18 21:16:23 [main] INFO  TC-182_verifyCartIconUpdatesCount - Cart icon count after adding second product: 2
2025-03-18 21:16:49 [main] INFO  TC-182_verifyCartIconUpdatesCount - Both products found in the cart.
2025-03-18 21:16:49 [main] INFO  TC-182_verifyCartIconUpdatesCount - Closing the browser for test: verifyCartIconUpdatesCount
2025-03-18 21:16:49 [main] INFO  TC-182_verifyCartIconUpdatesCount - Browser closed.
