2025-03-21 05:31:10 [main] INFO  TC-261_verifyBreadcrumbNavigation - 
===================================================================================== NEW TEST RUN =====================================================================================
2025-03-21 05:31:10 [main] INFO  TC-261_verifyBreadcrumbNavigation - Logger initialized
2025-03-21 05:31:10 [main] INFO  TC-261_verifyBreadcrumbNavigation - Starting test setup for: verifyBreadcrumbNavigation (🔢 Test Case ID: TC-261)
2025-03-21 05:31:27 [main] INFO  TC-261_verifyBreadcrumbNavigation - Navigated to the site: https://demo.nopcommerce.com
2025-03-21 05:31:27 [main] INFO  TC-261_verifyBreadcrumbNavigation - Injected cookie: _ga
2025-03-21 05:31:27 [main] INFO  TC-261_verifyBreadcrumbNavigation - Injected cookie: cf_clearance
2025-03-21 05:31:27 [main] INFO  TC-261_verifyBreadcrumbNavigation - Injected cookie: .Nop.Antiforgery
2025-03-21 05:31:27 [main] INFO  TC-261_verifyBreadcrumbNavigation - Injected cookie: .Nop.Customer
2025-03-21 05:31:27 [main] INFO  TC-261_verifyBreadcrumbNavigation - Injected cookie: .Nop.Culture
2025-03-21 05:31:27 [main] INFO  TC-261_verifyBreadcrumbNavigation - Injected cookie: _ga_SCT41TW89V
2025-03-21 05:31:27 [main] INFO  TC-261_verifyBreadcrumbNavigation - Page refreshed with bypassed cookies.
2025-03-21 05:31:29 [main] INFO  TC-261_verifyBreadcrumbNavigation - Navigated to product page: Sound Forge Pro (recurring)
2025-03-21 05:31:29 [main] INFO  TC-261_verifyBreadcrumbNavigation - Verified breadcrumb: Home
2025-03-21 05:31:29 [main] INFO  TC-261_verifyBreadcrumbNavigation - Verified breadcrumb: Computers
2025-03-21 05:31:29 [main] INFO  TC-261_verifyBreadcrumbNavigation - Verified breadcrumb: Software
2025-03-21 05:31:33 [main] INFO  TC-261_verifyBreadcrumbNavigation - Closing the browser for test: verifyBreadcrumbNavigation
2025-03-21 05:31:33 [main] INFO  TC-261_verifyBreadcrumbNavigation - Browser closed.
2025-03-21 05:32:05 [main] INFO  TC-261_verifyBreadcrumbNavigation - 
===================================================================================== NEW TEST RUN =====================================================================================
2025-03-21 05:32:05 [main] INFO  TC-261_verifyBreadcrumbNavigation - Logger initialized
2025-03-21 05:32:05 [main] INFO  TC-261_verifyBreadcrumbNavigation - Starting test setup for: verifyBreadcrumbNavigation (🔢 Test Case ID: TC-261)
2025-03-21 05:32:22 [main] INFO  TC-261_verifyBreadcrumbNavigation - Navigated to the site: https://demo.nopcommerce.com
2025-03-21 05:32:22 [main] INFO  TC-261_verifyBreadcrumbNavigation - Injected cookie: _ga
2025-03-21 05:32:22 [main] INFO  TC-261_verifyBreadcrumbNavigation - Injected cookie: cf_clearance
2025-03-21 05:32:22 [main] INFO  TC-261_verifyBreadcrumbNavigation - Injected cookie: .Nop.Antiforgery
2025-03-21 05:32:22 [main] INFO  TC-261_verifyBreadcrumbNavigation - Injected cookie: .Nop.Customer
2025-03-21 05:32:22 [main] INFO  TC-261_verifyBreadcrumbNavigation - Injected cookie: .Nop.Culture
2025-03-21 05:32:22 [main] INFO  TC-261_verifyBreadcrumbNavigation - Injected cookie: _ga_SCT41TW89V
2025-03-21 05:32:23 [main] INFO  TC-261_verifyBreadcrumbNavigation - Page refreshed with bypassed cookies.
2025-03-21 05:32:24 [main] INFO  TC-261_verifyBreadcrumbNavigation - Navigated to product page: Sound Forge Pro (recurring)
2025-03-21 05:32:24 [main] INFO  TC-261_verifyBreadcrumbNavigation - Verified breadcrumb: Home
2025-03-21 05:32:24 [main] INFO  TC-261_verifyBreadcrumbNavigation - Verified breadcrumb: Computers
2025-03-21 05:32:24 [main] INFO  TC-261_verifyBreadcrumbNavigation - Verified breadcrumb: Software
2025-03-21 05:32:28 [main] INFO  TC-261_verifyBreadcrumbNavigation - Closing the browser for test: verifyBreadcrumbNavigation
2025-03-21 05:32:28 [main] INFO  TC-261_verifyBreadcrumbNavigation - Browser closed.
2025-03-21 05:32:56 [main] INFO  TC-261_verifyBreadcrumbNavigation - 
===================================================================================== NEW TEST RUN =====================================================================================
2025-03-21 05:32:56 [main] INFO  TC-261_verifyBreadcrumbNavigation - Logger initialized
2025-03-21 05:32:56 [main] INFO  TC-261_verifyBreadcrumbNavigation - Starting test setup for: verifyBreadcrumbNavigation (🔢 Test Case ID: TC-261)
2025-03-21 05:33:13 [main] INFO  TC-261_verifyBreadcrumbNavigation - Navigated to the site: https://demo.nopcommerce.com
2025-03-21 05:33:13 [main] INFO  TC-261_verifyBreadcrumbNavigation - Injected cookie: _ga
2025-03-21 05:33:13 [main] INFO  TC-261_verifyBreadcrumbNavigation - Injected cookie: cf_clearance
2025-03-21 05:33:13 [main] INFO  TC-261_verifyBreadcrumbNavigation - Injected cookie: .Nop.Antiforgery
2025-03-21 05:33:13 [main] INFO  TC-261_verifyBreadcrumbNavigation - Injected cookie: .Nop.Customer
2025-03-21 05:33:13 [main] INFO  TC-261_verifyBreadcrumbNavigation - Injected cookie: .Nop.Culture
2025-03-21 05:33:13 [main] INFO  TC-261_verifyBreadcrumbNavigation - Injected cookie: _ga_SCT41TW89V
2025-03-21 05:33:13 [main] INFO  TC-261_verifyBreadcrumbNavigation - Page refreshed with bypassed cookies.
2025-03-21 05:33:14 [main] INFO  TC-261_verifyBreadcrumbNavigation - Navigated to product page: Sound Forge Pro (recurring)
2025-03-21 05:33:14 [main] INFO  TC-261_verifyBreadcrumbNavigation - Verified breadcrumb: Home
2025-03-21 05:33:14 [main] INFO  TC-261_verifyBreadcrumbNavigation - Verified breadcrumb: Computers
2025-03-21 05:33:14 [main] INFO  TC-261_verifyBreadcrumbNavigation - Verified breadcrumb: Software
2025-03-21 05:33:17 [main] INFO  TC-261_verifyBreadcrumbNavigation - Closing the browser for test: verifyBreadcrumbNavigation
2025-03-21 05:33:17 [main] INFO  TC-261_verifyBreadcrumbNavigation - Browser closed.
2025-03-21 05:58:12 [main] INFO  TC-261_verifyBreadcrumbNavigation - 
===================================================================================== NEW TEST RUN =====================================================================================
2025-03-21 05:58:12 [main] INFO  TC-261_verifyBreadcrumbNavigation - Logger initialized
2025-03-21 05:58:12 [main] INFO  TC-261_verifyBreadcrumbNavigation - Starting test setup for: verifyBreadcrumbNavigation (🔢 Test Case ID: TC-261)
2025-03-21 05:58:29 [main] INFO  TC-261_verifyBreadcrumbNavigation - Navigated to the site: https://demo.nopcommerce.com
2025-03-21 05:58:29 [main] INFO  TC-261_verifyBreadcrumbNavigation - Injected cookie: cf_clearance
2025-03-21 05:58:29 [main] INFO  TC-261_verifyBreadcrumbNavigation - Injected cookie: _ga
2025-03-21 05:58:29 [main] INFO  TC-261_verifyBreadcrumbNavigation - Injected cookie: .Nop.Antiforgery
2025-03-21 05:58:29 [main] INFO  TC-261_verifyBreadcrumbNavigation - Injected cookie: .Nop.Customer
2025-03-21 05:58:29 [main] INFO  TC-261_verifyBreadcrumbNavigation - Injected cookie: .Nop.Culture
2025-03-21 05:58:29 [main] INFO  TC-261_verifyBreadcrumbNavigation - Injected cookie: _ga_SCT41TW89V
2025-03-21 05:58:30 [main] INFO  TC-261_verifyBreadcrumbNavigation - Page refreshed with bypassed cookies.
2025-03-21 05:58:30 [main] INFO  TC-261_verifyBreadcrumbNavigation - Navigated to product page: Sound Forge Pro (recurring)
2025-03-21 05:58:30 [main] INFO  TC-261_verifyBreadcrumbNavigation - Verified breadcrumb: Software
2025-03-21 05:58:31 [main] INFO  TC-261_verifyBreadcrumbNavigation - Clicked breadcrumb: Software
2025-03-21 05:58:32 [main] INFO  TC-261_verifyBreadcrumbNavigation - Successfully navigated using breadcrumb: Software
2025-03-21 05:58:32 [main] INFO  TC-261_verifyBreadcrumbNavigation - Verified breadcrumb: Computers
2025-03-21 05:58:33 [main] INFO  TC-261_verifyBreadcrumbNavigation - Clicked breadcrumb: Computers
2025-03-21 05:58:35 [main] INFO  TC-261_verifyBreadcrumbNavigation - Successfully navigated using breadcrumb: Computers
2025-03-21 05:58:35 [main] INFO  TC-261_verifyBreadcrumbNavigation - Verified breadcrumb: Home
2025-03-21 05:58:35 [main] INFO  TC-261_verifyBreadcrumbNavigation - Clicked breadcrumb: Home
2025-03-21 05:58:57 [main] INFO  TC-261_verifyBreadcrumbNavigation - Closing the browser for test: verifyBreadcrumbNavigation
2025-03-21 05:58:57 [main] INFO  TC-261_verifyBreadcrumbNavigation - Browser closed.
2025-03-21 05:59:53 [main] INFO  TC-261_verifyBreadcrumbNavigation - 
===================================================================================== NEW TEST RUN =====================================================================================
2025-03-21 05:59:53 [main] INFO  TC-261_verifyBreadcrumbNavigation - Logger initialized
2025-03-21 05:59:53 [main] INFO  TC-261_verifyBreadcrumbNavigation - Starting test setup for: verifyBreadcrumbNavigation (🔢 Test Case ID: TC-261)
2025-03-21 06:00:10 [main] INFO  TC-261_verifyBreadcrumbNavigation - Navigated to the site: https://demo.nopcommerce.com
2025-03-21 06:00:10 [main] INFO  TC-261_verifyBreadcrumbNavigation - Injected cookie: cf_clearance
2025-03-21 06:00:10 [main] INFO  TC-261_verifyBreadcrumbNavigation - Injected cookie: _ga
2025-03-21 06:00:10 [main] INFO  TC-261_verifyBreadcrumbNavigation - Injected cookie: .Nop.Antiforgery
2025-03-21 06:00:10 [main] INFO  TC-261_verifyBreadcrumbNavigation - Injected cookie: .Nop.Customer
2025-03-21 06:00:10 [main] INFO  TC-261_verifyBreadcrumbNavigation - Injected cookie: .Nop.Culture
2025-03-21 06:00:10 [main] INFO  TC-261_verifyBreadcrumbNavigation - Injected cookie: _ga_SCT41TW89V
2025-03-21 06:00:11 [main] INFO  TC-261_verifyBreadcrumbNavigation - Page refreshed with bypassed cookies.
2025-03-21 06:00:12 [main] INFO  TC-261_verifyBreadcrumbNavigation - Navigated to product page: Sound Forge Pro (recurring)
2025-03-21 06:00:12 [main] INFO  TC-261_verifyBreadcrumbNavigation - Verified breadcrumb: Software
2025-03-21 06:00:12 [main] INFO  TC-261_verifyBreadcrumbNavigation - Clicked breadcrumb: Software
2025-03-21 06:00:15 [main] INFO  TC-261_verifyBreadcrumbNavigation - Successfully navigated using breadcrumb: Software
2025-03-21 06:00:15 [main] INFO  TC-261_verifyBreadcrumbNavigation - Verified breadcrumb: Computers
2025-03-21 06:00:15 [main] INFO  TC-261_verifyBreadcrumbNavigation - Clicked breadcrumb: Computers
2025-03-21 06:00:18 [main] INFO  TC-261_verifyBreadcrumbNavigation - Successfully navigated using breadcrumb: Computers
2025-03-21 06:00:18 [main] INFO  TC-261_verifyBreadcrumbNavigation - Verified breadcrumb: Home
2025-03-21 06:00:18 [main] INFO  TC-261_verifyBreadcrumbNavigation - Clicked breadcrumb: Home
2025-03-21 06:00:20 [main] INFO  TC-261_verifyBreadcrumbNavigation - Reached the homepage. Ending breadcrumb navigation test.
2025-03-21 06:00:20 [main] INFO  TC-261_verifyBreadcrumbNavigation - Closing the browser for test: verifyBreadcrumbNavigation
2025-03-21 06:00:21 [main] INFO  TC-261_verifyBreadcrumbNavigation - Browser closed.
2025-03-23 04:53:25 [main] INFO  TC-261_verifyBreadcrumbNavigation - 
===================================================================================== NEW TEST RUN =====================================================================================
2025-03-23 04:53:25 [main] INFO  TC-261_verifyBreadcrumbNavigation - Logger initialized
2025-03-23 04:53:25 [main] INFO  TC-261_verifyBreadcrumbNavigation - Starting test setup for: verifyBreadcrumbNavigation (🔢 Test Case ID: TC-261)
2025-03-23 04:53:50 [main] INFO  TC-261_verifyBreadcrumbNavigation - Navigated to the site: https://demo.nopcommerce.com
2025-03-23 04:53:50 [main] INFO  TC-261_verifyBreadcrumbNavigation - Injected cookie: _ga
2025-03-23 04:53:50 [main] INFO  TC-261_verifyBreadcrumbNavigation - Injected cookie: cf_clearance
2025-03-23 04:53:50 [main] INFO  TC-261_verifyBreadcrumbNavigation - Injected cookie: .Nop.Antiforgery
2025-03-23 04:53:50 [main] INFO  TC-261_verifyBreadcrumbNavigation - Injected cookie: .Nop.Customer
2025-03-23 04:53:50 [main] INFO  TC-261_verifyBreadcrumbNavigation - Injected cookie: .Nop.Culture
2025-03-23 04:53:50 [main] INFO  TC-261_verifyBreadcrumbNavigation - Injected cookie: _ga_SCT41TW89V
2025-03-23 04:53:51 [main] INFO  TC-261_verifyBreadcrumbNavigation - Page refreshed with bypassed cookies.
2025-03-23 04:53:53 [main] INFO  TC-261_verifyBreadcrumbNavigation - Navigated to product page: Sound Forge Pro (recurring)
2025-03-23 04:53:53 [main] INFO  TC-261_verifyBreadcrumbNavigation - Verified breadcrumb: Software
2025-03-23 04:53:55 [main] INFO  TC-261_verifyBreadcrumbNavigation - Clicked breadcrumb: Software
2025-03-23 04:53:57 [main] INFO  TC-261_verifyBreadcrumbNavigation - Closing the browser for test: verifyBreadcrumbNavigation
2025-03-23 04:53:57 [main] INFO  TC-261_verifyBreadcrumbNavigation - Browser closed.
2025-03-23 04:54:08 [main] INFO  TC-261_verifyBreadcrumbNavigation - 
===================================================================================== NEW TEST RUN =====================================================================================
2025-03-23 04:54:08 [main] INFO  TC-261_verifyBreadcrumbNavigation - Logger initialized
2025-03-23 04:54:08 [main] INFO  TC-261_verifyBreadcrumbNavigation - Starting test setup for: verifyBreadcrumbNavigation (🔢 Test Case ID: TC-261)
2025-03-23 04:54:34 [main] INFO  TC-261_verifyBreadcrumbNavigation - Navigated to the site: https://demo.nopcommerce.com
2025-03-23 04:54:34 [main] INFO  TC-261_verifyBreadcrumbNavigation - Injected cookie: _ga
2025-03-23 04:54:34 [main] INFO  TC-261_verifyBreadcrumbNavigation - Injected cookie: cf_clearance
2025-03-23 04:54:34 [main] INFO  TC-261_verifyBreadcrumbNavigation - Injected cookie: .Nop.Antiforgery
2025-03-23 04:54:34 [main] INFO  TC-261_verifyBreadcrumbNavigation - Injected cookie: .Nop.Customer
2025-03-23 04:54:34 [main] INFO  TC-261_verifyBreadcrumbNavigation - Injected cookie: .Nop.Culture
2025-03-23 04:54:34 [main] INFO  TC-261_verifyBreadcrumbNavigation - Injected cookie: _ga_SCT41TW89V
2025-03-23 04:54:35 [main] INFO  TC-261_verifyBreadcrumbNavigation - Page refreshed with bypassed cookies.
2025-03-23 04:54:37 [main] INFO  TC-261_verifyBreadcrumbNavigation - Navigated to product page: Sound Forge Pro (recurring)
2025-03-23 04:54:37 [main] INFO  TC-261_verifyBreadcrumbNavigation - Verified breadcrumb: Software
2025-03-23 04:54:38 [main] INFO  TC-261_verifyBreadcrumbNavigation - Clicked breadcrumb: Software
2025-03-23 04:54:41 [main] INFO  TC-261_verifyBreadcrumbNavigation - Successfully navigated using breadcrumb: Software
2025-03-23 04:54:41 [main] INFO  TC-261_verifyBreadcrumbNavigation - Verified breadcrumb: Computers
2025-03-23 04:54:44 [main] INFO  TC-261_verifyBreadcrumbNavigation - Clicked breadcrumb: Computers
2025-03-23 04:54:47 [main] INFO  TC-261_verifyBreadcrumbNavigation - Successfully navigated using breadcrumb: Computers
2025-03-23 04:54:47 [main] INFO  TC-261_verifyBreadcrumbNavigation - Verified breadcrumb: Home
2025-03-23 04:54:48 [main] INFO  TC-261_verifyBreadcrumbNavigation - Clicked breadcrumb: Home
2025-03-23 04:54:49 [main] INFO  TC-261_verifyBreadcrumbNavigation - Reached the homepage. Ending breadcrumb navigation test.
2025-03-23 04:54:49 [main] INFO  TC-261_verifyBreadcrumbNavigation - Closing the browser for test: verifyBreadcrumbNavigation
2025-03-23 04:54:49 [main] INFO  TC-261_verifyBreadcrumbNavigation - Browser closed.
2025-03-23 04:57:25 [main] INFO  TC-261_verifyBreadcrumbNavigation - 
===================================================================================== NEW TEST RUN =====================================================================================
2025-03-23 04:57:25 [main] INFO  TC-261_verifyBreadcrumbNavigation - Logger initialized
2025-03-23 04:57:25 [main] INFO  TC-261_verifyBreadcrumbNavigation - Starting test setup for: verifyBreadcrumbNavigation (🔢 Test Case ID: TC-261)
2025-03-23 04:57:50 [main] INFO  TC-261_verifyBreadcrumbNavigation - Navigated to the site: https://demo.nopcommerce.com
2025-03-23 04:57:50 [main] INFO  TC-261_verifyBreadcrumbNavigation - Injected cookie: _ga
2025-03-23 04:57:50 [main] INFO  TC-261_verifyBreadcrumbNavigation - Injected cookie: cf_clearance
2025-03-23 04:57:50 [main] INFO  TC-261_verifyBreadcrumbNavigation - Injected cookie: .Nop.Antiforgery
2025-03-23 04:57:50 [main] INFO  TC-261_verifyBreadcrumbNavigation - Injected cookie: .Nop.Customer
2025-03-23 04:57:50 [main] INFO  TC-261_verifyBreadcrumbNavigation - Injected cookie: .Nop.Culture
2025-03-23 04:57:50 [main] INFO  TC-261_verifyBreadcrumbNavigation - Injected cookie: _ga_SCT41TW89V
2025-03-23 04:57:51 [main] INFO  TC-261_verifyBreadcrumbNavigation - Page refreshed with bypassed cookies.
2025-03-23 04:57:53 [main] INFO  TC-261_verifyBreadcrumbNavigation - Navigated to product page: Sound Forge Pro (recurring)
2025-03-23 04:57:53 [main] INFO  utils.MainFunctionalities - Verified breadcrumb: Software
2025-03-23 04:57:55 [main] INFO  utils.MainFunctionalities - Clicked breadcrumb: Software
2025-03-23 04:57:57 [main] INFO  utils.MainFunctionalities - Successfully navigated using breadcrumb: Software
2025-03-23 04:57:57 [main] INFO  utils.MainFunctionalities - Verified breadcrumb: Computers
2025-03-23 04:57:58 [main] INFO  utils.MainFunctionalities - Clicked breadcrumb: Computers
2025-03-23 04:58:00 [main] INFO  utils.MainFunctionalities - Successfully navigated using breadcrumb: Computers
2025-03-23 04:58:00 [main] INFO  utils.MainFunctionalities - Verified breadcrumb: Home
2025-03-23 04:58:01 [main] INFO  utils.MainFunctionalities - Clicked breadcrumb: Home
2025-03-23 04:58:03 [main] INFO  utils.MainFunctionalities - Reached the homepage. Ending breadcrumb navigation test.
2025-03-23 04:58:03 [main] INFO  TC-261_verifyBreadcrumbNavigation - Closing the browser for test: verifyBreadcrumbNavigation
2025-03-23 04:58:03 [main] INFO  TC-261_verifyBreadcrumbNavigation - Browser closed.
2025-03-23 05:00:11 [main] INFO  TC-261_verifyBreadcrumbNavigation - 
===================================================================================== NEW TEST RUN =====================================================================================
2025-03-23 05:00:11 [main] INFO  TC-261_verifyBreadcrumbNavigation - Logger initialized
2025-03-23 05:00:11 [main] INFO  TC-261_verifyBreadcrumbNavigation - Starting test setup for: verifyBreadcrumbNavigation (🔢 Test Case ID: TC-261)
2025-03-23 05:00:38 [main] INFO  TC-261_verifyBreadcrumbNavigation - Navigated to the site: https://demo.nopcommerce.com
2025-03-23 05:00:38 [main] INFO  TC-261_verifyBreadcrumbNavigation - Injected cookie: _ga
2025-03-23 05:00:38 [main] INFO  TC-261_verifyBreadcrumbNavigation - Injected cookie: cf_clearance
2025-03-23 05:00:38 [main] INFO  TC-261_verifyBreadcrumbNavigation - Injected cookie: .Nop.Antiforgery
2025-03-23 05:00:38 [main] INFO  TC-261_verifyBreadcrumbNavigation - Injected cookie: .Nop.Customer
2025-03-23 05:00:38 [main] INFO  TC-261_verifyBreadcrumbNavigation - Injected cookie: .Nop.Culture
2025-03-23 05:00:38 [main] INFO  TC-261_verifyBreadcrumbNavigation - Injected cookie: _ga_SCT41TW89V
2025-03-23 05:00:40 [main] INFO  TC-261_verifyBreadcrumbNavigation - Page refreshed with bypassed cookies.
2025-03-23 05:00:40 [main] INFO  TC-261_verifyBreadcrumbNavigation - 🟢 Starting test: verifyBreadcrumbNavigation (🔢 Test Case ID: TC-261)
2025-03-23 05:00:43 [main] INFO  TC-261_verifyBreadcrumbNavigation - Navigated to product page: Sound Forge Pro (recurring)
2025-03-23 05:00:43 [main] INFO  utils.MainFunctionalities - Verified breadcrumb: Software
2025-03-23 05:00:45 [main] INFO  utils.MainFunctionalities - Clicked breadcrumb: Software
2025-03-23 05:00:46 [main] INFO  utils.MainFunctionalities - Successfully navigated using breadcrumb: Software
2025-03-23 05:00:46 [main] INFO  utils.MainFunctionalities - Verified breadcrumb: Computers
2025-03-23 05:00:47 [main] INFO  utils.MainFunctionalities - Clicked breadcrumb: Computers
2025-03-23 05:00:49 [main] INFO  utils.MainFunctionalities - Successfully navigated using breadcrumb: Computers
2025-03-23 05:00:49 [main] INFO  utils.MainFunctionalities - Verified breadcrumb: Home
2025-03-23 05:00:50 [main] INFO  utils.MainFunctionalities - Clicked breadcrumb: Home
2025-03-23 05:00:51 [main] INFO  utils.MainFunctionalities - Reached the homepage. Ending breadcrumb navigation test.
2025-03-23 05:00:51 [main] INFO  listeners.TestListener - ✅ Test PASSED: verifyBreadcrumbNavigation (Duration: 11073ms)
2025-03-23 05:00:51 [main] INFO  TC-261_verifyBreadcrumbNavigation - Closing the browser for test: verifyBreadcrumbNavigation
2025-03-23 05:00:52 [main] INFO  TC-261_verifyBreadcrumbNavigation - Browser closed.
2025-03-23 05:18:36 [main] INFO  TC-261_verifyBreadcrumbNavigation - 
===================================================================================== NEW TEST RUN =====================================================================================
2025-03-23 05:18:36 [main] INFO  TC-261_verifyBreadcrumbNavigation - Logger initialized
2025-03-23 05:18:36 [main] INFO  TC-261_verifyBreadcrumbNavigation - Starting test setup for: verifyBreadcrumbNavigation (🔢 Test Case ID: TC-261)
2025-03-23 05:19:38 [main] INFO  TC-261_verifyBreadcrumbNavigation - 
===================================================================================== NEW TEST RUN =====================================================================================
2025-03-23 05:19:38 [main] INFO  TC-261_verifyBreadcrumbNavigation - Logger initialized
2025-03-23 05:19:38 [main] INFO  TC-261_verifyBreadcrumbNavigation - Starting test setup for: verifyBreadcrumbNavigation (🔢 Test Case ID: TC-261)
2025-03-23 05:20:01 [main] INFO  TC-261_verifyBreadcrumbNavigation - Navigated to the site: https://demo.nopcommerce.com
2025-03-23 05:20:01 [main] INFO  TC-261_verifyBreadcrumbNavigation - Injected cookie: _ga
2025-03-23 05:20:01 [main] INFO  TC-261_verifyBreadcrumbNavigation - Injected cookie: cf_clearance
2025-03-23 05:20:01 [main] INFO  TC-261_verifyBreadcrumbNavigation - Injected cookie: .Nop.Antiforgery
2025-03-23 05:20:01 [main] INFO  TC-261_verifyBreadcrumbNavigation - Injected cookie: .Nop.Customer
2025-03-23 05:20:01 [main] INFO  TC-261_verifyBreadcrumbNavigation - Injected cookie: .Nop.Culture
2025-03-23 05:20:01 [main] INFO  TC-261_verifyBreadcrumbNavigation - Injected cookie: _ga_SCT41TW89V
2025-03-23 05:20:02 [main] INFO  TC-261_verifyBreadcrumbNavigation - Page refreshed with bypassed cookies.
2025-03-23 05:20:02 [main] INFO  TC-261_verifyBreadcrumbNavigation - 🟢 Starting test: verifyBreadcrumbNavigation (🔢 Test Case ID: TC-261)
2025-03-23 05:20:04 [main] INFO  TC-261_verifyBreadcrumbNavigation - Navigated to product page: Sound Forge Pro (recurring)
2025-03-23 05:20:04 [main] INFO  utils.MainFunctionalities - Verified breadcrumb: Software
2025-03-23 05:20:06 [main] INFO  utils.MainFunctionalities - Clicked breadcrumb: Software
2025-03-23 05:20:07 [main] INFO  utils.MainFunctionalities - Successfully navigated using breadcrumb: Software
2025-03-23 05:20:07 [main] INFO  utils.MainFunctionalities - Verified breadcrumb: Computers
2025-03-23 05:20:08 [main] INFO  utils.MainFunctionalities - Clicked breadcrumb: Computers
2025-03-23 05:20:11 [main] INFO  utils.MainFunctionalities - Successfully navigated using breadcrumb: Computers
2025-03-23 05:20:11 [main] INFO  utils.MainFunctionalities - Verified breadcrumb: Home
2025-03-23 05:20:12 [main] INFO  utils.MainFunctionalities - Clicked breadcrumb: Home
2025-03-23 05:20:13 [main] INFO  utils.MainFunctionalities - Reached the homepage. Ending breadcrumb navigation test.
2025-03-23 05:20:13 [main] INFO  listeners.TestListener - ✅ Test PASSED: verifyBreadcrumbNavigation (Duration: 11126ms)
2025-03-23 05:20:14 [main] INFO  TC-261_verifyBreadcrumbNavigation - Closing the browser for test: verifyBreadcrumbNavigation
2025-03-23 05:20:14 [main] INFO  TC-261_verifyBreadcrumbNavigation - Browser closed.
2025-05-14 18:27:35 [main] INFO  TC-261_verifyBreadcrumbNavigation - 
===================================================================================== NEW TEST RUN =====================================================================================
2025-05-14 18:27:35 [main] INFO  TC-261_verifyBreadcrumbNavigation - Logger initialized
2025-05-14 18:27:35 [main] INFO  TC-261_verifyBreadcrumbNavigation - Starting test setup for: verifyBreadcrumbNavigation (🔢 Test Case ID: TC-261)
2025-05-14 18:27:52 [main] INFO  TC-261_verifyBreadcrumbNavigation - Navigated to the site: https://demo.nopcommerce.com
2025-05-14 18:27:52 [main] INFO  TC-261_verifyBreadcrumbNavigation - Injected cookie: cf_clearance
2025-05-14 18:27:52 [main] INFO  TC-261_verifyBreadcrumbNavigation - Injected cookie: _ga
2025-05-14 18:27:52 [main] INFO  TC-261_verifyBreadcrumbNavigation - Injected cookie: .Nop.Antiforgery
2025-05-14 18:27:52 [main] INFO  TC-261_verifyBreadcrumbNavigation - Injected cookie: .Nop.Customer
2025-05-14 18:27:52 [main] INFO  TC-261_verifyBreadcrumbNavigation - Injected cookie: .Nop.Culture
2025-05-14 18:27:52 [main] INFO  TC-261_verifyBreadcrumbNavigation - Injected cookie: _ga_SCT41TW89V
2025-05-14 18:27:53 [main] INFO  TC-261_verifyBreadcrumbNavigation - Page refreshed with bypassed cookies.
2025-05-14 18:27:53 [main] INFO  TC-261_verifyBreadcrumbNavigation - 🟢 Starting test: verifyBreadcrumbNavigation (🔢 Test Case ID: TC-261)
2025-05-14 18:27:54 [main] INFO  TC-261_verifyBreadcrumbNavigation - Navigated to product page: Sound Forge Pro (recurring)
2025-05-14 18:27:54 [main] INFO  utils.MainFunctionalities - Verified breadcrumb: Software
2025-05-14 18:27:56 [main] INFO  utils.MainFunctionalities - Clicked breadcrumb: Software
2025-05-14 18:27:58 [main] INFO  utils.MainFunctionalities - Successfully navigated using breadcrumb: Software
2025-05-14 18:27:58 [main] INFO  utils.MainFunctionalities - Verified breadcrumb: Computers
2025-05-14 18:27:58 [main] INFO  utils.MainFunctionalities - Clicked breadcrumb: Computers
2025-05-14 18:28:00 [main] INFO  utils.MainFunctionalities - Successfully navigated using breadcrumb: Computers
2025-05-14 18:28:00 [main] INFO  utils.MainFunctionalities - Verified breadcrumb: Home
2025-05-14 18:28:01 [main] INFO  utils.MainFunctionalities - Clicked breadcrumb: Home
2025-05-14 18:28:03 [main] INFO  utils.MainFunctionalities - Reached the homepage. Ending breadcrumb navigation test.
2025-05-14 18:28:03 [main] INFO  listeners.TestListener - ✅ Test PASSED: verifyBreadcrumbNavigation (Duration: 10308ms)
2025-05-14 18:28:03 [main] INFO  TC-261_verifyBreadcrumbNavigation - Closing the browser for test: verifyBreadcrumbNavigation
2025-05-14 18:28:04 [main] INFO  TC-261_verifyBreadcrumbNavigation - Browser closed.
2025-05-14 21:04:17 [main] INFO  TC-261_verifyBreadcrumbNavigation - 
===================================================================================== NEW TEST RUN =====================================================================================
2025-05-14 21:04:17 [main] INFO  TC-261_verifyBreadcrumbNavigation - Logger initialized
2025-05-14 21:04:17 [main] INFO  TC-261_verifyBreadcrumbNavigation - Starting test setup for: verifyBreadcrumbNavigation (🔢 Test Case ID: TC-261)
2025-05-14 21:04:34 [main] INFO  TC-261_verifyBreadcrumbNavigation - Navigated to the site: https://demo.nopcommerce.com
2025-05-14 21:04:34 [main] INFO  TC-261_verifyBreadcrumbNavigation - Injected cookie: cf_clearance
2025-05-14 21:04:34 [main] INFO  TC-261_verifyBreadcrumbNavigation - Injected cookie: _ga
2025-05-14 21:04:34 [main] INFO  TC-261_verifyBreadcrumbNavigation - Injected cookie: .Nop.Antiforgery
2025-05-14 21:04:34 [main] INFO  TC-261_verifyBreadcrumbNavigation - Injected cookie: .Nop.Customer
2025-05-14 21:04:34 [main] INFO  TC-261_verifyBreadcrumbNavigation - Injected cookie: .Nop.Culture
2025-05-14 21:04:34 [main] INFO  TC-261_verifyBreadcrumbNavigation - Injected cookie: _ga_SCT41TW89V
2025-05-14 21:04:35 [main] INFO  TC-261_verifyBreadcrumbNavigation - Page refreshed with bypassed cookies.
2025-05-14 21:04:35 [main] INFO  TC-261_verifyBreadcrumbNavigation - 🟢 Starting test: verifyBreadcrumbNavigation (🔢 Test Case ID: TC-261)
2025-05-14 21:04:36 [main] INFO  TC-261_verifyBreadcrumbNavigation - Navigated to product page: Sound Forge Pro (recurring)
2025-05-14 21:04:36 [main] INFO  utils.MainFunctionalities - Verified breadcrumb: Software
2025-05-14 21:04:37 [main] INFO  utils.MainFunctionalities - Clicked breadcrumb: Software
2025-05-14 21:04:40 [main] INFO  utils.MainFunctionalities - Successfully navigated using breadcrumb: Software
2025-05-14 21:04:40 [main] INFO  utils.MainFunctionalities - Verified breadcrumb: Computers
2025-05-14 21:04:40 [main] INFO  utils.MainFunctionalities - Clicked breadcrumb: Computers
2025-05-14 21:04:43 [main] INFO  utils.MainFunctionalities - Successfully navigated using breadcrumb: Computers
2025-05-14 21:04:43 [main] INFO  utils.MainFunctionalities - Verified breadcrumb: Home
2025-05-14 21:04:43 [main] INFO  utils.MainFunctionalities - Clicked breadcrumb: Home
2025-05-14 21:04:45 [main] INFO  utils.MainFunctionalities - Reached the homepage. Ending breadcrumb navigation test.
2025-05-14 21:04:45 [main] INFO  listeners.TestListener - ✅ Test PASSED: verifyBreadcrumbNavigation (Duration: 10139ms)
2025-05-14 21:04:45 [main] INFO  TC-261_verifyBreadcrumbNavigation - Closing the browser for test: verifyBreadcrumbNavigation
2025-05-14 21:04:46 [main] INFO  TC-261_verifyBreadcrumbNavigation - Browser closed.
