2025-03-21 08:01:53 [main] INFO  TC-282_verifySocialMediaSharing - 
===================================================================================== NEW TEST RUN =====================================================================================
2025-03-21 08:01:53 [main] INFO  TC-282_verifySocialMediaSharing - Logger initialized
2025-03-21 08:01:53 [main] INFO  TC-282_verifySocialMediaSharing - Starting test setup for: verifySocialMediaSharing (🔢 Test Case ID: TC-282)
2025-03-21 08:02:05 [main] INFO  TC-282_verifySocialMediaSharing - 
===================================================================================== NEW TEST RUN =====================================================================================
2025-03-21 08:02:05 [main] INFO  TC-282_verifySocialMediaSharing - Logger initialized
2025-03-21 08:02:05 [main] INFO  TC-282_verifySocialMediaSharing - Starting test setup for: verifySocialMediaSharing (🔢 Test Case ID: TC-282)
2025-03-21 08:02:24 [main] INFO  TC-282_verifySocialMediaSharing - Navigated to the site: https://demo.nopcommerce.com
2025-03-21 08:02:24 [main] INFO  TC-282_verifySocialMediaSharing - Injected cookie: _ga
2025-03-21 08:02:24 [main] INFO  TC-282_verifySocialMediaSharing - Injected cookie: cf_clearance
2025-03-21 08:02:24 [main] INFO  TC-282_verifySocialMediaSharing - Injected cookie: .Nop.Antiforgery
2025-03-21 08:02:24 [main] INFO  TC-282_verifySocialMediaSharing - Injected cookie: .Nop.Customer
2025-03-21 08:02:24 [main] INFO  TC-282_verifySocialMediaSharing - Injected cookie: .Nop.Culture
2025-03-21 08:02:24 [main] INFO  TC-282_verifySocialMediaSharing - Injected cookie: _ga_SCT41TW89V
2025-03-21 08:02:24 [main] INFO  TC-282_verifySocialMediaSharing - Page refreshed with bypassed cookies.
2025-03-21 08:02:26 [main] INFO  TC-282_verifySocialMediaSharing - Navigated to product page: Fahrenheit 451 by Ray Bradbury
2025-03-21 08:02:49 [main] INFO  TC-282_verifySocialMediaSharing - Closing the browser for test: verifySocialMediaSharing
2025-03-21 08:02:49 [main] INFO  TC-282_verifySocialMediaSharing - Browser closed.
2025-03-21 08:04:30 [main] INFO  TC-282_verifySocialMediaSharing - 
===================================================================================== NEW TEST RUN =====================================================================================
2025-03-21 08:04:30 [main] INFO  TC-282_verifySocialMediaSharing - Logger initialized
2025-03-21 08:04:30 [main] INFO  TC-282_verifySocialMediaSharing - Starting test setup for: verifySocialMediaSharing (🔢 Test Case ID: TC-282)
2025-03-21 08:04:48 [main] INFO  TC-282_verifySocialMediaSharing - Navigated to the site: https://demo.nopcommerce.com
2025-03-21 08:04:48 [main] INFO  TC-282_verifySocialMediaSharing - Injected cookie: cf_clearance
2025-03-21 08:04:48 [main] INFO  TC-282_verifySocialMediaSharing - Injected cookie: _ga
2025-03-21 08:04:48 [main] INFO  TC-282_verifySocialMediaSharing - Injected cookie: .Nop.Antiforgery
2025-03-21 08:04:48 [main] INFO  TC-282_verifySocialMediaSharing - Injected cookie: .Nop.Customer
2025-03-21 08:04:48 [main] INFO  TC-282_verifySocialMediaSharing - Injected cookie: .Nop.Culture
2025-03-21 08:04:48 [main] INFO  TC-282_verifySocialMediaSharing - Injected cookie: _ga_SCT41TW89V
2025-03-21 08:04:48 [main] INFO  TC-282_verifySocialMediaSharing - Page refreshed with bypassed cookies.
2025-03-21 08:04:49 [main] INFO  TC-282_verifySocialMediaSharing - Navigated to product page: Fahrenheit 451 by Ray Bradbury
2025-03-21 08:04:52 [main] INFO  TC-282_verifySocialMediaSharing - Clicked share button for: messenger
2025-03-21 08:04:57 [main] INFO  TC-282_verifySocialMediaSharing - Clicked share button for: facebook
2025-03-21 08:05:00 [main] INFO  TC-282_verifySocialMediaSharing - Clicked share button for: email
2025-03-21 08:05:02 [main] INFO  TC-282_verifySocialMediaSharing - Closing the browser for test: verifySocialMediaSharing
2025-03-21 08:05:02 [main] INFO  TC-282_verifySocialMediaSharing - Browser closed.
2025-03-21 08:05:44 [main] INFO  TC-282_verifySocialMediaSharing - 
===================================================================================== NEW TEST RUN =====================================================================================
2025-03-21 08:05:44 [main] INFO  TC-282_verifySocialMediaSharing - Logger initialized
2025-03-21 08:05:44 [main] INFO  TC-282_verifySocialMediaSharing - Starting test setup for: verifySocialMediaSharing (🔢 Test Case ID: TC-282)
2025-03-21 08:06:02 [main] INFO  TC-282_verifySocialMediaSharing - Navigated to the site: https://demo.nopcommerce.com
2025-03-21 08:06:02 [main] INFO  TC-282_verifySocialMediaSharing - Injected cookie: _ga
2025-03-21 08:06:02 [main] INFO  TC-282_verifySocialMediaSharing - Injected cookie: cf_clearance
2025-03-21 08:06:02 [main] INFO  TC-282_verifySocialMediaSharing - Injected cookie: .Nop.Antiforgery
2025-03-21 08:06:02 [main] INFO  TC-282_verifySocialMediaSharing - Injected cookie: .Nop.Customer
2025-03-21 08:06:02 [main] INFO  TC-282_verifySocialMediaSharing - Injected cookie: .Nop.Culture
2025-03-21 08:06:02 [main] INFO  TC-282_verifySocialMediaSharing - Injected cookie: _ga_SCT41TW89V
2025-03-21 08:06:02 [main] INFO  TC-282_verifySocialMediaSharing - Page refreshed with bypassed cookies.
2025-03-21 08:06:03 [main] INFO  TC-282_verifySocialMediaSharing - Navigated to product page: Fahrenheit 451 by Ray Bradbury
2025-03-21 08:06:06 [main] INFO  TC-282_verifySocialMediaSharing - Clicked share button for: messenger
2025-03-21 08:06:13 [main] INFO  TC-282_verifySocialMediaSharing - Clicked share button for: facebook
2025-03-21 08:06:19 [main] INFO  TC-282_verifySocialMediaSharing - Clicked share button for: email
2025-03-21 08:06:24 [main] INFO  TC-282_verifySocialMediaSharing - Closing the browser for test: verifySocialMediaSharing
2025-03-21 08:06:24 [main] INFO  TC-282_verifySocialMediaSharing - Browser closed.
2025-03-21 08:07:25 [main] INFO  TC-282_verifySocialMediaSharing - 
===================================================================================== NEW TEST RUN =====================================================================================
2025-03-21 08:07:25 [main] INFO  TC-282_verifySocialMediaSharing - Logger initialized
2025-03-21 08:07:25 [main] INFO  TC-282_verifySocialMediaSharing - Starting test setup for: verifySocialMediaSharing (🔢 Test Case ID: TC-282)
2025-03-21 08:07:42 [main] INFO  TC-282_verifySocialMediaSharing - Navigated to the site: https://demo.nopcommerce.com
2025-03-21 08:07:42 [main] INFO  TC-282_verifySocialMediaSharing - Injected cookie: cf_clearance
2025-03-21 08:07:42 [main] INFO  TC-282_verifySocialMediaSharing - Injected cookie: _ga
2025-03-21 08:07:42 [main] INFO  TC-282_verifySocialMediaSharing - Injected cookie: .Nop.Antiforgery
2025-03-21 08:07:42 [main] INFO  TC-282_verifySocialMediaSharing - Injected cookie: .Nop.Customer
2025-03-21 08:07:42 [main] INFO  TC-282_verifySocialMediaSharing - Injected cookie: .Nop.Culture
2025-03-21 08:07:42 [main] INFO  TC-282_verifySocialMediaSharing - Injected cookie: _ga_SCT41TW89V
2025-03-21 08:07:43 [main] INFO  TC-282_verifySocialMediaSharing - Page refreshed with bypassed cookies.
2025-03-21 08:07:44 [main] INFO  TC-282_verifySocialMediaSharing - Navigated to product page: Fahrenheit 451 by Ray Bradbury
2025-03-21 08:08:00 [main] INFO  TC-282_verifySocialMediaSharing - 
===================================================================================== NEW TEST RUN =====================================================================================
2025-03-21 08:08:00 [main] INFO  TC-282_verifySocialMediaSharing - Logger initialized
2025-03-21 08:08:00 [main] INFO  TC-282_verifySocialMediaSharing - Starting test setup for: verifySocialMediaSharing (🔢 Test Case ID: TC-282)
2025-03-21 08:08:19 [main] INFO  TC-282_verifySocialMediaSharing - Navigated to the site: https://demo.nopcommerce.com
2025-03-21 08:08:19 [main] INFO  TC-282_verifySocialMediaSharing - Injected cookie: cf_clearance
2025-03-21 08:08:19 [main] INFO  TC-282_verifySocialMediaSharing - Injected cookie: _ga
2025-03-21 08:08:19 [main] INFO  TC-282_verifySocialMediaSharing - Injected cookie: .Nop.Antiforgery
2025-03-21 08:08:19 [main] INFO  TC-282_verifySocialMediaSharing - Injected cookie: .Nop.Customer
2025-03-21 08:08:19 [main] INFO  TC-282_verifySocialMediaSharing - Injected cookie: .Nop.Culture
2025-03-21 08:08:19 [main] INFO  TC-282_verifySocialMediaSharing - Injected cookie: _ga_SCT41TW89V
2025-03-21 08:08:20 [main] INFO  TC-282_verifySocialMediaSharing - Page refreshed with bypassed cookies.
2025-03-21 08:08:21 [main] INFO  TC-282_verifySocialMediaSharing - Navigated to product page: Fahrenheit 451 by Ray Bradbury
2025-03-21 08:08:44 [main] ERROR TC-282_verifySocialMediaSharing - Failed to verify messenger sharing: Expected condition failed: waiting for element to be clickable: By.cssSelector: .st-btn[data-network='messenger'] (tried for 20 second(s) with 500 milliseconds interval)
Build info: version: '4.29.0', revision: '5fc1ec94cb'
System info: os.name: 'Windows 11', os.arch: 'amd64', os.version: '10.0', java.version: '23.0.1'
Driver info: org.openqa.selenium.chrome.ChromeDriver
Capabilities {acceptInsecureCerts: false, browserName: chrome, browserVersion: 134.0.6998.118, chrome: {chromedriverVersion: 134.0.6998.90 (219ee74681fc..., userDataDir: C:\Users\MOHAME~1\AppData\L...}, fedcm:accounts: true, goog:chromeOptions: {debuggerAddress: localhost:49390}, networkConnectionEnabled: false, pageLoadStrategy: normal, platformName: windows, proxy: Proxy(), se:cdp: ws://localhost:49390/devtoo..., se:cdpVersion: 134.0.6998.118, setWindowRect: true, strictFileInteractability: false, timeouts: {implicit: 0, pageLoad: 300000, script: 30000}, unhandledPromptBehavior: dismiss and notify, webauthn:extension:credBlob: true, webauthn:extension:largeBlob: true, webauthn:extension:minPinLength: true, webauthn:extension:prf: true, webauthn:virtualAuthenticators: true}
Session ID: 1f204a036409bb7156e0b624ec978367
2025-03-21 08:08:44 [main] INFO  TC-282_verifySocialMediaSharing - Closing the browser for test: verifySocialMediaSharing
2025-03-21 08:08:44 [main] INFO  TC-282_verifySocialMediaSharing - Browser closed.
2025-03-21 08:09:31 [main] INFO  TC-282_verifySocialMediaSharing - 
===================================================================================== NEW TEST RUN =====================================================================================
2025-03-21 08:09:31 [main] INFO  TC-282_verifySocialMediaSharing - Logger initialized
2025-03-21 08:09:31 [main] INFO  TC-282_verifySocialMediaSharing - Starting test setup for: verifySocialMediaSharing (🔢 Test Case ID: TC-282)
2025-03-21 08:09:50 [main] INFO  TC-282_verifySocialMediaSharing - Navigated to the site: https://demo.nopcommerce.com
2025-03-21 08:09:50 [main] INFO  TC-282_verifySocialMediaSharing - Injected cookie: cf_clearance
2025-03-21 08:09:50 [main] INFO  TC-282_verifySocialMediaSharing - Injected cookie: _ga
2025-03-21 08:09:50 [main] INFO  TC-282_verifySocialMediaSharing - Injected cookie: .Nop.Antiforgery
2025-03-21 08:09:50 [main] INFO  TC-282_verifySocialMediaSharing - Injected cookie: .Nop.Customer
2025-03-21 08:09:50 [main] INFO  TC-282_verifySocialMediaSharing - Injected cookie: .Nop.Culture
2025-03-21 08:09:50 [main] INFO  TC-282_verifySocialMediaSharing - Injected cookie: _ga_SCT41TW89V
2025-03-21 08:09:51 [main] INFO  TC-282_verifySocialMediaSharing - Page refreshed with bypassed cookies.
2025-03-21 08:09:51 [main] INFO  TC-282_verifySocialMediaSharing - Navigated to product page: Fahrenheit 451 by Ray Bradbury
2025-03-21 08:09:53 [main] INFO  TC-282_verifySocialMediaSharing - Clicked share button for: messenger
2025-03-21 08:10:10 [main] ERROR TC-282_verifySocialMediaSharing - Failed to verify facebook sharing: Error communicating with the remote browser. It may have died.
Build info: version: '4.29.0', revision: '5fc1ec94cb'
System info: os.name: 'Windows 11', os.arch: 'amd64', os.version: '10.0', java.version: '23.0.1'
Driver info: org.openqa.selenium.chrome.ChromeDriver
Command: [6cb676dc4d37e7122e5b9eb23cf861d6, findElement [value, using]]
Capabilities {acceptInsecureCerts: false, browserName: chrome, browserVersion: 134.0.6998.118, chrome: {chromedriverVersion: 134.0.6998.90 (219ee74681fc..., userDataDir: C:\Users\MOHAME~1\AppData\L...}, fedcm:accounts: true, goog:chromeOptions: {debuggerAddress: localhost:53568}, networkConnectionEnabled: false, pageLoadStrategy: normal, platformName: windows, proxy: Proxy(), se:cdp: ws://localhost:53568/devtoo..., se:cdpVersion: 134.0.6998.118, setWindowRect: true, strictFileInteractability: false, timeouts: {implicit: 0, pageLoad: 300000, script: 30000}, unhandledPromptBehavior: dismiss and notify, webauthn:extension:credBlob: true, webauthn:extension:largeBlob: true, webauthn:extension:minPinLength: true, webauthn:extension:prf: true, webauthn:virtualAuthenticators: true}
Session ID: 6cb676dc4d37e7122e5b9eb23cf861d6
2025-03-21 08:10:10 [main] INFO  TC-282_verifySocialMediaSharing - Closing the browser for test: verifySocialMediaSharing
2025-03-21 08:10:10 [main] INFO  TC-282_verifySocialMediaSharing - Browser closed.
2025-03-21 08:10:47 [main] INFO  TC-282_verifySocialMediaSharing - 
===================================================================================== NEW TEST RUN =====================================================================================
2025-03-21 08:10:47 [main] INFO  TC-282_verifySocialMediaSharing - Logger initialized
2025-03-21 08:10:47 [main] INFO  TC-282_verifySocialMediaSharing - Starting test setup for: verifySocialMediaSharing (🔢 Test Case ID: TC-282)
2025-03-21 08:11:04 [main] INFO  TC-282_verifySocialMediaSharing - Navigated to the site: https://demo.nopcommerce.com
2025-03-21 08:11:04 [main] INFO  TC-282_verifySocialMediaSharing - Injected cookie: _ga
2025-03-21 08:11:04 [main] INFO  TC-282_verifySocialMediaSharing - Injected cookie: cf_clearance
2025-03-21 08:11:04 [main] INFO  TC-282_verifySocialMediaSharing - Injected cookie: .Nop.Antiforgery
2025-03-21 08:11:04 [main] INFO  TC-282_verifySocialMediaSharing - Injected cookie: .Nop.Customer
2025-03-21 08:11:04 [main] INFO  TC-282_verifySocialMediaSharing - Injected cookie: .Nop.Culture
2025-03-21 08:11:04 [main] INFO  TC-282_verifySocialMediaSharing - Injected cookie: _ga_SCT41TW89V
2025-03-21 08:11:05 [main] INFO  TC-282_verifySocialMediaSharing - Page refreshed with bypassed cookies.
2025-03-21 08:11:06 [main] INFO  TC-282_verifySocialMediaSharing - Navigated to product page: Fahrenheit 451 by Ray Bradbury
2025-03-21 08:11:09 [main] ERROR TC-282_verifySocialMediaSharing - Failed to verify messenger sharing: Error communicating with the remote browser. It may have died.
Build info: version: '4.29.0', revision: '5fc1ec94cb'
System info: os.name: 'Windows 11', os.arch: 'amd64', os.version: '10.0', java.version: '23.0.1'
Driver info: org.openqa.selenium.chrome.ChromeDriver
Command: [5df653b8e0d05b7f69b18741e45e36d5, findElement [using, value]]
Capabilities {acceptInsecureCerts: false, browserName: chrome, browserVersion: 134.0.6998.118, chrome: {chromedriverVersion: 134.0.6998.90 (219ee74681fc..., userDataDir: C:\Users\MOHAME~1\AppData\L...}, fedcm:accounts: true, goog:chromeOptions: {debuggerAddress: localhost:55458}, networkConnectionEnabled: false, pageLoadStrategy: normal, platformName: windows, proxy: Proxy(), se:cdp: ws://localhost:55458/devtoo..., se:cdpVersion: 134.0.6998.118, setWindowRect: true, strictFileInteractability: false, timeouts: {implicit: 0, pageLoad: 300000, script: 30000}, unhandledPromptBehavior: dismiss and notify, webauthn:extension:credBlob: true, webauthn:extension:largeBlob: true, webauthn:extension:minPinLength: true, webauthn:extension:prf: true, webauthn:virtualAuthenticators: true}
Session ID: 5df653b8e0d05b7f69b18741e45e36d5
2025-03-21 08:11:09 [main] INFO  TC-282_verifySocialMediaSharing - Closing the browser for test: verifySocialMediaSharing
2025-03-21 08:11:09 [main] INFO  TC-282_verifySocialMediaSharing - Browser closed.
2025-03-21 08:11:15 [main] INFO  TC-282_verifySocialMediaSharing - 
===================================================================================== NEW TEST RUN =====================================================================================
2025-03-21 08:11:15 [main] INFO  TC-282_verifySocialMediaSharing - Logger initialized
2025-03-21 08:11:15 [main] INFO  TC-282_verifySocialMediaSharing - Starting test setup for: verifySocialMediaSharing (🔢 Test Case ID: TC-282)
2025-03-21 08:11:33 [main] INFO  TC-282_verifySocialMediaSharing - Navigated to the site: https://demo.nopcommerce.com
2025-03-21 08:11:33 [main] INFO  TC-282_verifySocialMediaSharing - Injected cookie: _ga
2025-03-21 08:11:33 [main] INFO  TC-282_verifySocialMediaSharing - Injected cookie: cf_clearance
2025-03-21 08:11:33 [main] INFO  TC-282_verifySocialMediaSharing - Injected cookie: .Nop.Antiforgery
2025-03-21 08:11:33 [main] INFO  TC-282_verifySocialMediaSharing - Injected cookie: .Nop.Customer
2025-03-21 08:11:33 [main] INFO  TC-282_verifySocialMediaSharing - Injected cookie: .Nop.Culture
2025-03-21 08:11:33 [main] INFO  TC-282_verifySocialMediaSharing - Injected cookie: _ga_SCT41TW89V
2025-03-21 08:11:33 [main] INFO  TC-282_verifySocialMediaSharing - Page refreshed with bypassed cookies.
2025-03-21 08:11:34 [main] INFO  TC-282_verifySocialMediaSharing - Navigated to product page: Fahrenheit 451 by Ray Bradbury
2025-03-21 08:11:56 [main] ERROR TC-282_verifySocialMediaSharing - Failed to verify messenger sharing: Error communicating with the remote browser. It may have died.
Build info: version: '4.29.0', revision: '5fc1ec94cb'
System info: os.name: 'Windows 11', os.arch: 'amd64', os.version: '10.0', java.version: '23.0.1'
Driver info: org.openqa.selenium.chrome.ChromeDriver
Command: [71b94d49b0d388adbe3675a73bd9147d, findElement [using, value]]
Capabilities {acceptInsecureCerts: false, browserName: chrome, browserVersion: 134.0.6998.118, chrome: {chromedriverVersion: 134.0.6998.90 (219ee74681fc..., userDataDir: C:\Users\MOHAME~1\AppData\L...}, fedcm:accounts: true, goog:chromeOptions: {debuggerAddress: localhost:52470}, networkConnectionEnabled: false, pageLoadStrategy: normal, platformName: windows, proxy: Proxy(), se:cdp: ws://localhost:52470/devtoo..., se:cdpVersion: 134.0.6998.118, setWindowRect: true, strictFileInteractability: false, timeouts: {implicit: 0, pageLoad: 300000, script: 30000}, unhandledPromptBehavior: dismiss and notify, webauthn:extension:credBlob: true, webauthn:extension:largeBlob: true, webauthn:extension:minPinLength: true, webauthn:extension:prf: true, webauthn:virtualAuthenticators: true}
Session ID: 71b94d49b0d388adbe3675a73bd9147d
2025-03-21 08:11:56 [main] INFO  TC-282_verifySocialMediaSharing - Closing the browser for test: verifySocialMediaSharing
2025-03-21 08:11:56 [main] INFO  TC-282_verifySocialMediaSharing - Browser closed.
2025-03-21 08:13:12 [main] INFO  TC-282_verifySocialMediaSharing - 
===================================================================================== NEW TEST RUN =====================================================================================
2025-03-21 08:13:12 [main] INFO  TC-282_verifySocialMediaSharing - Logger initialized
2025-03-21 08:13:12 [main] INFO  TC-282_verifySocialMediaSharing - Starting test setup for: verifySocialMediaSharing (🔢 Test Case ID: TC-282)
2025-03-21 08:13:29 [main] INFO  TC-282_verifySocialMediaSharing - Navigated to the site: https://demo.nopcommerce.com
2025-03-21 08:13:29 [main] INFO  TC-282_verifySocialMediaSharing - Injected cookie: _ga
2025-03-21 08:13:29 [main] INFO  TC-282_verifySocialMediaSharing - Injected cookie: cf_clearance
2025-03-21 08:13:29 [main] INFO  TC-282_verifySocialMediaSharing - Injected cookie: .Nop.Antiforgery
2025-03-21 08:13:29 [main] INFO  TC-282_verifySocialMediaSharing - Injected cookie: .Nop.Customer
2025-03-21 08:13:29 [main] INFO  TC-282_verifySocialMediaSharing - Injected cookie: .Nop.Culture
2025-03-21 08:13:29 [main] INFO  TC-282_verifySocialMediaSharing - Injected cookie: _ga_SCT41TW89V
2025-03-21 08:13:30 [main] INFO  TC-282_verifySocialMediaSharing - Page refreshed with bypassed cookies.
2025-03-21 08:13:31 [main] INFO  TC-282_verifySocialMediaSharing - Navigated to product page: Fahrenheit 451 by Ray Bradbury
2025-03-21 08:13:32 [main] INFO  TC-282_verifySocialMediaSharing - Detected social media platforms: [facebook, twitter, print, whatsapp, evernote, meneame]
2025-03-21 08:13:32 [main] INFO  TC-282_verifySocialMediaSharing - Clicked share button for: facebook
2025-03-21 08:13:35 [main] INFO  TC-282_verifySocialMediaSharing - Successfully navigated to facebook share page: https://www.facebook.com/sharer.php?t=Fahrenheit%20451%20by%20Ray%20Bradbury&u=https%3A%2F%2Fdemo.nopcommerce.com%2Ffahrenheit-451-by-ray-bradbury
2025-03-21 08:13:37 [main] INFO  TC-282_verifySocialMediaSharing - Clicked share button for: twitter
2025-03-21 08:13:43 [main] INFO  TC-282_verifySocialMediaSharing - Successfully navigated to twitter share page: https://x.com/intent/post?text=Fahrenheit%20451%20by%20Ray%20Bradbury&url=https%3A%2F%2Fdemo.nopcommerce.com%2Ffahrenheit-451-by-ray-bradbury
2025-03-21 08:14:02 [main] INFO  TC-282_verifySocialMediaSharing - Clicked share button for: print
2025-03-21 08:14:03 [main] INFO  TC-282_verifySocialMediaSharing - Closing the browser for test: verifySocialMediaSharing
2025-03-21 08:14:04 [main] INFO  TC-282_verifySocialMediaSharing - Browser closed.
2025-03-21 08:15:17 [main] INFO  TC-282_verifySocialMediaSharing - 
===================================================================================== NEW TEST RUN =====================================================================================
2025-03-21 08:15:17 [main] INFO  TC-282_verifySocialMediaSharing - Logger initialized
2025-03-21 08:15:17 [main] INFO  TC-282_verifySocialMediaSharing - Starting test setup for: verifySocialMediaSharing (🔢 Test Case ID: TC-282)
2025-03-21 08:15:34 [main] INFO  TC-282_verifySocialMediaSharing - Navigated to the site: https://demo.nopcommerce.com
2025-03-21 08:15:34 [main] INFO  TC-282_verifySocialMediaSharing - Injected cookie: cf_clearance
2025-03-21 08:15:34 [main] INFO  TC-282_verifySocialMediaSharing - Injected cookie: _ga
2025-03-21 08:15:34 [main] INFO  TC-282_verifySocialMediaSharing - Injected cookie: .Nop.Antiforgery
2025-03-21 08:15:34 [main] INFO  TC-282_verifySocialMediaSharing - Injected cookie: .Nop.Customer
2025-03-21 08:15:34 [main] INFO  TC-282_verifySocialMediaSharing - Injected cookie: .Nop.Culture
2025-03-21 08:15:34 [main] INFO  TC-282_verifySocialMediaSharing - Injected cookie: _ga_SCT41TW89V
2025-03-21 08:15:34 [main] INFO  TC-282_verifySocialMediaSharing - Page refreshed with bypassed cookies.
2025-03-21 08:15:35 [main] INFO  TC-282_verifySocialMediaSharing - Navigated to product page: Fahrenheit 451 by Ray Bradbury
2025-03-21 08:15:38 [main] INFO  TC-282_verifySocialMediaSharing - Detected social media platforms: [facebook, twitter, print, pinterest, email, instapaper]
2025-03-21 08:15:38 [main] INFO  TC-282_verifySocialMediaSharing - Clicked share button for: facebook
2025-03-21 08:15:40 [main] INFO  TC-282_verifySocialMediaSharing - Successfully navigated to facebook share page: https://www.facebook.com/sharer.php?t=Fahrenheit%20451%20by%20Ray%20Bradbury&u=https%3A%2F%2Fdemo.nopcommerce.com%2Ffahrenheit-451-by-ray-bradbury
2025-03-21 08:15:42 [main] INFO  TC-282_verifySocialMediaSharing - Clicked share button for: twitter
2025-03-21 08:15:48 [main] INFO  TC-282_verifySocialMediaSharing - Successfully navigated to twitter share page: https://x.com/intent/post?text=Fahrenheit%20451%20by%20Ray%20Bradbury&url=https%3A%2F%2Fdemo.nopcommerce.com%2Ffahrenheit-451-by-ray-bradbury
2025-03-21 08:15:52 [main] INFO  TC-282_verifySocialMediaSharing - Clicked share button for: print
2025-03-21 08:15:54 [main] WARN  TC-282_verifySocialMediaSharing - Share window did not open for print, but continuing.
2025-03-21 08:15:54 [main] INFO  TC-282_verifySocialMediaSharing - Clicked share button for: pinterest
2025-03-21 08:15:56 [main] INFO  TC-282_verifySocialMediaSharing - Successfully navigated to pinterest share page: https://www.pinterest.com/pin/create/button/?description=Fahrenheit%20451%20by%20Ray%20Bradbury&media=https%3A%2F%2Fdemo.nopcommerce.com%2Fimages%2Fthumbs%2F0000070_fahrenheit-451-by-ray-bradbury_550.jpeg&url=https%3A%2F%2Fdemo.nopcommerce.com%2Ffahrenheit-451-by-ray-bradbury
2025-03-21 08:15:58 [main] WARN  TC-282_verifySocialMediaSharing - Failed to verify sharing for a platform: Cannot invoke "String.startsWith(String)" because "mailtoLink" is null, but continuing.
2025-03-21 08:15:58 [main] INFO  TC-282_verifySocialMediaSharing - Clicked share button for: instapaper
2025-03-21 08:16:01 [main] INFO  TC-282_verifySocialMediaSharing - Successfully navigated to instapaper share page: https://www.instapaper.com/user/login?next=%2Fedit%3Furl%3Dhttps%253A%252F%252Fdemo.nopcommerce.com%252Ffahrenheit-451-by-ray-bradbury%26title%3DFahrenheit%2520451%2520by%2520Ray%2520Bradbury%26description%3DFahrenheit%2520451%2520is%2520a%2520dystopian%2520novel%2520by%2520Ray%2520Bradbury%2520published%2520in%25201953.%2520It%2520is%2520regarded%2520as%2520one%2520of%2520his%2520best%2520works.
2025-03-21 08:16:04 [main] INFO  TC-282_verifySocialMediaSharing - Social media sharing test completed successfully, marking as passed.
2025-03-21 08:16:04 [main] INFO  TC-282_verifySocialMediaSharing - Closing the browser for test: verifySocialMediaSharing
2025-03-21 08:16:04 [main] INFO  TC-282_verifySocialMediaSharing - Browser closed.
