2025-03-18 03:12:22 [main] INFO  UnknownTC_verifyHeaderLinks - 
===================================================================================== NEW TEST RUN =====================================================================================
2025-03-18 03:12:22 [main] INFO  UnknownTC_verifyHeaderLinks - Logger initialized and writing to: E:/Folder/Galal/Courses/Digital Egypt Pioneers Initiative (DEPI) - Software Testing/DEPI Software Tester Graduation Project/automation-framework/reports/logs/UnknownTC_verifyHeaderLinks.log
2025-03-18 03:12:22 [main] INFO  UnknownTC_verifyHeaderLinks - Starting test setup for: verifyHeaderLinks (🔢 Test Case ID: UnknownTC)
2025-03-18 03:12:39 [main] INFO  UnknownTC_verifyHeaderLinks - Navigated to the site: https://demo.nopcommerce.com
2025-03-18 03:12:39 [main] INFO  UnknownTC_verifyHeaderLinks - Injected cookie: cf_clearance
2025-03-18 03:12:39 [main] INFO  UnknownTC_verifyHeaderLinks - Injected cookie: _ga
2025-03-18 03:12:39 [main] INFO  UnknownTC_verifyHeaderLinks - Injected cookie: .Nop.Antiforgery
2025-03-18 03:12:39 [main] INFO  UnknownTC_verifyHeaderLinks - Injected cookie: .Nop.Customer
2025-03-18 03:12:39 [main] INFO  UnknownTC_verifyHeaderLinks - Injected cookie: .Nop.Culture
2025-03-18 03:12:39 [main] INFO  UnknownTC_verifyHeaderLinks - Injected cookie: _ga_SCT41TW89V
2025-03-18 03:12:40 [main] INFO  UnknownTC_verifyHeaderLinks - Page refreshed with bypassed cookies.
2025-03-18 03:12:40 [main] INFO  UnknownTC_verifyHeaderLinks - 🟢 Starting test: verifyHeaderLinks (🔢 Test Case ID: UnknownTC)
2025-03-18 03:12:40 [main] INFO  UnknownTC_verifyHeaderLinks - Navigating to: https://demo.nopcommerce.com
2025-03-18 03:12:40 [main] INFO  UnknownTC_verifyHeaderLinks - Verifying Register link...
2025-03-18 03:12:41 [main] INFO  UnknownTC_verifyHeaderLinks - Register link verification successful!
2025-03-18 03:12:41 [main] INFO  UnknownTC_verifyHeaderLinks - Verifying Login link...
2025-03-18 03:12:41 [main] INFO  UnknownTC_verifyHeaderLinks - Login link verification successful!
2025-03-18 03:12:41 [main] INFO  UnknownTC_verifyHeaderLinks - Verifying Wishlist link...
2025-03-18 03:12:42 [main] INFO  UnknownTC_verifyHeaderLinks - Wishlist link verification successful!
2025-03-18 03:12:42 [main] INFO  UnknownTC_verifyHeaderLinks - Verifying Shopping Cart link...
2025-03-18 03:12:43 [main] INFO  UnknownTC_verifyHeaderLinks - Shopping Cart link verification successful!
2025-03-18 03:12:43 [main] INFO  UnknownTC_verifyHeaderLinks - All header links are verified and clickable!
2025-03-18 03:12:43 [main] INFO  listeners.TestListener - ✅ Test PASSED: verifyHeaderLinks (Duration: 2868ms)
2025-03-18 03:12:43 [main] INFO  UnknownTC_verifyHeaderLinks - Closing the browser for test: verifyHeaderLinks
2025-03-18 03:12:43 [main] INFO  UnknownTC_verifyHeaderLinks - Browser closed.
2025-03-18 03:15:19 [main] INFO  UnknownTC_verifyHeaderLinks - 
===================================================================================== NEW TEST RUN =====================================================================================
2025-03-18 03:15:19 [main] INFO  UnknownTC_verifyHeaderLinks - Logger initialized and writing to: E:/Folder/Galal/Courses/Digital Egypt Pioneers Initiative (DEPI) - Software Testing/DEPI Software Tester Graduation Project/automation-framework/reports/logs/UnknownTC_verifyHeaderLinks.log
2025-03-18 03:15:19 [main] INFO  UnknownTC_verifyHeaderLinks - Starting test setup for: verifyHeaderLinks (🔢 Test Case ID: UnknownTC)
2025-03-18 03:15:36 [main] INFO  UnknownTC_verifyHeaderLinks - Navigated to the site: https://demo.nopcommerce.com
2025-03-18 03:15:36 [main] INFO  UnknownTC_verifyHeaderLinks - Injected cookie: cf_clearance
2025-03-18 03:15:36 [main] INFO  UnknownTC_verifyHeaderLinks - Injected cookie: _ga
2025-03-18 03:15:36 [main] INFO  UnknownTC_verifyHeaderLinks - Injected cookie: .Nop.Antiforgery
2025-03-18 03:15:36 [main] INFO  UnknownTC_verifyHeaderLinks - Injected cookie: .Nop.Customer
2025-03-18 03:15:37 [main] INFO  UnknownTC_verifyHeaderLinks - Injected cookie: .Nop.Culture
2025-03-18 03:15:37 [main] INFO  UnknownTC_verifyHeaderLinks - Injected cookie: _ga_SCT41TW89V
2025-03-18 03:15:37 [main] INFO  UnknownTC_verifyHeaderLinks - Page refreshed with bypassed cookies.
2025-03-18 03:15:37 [main] INFO  UnknownTC_verifyHeaderLinks - 🟢 Starting test: verifyHeaderLinks (🔢 Test Case ID: UnknownTC)
2025-03-18 03:15:37 [main] INFO  UnknownTC_verifyHeaderLinks - Navigating to: https://demo.nopcommerce.com
2025-03-18 03:15:38 [main] INFO  UnknownTC_verifyHeaderLinks - Verifying Register link...
2025-03-18 03:15:38 [main] INFO  UnknownTC_verifyHeaderLinks - Register link verification successful!
2025-03-18 03:15:38 [main] INFO  UnknownTC_verifyHeaderLinks - Verifying Login link...
2025-03-18 03:15:39 [main] INFO  UnknownTC_verifyHeaderLinks - Login link verification successful!
2025-03-18 03:15:39 [main] INFO  UnknownTC_verifyHeaderLinks - Verifying Wishlist link...
2025-03-18 03:15:39 [main] INFO  UnknownTC_verifyHeaderLinks - Wishlist link verification successful!
2025-03-18 03:15:39 [main] INFO  UnknownTC_verifyHeaderLinks - Verifying Shopping Cart link...
2025-03-18 03:15:40 [main] INFO  UnknownTC_verifyHeaderLinks - Shopping Cart link verification successful!
2025-03-18 03:15:40 [main] INFO  UnknownTC_verifyHeaderLinks - All header links are verified and clickable!
2025-03-18 03:15:40 [main] INFO  listeners.TestListener - ✅ Test PASSED: verifyHeaderLinks (Duration: 2728ms)
2025-03-18 03:15:40 [main] INFO  UnknownTC_verifyHeaderLinks - Closing the browser for test: verifyHeaderLinks
2025-03-18 03:15:40 [main] INFO  UnknownTC_verifyHeaderLinks - Browser closed.
2025-03-18 03:23:54 [main] INFO  UnknownTC_verifyHeaderLinks - 
===================================================================================== NEW TEST RUN =====================================================================================
2025-03-18 03:23:54 [main] INFO  UnknownTC_verifyHeaderLinks - Logger initialized and writing to: E:/Folder/Galal/Courses/Digital Egypt Pioneers Initiative (DEPI) - Software Testing/DEPI Software Tester Graduation Project/automation-framework/reports/logs/UnknownTC_verifyHeaderLinks.log
2025-03-18 03:23:54 [main] INFO  UnknownTC_verifyHeaderLinks - Starting test setup for: verifyHeaderLinks (🔢 Test Case ID: UnknownTC)
2025-03-18 03:29:32 [main] INFO  UnknownTC_verifyHeaderLinks - 
===================================================================================== NEW TEST RUN =====================================================================================
2025-03-18 03:29:32 [main] INFO  UnknownTC_verifyHeaderLinks - Logger initialized and writing to: E:/Folder/Galal/Courses/Digital Egypt Pioneers Initiative (DEPI) - Software Testing/DEPI Software Tester Graduation Project/automation-framework/reports/logs/UnknownTC_verifyHeaderLinks.log
2025-03-18 03:29:32 [main] INFO  UnknownTC_verifyHeaderLinks - Starting test setup for: verifyHeaderLinks (🔢 Test Case ID: UnknownTC)
2025-03-18 03:29:51 [main] INFO  UnknownTC_verifyHeaderLinks - Navigated to the site: https://demo.nopcommerce.com
2025-03-18 03:29:51 [main] INFO  UnknownTC_verifyHeaderLinks - Injected cookie: cf_clearance
2025-03-18 03:29:51 [main] INFO  UnknownTC_verifyHeaderLinks - Injected cookie: _ga
2025-03-18 03:29:51 [main] INFO  UnknownTC_verifyHeaderLinks - Injected cookie: .Nop.Antiforgery
2025-03-18 03:29:51 [main] INFO  UnknownTC_verifyHeaderLinks - Injected cookie: .Nop.Customer
2025-03-18 03:29:51 [main] INFO  UnknownTC_verifyHeaderLinks - Injected cookie: .Nop.Culture
2025-03-18 03:29:51 [main] INFO  UnknownTC_verifyHeaderLinks - Injected cookie: _ga_SCT41TW89V
2025-03-18 03:29:51 [main] INFO  UnknownTC_verifyHeaderLinks - Page refreshed with bypassed cookies.
2025-03-18 03:29:51 [main] INFO  UnknownTC_verifyHeaderLinks - 🟢 Starting test: verifyHeaderLinks (🔢 Test Case ID: UnknownTC)
2025-03-18 03:29:51 [main] INFO  UnknownTC_verifyHeaderLinks - Navigating to: https://demo.nopcommerce.com
2025-03-18 03:29:52 [main] INFO  UnknownTC_verifyHeaderLinks - Verifying Register link...
2025-03-18 03:29:53 [main] INFO  UnknownTC_verifyHeaderLinks - Register link verification successful!
2025-03-18 03:29:53 [main] INFO  UnknownTC_verifyHeaderLinks - Verifying Login link...
2025-03-18 03:29:54 [main] INFO  UnknownTC_verifyHeaderLinks - Login link verification successful!
2025-03-18 03:29:54 [main] INFO  UnknownTC_verifyHeaderLinks - Verifying Wishlist link...
2025-03-18 03:29:54 [main] INFO  UnknownTC_verifyHeaderLinks - Wishlist link verification successful!
2025-03-18 03:29:54 [main] INFO  UnknownTC_verifyHeaderLinks - Verifying Shopping Cart link...
2025-03-18 03:29:55 [main] INFO  UnknownTC_verifyHeaderLinks - Shopping Cart link verification successful!
2025-03-18 03:29:55 [main] INFO  UnknownTC_verifyHeaderLinks - All header links are verified and clickable!
2025-03-18 03:29:55 [main] INFO  listeners.TestListener - ✅ Test PASSED: verifyHeaderLinks (Duration: 3576ms)
2025-03-18 03:29:55 [main] INFO  UnknownTC_verifyHeaderLinks - Closing the browser for test: verifyHeaderLinks
2025-03-18 03:29:55 [main] INFO  UnknownTC_verifyHeaderLinks - Browser closed.
2025-03-18 03:34:09 [main] INFO  UnknownTC_verifyHeaderLinks - 
===================================================================================== NEW TEST RUN =====================================================================================
2025-03-18 03:34:09 [main] INFO  UnknownTC_verifyHeaderLinks - Logger initialized and writing to: E:/Folder/Galal/Courses/Digital Egypt Pioneers Initiative (DEPI) - Software Testing/DEPI Software Tester Graduation Project/automation-framework/reports/logs/UnknownTC_verifyHeaderLinks.log
2025-03-18 03:34:09 [main] INFO  UnknownTC_verifyHeaderLinks - Starting test setup for: verifyHeaderLinks (🔢 Test Case ID: UnknownTC)
2025-03-18 03:34:27 [main] INFO  UnknownTC_verifyHeaderLinks - Navigated to the site: https://demo.nopcommerce.com
2025-03-18 03:34:27 [main] INFO  UnknownTC_verifyHeaderLinks - Injected cookie: _ga
2025-03-18 03:34:27 [main] INFO  UnknownTC_verifyHeaderLinks - Injected cookie: cf_clearance
2025-03-18 03:34:27 [main] INFO  UnknownTC_verifyHeaderLinks - Injected cookie: .Nop.Antiforgery
2025-03-18 03:34:27 [main] INFO  UnknownTC_verifyHeaderLinks - Injected cookie: .Nop.Customer
2025-03-18 03:34:27 [main] INFO  UnknownTC_verifyHeaderLinks - Injected cookie: .Nop.Culture
2025-03-18 03:34:27 [main] INFO  UnknownTC_verifyHeaderLinks - Injected cookie: _ga_SCT41TW89V
2025-03-18 03:34:28 [main] INFO  UnknownTC_verifyHeaderLinks - Page refreshed with bypassed cookies.
2025-03-18 03:34:28 [main] INFO  UnknownTC_verifyHeaderLinks - 🟢 Starting test: verifyHeaderLinks (🔢 Test Case ID: UnknownTC)
2025-03-18 03:34:28 [main] INFO  UnknownTC_verifyHeaderLinks - Navigating to: https://demo.nopcommerce.com
2025-03-18 03:34:29 [main] INFO  UnknownTC_verifyHeaderLinks - Verifying Register link...
2025-03-18 03:34:29 [main] INFO  UnknownTC_verifyHeaderLinks - Register link verification successful!
2025-03-18 03:34:29 [main] INFO  UnknownTC_verifyHeaderLinks - Verifying Login link...
2025-03-18 03:34:30 [main] INFO  UnknownTC_verifyHeaderLinks - Login link verification successful!
2025-03-18 03:34:30 [main] INFO  UnknownTC_verifyHeaderLinks - Verifying Wishlist link...
2025-03-18 03:34:31 [main] INFO  UnknownTC_verifyHeaderLinks - Wishlist link verification successful!
2025-03-18 03:34:31 [main] INFO  UnknownTC_verifyHeaderLinks - Verifying Shopping Cart link...
2025-03-18 03:34:31 [main] INFO  UnknownTC_verifyHeaderLinks - Shopping Cart link verification successful!
2025-03-18 03:34:31 [main] INFO  UnknownTC_verifyHeaderLinks - All header links are verified and clickable!
2025-03-18 03:34:31 [main] INFO  listeners.TestListener - ✅ Test PASSED: verifyHeaderLinks (Duration: 3364ms)
2025-03-18 03:34:31 [main] INFO  UnknownTC_verifyHeaderLinks - Closing the browser for test: verifyHeaderLinks
2025-03-18 03:34:32 [main] INFO  UnknownTC_verifyHeaderLinks - Browser closed.
2025-03-18 03:36:37 [main] INFO  UnknownTC_verifyHeaderLinks - 
===================================================================================== NEW TEST RUN =====================================================================================
2025-03-18 03:36:37 [main] INFO  UnknownTC_verifyHeaderLinks - Logger initialized and writing to: E:/Folder/Galal/Courses/Digital Egypt Pioneers Initiative (DEPI) - Software Testing/DEPI Software Tester Graduation Project/automation-framework/reports/logs/UnknownTC_verifyHeaderLinks.log
2025-03-18 03:36:37 [main] INFO  UnknownTC_verifyHeaderLinks - Starting test setup for: verifyHeaderLinks (🔢 Test Case ID: UnknownTC)
2025-03-18 03:36:55 [main] INFO  UnknownTC_verifyHeaderLinks - Navigated to the site: https://demo.nopcommerce.com
2025-03-18 03:36:55 [main] INFO  UnknownTC_verifyHeaderLinks - Injected cookie: _ga
2025-03-18 03:36:55 [main] INFO  UnknownTC_verifyHeaderLinks - Injected cookie: cf_clearance
2025-03-18 03:36:55 [main] INFO  UnknownTC_verifyHeaderLinks - Injected cookie: .Nop.Antiforgery
2025-03-18 03:36:55 [main] INFO  UnknownTC_verifyHeaderLinks - Injected cookie: .Nop.Customer
2025-03-18 03:36:55 [main] INFO  UnknownTC_verifyHeaderLinks - Injected cookie: .Nop.Culture
2025-03-18 03:36:55 [main] INFO  UnknownTC_verifyHeaderLinks - Injected cookie: _ga_SCT41TW89V
2025-03-18 03:36:55 [main] INFO  UnknownTC_verifyHeaderLinks - Page refreshed with bypassed cookies.
2025-03-18 03:36:55 [main] INFO  UnknownTC_verifyHeaderLinks - 🟢 Starting test: verifyHeaderLinks (🔢 Test Case ID: UnknownTC)
2025-03-18 03:36:55 [main] INFO  UnknownTC_verifyHeaderLinks - Navigating to: https://demo.nopcommerce.com
2025-03-18 03:36:56 [main] INFO  UnknownTC_verifyHeaderLinks - Verifying Register link...
2025-03-18 03:36:57 [main] INFO  UnknownTC_verifyHeaderLinks - Register link verification successful!
2025-03-18 03:36:57 [main] INFO  UnknownTC_verifyHeaderLinks - Verifying Login link...
2025-03-18 03:36:57 [main] INFO  UnknownTC_verifyHeaderLinks - Login link verification successful!
2025-03-18 03:36:57 [main] INFO  UnknownTC_verifyHeaderLinks - Verifying Wishlist link...
2025-03-18 03:36:58 [main] INFO  UnknownTC_verifyHeaderLinks - Wishlist link verification successful!
2025-03-18 03:36:58 [main] INFO  UnknownTC_verifyHeaderLinks - Verifying Shopping Cart link...
2025-03-18 03:36:58 [main] INFO  UnknownTC_verifyHeaderLinks - Shopping Cart link verification successful!
2025-03-18 03:36:58 [main] INFO  UnknownTC_verifyHeaderLinks - All header links are verified and clickable!
2025-03-18 03:36:58 [main] INFO  listeners.TestListener - ✅ Test PASSED: verifyHeaderLinks (Duration: 3283ms)
2025-03-18 03:36:58 [main] INFO  UnknownTC_verifyHeaderLinks - Closing the browser for test: verifyHeaderLinks
2025-03-18 03:36:59 [main] INFO  UnknownTC_verifyHeaderLinks - Browser closed.
2025-03-18 03:45:07 [main] INFO  UnknownTC_verifyHeaderLinks - 
===================================================================================== NEW TEST RUN =====================================================================================
2025-03-18 03:45:07 [main] INFO  UnknownTC_verifyHeaderLinks - Logger initialized and writing to: E:/Folder/Galal/Courses/Digital Egypt Pioneers Initiative (DEPI) - Software Testing/DEPI Software Tester Graduation Project/automation-framework/reports/logs/UnknownTC_verifyHeaderLinks.log
2025-03-18 03:45:07 [main] INFO  UnknownTC_verifyHeaderLinks - Starting test setup for: verifyHeaderLinks (🔢 Test Case ID: UnknownTC)
2025-03-18 03:45:25 [main] INFO  UnknownTC_verifyHeaderLinks - Navigated to the site: https://demo.nopcommerce.com
2025-03-18 03:45:25 [main] INFO  UnknownTC_verifyHeaderLinks - Injected cookie: cf_clearance
2025-03-18 03:45:25 [main] INFO  UnknownTC_verifyHeaderLinks - Injected cookie: _ga
2025-03-18 03:45:25 [main] INFO  UnknownTC_verifyHeaderLinks - Injected cookie: .Nop.Antiforgery
2025-03-18 03:45:25 [main] INFO  UnknownTC_verifyHeaderLinks - Injected cookie: .Nop.Customer
2025-03-18 03:45:25 [main] INFO  UnknownTC_verifyHeaderLinks - Injected cookie: .Nop.Culture
2025-03-18 03:45:25 [main] INFO  UnknownTC_verifyHeaderLinks - Injected cookie: _ga_SCT41TW89V
2025-03-18 03:45:26 [main] INFO  UnknownTC_verifyHeaderLinks - Page refreshed with bypassed cookies.
2025-03-18 03:45:26 [main] INFO  UnknownTC_verifyHeaderLinks - 🟢 Starting test: verifyHeaderLinks (🔢 Test Case ID: UnknownTC)
2025-03-18 03:45:26 [main] INFO  UnknownTC_verifyHeaderLinks - Navigating to: https://demo.nopcommerce.com
2025-03-18 03:45:26 [main] INFO  UnknownTC_verifyHeaderLinks - Verifying Register link...
2025-03-18 03:45:27 [main] INFO  UnknownTC_verifyHeaderLinks - Register link verification successful!
2025-03-18 03:45:27 [main] INFO  UnknownTC_verifyHeaderLinks - Verifying Login link...
2025-03-18 03:45:28 [main] INFO  UnknownTC_verifyHeaderLinks - Login link verification successful!
2025-03-18 03:45:28 [main] INFO  UnknownTC_verifyHeaderLinks - Verifying Wishlist link...
2025-03-18 03:45:28 [main] INFO  UnknownTC_verifyHeaderLinks - Wishlist link verification successful!
2025-03-18 03:45:28 [main] INFO  UnknownTC_verifyHeaderLinks - Verifying Shopping Cart link...
2025-03-18 03:45:29 [main] INFO  UnknownTC_verifyHeaderLinks - Shopping Cart link verification successful!
2025-03-18 03:45:29 [main] INFO  UnknownTC_verifyHeaderLinks - All header links are verified and clickable!
2025-03-18 03:45:29 [main] INFO  listeners.TestListener - ✅ Test PASSED: verifyHeaderLinks (Duration: 3304ms)
2025-03-18 03:45:29 [main] INFO  UnknownTC_verifyHeaderLinks - Closing the browser for test: verifyHeaderLinks
2025-03-18 03:45:29 [main] INFO  UnknownTC_verifyHeaderLinks - Browser closed.
2025-03-18 04:02:13 [main] INFO  UnknownTC_verifyHeaderLinks - 
===================================================================================== NEW TEST RUN =====================================================================================
2025-03-18 04:02:13 [main] INFO  UnknownTC_verifyHeaderLinks - Logger initialized and writing to: E:/Folder/Galal/Courses/Digital Egypt Pioneers Initiative (DEPI) - Software Testing/DEPI Software Tester Graduation Project/automation-framework/reports/logs/UnknownTC_verifyHeaderLinks.log
2025-03-18 04:02:13 [main] INFO  UnknownTC_verifyHeaderLinks - Starting test setup for: verifyHeaderLinks (🔢 Test Case ID: UnknownTC)
2025-03-18 04:02:30 [main] INFO  UnknownTC_verifyHeaderLinks - Navigated to the site: https://demo.nopcommerce.com
2025-03-18 04:02:30 [main] INFO  UnknownTC_verifyHeaderLinks - Injected cookie: _ga
2025-03-18 04:02:30 [main] INFO  UnknownTC_verifyHeaderLinks - Injected cookie: cf_clearance
2025-03-18 04:02:30 [main] INFO  UnknownTC_verifyHeaderLinks - Injected cookie: .Nop.Antiforgery
2025-03-18 04:02:30 [main] INFO  UnknownTC_verifyHeaderLinks - Injected cookie: .Nop.Customer
2025-03-18 04:02:30 [main] INFO  UnknownTC_verifyHeaderLinks - Injected cookie: .Nop.Culture
2025-03-18 04:02:30 [main] INFO  UnknownTC_verifyHeaderLinks - Injected cookie: _ga_SCT41TW89V
2025-03-18 04:02:31 [main] INFO  UnknownTC_verifyHeaderLinks - Page refreshed with bypassed cookies.
2025-03-18 04:02:31 [main] INFO  UnknownTC_verifyHeaderLinks - 🟢 Starting test: verifyHeaderLinks (🔢 Test Case ID: UnknownTC)
2025-03-18 04:02:31 [main] INFO  UnknownTC_verifyHeaderLinks - Navigating to: https://demo.nopcommerce.com
2025-03-18 04:02:32 [main] INFO  UnknownTC_verifyHeaderLinks - Verifying Register link...
2025-03-18 04:02:33 [main] INFO  UnknownTC_verifyHeaderLinks - Register link verification successful!
2025-03-18 04:02:33 [main] INFO  UnknownTC_verifyHeaderLinks - Verifying Login link...
2025-03-18 04:02:33 [main] INFO  UnknownTC_verifyHeaderLinks - Login link verification successful!
2025-03-18 04:02:33 [main] INFO  UnknownTC_verifyHeaderLinks - Verifying Wishlist link...
2025-03-18 04:02:34 [main] INFO  UnknownTC_verifyHeaderLinks - Wishlist link verification successful!
2025-03-18 04:02:34 [main] INFO  UnknownTC_verifyHeaderLinks - Verifying Shopping Cart link...
2025-03-18 04:02:35 [main] INFO  UnknownTC_verifyHeaderLinks - Shopping Cart link verification successful!
2025-03-18 04:02:35 [main] INFO  UnknownTC_verifyHeaderLinks - All header links are verified and clickable!
2025-03-18 04:02:35 [main] INFO  listeners.TestListener - ✅ Test PASSED: verifyHeaderLinks (Duration: 3316ms)
2025-03-18 04:02:35 [main] INFO  UnknownTC_verifyHeaderLinks - Closing the browser for test: verifyHeaderLinks
2025-03-18 04:02:35 [main] INFO  UnknownTC_verifyHeaderLinks - Browser closed.
2025-03-18 04:47:20 [main] INFO  UnknownTC_verifyHeaderLinks - 
===================================================================================== NEW TEST RUN =====================================================================================
2025-03-18 04:47:20 [main] INFO  UnknownTC_verifyHeaderLinks - Logger initialized
2025-03-18 04:47:20 [main] INFO  UnknownTC_verifyHeaderLinks - Starting test setup for: verifyHeaderLinks (🔢 Test Case ID: UnknownTC)
2025-03-18 04:47:41 [main] INFO  UnknownTC_verifyHeaderLinks - Navigated to the site: https://demo.nopcommerce.com
2025-03-18 04:47:41 [main] INFO  UnknownTC_verifyHeaderLinks - Injected cookie: cf_clearance
2025-03-18 04:47:41 [main] INFO  UnknownTC_verifyHeaderLinks - Injected cookie: _ga
2025-03-18 04:47:41 [main] INFO  UnknownTC_verifyHeaderLinks - Injected cookie: .Nop.Antiforgery
2025-03-18 04:47:41 [main] INFO  UnknownTC_verifyHeaderLinks - Injected cookie: .Nop.Customer
2025-03-18 04:47:41 [main] INFO  UnknownTC_verifyHeaderLinks - Injected cookie: .Nop.Culture
2025-03-18 04:47:41 [main] INFO  UnknownTC_verifyHeaderLinks - Injected cookie: _ga_SCT41TW89V
2025-03-18 04:47:42 [main] INFO  UnknownTC_verifyHeaderLinks - Page refreshed with bypassed cookies.
2025-03-18 04:47:42 [main] INFO  UnknownTC_verifyHeaderLinks - Navigating to: https://demo.nopcommerce.com/
2025-03-18 04:47:43 [main] INFO  UnknownTC_verifyHeaderLinks - Closing the browser for test: verifyHeaderLinks
2025-03-18 04:47:44 [main] INFO  UnknownTC_verifyHeaderLinks - Browser closed.
2025-03-18 04:48:24 [main] INFO  UnknownTC_verifyHeaderLinks - 
===================================================================================== NEW TEST RUN =====================================================================================
2025-03-18 04:48:24 [main] INFO  UnknownTC_verifyHeaderLinks - Logger initialized
2025-03-18 04:48:24 [main] INFO  UnknownTC_verifyHeaderLinks - Starting test setup for: verifyHeaderLinks (🔢 Test Case ID: UnknownTC)
2025-03-18 04:48:42 [main] INFO  UnknownTC_verifyHeaderLinks - Navigated to the site: https://demo.nopcommerce.com
2025-03-18 04:48:42 [main] INFO  UnknownTC_verifyHeaderLinks - Injected cookie: _ga
2025-03-18 04:48:42 [main] INFO  UnknownTC_verifyHeaderLinks - Injected cookie: cf_clearance
2025-03-18 04:48:42 [main] INFO  UnknownTC_verifyHeaderLinks - Injected cookie: .Nop.Antiforgery
2025-03-18 04:48:42 [main] INFO  UnknownTC_verifyHeaderLinks - Injected cookie: .Nop.Customer
2025-03-18 04:48:42 [main] INFO  UnknownTC_verifyHeaderLinks - Injected cookie: .Nop.Culture
2025-03-18 04:48:42 [main] INFO  UnknownTC_verifyHeaderLinks - Injected cookie: _ga_SCT41TW89V
2025-03-18 04:48:42 [main] INFO  UnknownTC_verifyHeaderLinks - Page refreshed with bypassed cookies.
2025-03-18 04:48:42 [main] INFO  UnknownTC_verifyHeaderLinks - Navigating to: https://demo.nopcommerce.com/
2025-03-18 04:48:43 [main] INFO  UnknownTC_verifyHeaderLinks - Closing the browser for test: verifyHeaderLinks
2025-03-18 04:48:43 [main] INFO  UnknownTC_verifyHeaderLinks - Browser closed.
2025-03-18 04:58:28 [main] INFO  UnknownTC_verifyHeaderLinks - 
===================================================================================== NEW TEST RUN =====================================================================================
2025-03-18 04:58:28 [main] INFO  UnknownTC_verifyHeaderLinks - Logger initialized
2025-03-18 04:58:28 [main] INFO  UnknownTC_verifyHeaderLinks - Starting test setup for: verifyHeaderLinks (🔢 Test Case ID: UnknownTC)
2025-03-18 04:58:45 [main] INFO  UnknownTC_verifyHeaderLinks - Navigated to the site: https://demo.nopcommerce.com
2025-03-18 04:58:45 [main] INFO  UnknownTC_verifyHeaderLinks - Injected cookie: cf_clearance
2025-03-18 04:58:45 [main] INFO  UnknownTC_verifyHeaderLinks - Injected cookie: _ga
2025-03-18 04:58:45 [main] INFO  UnknownTC_verifyHeaderLinks - Injected cookie: .Nop.Antiforgery
2025-03-18 04:58:45 [main] INFO  UnknownTC_verifyHeaderLinks - Injected cookie: .Nop.Customer
2025-03-18 04:58:45 [main] INFO  UnknownTC_verifyHeaderLinks - Injected cookie: .Nop.Culture
2025-03-18 04:58:45 [main] INFO  UnknownTC_verifyHeaderLinks - Injected cookie: _ga_SCT41TW89V
2025-03-18 04:58:46 [main] INFO  UnknownTC_verifyHeaderLinks - Page refreshed with bypassed cookies.
2025-03-18 04:58:46 [main] INFO  UnknownTC_verifyHeaderLinks - Navigating to: https://demo.nopcommerce.com/
2025-03-18 04:58:47 [main] INFO  UnknownTC_verifyHeaderLinks - Closing the browser for test: verifyHeaderLinks
2025-03-18 04:58:47 [main] INFO  UnknownTC_verifyHeaderLinks - Browser closed.
2025-03-18 04:59:33 [main] INFO  UnknownTC_verifyHeaderLinks - 
===================================================================================== NEW TEST RUN =====================================================================================
2025-03-18 04:59:33 [main] INFO  UnknownTC_verifyHeaderLinks - Logger initialized
2025-03-18 04:59:33 [main] INFO  UnknownTC_verifyHeaderLinks - Starting test setup for: verifyHeaderLinks (🔢 Test Case ID: UnknownTC)
2025-03-18 04:59:51 [main] INFO  UnknownTC_verifyHeaderLinks - Navigated to the site: https://demo.nopcommerce.com
2025-03-18 04:59:51 [main] INFO  UnknownTC_verifyHeaderLinks - Injected cookie: _ga
2025-03-18 04:59:51 [main] INFO  UnknownTC_verifyHeaderLinks - Injected cookie: cf_clearance
2025-03-18 04:59:51 [main] INFO  UnknownTC_verifyHeaderLinks - Injected cookie: .Nop.Antiforgery
2025-03-18 04:59:51 [main] INFO  UnknownTC_verifyHeaderLinks - Injected cookie: .Nop.Customer
2025-03-18 04:59:51 [main] INFO  UnknownTC_verifyHeaderLinks - Injected cookie: .Nop.Culture
2025-03-18 04:59:51 [main] INFO  UnknownTC_verifyHeaderLinks - Injected cookie: _ga_SCT41TW89V
2025-03-18 04:59:51 [main] INFO  UnknownTC_verifyHeaderLinks - Page refreshed with bypassed cookies.
2025-03-18 04:59:51 [main] INFO  UnknownTC_verifyHeaderLinks - Navigating to: https://demo.nopcommerce.com/
2025-03-18 04:59:52 [main] INFO  UnknownTC_verifyHeaderLinks - Verifying Register link...
2025-03-18 04:59:52 [main] INFO  UnknownTC_verifyHeaderLinks - Closing the browser for test: verifyHeaderLinks
2025-03-18 04:59:52 [main] INFO  UnknownTC_verifyHeaderLinks - Browser closed.
2025-03-18 05:02:07 [main] INFO  UnknownTC_verifyHeaderLinks - 
===================================================================================== NEW TEST RUN =====================================================================================
2025-03-18 05:02:07 [main] INFO  UnknownTC_verifyHeaderLinks - Logger initialized
2025-03-18 05:02:07 [main] INFO  UnknownTC_verifyHeaderLinks - Starting test setup for: verifyHeaderLinks (🔢 Test Case ID: UnknownTC)
2025-03-18 05:02:24 [main] INFO  UnknownTC_verifyHeaderLinks - Navigated to the site: https://demo.nopcommerce.com
2025-03-18 05:02:24 [main] INFO  UnknownTC_verifyHeaderLinks - Injected cookie: _ga
2025-03-18 05:02:24 [main] INFO  UnknownTC_verifyHeaderLinks - Injected cookie: cf_clearance
2025-03-18 05:02:24 [main] INFO  UnknownTC_verifyHeaderLinks - Injected cookie: .Nop.Antiforgery
2025-03-18 05:02:24 [main] INFO  UnknownTC_verifyHeaderLinks - Injected cookie: .Nop.Customer
2025-03-18 05:02:24 [main] INFO  UnknownTC_verifyHeaderLinks - Injected cookie: .Nop.Culture
2025-03-18 05:02:24 [main] INFO  UnknownTC_verifyHeaderLinks - Injected cookie: _ga_SCT41TW89V
2025-03-18 05:02:25 [main] INFO  UnknownTC_verifyHeaderLinks - Page refreshed with bypassed cookies.
2025-03-18 05:02:25 [main] INFO  UnknownTC_verifyHeaderLinks - Navigating to: https://demo.nopcommerce.com/
2025-03-18 05:02:26 [main] INFO  UnknownTC_verifyHeaderLinks - Verifying Register link...
2025-03-18 05:02:36 [main] INFO  UnknownTC_verifyHeaderLinks - Closing the browser for test: verifyHeaderLinks
2025-03-18 05:02:36 [main] INFO  UnknownTC_verifyHeaderLinks - Browser closed.
2025-03-18 05:03:20 [main] INFO  UnknownTC_verifyHeaderLinks - 
===================================================================================== NEW TEST RUN =====================================================================================
2025-03-18 05:03:20 [main] INFO  UnknownTC_verifyHeaderLinks - Logger initialized
2025-03-18 05:03:20 [main] INFO  UnknownTC_verifyHeaderLinks - Starting test setup for: verifyHeaderLinks (🔢 Test Case ID: UnknownTC)
2025-03-18 05:03:39 [main] INFO  UnknownTC_verifyHeaderLinks - Navigated to the site: https://demo.nopcommerce.com
2025-03-18 05:03:39 [main] INFO  UnknownTC_verifyHeaderLinks - Injected cookie: _ga
2025-03-18 05:03:39 [main] INFO  UnknownTC_verifyHeaderLinks - Injected cookie: cf_clearance
2025-03-18 05:03:39 [main] INFO  UnknownTC_verifyHeaderLinks - Injected cookie: .Nop.Antiforgery
2025-03-18 05:03:39 [main] INFO  UnknownTC_verifyHeaderLinks - Injected cookie: .Nop.Customer
2025-03-18 05:03:39 [main] INFO  UnknownTC_verifyHeaderLinks - Injected cookie: .Nop.Culture
2025-03-18 05:03:39 [main] INFO  UnknownTC_verifyHeaderLinks - Injected cookie: _ga_SCT41TW89V
2025-03-18 05:03:39 [main] INFO  UnknownTC_verifyHeaderLinks - Page refreshed with bypassed cookies.
2025-03-18 05:03:39 [main] INFO  UnknownTC_verifyHeaderLinks - Navigating to: https://demo.nopcommerce.com/
2025-03-18 05:03:40 [main] INFO  UnknownTC_verifyHeaderLinks - Verifying Register link...
2025-03-18 05:03:50 [main] INFO  UnknownTC_verifyHeaderLinks - Closing the browser for test: verifyHeaderLinks
2025-03-18 05:03:51 [main] INFO  UnknownTC_verifyHeaderLinks - Browser closed.
2025-03-18 05:04:14 [main] INFO  UnknownTC_verifyHeaderLinks - 
===================================================================================== NEW TEST RUN =====================================================================================
2025-03-18 05:04:14 [main] INFO  UnknownTC_verifyHeaderLinks - Logger initialized
2025-03-18 05:04:14 [main] INFO  UnknownTC_verifyHeaderLinks - Starting test setup for: verifyHeaderLinks (🔢 Test Case ID: UnknownTC)
2025-03-18 05:04:32 [main] INFO  UnknownTC_verifyHeaderLinks - Navigated to the site: https://demo.nopcommerce.com
2025-03-18 05:04:32 [main] INFO  UnknownTC_verifyHeaderLinks - Injected cookie: cf_clearance
2025-03-18 05:04:32 [main] INFO  UnknownTC_verifyHeaderLinks - Injected cookie: _ga
2025-03-18 05:04:32 [main] INFO  UnknownTC_verifyHeaderLinks - Injected cookie: .Nop.Antiforgery
2025-03-18 05:04:32 [main] INFO  UnknownTC_verifyHeaderLinks - Injected cookie: .Nop.Customer
2025-03-18 05:04:32 [main] INFO  UnknownTC_verifyHeaderLinks - Injected cookie: .Nop.Culture
2025-03-18 05:04:32 [main] INFO  UnknownTC_verifyHeaderLinks - Injected cookie: _ga_SCT41TW89V
2025-03-18 05:04:33 [main] INFO  UnknownTC_verifyHeaderLinks - Page refreshed with bypassed cookies.
2025-03-18 05:04:33 [main] INFO  UnknownTC_verifyHeaderLinks - 🟢 Starting test: verifyHeaderLinks (🔢 Test Case ID: UnknownTC)
2025-03-18 05:04:33 [main] INFO  UnknownTC_verifyHeaderLinks - Navigating to: https://demo.nopcommerce.com/
2025-03-18 05:04:33 [main] INFO  UnknownTC_verifyHeaderLinks - Verifying Register link...
2025-03-18 05:04:44 [main] ERROR listeners.TestListener - ❌ Test FAILED: verifyHeaderLinks
org.openqa.selenium.TimeoutException: Expected condition failed: waiting for element to be clickable: By.linkText: linkText=Register (tried for 10 second(s) with 500 milliseconds interval)
Build info: version: '4.29.0', revision: '5fc1ec94cb'
System info: os.name: 'Windows 11', os.arch: 'amd64', os.version: '10.0', java.version: '23.0.1'
Driver info: org.openqa.selenium.chrome.ChromeDriver
Capabilities {acceptInsecureCerts: false, browserName: chrome, browserVersion: 134.0.6998.89, chrome: {chromedriverVersion: 134.0.6998.88 (7e3d5c978c6d..., userDataDir: C:\Users\MOHAME~1\AppData\L...}, fedcm:accounts: true, goog:chromeOptions: {debuggerAddress: localhost:58039}, networkConnectionEnabled: false, pageLoadStrategy: normal, platformName: windows, proxy: Proxy(), se:cdp: ws://localhost:58039/devtoo..., se:cdpVersion: 134.0.6998.89, setWindowRect: true, strictFileInteractability: false, timeouts: {implicit: 0, pageLoad: 300000, script: 30000}, unhandledPromptBehavior: dismiss and notify, webauthn:extension:credBlob: true, webauthn:extension:largeBlob: true, webauthn:extension:minPinLength: true, webauthn:extension:prf: true, webauthn:virtualAuthenticators: true}
Session ID: 2faa86444b826d07cef90f24c14cb6b9
	at org.openqa.selenium.support.ui.WebDriverWait.timeoutException(WebDriverWait.java:84) ~[selenium-support-4.29.0.jar:?]
	at org.openqa.selenium.support.ui.FluentWait.until(FluentWait.java:228) ~[selenium-support-4.29.0.jar:?]
	at tests.ui.HomePageTest.verifyHeaderLinks(HomePageTest.java:65) ~[test-classes/:?]
	at jdk.internal.reflect.DirectMethodHandleAccessor.invoke(DirectMethodHandleAccessor.java:103) ~[?:?]
	at java.lang.reflect.Method.invoke(Method.java:580) ~[?:?]
	at org.testng.internal.invokers.MethodInvocationHelper.invokeMethod(MethodInvocationHelper.java:141) ~[testng-7.11.0.jar:7.11.0]
	at org.testng.internal.invokers.TestInvoker.invokeMethod(TestInvoker.java:687) ~[testng-7.11.0.jar:7.11.0]
	at org.testng.internal.invokers.TestInvoker.invokeTestMethod(TestInvoker.java:230) ~[testng-7.11.0.jar:7.11.0]
	at org.testng.internal.invokers.MethodRunner.runInSequence(MethodRunner.java:63) ~[testng-7.11.0.jar:7.11.0]
	at org.testng.internal.invokers.TestInvoker$MethodInvocationAgent.invoke(TestInvoker.java:995) ~[testng-7.11.0.jar:7.11.0]
	at org.testng.internal.invokers.TestInvoker.invokeTestMethods(TestInvoker.java:203) ~[testng-7.11.0.jar:7.11.0]
	at org.testng.internal.invokers.TestMethodWorker.invokeTestMethods(TestMethodWorker.java:154) ~[testng-7.11.0.jar:7.11.0]
	at org.testng.internal.invokers.TestMethodWorker.run(TestMethodWorker.java:134) ~[testng-7.11.0.jar:7.11.0]
	at java.util.ArrayList.forEach(ArrayList.java:1597) [?:?]
	at org.testng.TestRunner.privateRun(TestRunner.java:741) [testng-7.11.0.jar:7.11.0]
	at org.testng.TestRunner.run(TestRunner.java:616) [testng-7.11.0.jar:7.11.0]
	at org.testng.SuiteRunner.runTest(SuiteRunner.java:421) [testng-7.11.0.jar:7.11.0]
	at org.testng.SuiteRunner.runSequentially(SuiteRunner.java:413) [testng-7.11.0.jar:7.11.0]
	at org.testng.SuiteRunner.privateRun(SuiteRunner.java:373) [testng-7.11.0.jar:7.11.0]
	at org.testng.SuiteRunner.run(SuiteRunner.java:312) [testng-7.11.0.jar:7.11.0]
	at org.testng.SuiteRunnerWorker.runSuite(SuiteRunnerWorker.java:52) [testng-7.11.0.jar:7.11.0]
	at org.testng.SuiteRunnerWorker.run(SuiteRunnerWorker.java:95) [testng-7.11.0.jar:7.11.0]
	at org.testng.TestNG.runSuitesSequentially(TestNG.java:1274) [testng-7.11.0.jar:7.11.0]
	at org.testng.TestNG.runSuitesLocally(TestNG.java:1208) [testng-7.11.0.jar:7.11.0]
	at org.testng.TestNG.runSuites(TestNG.java:1112) [testng-7.11.0.jar:7.11.0]
	at org.testng.TestNG.run(TestNG.java:1079) [testng-7.11.0.jar:7.11.0]
	at org.apache.maven.surefire.testng.TestNGExecutor.run(TestNGExecutor.java:155) [surefire-testng-3.5.2.jar:3.5.2]
	at org.apache.maven.surefire.testng.TestNGDirectoryTestSuite.executeSingleClass(TestNGDirectoryTestSuite.java:102) [surefire-testng-3.5.2.jar:3.5.2]
	at org.apache.maven.surefire.testng.TestNGDirectoryTestSuite.execute(TestNGDirectoryTestSuite.java:91) [surefire-testng-3.5.2.jar:3.5.2]
	at org.apache.maven.surefire.testng.TestNGProvider.invoke(TestNGProvider.java:137) [surefire-testng-3.5.2.jar:3.5.2]
	at org.apache.maven.surefire.booter.ForkedBooter.runSuitesInProcess(ForkedBooter.java:385) [surefire-booter-3.5.2.jar:3.5.2]
	at org.apache.maven.surefire.booter.ForkedBooter.execute(ForkedBooter.java:162) [surefire-booter-3.5.2.jar:3.5.2]
	at org.apache.maven.surefire.booter.ForkedBooter.run(ForkedBooter.java:507) [surefire-booter-3.5.2.jar:3.5.2]
	at org.apache.maven.surefire.booter.ForkedBooter.main(ForkedBooter.java:495) [surefire-booter-3.5.2.jar:3.5.2]
2025-03-18 05:04:44 [main] INFO  UnknownTC_verifyHeaderLinks - Closing the browser for test: verifyHeaderLinks
2025-03-18 05:04:44 [main] INFO  UnknownTC_verifyHeaderLinks - Browser closed.
2025-03-18 05:08:32 [main] INFO  UnknownTC_verifyHeaderLinks - 
===================================================================================== NEW TEST RUN =====================================================================================
2025-03-18 05:08:32 [main] INFO  UnknownTC_verifyHeaderLinks - Logger initialized
2025-03-18 05:08:32 [main] INFO  UnknownTC_verifyHeaderLinks - Starting test setup for: verifyHeaderLinks (🔢 Test Case ID: UnknownTC)
2025-03-18 05:08:52 [main] INFO  UnknownTC_verifyHeaderLinks - Navigated to the site: https://demo.nopcommerce.com
2025-03-18 05:08:52 [main] INFO  UnknownTC_verifyHeaderLinks - Injected cookie: cf_clearance
2025-03-18 05:08:52 [main] INFO  UnknownTC_verifyHeaderLinks - Injected cookie: _ga
2025-03-18 05:08:52 [main] INFO  UnknownTC_verifyHeaderLinks - Injected cookie: .Nop.Antiforgery
2025-03-18 05:08:52 [main] INFO  UnknownTC_verifyHeaderLinks - Injected cookie: .Nop.Customer
2025-03-18 05:08:52 [main] INFO  UnknownTC_verifyHeaderLinks - Injected cookie: .Nop.Culture
2025-03-18 05:08:52 [main] INFO  UnknownTC_verifyHeaderLinks - Injected cookie: _ga_SCT41TW89V
2025-03-18 05:08:53 [main] INFO  UnknownTC_verifyHeaderLinks - Page refreshed with bypassed cookies.
2025-03-18 05:08:53 [main] INFO  UnknownTC_verifyHeaderLinks - Navigating to: https://demo.nopcommerce.com/
2025-03-18 05:08:54 [main] INFO  UnknownTC_verifyHeaderLinks - Verifying Register link...
2025-03-18 05:08:55 [main] INFO  UnknownTC_verifyHeaderLinks - Register link verification successful!
2025-03-18 05:08:55 [main] INFO  UnknownTC_verifyHeaderLinks - Verifying Login link...
2025-03-18 05:08:55 [main] INFO  UnknownTC_verifyHeaderLinks - Login link verification successful!
2025-03-18 05:08:55 [main] INFO  UnknownTC_verifyHeaderLinks - Verifying Wishlist link...
2025-03-18 05:08:56 [main] INFO  UnknownTC_verifyHeaderLinks - Wishlist link verification successful!
2025-03-18 05:08:56 [main] INFO  UnknownTC_verifyHeaderLinks - Verifying Shopping Cart link...
2025-03-18 05:08:57 [main] INFO  UnknownTC_verifyHeaderLinks - Shopping Cart link verification successful!
2025-03-18 05:08:57 [main] INFO  UnknownTC_verifyHeaderLinks - All header links are verified and clickable!
2025-03-18 05:08:57 [main] INFO  UnknownTC_verifyHeaderLinks - Closing the browser for test: verifyHeaderLinks
2025-03-18 05:08:57 [main] INFO  UnknownTC_verifyHeaderLinks - Browser closed.
