2025-03-25 00:35:02 [main] INFO  TC-034_verifyPasswordStrengthRequirements - 
===================================================================================== NEW TEST RUN =====================================================================================
2025-03-25 00:35:02 [main] INFO  TC-034_verifyPasswordStrengthRequirements - Logger initialized
2025-03-25 00:35:02 [main] INFO  TC-034_verifyPasswordStrengthRequirements - Starting test setup for: verifyPasswordStrengthRequirements (🔢 Test Case ID: TC-034)
2025-03-25 00:35:25 [main] INFO  TC-034_verifyPasswordStrengthRequirements - Navigated to the site: https://demo.nopcommerce.com
2025-03-25 00:35:25 [main] INFO  TC-034_verifyPasswordStrengthRequirements - Injected cookie: _ga
2025-03-25 00:35:25 [main] INFO  TC-034_verifyPasswordStrengthRequirements - Injected cookie: cf_clearance
2025-03-25 00:35:25 [main] INFO  TC-034_verifyPasswordStrengthRequirements - Injected cookie: .Nop.Antiforgery
2025-03-25 00:35:25 [main] INFO  TC-034_verifyPasswordStrengthRequirements - Injected cookie: .Nop.Customer
2025-03-25 00:35:25 [main] INFO  TC-034_verifyPasswordStrengthRequirements - Injected cookie: .Nop.Culture
2025-03-25 00:35:25 [main] INFO  TC-034_verifyPasswordStrengthRequirements - Injected cookie: _ga_SCT41TW89V
2025-03-25 00:35:25 [main] INFO  TC-034_verifyPasswordStrengthRequirements - Page refreshed with bypassed cookies.
2025-03-25 00:35:27 [main] INFO  utils.MainFunctionalities - Navigating to registration page.
2025-03-25 00:35:30 [main] INFO  utils.MainFunctionalities - Clicking 'Register' button.
2025-03-25 00:35:30 [main] INFO  TC-034_verifyPasswordStrengthRequirements - Attempting to register with weak password.
2025-03-25 00:35:33 [main] INFO  TC-034_verifyPasswordStrengthRequirements - Closing the browser for test: verifyPasswordStrengthRequirements
2025-03-25 00:35:34 [main] INFO  TC-034_verifyPasswordStrengthRequirements - Browser closed.
2025-03-25 01:18:44 [main] INFO  TC-034_verifyPasswordStrengthRequirements - 
===================================================================================== NEW TEST RUN =====================================================================================
2025-03-25 01:18:44 [main] INFO  TC-034_verifyPasswordStrengthRequirements - Logger initialized
2025-03-25 01:18:44 [main] INFO  TC-034_verifyPasswordStrengthRequirements - Starting test setup for: verifyPasswordStrengthRequirements (🔢 Test Case ID: TC-034)
2025-03-25 01:19:01 [main] INFO  TC-034_verifyPasswordStrengthRequirements - Navigated to the site: https://demo.nopcommerce.com
2025-03-25 01:19:01 [main] INFO  TC-034_verifyPasswordStrengthRequirements - Injected cookie: _ga
2025-03-25 01:19:01 [main] INFO  TC-034_verifyPasswordStrengthRequirements - Injected cookie: cf_clearance
2025-03-25 01:19:01 [main] INFO  TC-034_verifyPasswordStrengthRequirements - Injected cookie: .Nop.Antiforgery
2025-03-25 01:19:01 [main] INFO  TC-034_verifyPasswordStrengthRequirements - Injected cookie: .Nop.Customer
2025-03-25 01:19:01 [main] INFO  TC-034_verifyPasswordStrengthRequirements - Injected cookie: .Nop.Culture
2025-03-25 01:19:01 [main] INFO  TC-034_verifyPasswordStrengthRequirements - Injected cookie: _ga_SCT41TW89V
2025-03-25 01:19:01 [main] INFO  TC-034_verifyPasswordStrengthRequirements - Page refreshed with bypassed cookies.
2025-03-25 01:19:01 [main] INFO  TC-034_verifyPasswordStrengthRequirements - 🟢 Starting test: verifyPasswordStrengthRequirements (🔢 Test Case ID: TC-034)
2025-03-25 01:19:02 [main] INFO  utils.MainFunctionalities - Navigating to registration page.
2025-03-25 01:19:07 [main] INFO  utils.MainFunctionalities - Clicking 'Register' button.
2025-03-25 01:19:07 [main] INFO  TC-034_verifyPasswordStrengthRequirements - Attempting to register with weak password.
2025-03-25 01:19:10 [main] ERROR listeners.TestListener - ❌ Test FAILED: verifyPasswordStrengthRequirements
java.lang.AssertionError: Error message did not include 'at least 8 characters' requirement. expected [true] but found [false]
	at org.testng.Assert.fail(Assert.java:111) ~[testng-7.11.0.jar:7.11.0]
	at org.testng.Assert.failNotEquals(Assert.java:1590) ~[testng-7.11.0.jar:7.11.0]
	at org.testng.Assert.assertTrue(Assert.java:57) ~[testng-7.11.0.jar:7.11.0]
	at tests.ui.SecurityTest.verifyPasswordStrengthRequirements(SecurityTest.java:149) ~[test-classes/:?]
	at jdk.internal.reflect.DirectMethodHandleAccessor.invoke(DirectMethodHandleAccessor.java:103) ~[?:?]
	at java.lang.reflect.Method.invoke(Method.java:580) ~[?:?]
	at org.testng.internal.invokers.MethodInvocationHelper.invokeMethod(MethodInvocationHelper.java:141) ~[testng-7.11.0.jar:7.11.0]
	at org.testng.internal.invokers.TestInvoker.invokeMethod(TestInvoker.java:687) ~[testng-7.11.0.jar:7.11.0]
	at org.testng.internal.invokers.TestInvoker.invokeTestMethod(TestInvoker.java:230) ~[testng-7.11.0.jar:7.11.0]
	at org.testng.internal.invokers.MethodRunner.runInSequence(MethodRunner.java:63) ~[testng-7.11.0.jar:7.11.0]
	at org.testng.internal.invokers.TestInvoker$MethodInvocationAgent.invoke(TestInvoker.java:995) ~[testng-7.11.0.jar:7.11.0]
	at org.testng.internal.invokers.TestInvoker.invokeTestMethods(TestInvoker.java:203) ~[testng-7.11.0.jar:7.11.0]
	at org.testng.internal.invokers.TestMethodWorker.invokeTestMethods(TestMethodWorker.java:154) ~[testng-7.11.0.jar:7.11.0]
	at org.testng.internal.invokers.TestMethodWorker.run(TestMethodWorker.java:134) ~[testng-7.11.0.jar:7.11.0]
	at java.util.ArrayList.forEach(ArrayList.java:1597) [?:?]
	at org.testng.TestRunner.privateRun(TestRunner.java:741) [testng-7.11.0.jar:7.11.0]
	at org.testng.TestRunner.run(TestRunner.java:616) [testng-7.11.0.jar:7.11.0]
	at org.testng.SuiteRunner.runTest(SuiteRunner.java:421) [testng-7.11.0.jar:7.11.0]
	at org.testng.SuiteRunner.runSequentially(SuiteRunner.java:413) [testng-7.11.0.jar:7.11.0]
	at org.testng.SuiteRunner.privateRun(SuiteRunner.java:373) [testng-7.11.0.jar:7.11.0]
	at org.testng.SuiteRunner.run(SuiteRunner.java:312) [testng-7.11.0.jar:7.11.0]
	at org.testng.SuiteRunnerWorker.runSuite(SuiteRunnerWorker.java:52) [testng-7.11.0.jar:7.11.0]
	at org.testng.SuiteRunnerWorker.run(SuiteRunnerWorker.java:95) [testng-7.11.0.jar:7.11.0]
	at org.testng.TestNG.runSuitesSequentially(TestNG.java:1274) [testng-7.11.0.jar:7.11.0]
	at org.testng.TestNG.runSuitesLocally(TestNG.java:1208) [testng-7.11.0.jar:7.11.0]
	at org.testng.TestNG.runSuites(TestNG.java:1112) [testng-7.11.0.jar:7.11.0]
	at org.testng.TestNG.run(TestNG.java:1079) [testng-7.11.0.jar:7.11.0]
	at org.apache.maven.surefire.testng.TestNGExecutor.run(TestNGExecutor.java:155) [surefire-testng-3.5.2.jar:3.5.2]
	at org.apache.maven.surefire.testng.TestNGDirectoryTestSuite.executeSingleClass(TestNGDirectoryTestSuite.java:102) [surefire-testng-3.5.2.jar:3.5.2]
	at org.apache.maven.surefire.testng.TestNGDirectoryTestSuite.execute(TestNGDirectoryTestSuite.java:91) [surefire-testng-3.5.2.jar:3.5.2]
	at org.apache.maven.surefire.testng.TestNGProvider.invoke(TestNGProvider.java:137) [surefire-testng-3.5.2.jar:3.5.2]
	at org.apache.maven.surefire.booter.ForkedBooter.runSuitesInProcess(ForkedBooter.java:385) [surefire-booter-3.5.2.jar:3.5.2]
	at org.apache.maven.surefire.booter.ForkedBooter.execute(ForkedBooter.java:162) [surefire-booter-3.5.2.jar:3.5.2]
	at org.apache.maven.surefire.booter.ForkedBooter.run(ForkedBooter.java:507) [surefire-booter-3.5.2.jar:3.5.2]
	at org.apache.maven.surefire.booter.ForkedBooter.main(ForkedBooter.java:495) [surefire-booter-3.5.2.jar:3.5.2]
2025-03-25 01:19:10 [main] INFO  TC-034_verifyPasswordStrengthRequirements - Closing the browser for test: verifyPasswordStrengthRequirements
2025-03-25 01:19:10 [main] INFO  TC-034_verifyPasswordStrengthRequirements - Browser closed.
