2025-03-25 00:52:54 [main] INFO  TC-118_verifyChangePasswordFromDashboard - 
===================================================================================== NEW TEST RUN =====================================================================================
2025-03-25 00:52:54 [main] INFO  TC-118_verifyChangePasswordFromDashboard - Logger initialized
2025-03-25 00:52:54 [main] INFO  TC-118_verifyChangePasswordFromDashboard - Starting test setup for: verifyChangePasswordFromDashboard (🔢 Test Case ID: TC-118)
2025-03-25 00:53:13 [main] INFO  TC-118_verifyChangePasswordFromDashboard - Navigated to the site: https://demo.nopcommerce.com
2025-03-25 00:53:13 [main] INFO  TC-118_verifyChangePasswordFromDashboard - Injected cookie: cf_clearance
2025-03-25 00:53:13 [main] INFO  TC-118_verifyChangePasswordFromDashboard - Injected cookie: _ga
2025-03-25 00:53:13 [main] INFO  TC-118_verifyChangePasswordFromDashboard - Injected cookie: .Nop.Antiforgery
2025-03-25 00:53:13 [main] INFO  TC-118_verifyChangePasswordFromDashboard - Injected cookie: .Nop.Customer
2025-03-25 00:53:13 [main] INFO  TC-118_verifyChangePasswordFromDashboard - Injected cookie: .Nop.Culture
2025-03-25 00:53:13 [main] INFO  TC-118_verifyChangePasswordFromDashboard - Injected cookie: _ga_SCT41TW89V
2025-03-25 00:53:13 [main] INFO  TC-118_verifyChangePasswordFromDashboard - Page refreshed with bypassed cookies.
2025-03-25 00:53:14 [main] INFO  utils.MainFunctionalities - Navigated to login page
2025-03-25 00:53:20 [main] INFO  TC-118_verifyChangePasswordFromDashboard - Closing the browser for test: verifyChangePasswordFromDashboard
2025-03-25 00:53:21 [main] INFO  TC-118_verifyChangePasswordFromDashboard - Browser closed.
2025-03-25 00:58:43 [main] INFO  TC-118_verifyChangePasswordFromDashboard - 
===================================================================================== NEW TEST RUN =====================================================================================
2025-03-25 00:58:43 [main] INFO  TC-118_verifyChangePasswordFromDashboard - Logger initialized
2025-03-25 00:58:43 [main] INFO  TC-118_verifyChangePasswordFromDashboard - Starting test setup for: verifyChangePasswordFromDashboard (🔢 Test Case ID: TC-118)
2025-03-25 00:59:00 [main] INFO  TC-118_verifyChangePasswordFromDashboard - Navigated to the site: https://demo.nopcommerce.com
2025-03-25 00:59:00 [main] INFO  TC-118_verifyChangePasswordFromDashboard - Injected cookie: cf_clearance
2025-03-25 00:59:00 [main] INFO  TC-118_verifyChangePasswordFromDashboard - Injected cookie: _ga
2025-03-25 00:59:00 [main] INFO  TC-118_verifyChangePasswordFromDashboard - Injected cookie: .Nop.Antiforgery
2025-03-25 00:59:00 [main] INFO  TC-118_verifyChangePasswordFromDashboard - Injected cookie: .Nop.Customer
2025-03-25 00:59:00 [main] INFO  TC-118_verifyChangePasswordFromDashboard - Injected cookie: .Nop.Culture
2025-03-25 00:59:00 [main] INFO  TC-118_verifyChangePasswordFromDashboard - Injected cookie: _ga_SCT41TW89V
2025-03-25 00:59:00 [main] INFO  TC-118_verifyChangePasswordFromDashboard - Page refreshed with bypassed cookies.
2025-03-25 00:59:01 [main] INFO  utils.MainFunctionalities - Navigating to registration page.
2025-03-25 00:59:06 [main] INFO  utils.MainFunctionalities - Clicking 'Register' button.
2025-03-25 00:59:06 [main] INFO  utils.MainFunctionalities - Navigated to login page
2025-03-25 00:59:11 [main] INFO  utils.MainFunctionalities - Entered username and password
2025-03-25 00:59:13 [main] INFO  utils.MainFunctionalities - User is logged in successfully.
2025-03-25 00:59:13 [main] INFO  TC-118_verifyChangePasswordFromDashboard - Navigated to 'My Account' section.
2025-03-25 00:59:14 [main] INFO  utils.MainFunctionalities - Navigated to 'Change Password' page.
2025-03-25 00:59:16 [main] INFO  TC-118_verifyChangePasswordFromDashboard - Closing the browser for test: verifyChangePasswordFromDashboard
2025-03-25 00:59:17 [main] INFO  TC-118_verifyChangePasswordFromDashboard - Browser closed.
2025-03-25 01:02:42 [main] INFO  TC-118_verifyChangePasswordFromDashboard - 
===================================================================================== NEW TEST RUN =====================================================================================
2025-03-25 01:02:42 [main] INFO  TC-118_verifyChangePasswordFromDashboard - Logger initialized
2025-03-25 01:02:42 [main] INFO  TC-118_verifyChangePasswordFromDashboard - Starting test setup for: verifyChangePasswordFromDashboard (🔢 Test Case ID: TC-118)
2025-03-25 01:03:00 [main] INFO  TC-118_verifyChangePasswordFromDashboard - Navigated to the site: https://demo.nopcommerce.com
2025-03-25 01:03:00 [main] INFO  TC-118_verifyChangePasswordFromDashboard - Injected cookie: cf_clearance
2025-03-25 01:03:00 [main] INFO  TC-118_verifyChangePasswordFromDashboard - Injected cookie: _ga
2025-03-25 01:03:00 [main] INFO  TC-118_verifyChangePasswordFromDashboard - Injected cookie: .Nop.Antiforgery
2025-03-25 01:03:00 [main] INFO  TC-118_verifyChangePasswordFromDashboard - Injected cookie: .Nop.Customer
2025-03-25 01:03:00 [main] INFO  TC-118_verifyChangePasswordFromDashboard - Injected cookie: .Nop.Culture
2025-03-25 01:03:00 [main] INFO  TC-118_verifyChangePasswordFromDashboard - Injected cookie: _ga_SCT41TW89V
2025-03-25 01:03:00 [main] INFO  TC-118_verifyChangePasswordFromDashboard - Page refreshed with bypassed cookies.
2025-03-25 01:03:01 [main] INFO  utils.MainFunctionalities - Navigating to registration page.
2025-03-25 01:03:04 [main] INFO  TC-118_verifyChangePasswordFromDashboard - Closing the browser for test: verifyChangePasswordFromDashboard
2025-03-25 01:03:04 [main] INFO  TC-118_verifyChangePasswordFromDashboard - Browser closed.
2025-03-25 01:03:12 [main] INFO  TC-118_verifyChangePasswordFromDashboard - 
===================================================================================== NEW TEST RUN =====================================================================================
2025-03-25 01:03:12 [main] INFO  TC-118_verifyChangePasswordFromDashboard - Logger initialized
2025-03-25 01:03:12 [main] INFO  TC-118_verifyChangePasswordFromDashboard - Starting test setup for: verifyChangePasswordFromDashboard (🔢 Test Case ID: TC-118)
2025-03-25 01:03:35 [main] INFO  TC-118_verifyChangePasswordFromDashboard - Navigated to the site: https://demo.nopcommerce.com
2025-03-25 01:03:35 [main] INFO  TC-118_verifyChangePasswordFromDashboard - Injected cookie: _ga
2025-03-25 01:03:35 [main] INFO  TC-118_verifyChangePasswordFromDashboard - Injected cookie: cf_clearance
2025-03-25 01:03:35 [main] INFO  TC-118_verifyChangePasswordFromDashboard - Injected cookie: .Nop.Antiforgery
2025-03-25 01:03:35 [main] INFO  TC-118_verifyChangePasswordFromDashboard - Injected cookie: .Nop.Customer
2025-03-25 01:03:35 [main] INFO  TC-118_verifyChangePasswordFromDashboard - Injected cookie: .Nop.Culture
2025-03-25 01:03:35 [main] INFO  TC-118_verifyChangePasswordFromDashboard - Injected cookie: _ga_SCT41TW89V
2025-03-25 01:03:36 [main] INFO  TC-118_verifyChangePasswordFromDashboard - Page refreshed with bypassed cookies.
2025-03-25 01:03:37 [main] INFO  utils.MainFunctionalities - Navigating to registration page.
2025-03-25 01:03:44 [main] INFO  utils.MainFunctionalities - Clicking 'Register' button.
2025-03-25 01:03:45 [main] INFO  utils.MainFunctionalities - Navigated to login page
2025-03-25 01:03:50 [main] INFO  utils.MainFunctionalities - Entered username and password
2025-03-25 01:03:52 [main] INFO  utils.MainFunctionalities - User is logged in successfully.
2025-03-25 01:03:53 [main] INFO  TC-118_verifyChangePasswordFromDashboard - Navigated to 'My Account' section.
2025-03-25 01:03:53 [main] INFO  utils.MainFunctionalities - Navigated to 'Change Password' page.
2025-03-25 01:03:57 [main] INFO  utils.MainFunctionalities - New password entered and change submitted.
2025-03-25 01:03:59 [main] INFO  utils.MainFunctionalities - Password changed successfully: Password was changed
2025-03-25 01:03:59 [main] INFO  utils.MainFunctionalities - Closed success notification.
2025-03-25 01:04:01 [main] INFO  utils.MainFunctionalities - User successfully logged in.
2025-03-25 01:04:05 [main] INFO  utils.MainFunctionalities - Clicking 'Logout' button.
2025-03-25 01:04:09 [main] INFO  utils.MainFunctionalities - User successfully logged out.
2025-03-25 01:04:10 [main] INFO  utils.MainFunctionalities - Navigated to login page
2025-03-25 01:04:16 [main] INFO  utils.MainFunctionalities - Entered username and password
2025-03-25 01:04:17 [main] INFO  utils.MainFunctionalities - User is logged in successfully.
2025-03-25 01:04:17 [main] INFO  TC-118_verifyChangePasswordFromDashboard - Logged in with new password successfully.
2025-03-25 01:04:17 [main] INFO  TC-118_verifyChangePasswordFromDashboard - Closing the browser for test: verifyChangePasswordFromDashboard
2025-03-25 01:04:17 [main] INFO  TC-118_verifyChangePasswordFromDashboard - Browser closed.
2025-03-25 01:17:15 [main] INFO  TC-118_verifyChangePasswordFromDashboard - 
===================================================================================== NEW TEST RUN =====================================================================================
2025-03-25 01:17:15 [main] INFO  TC-118_verifyChangePasswordFromDashboard - Logger initialized
2025-03-25 01:17:15 [main] INFO  TC-118_verifyChangePasswordFromDashboard - Starting test setup for: verifyChangePasswordFromDashboard (🔢 Test Case ID: TC-118)
2025-03-25 01:17:31 [main] INFO  TC-118_verifyChangePasswordFromDashboard - Navigated to the site: https://demo.nopcommerce.com
2025-03-25 01:17:31 [main] INFO  TC-118_verifyChangePasswordFromDashboard - Injected cookie: _ga
2025-03-25 01:17:31 [main] INFO  TC-118_verifyChangePasswordFromDashboard - Injected cookie: cf_clearance
2025-03-25 01:17:31 [main] INFO  TC-118_verifyChangePasswordFromDashboard - Injected cookie: .Nop.Antiforgery
2025-03-25 01:17:31 [main] INFO  TC-118_verifyChangePasswordFromDashboard - Injected cookie: .Nop.Customer
2025-03-25 01:17:31 [main] INFO  TC-118_verifyChangePasswordFromDashboard - Injected cookie: .Nop.Culture
2025-03-25 01:17:31 [main] INFO  TC-118_verifyChangePasswordFromDashboard - Injected cookie: _ga_SCT41TW89V
2025-03-25 01:17:31 [main] INFO  TC-118_verifyChangePasswordFromDashboard - Page refreshed with bypassed cookies.
2025-03-25 01:17:31 [main] INFO  TC-118_verifyChangePasswordFromDashboard - 🟢 Starting test: verifyChangePasswordFromDashboard (🔢 Test Case ID: TC-118)
2025-03-25 01:17:32 [main] INFO  utils.MainFunctionalities - Navigating to registration page.
2025-03-25 01:17:36 [main] INFO  utils.MainFunctionalities - Clicking 'Register' button.
2025-03-25 01:17:36 [main] INFO  utils.MainFunctionalities - Navigated to login page
2025-03-25 01:17:43 [main] INFO  utils.MainFunctionalities - Entered username and password
2025-03-25 01:17:44 [main] INFO  utils.MainFunctionalities - User is logged in successfully.
2025-03-25 01:17:45 [main] INFO  TC-118_verifyChangePasswordFromDashboard - Navigated to 'My Account' section.
2025-03-25 01:17:46 [main] INFO  utils.MainFunctionalities - Navigated to 'Change Password' page.
2025-03-25 01:17:48 [main] INFO  utils.MainFunctionalities - New password entered and change submitted.
2025-03-25 01:17:50 [main] INFO  utils.MainFunctionalities - Password changed successfully: Password was changed
2025-03-25 01:17:50 [main] INFO  utils.MainFunctionalities - Closed success notification.
2025-03-25 01:17:53 [main] INFO  utils.MainFunctionalities - User successfully logged in.
2025-03-25 01:17:55 [main] INFO  utils.MainFunctionalities - Clicking 'Logout' button.
2025-03-25 01:17:58 [main] INFO  utils.MainFunctionalities - User successfully logged out.
2025-03-25 01:17:59 [main] INFO  utils.MainFunctionalities - Navigated to login page
2025-03-25 01:18:05 [main] INFO  utils.MainFunctionalities - Entered username and password
2025-03-25 01:18:07 [main] INFO  utils.MainFunctionalities - User is logged in successfully.
2025-03-25 01:18:07 [main] INFO  TC-118_verifyChangePasswordFromDashboard - Logged in with new password successfully.
2025-03-25 01:18:07 [main] INFO  listeners.TestListener - ✅ Test PASSED: verifyChangePasswordFromDashboard (Duration: 35755ms)
2025-03-25 01:18:07 [main] INFO  TC-118_verifyChangePasswordFromDashboard - Closing the browser for test: verifyChangePasswordFromDashboard
2025-03-25 01:18:08 [main] INFO  TC-118_verifyChangePasswordFromDashboard - Browser closed.
