2025-03-18 13:03:33 [main] INFO  TC-005_TC-006_TC-072_verifyCheckoutProcessAsGuest - 
===================================================================================== NEW TEST RUN =====================================================================================
2025-03-18 13:03:33 [main] INFO  TC-005_TC-006_TC-072_verifyCheckoutProcessAsGuest - Logger initialized
2025-03-18 13:03:33 [main] INFO  TC-005_TC-006_TC-072_verifyCheckoutProcessAsGuest - Starting test setup for: verifyCheckoutProcessAsGuest (🔢 Test Case ID: TC-005_TC-006_TC-072)
2025-03-18 13:03:53 [main] INFO  TC-005_TC-006_TC-072_verifyCheckoutProcessAsGuest - Navigated to the site: https://demo.nopcommerce.com
2025-03-18 13:03:53 [main] INFO  TC-005_TC-006_TC-072_verifyCheckoutProcessAsGuest - Injected cookie: cf_clearance
2025-03-18 13:03:53 [main] INFO  TC-005_TC-006_TC-072_verifyCheckoutProcessAsGuest - Injected cookie: _ga
2025-03-18 13:03:53 [main] INFO  TC-005_TC-006_TC-072_verifyCheckoutProcessAsGuest - Injected cookie: .Nop.Antiforgery
2025-03-18 13:03:53 [main] INFO  TC-005_TC-006_TC-072_verifyCheckoutProcessAsGuest - Injected cookie: .Nop.Customer
2025-03-18 13:03:53 [main] INFO  TC-005_TC-006_TC-072_verifyCheckoutProcessAsGuest - Injected cookie: .Nop.Culture
2025-03-18 13:03:53 [main] INFO  TC-005_TC-006_TC-072_verifyCheckoutProcessAsGuest - Injected cookie: _ga_SCT41TW89V
2025-03-18 13:03:54 [main] INFO  TC-005_TC-006_TC-072_verifyCheckoutProcessAsGuest - Page refreshed with bypassed cookies.
2025-03-18 13:03:54 [main] INFO  TC-005_TC-006_TC-072_verifyCheckoutProcessAsGuest - 🟢 Starting test: verifyCheckoutProcessAsGuest (🔢 Test Case ID: TC-005_TC-006_TC-072)
2025-03-18 13:03:54 [main] INFO  TC-005_TC-006_TC-072_verifyCheckoutProcessAsGuest - Navigating to product page: https://demo.nopcommerce.com/adobe-photoshop
2025-03-18 13:03:57 [main] INFO  TC-005_TC-006_TC-072_verifyCheckoutProcessAsGuest - Clicked 'Add to Cart' button.
2025-03-18 13:03:59 [main] INFO  TC-005_TC-006_TC-072_verifyCheckoutProcessAsGuest - Product successfully added to cart.
2025-03-18 13:04:01 [main] INFO  TC-005_TC-006_TC-072_verifyCheckoutProcessAsGuest - Cart quantity updated to: 1
2025-03-18 13:04:04 [main] INFO  TC-005_TC-006_TC-072_verifyCheckoutProcessAsGuest - Cart page loaded successfully.
2025-03-18 13:04:06 [main] INFO  TC-005_TC-006_TC-072_verifyCheckoutProcessAsGuest - Accepted terms of service.
2025-03-18 13:04:13 [main] INFO  TC-005_TC-006_TC-072_verifyCheckoutProcessAsGuest - Selected 'Checkout as Guest' option.
2025-03-18 13:04:16 [main] INFO  TC-005_TC-006_TC-072_verifyCheckoutProcessAsGuest - Checkout page loaded successfully.
2025-03-18 13:04:19 [main] INFO  TC-005_TC-006_TC-072_verifyCheckoutProcessAsGuest - Checked 'Ship to the same address' option.
2025-03-18 13:04:23 [main] INFO  TC-005_TC-006_TC-072_verifyCheckoutProcessAsGuest - Shipping method selected.
2025-03-18 13:04:26 [main] INFO  TC-005_TC-006_TC-072_verifyCheckoutProcessAsGuest - Payment method selected.
2025-03-18 13:04:27 [main] INFO  TC-005_TC-006_TC-072_verifyCheckoutProcessAsGuest - Payment details entered.
2025-03-18 13:04:30 [main] INFO  TC-005_TC-006_TC-072_verifyCheckoutProcessAsGuest - Order confirmed.
2025-03-18 13:04:31 [main] INFO  TC-005_TC-006_TC-072_verifyCheckoutProcessAsGuest - "TC-005 & TC-006 & TC-072" Passed: Order placed successfully!
2025-03-18 13:04:31 [main] INFO  listeners.TestListener - ✅ Test PASSED: verifyCheckoutProcessAsGuest (Duration: 37169ms)
2025-03-18 13:04:31 [main] INFO  TC-005_TC-006_TC-072_verifyCheckoutProcessAsGuest - Closing the browser for test: verifyCheckoutProcessAsGuest
2025-03-18 13:04:32 [main] INFO  TC-005_TC-006_TC-072_verifyCheckoutProcessAsGuest - Browser closed.
