2025-03-18 13:02:54 [main] INFO  TC-004_verifyCheckoutPageLoads - 
===================================================================================== NEW TEST RUN =====================================================================================
2025-03-18 13:02:54 [main] INFO  TC-004_verifyCheckoutPageLoads - Logger initialized
2025-03-18 13:02:54 [main] INFO  TC-004_verifyCheckoutPageLoads - Starting test setup for: verifyCheckoutPageLoads (🔢 Test Case ID: TC-004)
2025-03-18 13:03:15 [main] INFO  TC-004_verifyCheckoutPageLoads - Navigated to the site: https://demo.nopcommerce.com
2025-03-18 13:03:15 [main] INFO  TC-004_verifyCheckoutPageLoads - Injected cookie: _ga
2025-03-18 13:03:15 [main] INFO  TC-004_verifyCheckoutPageLoads - Injected cookie: cf_clearance
2025-03-18 13:03:15 [main] INFO  TC-004_verifyCheckoutPageLoads - Injected cookie: .Nop.Antiforgery
2025-03-18 13:03:15 [main] INFO  TC-004_verifyCheckoutPageLoads - Injected cookie: .Nop.Customer
2025-03-18 13:03:15 [main] INFO  TC-004_verifyCheckoutPageLoads - Injected cookie: .Nop.Culture
2025-03-18 13:03:15 [main] INFO  TC-004_verifyCheckoutPageLoads - Injected cookie: _ga_SCT41TW89V
2025-03-18 13:03:16 [main] INFO  TC-004_verifyCheckoutPageLoads - Page refreshed with bypassed cookies.
2025-03-18 13:03:16 [main] INFO  TC-004_verifyCheckoutPageLoads - 🟢 Starting test: verifyCheckoutPageLoads (🔢 Test Case ID: TC-004)
2025-03-18 13:03:16 [main] INFO  TC-004_verifyCheckoutPageLoads - Navigating to product page: https://demo.nopcommerce.com/adobe-photoshop
2025-03-18 13:03:20 [main] INFO  TC-004_verifyCheckoutPageLoads - Clicked 'Add to Cart' button.
2025-03-18 13:03:21 [main] INFO  TC-004_verifyCheckoutPageLoads - Product successfully added to cart.
2025-03-18 13:03:23 [main] INFO  TC-004_verifyCheckoutPageLoads - Cart quantity updated to: 1
2025-03-18 13:03:26 [main] INFO  TC-004_verifyCheckoutPageLoads - Cart page loaded successfully.
2025-03-18 13:03:28 [main] INFO  TC-004_verifyCheckoutPageLoads - Accepted terms of service.
2025-03-18 13:03:30 [main] INFO  TC-004_verifyCheckoutPageLoads - Clicked on Checkout button.
2025-03-18 13:03:32 [main] INFO  TC-004_verifyCheckoutPageLoads - "TC-004" Passed: Checkout page loaded successfully.
2025-03-18 13:03:32 [main] INFO  listeners.TestListener - ✅ Test PASSED: verifyCheckoutPageLoads (Duration: 16607ms)
2025-03-18 13:03:32 [main] INFO  TC-004_verifyCheckoutPageLoads - Closing the browser for test: verifyCheckoutPageLoads
2025-03-18 13:03:33 [main] INFO  TC-004_verifyCheckoutPageLoads - Browser closed.
