2025-03-19 06:49:08 [main] INFO  TC-182_verifyCartIconUpdatesCount - 
===================================================================================== NEW TEST RUN =====================================================================================
2025-03-19 06:49:08 [main] INFO  TC-182_verifyCartIconUpdatesCount - Logger initialized
2025-03-19 06:49:08 [main] INFO  TC-182_verifyCartIconUpdatesCount - Starting test setup for: verifyCartIconUpdatesCount (🔢 Test Case ID: TC-182)
2025-03-19 06:49:24 [main] INFO  TC-182_verifyCartIconUpdatesCount - Navigated to the site: https://demo.nopcommerce.com
2025-03-19 06:49:24 [main] INFO  TC-182_verifyCartIconUpdatesCount - Injected cookie: _ga
2025-03-19 06:49:24 [main] INFO  TC-182_verifyCartIconUpdatesCount - Injected cookie: cf_clearance
2025-03-19 06:49:24 [main] INFO  TC-182_verifyCartIconUpdatesCount - Injected cookie: .Nop.Antiforgery
2025-03-19 06:49:24 [main] INFO  TC-182_verifyCartIconUpdatesCount - Injected cookie: .Nop.Customer
2025-03-19 06:49:24 [main] INFO  TC-182_verifyCartIconUpdatesCount - Injected cookie: .Nop.Culture
2025-03-19 06:49:24 [main] INFO  TC-182_verifyCartIconUpdatesCount - Injected cookie: _ga_SCT41TW89V
2025-03-19 06:49:25 [main] INFO  TC-182_verifyCartIconUpdatesCount - Page refreshed with bypassed cookies.
2025-03-19 06:49:25 [main] INFO  TC-182_verifyCartIconUpdatesCount - 🟢 Starting test: verifyCartIconUpdatesCount (🔢 Test Case ID: TC-182)
2025-03-19 06:49:26 [main] INFO  TC-182_verifyCartIconUpdatesCount - Navigating to product page: https://demo.nopcommerce.com/lenovo-ideacentre
2025-03-19 06:49:28 [main] INFO  TC-182_verifyCartIconUpdatesCount - First product added to cart.
2025-03-19 06:49:29 [main] INFO  TC-182_verifyCartIconUpdatesCount - Cart icon count after adding first product: 1
2025-03-19 06:49:30 [main] INFO  TC-182_verifyCartIconUpdatesCount - Navigating to second product page: https://demo.nopcommerce.com/portable-sound-speakers
2025-03-19 06:49:33 [main] INFO  TC-182_verifyCartIconUpdatesCount - Second product added to cart.
2025-03-19 06:49:34 [main] INFO  TC-182_verifyCartIconUpdatesCount - Cart icon count after adding second product: 2
2025-03-19 06:49:57 [main] ERROR listeners.TestListener - ❌ Test FAILED: verifyCartIconUpdatesCount
org.openqa.selenium.TimeoutException: Expected condition failed: waiting for visibility of element located by By.xpath: //a[contains(text(), 'Lenovo IdeaCentre')] (tried for 20 second(s) with 500 milliseconds interval)
Build info: version: '4.29.0', revision: '5fc1ec94cb'
System info: os.name: 'Windows 11', os.arch: 'amd64', os.version: '10.0', java.version: '23.0.1'
Driver info: org.openqa.selenium.chrome.ChromeDriver
Capabilities {acceptInsecureCerts: false, browserName: chrome, browserVersion: 134.0.6998.89, chrome: {chromedriverVersion: 134.0.6998.88 (7e3d5c978c6d..., userDataDir: C:\Users\MOHAME~1\AppData\L...}, fedcm:accounts: true, goog:chromeOptions: {debuggerAddress: localhost:57262}, networkConnectionEnabled: false, pageLoadStrategy: normal, platformName: windows, proxy: Proxy(), se:cdp: ws://localhost:57262/devtoo..., se:cdpVersion: 134.0.6998.89, setWindowRect: true, strictFileInteractability: false, timeouts: {implicit: 0, pageLoad: 300000, script: 30000}, unhandledPromptBehavior: dismiss and notify, webauthn:extension:credBlob: true, webauthn:extension:largeBlob: true, webauthn:extension:minPinLength: true, webauthn:extension:prf: true, webauthn:virtualAuthenticators: true}
Session ID: 7dffddf359f08cec40cc487cf94123cb
	at org.openqa.selenium.support.ui.WebDriverWait.timeoutException(WebDriverWait.java:84) ~[selenium-support-4.29.0.jar:?]
	at org.openqa.selenium.support.ui.FluentWait.until(FluentWait.java:228) ~[selenium-support-4.29.0.jar:?]
	at tests.ui.CartTest.verifyCartIconUpdatesCount(CartTest.java:442) ~[test-classes/:?]
	at jdk.internal.reflect.DirectMethodHandleAccessor.invoke(DirectMethodHandleAccessor.java:103) ~[?:?]
	at java.lang.reflect.Method.invoke(Method.java:580) ~[?:?]
	at org.testng.internal.invokers.MethodInvocationHelper.invokeMethod(MethodInvocationHelper.java:141) ~[testng-7.11.0.jar:7.11.0]
	at org.testng.internal.invokers.TestInvoker.invokeMethod(TestInvoker.java:687) ~[testng-7.11.0.jar:7.11.0]
	at org.testng.internal.invokers.TestInvoker.invokeTestMethod(TestInvoker.java:230) ~[testng-7.11.0.jar:7.11.0]
	at org.testng.internal.invokers.MethodRunner.runInSequence(MethodRunner.java:63) ~[testng-7.11.0.jar:7.11.0]
	at org.testng.internal.invokers.TestInvoker$MethodInvocationAgent.invoke(TestInvoker.java:995) ~[testng-7.11.0.jar:7.11.0]
	at org.testng.internal.invokers.TestInvoker.invokeTestMethods(TestInvoker.java:203) ~[testng-7.11.0.jar:7.11.0]
	at org.testng.internal.invokers.TestMethodWorker.invokeTestMethods(TestMethodWorker.java:154) ~[testng-7.11.0.jar:7.11.0]
	at org.testng.internal.invokers.TestMethodWorker.run(TestMethodWorker.java:134) ~[testng-7.11.0.jar:7.11.0]
	at java.util.ArrayList.forEach(ArrayList.java:1597) [?:?]
	at org.testng.TestRunner.privateRun(TestRunner.java:741) [testng-7.11.0.jar:7.11.0]
	at org.testng.TestRunner.run(TestRunner.java:616) [testng-7.11.0.jar:7.11.0]
	at org.testng.SuiteRunner.runTest(SuiteRunner.java:421) [testng-7.11.0.jar:7.11.0]
	at org.testng.SuiteRunner.runSequentially(SuiteRunner.java:413) [testng-7.11.0.jar:7.11.0]
	at org.testng.SuiteRunner.privateRun(SuiteRunner.java:373) [testng-7.11.0.jar:7.11.0]
	at org.testng.SuiteRunner.run(SuiteRunner.java:312) [testng-7.11.0.jar:7.11.0]
	at org.testng.SuiteRunnerWorker.runSuite(SuiteRunnerWorker.java:52) [testng-7.11.0.jar:7.11.0]
	at org.testng.SuiteRunnerWorker.run(SuiteRunnerWorker.java:95) [testng-7.11.0.jar:7.11.0]
	at org.testng.TestNG.runSuitesSequentially(TestNG.java:1274) [testng-7.11.0.jar:7.11.0]
	at org.testng.TestNG.runSuitesLocally(TestNG.java:1208) [testng-7.11.0.jar:7.11.0]
	at org.testng.TestNG.runSuites(TestNG.java:1112) [testng-7.11.0.jar:7.11.0]
	at org.testng.TestNG.run(TestNG.java:1079) [testng-7.11.0.jar:7.11.0]
	at org.apache.maven.surefire.testng.TestNGExecutor.run(TestNGExecutor.java:155) [surefire-testng-3.5.2.jar:3.5.2]
	at org.apache.maven.surefire.testng.TestNGDirectoryTestSuite.executeSingleClass(TestNGDirectoryTestSuite.java:102) [surefire-testng-3.5.2.jar:3.5.2]
	at org.apache.maven.surefire.testng.TestNGDirectoryTestSuite.execute(TestNGDirectoryTestSuite.java:91) [surefire-testng-3.5.2.jar:3.5.2]
	at org.apache.maven.surefire.testng.TestNGProvider.invoke(TestNGProvider.java:137) [surefire-testng-3.5.2.jar:3.5.2]
	at org.apache.maven.surefire.booter.ForkedBooter.runSuitesInProcess(ForkedBooter.java:385) [surefire-booter-3.5.2.jar:3.5.2]
	at org.apache.maven.surefire.booter.ForkedBooter.execute(ForkedBooter.java:162) [surefire-booter-3.5.2.jar:3.5.2]
	at org.apache.maven.surefire.booter.ForkedBooter.run(ForkedBooter.java:507) [surefire-booter-3.5.2.jar:3.5.2]
	at org.apache.maven.surefire.booter.ForkedBooter.main(ForkedBooter.java:495) [surefire-booter-3.5.2.jar:3.5.2]
2025-03-19 06:49:57 [main] INFO  TC-182_verifyCartIconUpdatesCount - Closing the browser for test: verifyCartIconUpdatesCount
2025-03-19 06:49:57 [main] INFO  TC-182_verifyCartIconUpdatesCount - Browser closed.
2025-03-19 06:58:38 [main] INFO  TC-182_verifyCartIconUpdatesCount - 
===================================================================================== NEW TEST RUN =====================================================================================
2025-03-19 06:58:38 [main] INFO  TC-182_verifyCartIconUpdatesCount - Logger initialized
2025-03-19 06:58:38 [main] INFO  TC-182_verifyCartIconUpdatesCount - Starting test setup for: verifyCartIconUpdatesCount (🔢 Test Case ID: TC-182)
2025-03-19 06:59:01 [main] INFO  TC-182_verifyCartIconUpdatesCount - Navigated to the site: https://demo.nopcommerce.com
2025-03-19 06:59:01 [main] INFO  TC-182_verifyCartIconUpdatesCount - Injected cookie: cf_clearance
2025-03-19 06:59:01 [main] INFO  TC-182_verifyCartIconUpdatesCount - Injected cookie: _ga
2025-03-19 06:59:01 [main] INFO  TC-182_verifyCartIconUpdatesCount - Injected cookie: .Nop.Antiforgery
2025-03-19 06:59:01 [main] INFO  TC-182_verifyCartIconUpdatesCount - Injected cookie: .Nop.Customer
2025-03-19 06:59:01 [main] INFO  TC-182_verifyCartIconUpdatesCount - Injected cookie: .Nop.Culture
2025-03-19 06:59:01 [main] INFO  TC-182_verifyCartIconUpdatesCount - Injected cookie: _ga_SCT41TW89V
2025-03-19 06:59:02 [main] INFO  TC-182_verifyCartIconUpdatesCount - Page refreshed with bypassed cookies.
2025-03-19 06:59:02 [main] INFO  TC-182_verifyCartIconUpdatesCount - 🟢 Starting test: verifyCartIconUpdatesCount (🔢 Test Case ID: TC-182)
2025-03-19 06:59:04 [main] INFO  TC-182_verifyCartIconUpdatesCount - Navigating to product page: https://demo.nopcommerce.com/lenovo-ideacentre
2025-03-19 06:59:05 [main] INFO  TC-182_verifyCartIconUpdatesCount - First product added to cart.
2025-03-19 06:59:07 [main] INFO  TC-182_verifyCartIconUpdatesCount - Cart icon count after adding first product: 1
2025-03-19 06:59:09 [main] INFO  TC-182_verifyCartIconUpdatesCount - Navigating to second product page: https://demo.nopcommerce.com/portable-sound-speakers
2025-03-19 06:59:12 [main] INFO  TC-182_verifyCartIconUpdatesCount - Second product added to cart.
2025-03-19 06:59:14 [main] INFO  TC-182_verifyCartIconUpdatesCount - Cart icon count after adding second product: 2
2025-03-19 06:59:14 [main] INFO  listeners.TestListener - ✅ Test PASSED: verifyCartIconUpdatesCount (Duration: 12065ms)
2025-03-19 06:59:14 [main] INFO  TC-182_verifyCartIconUpdatesCount - Closing the browser for test: verifyCartIconUpdatesCount
2025-03-19 06:59:14 [main] INFO  TC-182_verifyCartIconUpdatesCount - Browser closed.
2025-03-23 00:08:53 [main] INFO  TC-182_verifyCartIconUpdatesCount - 
===================================================================================== NEW TEST RUN =====================================================================================
2025-03-23 00:08:53 [main] INFO  TC-182_verifyCartIconUpdatesCount - Logger initialized
2025-03-23 00:08:53 [main] INFO  TC-182_verifyCartIconUpdatesCount - Starting test setup for: verifyCartIconUpdatesCount (🔢 Test Case ID: TC-182)
2025-03-23 00:09:23 [main] INFO  TC-182_verifyCartIconUpdatesCount - Navigated to the site: https://demo.nopcommerce.com
2025-03-23 00:09:23 [main] INFO  TC-182_verifyCartIconUpdatesCount - Injected cookie: cf_clearance
2025-03-23 00:09:23 [main] INFO  TC-182_verifyCartIconUpdatesCount - Injected cookie: _ga
2025-03-23 00:09:23 [main] INFO  TC-182_verifyCartIconUpdatesCount - Injected cookie: .Nop.Antiforgery
2025-03-23 00:09:23 [main] INFO  TC-182_verifyCartIconUpdatesCount - Injected cookie: .Nop.Customer
2025-03-23 00:09:23 [main] INFO  TC-182_verifyCartIconUpdatesCount - Injected cookie: .Nop.Culture
2025-03-23 00:09:23 [main] INFO  TC-182_verifyCartIconUpdatesCount - Injected cookie: _ga_SCT41TW89V
2025-03-23 00:09:24 [main] INFO  TC-182_verifyCartIconUpdatesCount - Page refreshed with bypassed cookies.
2025-03-23 00:09:26 [main] INFO  utils.MainFunctionalities - Navigating to product page: https://demo.nopcommerce.com/lenovo-ideacentre
2025-03-23 00:09:28 [main] INFO  utils.MainFunctionalities - Clicked 'Add to Cart' button with ID: add-to-cart-button-3
2025-03-23 00:09:29 [main] INFO  utils.MainFunctionalities - Product successfully added to cart.
2025-03-23 00:09:29 [main] INFO  utils.MainFunctionalities - Cart quantity updated to: 1
2025-03-23 00:09:31 [main] INFO  utils.MainFunctionalities - Navigating to product page: https://demo.nopcommerce.com/portable-sound-speakers
2025-03-23 00:09:33 [main] INFO  utils.MainFunctionalities - Clicked 'Add to Cart' button with ID: add-to-cart-button-25
2025-03-23 00:09:34 [main] INFO  utils.MainFunctionalities - Product successfully added to cart.
2025-03-23 00:09:34 [main] INFO  utils.MainFunctionalities - Cart quantity updated to: 2
2025-03-23 00:09:34 [main] INFO  TC-182_verifyCartIconUpdatesCount - Cart icon updates count correctly.
2025-03-23 00:09:34 [main] INFO  TC-182_verifyCartIconUpdatesCount - Closing the browser for test: verifyCartIconUpdatesCount
2025-03-23 00:09:34 [main] INFO  TC-182_verifyCartIconUpdatesCount - Browser closed.
2025-03-23 00:28:32 [main] INFO  TC-182_verifyCartIconUpdatesCount - 
===================================================================================== NEW TEST RUN =====================================================================================
2025-03-23 00:28:32 [main] INFO  TC-182_verifyCartIconUpdatesCount - Logger initialized
2025-03-23 00:28:32 [main] INFO  TC-182_verifyCartIconUpdatesCount - Starting test setup for: verifyCartIconUpdatesCount (🔢 Test Case ID: TC-182)
2025-03-23 00:28:48 [main] INFO  TC-182_verifyCartIconUpdatesCount - Navigated to the site: https://demo.nopcommerce.com
2025-03-23 00:28:48 [main] INFO  TC-182_verifyCartIconUpdatesCount - Injected cookie: cf_clearance
2025-03-23 00:28:48 [main] INFO  TC-182_verifyCartIconUpdatesCount - Injected cookie: _ga
2025-03-23 00:28:48 [main] INFO  TC-182_verifyCartIconUpdatesCount - Injected cookie: .Nop.Antiforgery
2025-03-23 00:28:48 [main] INFO  TC-182_verifyCartIconUpdatesCount - Injected cookie: .Nop.Customer
2025-03-23 00:28:48 [main] INFO  TC-182_verifyCartIconUpdatesCount - Injected cookie: .Nop.Culture
2025-03-23 00:28:48 [main] INFO  TC-182_verifyCartIconUpdatesCount - Injected cookie: _ga_SCT41TW89V
2025-03-23 00:28:49 [main] INFO  TC-182_verifyCartIconUpdatesCount - Page refreshed with bypassed cookies.
2025-03-23 00:28:49 [main] INFO  TC-182_verifyCartIconUpdatesCount - 🟢 Starting test: verifyCartIconUpdatesCount (🔢 Test Case ID: TC-182)
2025-03-23 00:28:50 [main] INFO  utils.MainFunctionalities - Navigating to product page: https://demo.nopcommerce.com/lenovo-ideacentre
2025-03-23 00:28:53 [main] INFO  utils.MainFunctionalities - Clicked 'Add to Cart' button with ID: add-to-cart-button-3
2025-03-23 00:28:53 [main] INFO  utils.MainFunctionalities - Product successfully added to cart.
2025-03-23 00:28:53 [main] INFO  utils.MainFunctionalities - Cart quantity updated to: 1
2025-03-23 00:28:54 [main] INFO  utils.MainFunctionalities - Navigating to product page: https://demo.nopcommerce.com/portable-sound-speakers
2025-03-23 00:28:56 [main] INFO  utils.MainFunctionalities - Clicked 'Add to Cart' button with ID: add-to-cart-button-25
2025-03-23 00:28:56 [main] INFO  utils.MainFunctionalities - Product successfully added to cart.
2025-03-23 00:28:56 [main] INFO  utils.MainFunctionalities - Cart quantity updated to: 2
2025-03-23 00:28:56 [main] INFO  TC-182_verifyCartIconUpdatesCount - Cart icon updates count correctly.
2025-03-23 00:28:56 [main] INFO  listeners.TestListener - ✅ Test PASSED: verifyCartIconUpdatesCount (Duration: 7131ms)
2025-03-23 00:28:57 [main] INFO  TC-182_verifyCartIconUpdatesCount - Closing the browser for test: verifyCartIconUpdatesCount
2025-03-23 00:28:57 [main] INFO  TC-182_verifyCartIconUpdatesCount - Browser closed.
2025-03-23 01:19:44 [main] INFO  TC-182_verifyCartIconUpdatesCount - 
===================================================================================== NEW TEST RUN =====================================================================================
2025-03-23 01:19:44 [main] INFO  TC-182_verifyCartIconUpdatesCount - Logger initialized
2025-03-23 01:19:44 [main] INFO  TC-182_verifyCartIconUpdatesCount - Starting test setup for: verifyCartIconUpdatesCount (🔢 Test Case ID: TC-182)
2025-03-23 01:20:00 [main] INFO  TC-182_verifyCartIconUpdatesCount - Navigated to the site: https://demo.nopcommerce.com
2025-03-23 01:20:00 [main] INFO  TC-182_verifyCartIconUpdatesCount - Injected cookie: cf_clearance
2025-03-23 01:20:00 [main] INFO  TC-182_verifyCartIconUpdatesCount - Injected cookie: _ga
2025-03-23 01:20:00 [main] INFO  TC-182_verifyCartIconUpdatesCount - Injected cookie: .Nop.Antiforgery
2025-03-23 01:20:00 [main] INFO  TC-182_verifyCartIconUpdatesCount - Injected cookie: .Nop.Customer
2025-03-23 01:20:00 [main] INFO  TC-182_verifyCartIconUpdatesCount - Injected cookie: .Nop.Culture
2025-03-23 01:20:00 [main] INFO  TC-182_verifyCartIconUpdatesCount - Injected cookie: _ga_SCT41TW89V
2025-03-23 01:20:01 [main] INFO  TC-182_verifyCartIconUpdatesCount - Page refreshed with bypassed cookies.
2025-03-23 01:20:01 [main] INFO  TC-182_verifyCartIconUpdatesCount - 🟢 Starting test: verifyCartIconUpdatesCount (🔢 Test Case ID: TC-182)
2025-03-23 01:20:02 [main] INFO  utils.MainFunctionalities - Navigating to product page: https://demo.nopcommerce.com/lenovo-ideacentre
2025-03-23 01:20:04 [main] INFO  utils.MainFunctionalities - Clicked 'Add to Cart' button with ID: add-to-cart-button-3
2025-03-23 01:20:04 [main] INFO  utils.MainFunctionalities - Product successfully added to cart.
2025-03-23 01:20:04 [main] INFO  utils.MainFunctionalities - Cart quantity updated to: 1
2025-03-23 01:20:05 [main] INFO  utils.MainFunctionalities - Navigating to product page: https://demo.nopcommerce.com/portable-sound-speakers
2025-03-23 01:20:08 [main] INFO  utils.MainFunctionalities - Clicked 'Add to Cart' button with ID: add-to-cart-button-25
2025-03-23 01:20:08 [main] INFO  utils.MainFunctionalities - Product successfully added to cart.
2025-03-23 01:20:08 [main] INFO  utils.MainFunctionalities - Cart quantity updated to: 2
2025-03-23 01:20:08 [main] INFO  TC-182_verifyCartIconUpdatesCount - Cart icon updates count correctly.
2025-03-23 01:20:08 [main] INFO  listeners.TestListener - ✅ Test PASSED: verifyCartIconUpdatesCount (Duration: 7293ms)
2025-03-23 01:20:08 [main] INFO  TC-182_verifyCartIconUpdatesCount - Closing the browser for test: verifyCartIconUpdatesCount
2025-03-23 01:20:08 [main] INFO  TC-182_verifyCartIconUpdatesCount - Browser closed.
