2025-03-19 07:12:17 [main] INFO  TC-001_verifyHomePageLoads - 
===================================================================================== NEW TEST RUN =====================================================================================
2025-03-19 07:12:17 [main] INFO  TC-001_verifyHomePageLoads - Logger initialized
2025-03-19 07:12:17 [main] INFO  TC-001_verifyHomePageLoads - Starting test setup for: verifyHomePageLoads (🔢 Test Case ID: TC-001)
2025-03-19 07:12:39 [main] INFO  TC-001_verifyHomePageLoads - Navigated to the site: https://demo.nopcommerce.com
2025-03-19 07:12:39 [main] INFO  TC-001_verifyHomePageLoads - Injected cookie: cf_clearance
2025-03-19 07:12:39 [main] INFO  TC-001_verifyHomePageLoads - Injected cookie: _ga
2025-03-19 07:12:39 [main] INFO  TC-001_verifyHomePageLoads - Injected cookie: .Nop.Antiforgery
2025-03-19 07:12:39 [main] INFO  TC-001_verifyHomePageLoads - Injected cookie: .Nop.Customer
2025-03-19 07:12:39 [main] INFO  TC-001_verifyHomePageLoads - Injected cookie: .Nop.Culture
2025-03-19 07:12:39 [main] INFO  TC-001_verifyHomePageLoads - Injected cookie: _ga_SCT41TW89V
2025-03-19 07:12:40 [main] INFO  TC-001_verifyHomePageLoads - Page refreshed with bypassed cookies.
2025-03-19 07:12:40 [main] INFO  TC-001_verifyHomePageLoads - 🟢 Starting test: verifyHomePageLoads (🔢 Test Case ID: TC-001)
2025-03-19 07:12:40 [main] INFO  TC-001_verifyHomePageLoads - Navigating to: https://demo.nopcommerce.com/
2025-03-19 07:12:41 [main] INFO  TC-001_verifyHomePageLoads - Actual Page Title: nopCommerce demo store. Home page title
2025-03-19 07:12:41 [main] INFO  listeners.TestListener - ✅ Test PASSED: verifyHomePageLoads (Duration: 814ms)
2025-03-19 07:12:41 [main] INFO  TC-001_verifyHomePageLoads - Closing the browser for test: verifyHomePageLoads
2025-03-19 07:12:42 [main] INFO  TC-001_verifyHomePageLoads - Browser closed.
2025-03-19 07:12:42 [main] INFO  listeners.TestListener - 🏁 Finished Test Suite: Surefire test
2025-03-23 05:02:02 [main] INFO  TC-001_verifyHomePageLoads - 
===================================================================================== NEW TEST RUN =====================================================================================
2025-03-23 05:02:02 [main] INFO  TC-001_verifyHomePageLoads - Logger initialized
2025-03-23 05:02:02 [main] INFO  TC-001_verifyHomePageLoads - Starting test setup for: verifyHomePageLoads (🔢 Test Case ID: TC-001)
2025-03-23 05:02:28 [main] INFO  TC-001_verifyHomePageLoads - Navigated to the site: https://demo.nopcommerce.com
2025-03-23 05:02:28 [main] INFO  TC-001_verifyHomePageLoads - Injected cookie: cf_clearance
2025-03-23 05:02:28 [main] INFO  TC-001_verifyHomePageLoads - Injected cookie: _ga
2025-03-23 05:02:28 [main] INFO  TC-001_verifyHomePageLoads - Injected cookie: .Nop.Antiforgery
2025-03-23 05:02:28 [main] INFO  TC-001_verifyHomePageLoads - Injected cookie: .Nop.Customer
2025-03-23 05:02:28 [main] INFO  TC-001_verifyHomePageLoads - Injected cookie: .Nop.Culture
2025-03-23 05:02:28 [main] INFO  TC-001_verifyHomePageLoads - Injected cookie: _ga_SCT41TW89V
2025-03-23 05:02:29 [main] INFO  TC-001_verifyHomePageLoads - Page refreshed with bypassed cookies.
2025-03-23 05:02:29 [main] INFO  TC-001_verifyHomePageLoads - 🟢 Starting test: verifyHomePageLoads (🔢 Test Case ID: TC-001)
2025-03-23 05:02:29 [main] INFO  TC-001_verifyHomePageLoads - Navigating to: https://demo.nopcommerce.com/
2025-03-23 05:02:30 [main] INFO  TC-001_verifyHomePageLoads - Actual Page Title: nopCommerce demo store. Home page title
2025-03-23 05:02:30 [main] INFO  listeners.TestListener - ✅ Test PASSED: verifyHomePageLoads (Duration: 870ms)
2025-03-23 05:02:30 [main] INFO  TC-001_verifyHomePageLoads - Closing the browser for test: verifyHomePageLoads
2025-03-23 05:02:30 [main] INFO  TC-001_verifyHomePageLoads - Browser closed.
2025-03-23 05:02:30 [main] INFO  listeners.TestListener - 🏁 Finished Test Suite: Surefire test
2025-03-23 05:21:37 [main] INFO  TC-001_verifyHomePageLoads - 
===================================================================================== NEW TEST RUN =====================================================================================
2025-03-23 05:21:37 [main] INFO  TC-001_verifyHomePageLoads - Logger initialized
2025-03-23 05:21:37 [main] INFO  TC-001_verifyHomePageLoads - Starting test setup for: verifyHomePageLoads (🔢 Test Case ID: TC-001)
2025-03-23 05:22:00 [main] INFO  TC-001_verifyHomePageLoads - Navigated to the site: https://demo.nopcommerce.com
2025-03-23 05:22:00 [main] INFO  TC-001_verifyHomePageLoads - Injected cookie: _ga
2025-03-23 05:22:00 [main] INFO  TC-001_verifyHomePageLoads - Injected cookie: cf_clearance
2025-03-23 05:22:00 [main] INFO  TC-001_verifyHomePageLoads - Injected cookie: .Nop.Antiforgery
2025-03-23 05:22:00 [main] INFO  TC-001_verifyHomePageLoads - Injected cookie: .Nop.Customer
2025-03-23 05:22:00 [main] INFO  TC-001_verifyHomePageLoads - Injected cookie: .Nop.Culture
2025-03-23 05:22:00 [main] INFO  TC-001_verifyHomePageLoads - Injected cookie: _ga_SCT41TW89V
2025-03-23 05:22:01 [main] INFO  TC-001_verifyHomePageLoads - Page refreshed with bypassed cookies.
2025-03-23 05:22:01 [main] INFO  TC-001_verifyHomePageLoads - 🟢 Starting test: verifyHomePageLoads (🔢 Test Case ID: TC-001)
2025-03-23 05:22:01 [main] INFO  TC-001_verifyHomePageLoads - Navigating to: https://demo.nopcommerce.com/
2025-03-23 05:22:02 [main] INFO  TC-001_verifyHomePageLoads - Actual Page Title: nopCommerce demo store. Home page title
2025-03-23 05:22:02 [main] INFO  listeners.TestListener - ✅ Test PASSED: verifyHomePageLoads (Duration: 839ms)
2025-03-23 05:22:02 [main] INFO  TC-001_verifyHomePageLoads - Closing the browser for test: verifyHomePageLoads
2025-03-23 05:22:02 [main] INFO  TC-001_verifyHomePageLoads - Browser closed.
2025-03-23 05:22:02 [main] INFO  listeners.TestListener - 🏁 Finished Test Suite: Surefire test
