2025-03-24 22:46:47 [main] INFO  TC-002_verifySearchFunctionality - 
===================================================================================== NEW TEST RUN =====================================================================================
2025-03-24 22:46:47 [main] INFO  TC-002_verifySearchFunctionality - Logger initialized
2025-03-24 22:46:47 [main] INFO  TC-002_verifySearchFunctionality - Starting test setup for: verifySearchFunctionality (🔢 Test Case ID: TC-002)
2025-03-24 22:47:04 [main] INFO  TC-002_verifySearchFunctionality - Navigated to the site: https://demo.nopcommerce.com
2025-03-24 22:47:04 [main] INFO  TC-002_verifySearchFunctionality - Injected cookie: cf_clearance
2025-03-24 22:47:04 [main] INFO  TC-002_verifySearchFunctionality - Injected cookie: _ga
2025-03-24 22:47:04 [main] INFO  TC-002_verifySearchFunctionality - Injected cookie: .Nop.Antiforgery
2025-03-24 22:47:04 [main] INFO  TC-002_verifySearchFunctionality - Injected cookie: .Nop.Customer
2025-03-24 22:47:04 [main] INFO  TC-002_verifySearchFunctionality - Injected cookie: .Nop.Culture
2025-03-24 22:47:04 [main] INFO  TC-002_verifySearchFunctionality - Injected cookie: _ga_SCT41TW89V
2025-03-24 22:47:05 [main] INFO  TC-002_verifySearchFunctionality - Page refreshed with bypassed cookies.
2025-03-24 22:47:05 [main] INFO  TC-002_verifySearchFunctionality - Navigating to: https://demo.nopcommerce.com/
2025-03-24 22:47:05 [main] INFO  utils.MainFunctionalities - Searching for product: Laptop
2025-03-24 22:47:10 [main] INFO  utils.MainFunctionalities - Search for 'Laptop' completed successfully.
2025-03-24 22:47:10 [main] INFO  TC-002_verifySearchFunctionality - Search functionality verified successfully.
2025-03-24 22:47:10 [main] INFO  TC-002_verifySearchFunctionality - Closing the browser for test: verifySearchFunctionality
2025-03-24 22:47:11 [main] INFO  TC-002_verifySearchFunctionality - Browser closed.
2025-03-25 00:23:33 [main] INFO  TC-002_verifySearchFunctionality - 
===================================================================================== NEW TEST RUN =====================================================================================
2025-03-25 00:23:33 [main] INFO  TC-002_verifySearchFunctionality - Logger initialized
2025-03-25 00:23:33 [main] INFO  TC-002_verifySearchFunctionality - Starting test setup for: verifySearchFunctionality (🔢 Test Case ID: TC-002)
2025-03-25 00:23:56 [main] INFO  TC-002_verifySearchFunctionality - Navigated to the site: https://demo.nopcommerce.com
2025-03-25 00:23:56 [main] INFO  TC-002_verifySearchFunctionality - Injected cookie: _ga
2025-03-25 00:23:56 [main] INFO  TC-002_verifySearchFunctionality - Injected cookie: cf_clearance
2025-03-25 00:23:56 [main] INFO  TC-002_verifySearchFunctionality - Injected cookie: .Nop.Antiforgery
2025-03-25 00:23:56 [main] INFO  TC-002_verifySearchFunctionality - Injected cookie: .Nop.Customer
2025-03-25 00:23:56 [main] INFO  TC-002_verifySearchFunctionality - Injected cookie: .Nop.Culture
2025-03-25 00:23:56 [main] INFO  TC-002_verifySearchFunctionality - Injected cookie: _ga_SCT41TW89V
2025-03-25 00:23:56 [main] INFO  TC-002_verifySearchFunctionality - Page refreshed with bypassed cookies.
2025-03-25 00:23:56 [main] INFO  TC-002_verifySearchFunctionality - 🟢 Starting test: verifySearchFunctionality (🔢 Test Case ID: TC-002)
2025-03-25 00:23:56 [main] INFO  TC-002_verifySearchFunctionality - Navigating to: https://demo.nopcommerce.com/
2025-03-25 00:23:57 [main] INFO  utils.MainFunctionalities - Searching for product: Laptop
2025-03-25 00:24:03 [main] INFO  utils.MainFunctionalities - Search for 'Laptop' completed successfully.
2025-03-25 00:24:03 [main] INFO  TC-002_verifySearchFunctionality - Search functionality verified successfully.
2025-03-25 00:24:03 [main] INFO  listeners.TestListener - ✅ Test PASSED: verifySearchFunctionality (Duration: 6896ms)
2025-03-25 00:24:03 [main] INFO  TC-002_verifySearchFunctionality - Closing the browser for test: verifySearchFunctionality
2025-03-25 00:24:04 [main] INFO  TC-002_verifySearchFunctionality - Browser closed.
