2025-03-25 00:14:40 [main] INFO  TC-050_verifyClearingFilters - 
===================================================================================== NEW TEST RUN =====================================================================================
2025-03-25 00:14:40 [main] INFO  TC-050_verifyClearingFilters - Logger initialized
2025-03-25 00:14:40 [main] INFO  TC-050_verifyClearingFilters - Starting test setup for: verifyClearingFilters (🔢 Test Case ID: TC-050)
2025-03-25 00:14:57 [main] INFO  TC-050_verifyClearingFilters - Navigated to the site: https://demo.nopcommerce.com
2025-03-25 00:14:57 [main] INFO  TC-050_verifyClearingFilters - Injected cookie: cf_clearance
2025-03-25 00:14:57 [main] INFO  TC-050_verifyClearingFilters - Injected cookie: _ga
2025-03-25 00:14:57 [main] INFO  TC-050_verifyClearingFilters - Injected cookie: .Nop.Antiforgery
2025-03-25 00:14:57 [main] INFO  TC-050_verifyClearingFilters - Injected cookie: .Nop.Customer
2025-03-25 00:14:57 [main] INFO  TC-050_verifyClearingFilters - Injected cookie: .Nop.Culture
2025-03-25 00:14:57 [main] INFO  TC-050_verifyClearingFilters - Injected cookie: _ga_SCT41TW89V
2025-03-25 00:14:58 [main] INFO  TC-050_verifyClearingFilters - Page refreshed with bypassed cookies.
2025-03-25 00:14:58 [main] INFO  TC-050_verifyClearingFilters - Navigating to: https://demo.nopcommerce.com/
2025-03-25 00:15:11 [main] INFO  TC-050_verifyClearingFilters - Closing the browser for test: verifyClearingFilters
2025-03-25 00:15:11 [main] INFO  TC-050_verifyClearingFilters - Browser closed.
2025-03-25 00:15:15 [main] INFO  TC-050_verifyClearingFilters - 
===================================================================================== NEW TEST RUN =====================================================================================
2025-03-25 00:15:15 [main] INFO  TC-050_verifyClearingFilters - Logger initialized
2025-03-25 00:15:15 [main] INFO  TC-050_verifyClearingFilters - Starting test setup for: verifyClearingFilters (🔢 Test Case ID: TC-050)
2025-03-25 00:15:38 [main] INFO  TC-050_verifyClearingFilters - Navigated to the site: https://demo.nopcommerce.com
2025-03-25 00:15:38 [main] INFO  TC-050_verifyClearingFilters - Injected cookie: cf_clearance
2025-03-25 00:15:38 [main] INFO  TC-050_verifyClearingFilters - Injected cookie: _ga
2025-03-25 00:15:38 [main] INFO  TC-050_verifyClearingFilters - Injected cookie: .Nop.Antiforgery
2025-03-25 00:15:38 [main] INFO  TC-050_verifyClearingFilters - Injected cookie: .Nop.Customer
2025-03-25 00:15:38 [main] INFO  TC-050_verifyClearingFilters - Injected cookie: .Nop.Culture
2025-03-25 00:15:38 [main] INFO  TC-050_verifyClearingFilters - Injected cookie: _ga_SCT41TW89V
2025-03-25 00:15:39 [main] INFO  TC-050_verifyClearingFilters - Page refreshed with bypassed cookies.
2025-03-25 00:15:39 [main] INFO  TC-050_verifyClearingFilters - Navigating to: https://demo.nopcommerce.com/
2025-03-25 00:15:52 [main] INFO  utils.MainFunctionalities - Filtering by manufacturer verified successfully.
2025-03-25 00:15:52 [main] INFO  TC-050_verifyClearingFilters - Filtering by manufacturer HP verified successfully.
2025-03-25 00:15:57 [main] INFO  utils.MainFunctionalities - Filtering by manufacturer verified successfully.
2025-03-25 00:15:57 [main] INFO  TC-050_verifyClearingFilters - Clearing filters and verifying reset results successful.
2025-03-25 00:15:57 [main] INFO  TC-050_verifyClearingFilters - Closing the browser for test: verifyClearingFilters
2025-03-25 00:15:57 [main] INFO  TC-050_verifyClearingFilters - Browser closed.
2025-03-25 00:20:23 [main] INFO  TC-050_verifyClearingFilters - 
===================================================================================== NEW TEST RUN =====================================================================================
2025-03-25 00:20:23 [main] INFO  TC-050_verifyClearingFilters - Logger initialized
2025-03-25 00:20:23 [main] INFO  TC-050_verifyClearingFilters - Starting test setup for: verifyClearingFilters (🔢 Test Case ID: TC-050)
2025-03-25 00:20:46 [main] INFO  TC-050_verifyClearingFilters - Navigated to the site: https://demo.nopcommerce.com
2025-03-25 00:20:46 [main] INFO  TC-050_verifyClearingFilters - Injected cookie: _ga
2025-03-25 00:20:46 [main] INFO  TC-050_verifyClearingFilters - Injected cookie: cf_clearance
2025-03-25 00:20:46 [main] INFO  TC-050_verifyClearingFilters - Injected cookie: .Nop.Antiforgery
2025-03-25 00:20:46 [main] INFO  TC-050_verifyClearingFilters - Injected cookie: .Nop.Customer
2025-03-25 00:20:46 [main] INFO  TC-050_verifyClearingFilters - Injected cookie: .Nop.Culture
2025-03-25 00:20:46 [main] INFO  TC-050_verifyClearingFilters - Injected cookie: _ga_SCT41TW89V
2025-03-25 00:20:47 [main] INFO  TC-050_verifyClearingFilters - Page refreshed with bypassed cookies.
2025-03-25 00:20:47 [main] INFO  TC-050_verifyClearingFilters - 🟢 Starting test: verifyClearingFilters (🔢 Test Case ID: TC-050)
2025-03-25 00:20:47 [main] INFO  TC-050_verifyClearingFilters - Navigating to: https://demo.nopcommerce.com/
2025-03-25 00:21:04 [main] INFO  utils.MainFunctionalities - Filtering by manufacturer verified successfully.
2025-03-25 00:21:04 [main] INFO  TC-050_verifyClearingFilters - Filtering by manufacturer HP verified successfully.
2025-03-25 00:21:08 [main] INFO  utils.MainFunctionalities - Filtering by manufacturer verified successfully.
2025-03-25 00:21:08 [main] INFO  TC-050_verifyClearingFilters - Clearing filters and verifying reset results successful.
2025-03-25 00:21:08 [main] INFO  listeners.TestListener - ✅ Test PASSED: verifyClearingFilters (Duration: 21259ms)
2025-03-25 00:21:09 [main] INFO  TC-050_verifyClearingFilters - Closing the browser for test: verifyClearingFilters
2025-03-25 00:21:09 [main] INFO  TC-050_verifyClearingFilters - Browser closed.
