2025-03-24 21:23:29 [main] INFO  TC-180_verifyProductReviewsAreDisplayed - 
===================================================================================== NEW TEST RUN =====================================================================================
2025-03-24 21:23:29 [main] INFO  TC-180_verifyProductReviewsAreDisplayed - Logger initialized
2025-03-24 21:23:29 [main] INFO  TC-180_verifyProductReviewsAreDisplayed - Starting test setup for: verifyProductReviewsAreDisplayed (🔢 Test Case ID: TC-180)
2025-03-24 21:23:49 [main] INFO  TC-180_verifyProductReviewsAreDisplayed - Navigated to the site: https://demo.nopcommerce.com
2025-03-24 21:23:49 [main] INFO  TC-180_verifyProductReviewsAreDisplayed - Injected cookie: _ga
2025-03-24 21:23:49 [main] INFO  TC-180_verifyProductReviewsAreDisplayed - Injected cookie: cf_clearance
2025-03-24 21:23:49 [main] INFO  TC-180_verifyProductReviewsAreDisplayed - Injected cookie: .Nop.Antiforgery
2025-03-24 21:23:49 [main] INFO  TC-180_verifyProductReviewsAreDisplayed - Injected cookie: .Nop.Customer
2025-03-24 21:23:49 [main] INFO  TC-180_verifyProductReviewsAreDisplayed - Injected cookie: .Nop.Culture
2025-03-24 21:23:49 [main] INFO  TC-180_verifyProductReviewsAreDisplayed - Injected cookie: _ga_SCT41TW89V
2025-03-24 21:23:49 [main] INFO  TC-180_verifyProductReviewsAreDisplayed - Page refreshed with bypassed cookies.
2025-03-24 21:23:49 [main] INFO  TC-180_verifyProductReviewsAreDisplayed - Navigating to: https://demo.nopcommerce.com/
2025-03-24 21:23:54 [main] INFO  utils.MainFunctionalities - Product reviews are displayed and verified successfully.
2025-03-24 21:23:54 [main] INFO  TC-180_verifyProductReviewsAreDisplayed - Closing the browser for test: verifyProductReviewsAreDisplayed
2025-03-24 21:23:55 [main] INFO  TC-180_verifyProductReviewsAreDisplayed - Browser closed.
2025-03-24 21:52:15 [main] INFO  TC-180_verifyProductReviewsAreDisplayed - 
===================================================================================== NEW TEST RUN =====================================================================================
2025-03-24 21:52:15 [main] INFO  TC-180_verifyProductReviewsAreDisplayed - Logger initialized
2025-03-24 21:52:15 [main] INFO  TC-180_verifyProductReviewsAreDisplayed - Starting test setup for: verifyProductReviewsAreDisplayed (🔢 Test Case ID: TC-180)
2025-03-24 21:52:38 [main] INFO  TC-180_verifyProductReviewsAreDisplayed - Navigated to the site: https://demo.nopcommerce.com
2025-03-24 21:52:38 [main] INFO  TC-180_verifyProductReviewsAreDisplayed - Injected cookie: cf_clearance
2025-03-24 21:52:38 [main] INFO  TC-180_verifyProductReviewsAreDisplayed - Injected cookie: _ga
2025-03-24 21:52:38 [main] INFO  TC-180_verifyProductReviewsAreDisplayed - Injected cookie: .Nop.Antiforgery
2025-03-24 21:52:38 [main] INFO  TC-180_verifyProductReviewsAreDisplayed - Injected cookie: .Nop.Customer
2025-03-24 21:52:38 [main] INFO  TC-180_verifyProductReviewsAreDisplayed - Injected cookie: .Nop.Culture
2025-03-24 21:52:38 [main] INFO  TC-180_verifyProductReviewsAreDisplayed - Injected cookie: _ga_SCT41TW89V
2025-03-24 21:52:39 [main] INFO  TC-180_verifyProductReviewsAreDisplayed - Page refreshed with bypassed cookies.
2025-03-24 21:52:39 [main] INFO  TC-180_verifyProductReviewsAreDisplayed - 🟢 Starting test: verifyProductReviewsAreDisplayed (🔢 Test Case ID: TC-180)
2025-03-24 21:52:39 [main] INFO  TC-180_verifyProductReviewsAreDisplayed - Navigating to: https://demo.nopcommerce.com/
2025-03-24 21:52:43 [main] INFO  utils.MainFunctionalities - Product reviews are displayed and verified successfully.
2025-03-24 21:52:43 [main] INFO  listeners.TestListener - ✅ Test PASSED: verifyProductReviewsAreDisplayed (Duration: 3803ms)
2025-03-24 21:52:43 [main] INFO  TC-180_verifyProductReviewsAreDisplayed - Closing the browser for test: verifyProductReviewsAreDisplayed
2025-03-24 21:52:43 [main] INFO  TC-180_verifyProductReviewsAreDisplayed - Browser closed.
2025-03-24 21:58:06 [main] INFO  TC-180_verifyProductReviewsAreDisplayed - 
===================================================================================== NEW TEST RUN =====================================================================================
2025-03-24 21:58:06 [main] INFO  TC-180_verifyProductReviewsAreDisplayed - Logger initialized
2025-03-24 21:58:06 [main] INFO  TC-180_verifyProductReviewsAreDisplayed - Starting test setup for: verifyProductReviewsAreDisplayed (🔢 Test Case ID: TC-180)
2025-03-24 21:58:29 [main] INFO  TC-180_verifyProductReviewsAreDisplayed - Navigated to the site: https://demo.nopcommerce.com
2025-03-24 21:58:29 [main] INFO  TC-180_verifyProductReviewsAreDisplayed - Injected cookie: _ga
2025-03-24 21:58:29 [main] INFO  TC-180_verifyProductReviewsAreDisplayed - Injected cookie: cf_clearance
2025-03-24 21:58:29 [main] INFO  TC-180_verifyProductReviewsAreDisplayed - Injected cookie: .Nop.Antiforgery
2025-03-24 21:58:29 [main] INFO  TC-180_verifyProductReviewsAreDisplayed - Injected cookie: .Nop.Customer
2025-03-24 21:58:29 [main] INFO  TC-180_verifyProductReviewsAreDisplayed - Injected cookie: .Nop.Culture
2025-03-24 21:58:29 [main] INFO  TC-180_verifyProductReviewsAreDisplayed - Injected cookie: _ga_SCT41TW89V
2025-03-24 21:58:30 [main] INFO  TC-180_verifyProductReviewsAreDisplayed - Page refreshed with bypassed cookies.
2025-03-24 21:58:30 [main] INFO  TC-180_verifyProductReviewsAreDisplayed - 🟢 Starting test: verifyProductReviewsAreDisplayed (🔢 Test Case ID: TC-180)
2025-03-24 21:58:30 [main] INFO  TC-180_verifyProductReviewsAreDisplayed - Navigating to: https://demo.nopcommerce.com/
2025-03-24 21:58:35 [main] INFO  utils.MainFunctionalities - Product reviews are displayed and verified successfully.
2025-03-24 21:58:35 [main] INFO  listeners.TestListener - ✅ Test PASSED: verifyProductReviewsAreDisplayed (Duration: 4714ms)
2025-03-24 21:58:35 [main] INFO  TC-180_verifyProductReviewsAreDisplayed - Closing the browser for test: verifyProductReviewsAreDisplayed
2025-03-24 21:58:35 [main] INFO  TC-180_verifyProductReviewsAreDisplayed - Browser closed.
