2025-03-15 22:38:19 [main] INFO  verifySearchByCategory - Starting test setup for: verifySearchByCategory
2025-03-15 22:38:19 [main] INFO  verifySearchByCategory - Setting up Chrome browser...
2025-03-15 22:38:19 [main] INFO  verifySearchByCategory - Browser setup complete with ZenRows proxy.
2025-03-15 22:38:19 [main] INFO  verifySearchByCategory - Navigating to: https://demo.nopcommerce.com/
2025-03-15 22:38:21 [main] INFO  verifySearchByCategory - Product search by category verified successfully.
2025-03-15 22:38:21 [main] INFO  verifySearchByCategory - Closing the browser for test: verifySearchByCategory
2025-03-15 22:38:21 [main] INFO  verifySearchByCategory - Browser closed.
2025-03-15 22:40:50 [main] INFO  verifySearchByCategory - Starting test setup for: verifySearchByCategory
2025-03-15 22:40:50 [main] INFO  verifySearchByCategory - Setting up Chrome browser...
2025-03-15 22:40:51 [main] INFO  verifySearchByCategory - Browser setup complete with ZenRows proxy.
2025-03-15 22:40:51 [main] INFO  verifySearchByCategory - Navigating to: https://demo.nopcommerce.com/
2025-03-15 22:40:53 [main] INFO  verifySearchByCategory - Product search by category verified successfully.
2025-03-15 22:40:53 [main] INFO  verifySearchByCategory - Closing the browser for test: verifySearchByCategory
2025-03-15 22:40:53 [main] INFO  verifySearchByCategory - Browser closed.
2025-03-15 23:02:23 [main] INFO  verifySearchByCategory - Starting test setup for: verifySearchByCategory
2025-03-15 23:02:23 [main] INFO  verifySearchByCategory - Setting up Chrome browser...
2025-03-15 23:02:24 [main] INFO  verifySearchByCategory - Browser setup complete with ZenRows proxy.
2025-03-15 23:02:24 [main] INFO  verifySearchByCategory - Navigating to: https://demo.nopcommerce.com/
2025-03-15 23:02:26 [main] INFO  verifySearchByCategory - Product search by category verified successfully.
2025-03-15 23:02:26 [main] INFO  verifySearchByCategory - Closing the browser for test: verifySearchByCategory
2025-03-15 23:02:26 [main] INFO  verifySearchByCategory - Browser closed.
2025-03-15 23:06:47 [main] INFO  verifySearchByCategory - Starting test setup for: verifySearchByCategory
2025-03-15 23:06:47 [main] INFO  verifySearchByCategory - Setting up Chrome browser...
2025-03-15 23:06:47 [main] INFO  verifySearchByCategory - Browser setup complete with ZenRows proxy.
2025-03-15 23:06:47 [main] INFO  verifySearchByCategory - Navigating to: https://demo.nopcommerce.com/
2025-03-15 23:06:49 [main] INFO  verifySearchByCategory - Product search by category verified successfully.
2025-03-15 23:06:49 [main] INFO  verifySearchByCategory - Closing the browser for test: verifySearchByCategory
2025-03-15 23:06:49 [main] INFO  verifySearchByCategory - Browser closed.
2025-03-15 23:08:55 [main] INFO  verifySearchByCategory - Starting test setup for: verifySearchByCategory
2025-03-15 23:08:55 [main] INFO  verifySearchByCategory - Setting up Chrome browser...
2025-03-15 23:08:56 [main] INFO  verifySearchByCategory - Browser setup complete with ZenRows proxy.
2025-03-15 23:08:56 [main] INFO  verifySearchByCategory - Navigating to: https://demo.nopcommerce.com/
2025-03-15 23:08:58 [main] INFO  verifySearchByCategory - Product search by category verified successfully.
2025-03-15 23:08:58 [main] INFO  verifySearchByCategory - Closing the browser for test: verifySearchByCategory
2025-03-15 23:08:58 [main] INFO  verifySearchByCategory - Browser closed.
2025-03-16 01:39:02 [main] INFO  verifySearchByCategory - Starting test setup for: verifySearchByCategory
2025-03-16 01:39:02 [main] INFO  verifySearchByCategory - Setting up Chrome browser...
2025-03-16 01:39:03 [main] INFO  verifySearchByCategory - Navigating to: https://demo.nopcommerce.com/
2025-03-16 01:39:08 [main] INFO  verifySearchByCategory - Product search by category verified successfully.
2025-03-16 01:39:08 [main] INFO  verifySearchByCategory - Closing the browser for test: verifySearchByCategory
2025-03-16 01:39:08 [main] INFO  verifySearchByCategory - Browser closed.
2025-03-16 07:02:18 [main] INFO  verifySearchByCategory - Starting test setup for: verifySearchByCategory
2025-03-16 07:02:35 [main] INFO  verifySearchByCategory - Navigated to the site: https://demo.nopcommerce.com
2025-03-16 07:02:35 [main] INFO  verifySearchByCategory - Injected cookie: cf_clearance
2025-03-16 07:02:35 [main] INFO  verifySearchByCategory - Injected cookie: _ga
2025-03-16 07:02:35 [main] INFO  verifySearchByCategory - Injected cookie: .Nop.Antiforgery
2025-03-16 07:02:35 [main] INFO  verifySearchByCategory - Injected cookie: .Nop.Customer
2025-03-16 07:02:35 [main] INFO  verifySearchByCategory - Injected cookie: .Nop.Culture
2025-03-16 07:02:35 [main] INFO  verifySearchByCategory - Injected cookie: _ga_SCT41TW89V
2025-03-16 07:02:35 [main] INFO  verifySearchByCategory - Page refreshed with bypassed cookies.
2025-03-16 07:02:35 [main] INFO  verifySearchByCategory - Navigating to: https://demo.nopcommerce.com/
2025-03-16 07:02:36 [main] INFO  verifySearchByCategory - Product search by category verified successfully.
2025-03-16 07:02:36 [main] INFO  verifySearchByCategory - Closing the browser for test: verifySearchByCategory
2025-03-16 07:02:37 [main] INFO  verifySearchByCategory - Browser closed.
2025-03-16 08:48:59 [main] INFO  verifySearchByCategory - Starting test setup for: verifySearchByCategory
2025-03-16 08:49:27 [main] INFO  verifySearchByCategory - Navigated to the site: https://demo.nopcommerce.com
2025-03-16 08:49:27 [main] INFO  verifySearchByCategory - Injected cookie: _ga
2025-03-16 08:49:27 [main] INFO  verifySearchByCategory - Injected cookie: cf_clearance
2025-03-16 08:49:27 [main] INFO  verifySearchByCategory - Injected cookie: .Nop.Antiforgery
2025-03-16 08:49:27 [main] INFO  verifySearchByCategory - Injected cookie: .Nop.Customer
2025-03-16 08:49:27 [main] INFO  verifySearchByCategory - Injected cookie: .Nop.Culture
2025-03-16 08:49:27 [main] INFO  verifySearchByCategory - Injected cookie: _ga_SCT41TW89V
2025-03-16 08:49:28 [main] INFO  verifySearchByCategory - Page refreshed with bypassed cookies.
2025-03-16 08:49:28 [main] INFO  verifySearchByCategory - Navigating to: https://demo.nopcommerce.com/
2025-03-16 08:49:31 [main] INFO  verifySearchByCategory - Product search by category verified successfully.
2025-03-16 08:49:31 [main] INFO  verifySearchByCategory - Closing the browser for test: verifySearchByCategory
2025-03-16 08:49:31 [main] INFO  verifySearchByCategory - Browser closed.
2025-03-16 09:22:24 [main] INFO  verifySearchByCategory - Starting test setup for: verifySearchByCategory
2025-03-16 09:22:48 [main] INFO  verifySearchByCategory - Navigated to the site: https://demo.nopcommerce.com
2025-03-16 09:22:48 [main] INFO  verifySearchByCategory - Injected cookie: _ga
2025-03-16 09:22:48 [main] INFO  verifySearchByCategory - Injected cookie: cf_clearance
2025-03-16 09:22:48 [main] INFO  verifySearchByCategory - Injected cookie: .Nop.Antiforgery
2025-03-16 09:22:48 [main] INFO  verifySearchByCategory - Injected cookie: .Nop.Customer
2025-03-16 09:22:48 [main] INFO  verifySearchByCategory - Injected cookie: .Nop.Culture
2025-03-16 09:22:48 [main] INFO  verifySearchByCategory - Injected cookie: _ga_SCT41TW89V
2025-03-16 09:22:48 [main] INFO  verifySearchByCategory - Page refreshed with bypassed cookies.
2025-03-16 09:22:48 [main] INFO  verifySearchByCategory - Navigating to: https://demo.nopcommerce.com/
2025-03-16 09:22:51 [main] INFO  verifySearchByCategory - Product search by category verified successfully.
2025-03-16 09:22:51 [main] INFO  verifySearchByCategory - Closing the browser for test: verifySearchByCategory
2025-03-16 09:22:51 [main] INFO  verifySearchByCategory - Browser closed.
