2025-03-17 08:42:56 [main] INFO  verifyDifferentPaymentOptionsAreAvailable - Starting test setup for: verifyDifferentPaymentOptionsAreAvailable
2025-03-17 08:43:22 [main] INFO  verifyDifferentPaymentOptionsAreAvailable - Navigated to the site: https://demo.nopcommerce.com
2025-03-17 08:43:22 [main] INFO  verifyDifferentPaymentOptionsAreAvailable - Injected cookie: _ga
2025-03-17 08:43:22 [main] INFO  verifyDifferentPaymentOptionsAreAvailable - Injected cookie: cf_clearance
2025-03-17 08:43:22 [main] INFO  verifyDifferentPaymentOptionsAreAvailable - Injected cookie: .Nop.Antiforgery
2025-03-17 08:43:22 [main] INFO  verifyDifferentPaymentOptionsAreAvailable - Injected cookie: .Nop.Customer
2025-03-17 08:43:22 [main] INFO  verifyDifferentPaymentOptionsAreAvailable - Injected cookie: .Nop.Culture
2025-03-17 08:43:22 [main] INFO  verifyDifferentPaymentOptionsAreAvailable - Injected cookie: _ga_SCT41TW89V
2025-03-17 08:43:23 [main] INFO  verifyDifferentPaymentOptionsAreAvailable - Page refreshed with bypassed cookies.
2025-03-17 08:43:23 [main] INFO  verifyDifferentPaymentOptionsAreAvailable - Navigating to login page: https://demo.nopcommerce.com/login
2025-03-17 08:43:27 [main] INFO  verifyDifferentPaymentOptionsAreAvailable - User logged in successfully.
2025-03-17 08:43:27 [main] INFO  verifyDifferentPaymentOptionsAreAvailable - Navigating to product page: https://demo.nopcommerce.com/adobe-photoshop
2025-03-17 08:43:29 [main] INFO  verifyDifferentPaymentOptionsAreAvailable - Clicked 'Add to Cart' button.
2025-03-17 08:43:30 [main] INFO  verifyDifferentPaymentOptionsAreAvailable - Product successfully added to cart.
2025-03-17 08:43:30 [main] INFO  verifyDifferentPaymentOptionsAreAvailable - Navigating to cart page: https://demo.nopcommerce.com/cart
2025-03-17 08:43:31 [main] INFO  verifyDifferentPaymentOptionsAreAvailable - Cart page loaded successfully.
2025-03-17 08:43:31 [main] INFO  verifyDifferentPaymentOptionsAreAvailable - Accepted terms of service.
2025-03-17 08:43:35 [main] INFO  verifyDifferentPaymentOptionsAreAvailable - Shipping method selected.
2025-03-17 08:43:36 [main] INFO  verifyDifferentPaymentOptionsAreAvailable - Payment section loaded successfully.
2025-03-17 08:43:36 [main] INFO  verifyDifferentPaymentOptionsAreAvailable - Payment options are listed.
2025-03-17 08:43:41 [main] INFO  verifyDifferentPaymentOptionsAreAvailable - Closing the browser for test: verifyDifferentPaymentOptionsAreAvailable
2025-03-17 08:43:41 [main] INFO  verifyDifferentPaymentOptionsAreAvailable - Browser closed.
2025-03-17 08:51:08 [main] INFO  verifyDifferentPaymentOptionsAreAvailable - Starting test setup for: verifyDifferentPaymentOptionsAreAvailable
2025-03-17 08:51:34 [main] INFO  verifyDifferentPaymentOptionsAreAvailable - Navigated to the site: https://demo.nopcommerce.com
2025-03-17 08:51:34 [main] INFO  verifyDifferentPaymentOptionsAreAvailable - Injected cookie: _ga
2025-03-17 08:51:34 [main] INFO  verifyDifferentPaymentOptionsAreAvailable - Injected cookie: cf_clearance
2025-03-17 08:51:34 [main] INFO  verifyDifferentPaymentOptionsAreAvailable - Injected cookie: .Nop.Antiforgery
2025-03-17 08:51:34 [main] INFO  verifyDifferentPaymentOptionsAreAvailable - Injected cookie: .Nop.Customer
2025-03-17 08:51:34 [main] INFO  verifyDifferentPaymentOptionsAreAvailable - Injected cookie: .Nop.Culture
2025-03-17 08:51:34 [main] INFO  verifyDifferentPaymentOptionsAreAvailable - Injected cookie: _ga_SCT41TW89V
2025-03-17 08:51:35 [main] INFO  verifyDifferentPaymentOptionsAreAvailable - Page refreshed with bypassed cookies.
2025-03-17 08:51:35 [main] INFO  verifyDifferentPaymentOptionsAreAvailable - Navigating to login page: https://demo.nopcommerce.com/login
2025-03-17 08:51:39 [main] INFO  verifyDifferentPaymentOptionsAreAvailable - User logged in successfully.
2025-03-17 08:51:39 [main] INFO  verifyDifferentPaymentOptionsAreAvailable - Navigating to product page: https://demo.nopcommerce.com/adobe-photoshop
2025-03-17 08:51:40 [main] INFO  verifyDifferentPaymentOptionsAreAvailable - Clicked 'Add to Cart' button.
2025-03-17 08:51:41 [main] INFO  verifyDifferentPaymentOptionsAreAvailable - Product successfully added to cart.
2025-03-17 08:51:41 [main] INFO  verifyDifferentPaymentOptionsAreAvailable - Navigating to cart page: https://demo.nopcommerce.com/cart
2025-03-17 08:51:43 [main] INFO  verifyDifferentPaymentOptionsAreAvailable - Cart page loaded successfully.
2025-03-17 08:51:43 [main] INFO  verifyDifferentPaymentOptionsAreAvailable - Accepted terms of service.
2025-03-17 08:51:47 [main] INFO  verifyDifferentPaymentOptionsAreAvailable - Shipping method selected.
2025-03-17 08:51:48 [main] INFO  verifyDifferentPaymentOptionsAreAvailable - Payment section loaded successfully.
2025-03-17 08:51:48 [main] INFO  verifyDifferentPaymentOptionsAreAvailable - Payment options are listed.
2025-03-17 08:51:53 [main] INFO  verifyDifferentPaymentOptionsAreAvailable - Closing the browser for test: verifyDifferentPaymentOptionsAreAvailable
2025-03-17 08:51:53 [main] INFO  verifyDifferentPaymentOptionsAreAvailable - Browser closed.
2025-03-17 08:54:45 [main] INFO  verifyDifferentPaymentOptionsAreAvailable - Starting test setup for: verifyDifferentPaymentOptionsAreAvailable
2025-03-17 08:55:10 [main] INFO  verifyDifferentPaymentOptionsAreAvailable - Navigated to the site: https://demo.nopcommerce.com
2025-03-17 08:55:10 [main] INFO  verifyDifferentPaymentOptionsAreAvailable - Injected cookie: _ga
2025-03-17 08:55:10 [main] INFO  verifyDifferentPaymentOptionsAreAvailable - Injected cookie: cf_clearance
2025-03-17 08:55:10 [main] INFO  verifyDifferentPaymentOptionsAreAvailable - Injected cookie: .Nop.Antiforgery
2025-03-17 08:55:10 [main] INFO  verifyDifferentPaymentOptionsAreAvailable - Injected cookie: .Nop.Customer
2025-03-17 08:55:10 [main] INFO  verifyDifferentPaymentOptionsAreAvailable - Injected cookie: .Nop.Culture
2025-03-17 08:55:10 [main] INFO  verifyDifferentPaymentOptionsAreAvailable - Injected cookie: _ga_SCT41TW89V
2025-03-17 08:55:11 [main] INFO  verifyDifferentPaymentOptionsAreAvailable - Page refreshed with bypassed cookies.
2025-03-17 08:55:11 [main] INFO  verifyDifferentPaymentOptionsAreAvailable - Navigating to login page: https://demo.nopcommerce.com/login
2025-03-17 08:55:14 [main] INFO  verifyDifferentPaymentOptionsAreAvailable - User logged in successfully.
2025-03-17 08:55:14 [main] INFO  verifyDifferentPaymentOptionsAreAvailable - Navigating to product page: https://demo.nopcommerce.com/adobe-photoshop
2025-03-17 08:55:16 [main] INFO  verifyDifferentPaymentOptionsAreAvailable - Clicked 'Add to Cart' button.
2025-03-17 08:55:17 [main] INFO  verifyDifferentPaymentOptionsAreAvailable - Product successfully added to cart.
2025-03-17 08:55:17 [main] INFO  verifyDifferentPaymentOptionsAreAvailable - Navigating to cart page: https://demo.nopcommerce.com/cart
2025-03-17 08:55:18 [main] INFO  verifyDifferentPaymentOptionsAreAvailable - Cart page loaded successfully.
2025-03-17 08:55:18 [main] INFO  verifyDifferentPaymentOptionsAreAvailable - Accepted terms of service.
2025-03-17 08:55:22 [main] INFO  verifyDifferentPaymentOptionsAreAvailable - Shipping method selected.
2025-03-17 08:55:23 [main] INFO  verifyDifferentPaymentOptionsAreAvailable - Payment section loaded successfully.
2025-03-17 08:55:23 [main] INFO  verifyDifferentPaymentOptionsAreAvailable - Payment options are listed.
2025-03-17 08:55:43 [main] INFO  verifyDifferentPaymentOptionsAreAvailable - Closing the browser for test: verifyDifferentPaymentOptionsAreAvailable
2025-03-17 08:55:44 [main] INFO  verifyDifferentPaymentOptionsAreAvailable - Browser closed.
2025-03-17 08:57:15 [main] INFO  verifyDifferentPaymentOptionsAreAvailable - Starting test setup for: verifyDifferentPaymentOptionsAreAvailable
2025-03-17 08:57:41 [main] INFO  verifyDifferentPaymentOptionsAreAvailable - Navigated to the site: https://demo.nopcommerce.com
2025-03-17 08:57:41 [main] INFO  verifyDifferentPaymentOptionsAreAvailable - Injected cookie: _ga
2025-03-17 08:57:41 [main] INFO  verifyDifferentPaymentOptionsAreAvailable - Injected cookie: cf_clearance
2025-03-17 08:57:41 [main] INFO  verifyDifferentPaymentOptionsAreAvailable - Injected cookie: .Nop.Antiforgery
2025-03-17 08:57:41 [main] INFO  verifyDifferentPaymentOptionsAreAvailable - Injected cookie: .Nop.Customer
2025-03-17 08:57:41 [main] INFO  verifyDifferentPaymentOptionsAreAvailable - Injected cookie: .Nop.Culture
2025-03-17 08:57:41 [main] INFO  verifyDifferentPaymentOptionsAreAvailable - Injected cookie: _ga_SCT41TW89V
2025-03-17 08:57:42 [main] INFO  verifyDifferentPaymentOptionsAreAvailable - Page refreshed with bypassed cookies.
2025-03-17 08:57:42 [main] INFO  verifyDifferentPaymentOptionsAreAvailable - Navigating to login page: https://demo.nopcommerce.com/login
2025-03-17 08:57:46 [main] INFO  verifyDifferentPaymentOptionsAreAvailable - User logged in successfully.
2025-03-17 08:57:46 [main] INFO  verifyDifferentPaymentOptionsAreAvailable - Navigating to product page: https://demo.nopcommerce.com/adobe-photoshop
2025-03-17 08:57:49 [main] INFO  verifyDifferentPaymentOptionsAreAvailable - Clicked 'Add to Cart' button.
2025-03-17 08:57:49 [main] INFO  verifyDifferentPaymentOptionsAreAvailable - Product successfully added to cart.
2025-03-17 08:57:49 [main] INFO  verifyDifferentPaymentOptionsAreAvailable - Navigating to cart page: https://demo.nopcommerce.com/cart
2025-03-17 08:57:51 [main] INFO  verifyDifferentPaymentOptionsAreAvailable - Cart page loaded successfully.
2025-03-17 08:57:51 [main] INFO  verifyDifferentPaymentOptionsAreAvailable - Accepted terms of service.
2025-03-17 08:57:55 [main] INFO  verifyDifferentPaymentOptionsAreAvailable - Shipping method selected.
2025-03-17 08:57:56 [main] INFO  verifyDifferentPaymentOptionsAreAvailable - Payment section loaded successfully.
2025-03-17 08:57:56 [main] INFO  verifyDifferentPaymentOptionsAreAvailable - Payment options are listed.
2025-03-17 08:58:17 [main] INFO  verifyDifferentPaymentOptionsAreAvailable - Closing the browser for test: verifyDifferentPaymentOptionsAreAvailable
2025-03-17 08:58:17 [main] INFO  verifyDifferentPaymentOptionsAreAvailable - Browser closed.
2025-03-17 09:04:19 [main] INFO  verifyDifferentPaymentOptionsAreAvailable - Starting test setup for: verifyDifferentPaymentOptionsAreAvailable
2025-03-17 09:04:44 [main] INFO  verifyDifferentPaymentOptionsAreAvailable - Navigated to the site: https://demo.nopcommerce.com
2025-03-17 09:04:44 [main] INFO  verifyDifferentPaymentOptionsAreAvailable - Injected cookie: _ga
2025-03-17 09:04:44 [main] INFO  verifyDifferentPaymentOptionsAreAvailable - Injected cookie: cf_clearance
2025-03-17 09:04:44 [main] INFO  verifyDifferentPaymentOptionsAreAvailable - Injected cookie: .Nop.Antiforgery
2025-03-17 09:04:44 [main] INFO  verifyDifferentPaymentOptionsAreAvailable - Injected cookie: .Nop.Customer
2025-03-17 09:04:44 [main] INFO  verifyDifferentPaymentOptionsAreAvailable - Injected cookie: .Nop.Culture
2025-03-17 09:04:44 [main] INFO  verifyDifferentPaymentOptionsAreAvailable - Injected cookie: _ga_SCT41TW89V
2025-03-17 09:04:45 [main] INFO  verifyDifferentPaymentOptionsAreAvailable - Page refreshed with bypassed cookies.
2025-03-17 09:04:45 [main] INFO  verifyDifferentPaymentOptionsAreAvailable - Navigating to login page: https://demo.nopcommerce.com/login
2025-03-17 09:04:50 [main] INFO  verifyDifferentPaymentOptionsAreAvailable - User logged in successfully.
2025-03-17 09:04:50 [main] INFO  verifyDifferentPaymentOptionsAreAvailable - Navigating to product page: https://demo.nopcommerce.com/adobe-photoshop
2025-03-17 09:04:51 [main] INFO  verifyDifferentPaymentOptionsAreAvailable - Clicked 'Add to Cart' button.
2025-03-17 09:04:52 [main] INFO  verifyDifferentPaymentOptionsAreAvailable - Product successfully added to cart.
2025-03-17 09:04:52 [main] INFO  verifyDifferentPaymentOptionsAreAvailable - Navigating to cart page: https://demo.nopcommerce.com/cart
2025-03-17 09:04:54 [main] INFO  verifyDifferentPaymentOptionsAreAvailable - Cart page loaded successfully.
2025-03-17 09:04:54 [main] INFO  verifyDifferentPaymentOptionsAreAvailable - Accepted terms of service.
2025-03-17 09:04:58 [main] INFO  verifyDifferentPaymentOptionsAreAvailable - Shipping method selected.
2025-03-17 09:04:59 [main] INFO  verifyDifferentPaymentOptionsAreAvailable - Payment section loaded successfully.
2025-03-17 09:04:59 [main] INFO  verifyDifferentPaymentOptionsAreAvailable - Payment options are listed.
2025-03-17 09:04:59 [main] INFO  verifyDifferentPaymentOptionsAreAvailable - Payment options 'Check / Money Order' and 'Credit Card' are available with radio buttons.
2025-03-17 09:04:59 [main] INFO  verifyDifferentPaymentOptionsAreAvailable - Closing the browser for test: verifyDifferentPaymentOptionsAreAvailable
2025-03-17 09:04:59 [main] INFO  verifyDifferentPaymentOptionsAreAvailable - Browser closed.
2025-03-17 09:09:11 [main] INFO  verifyDifferentPaymentOptionsAreAvailable - Starting test setup for: verifyDifferentPaymentOptionsAreAvailable
2025-03-17 09:09:39 [main] INFO  verifyDifferentPaymentOptionsAreAvailable - Navigated to the site: https://demo.nopcommerce.com
2025-03-17 09:09:39 [main] INFO  verifyDifferentPaymentOptionsAreAvailable - Injected cookie: _ga
2025-03-17 09:09:39 [main] INFO  verifyDifferentPaymentOptionsAreAvailable - Injected cookie: cf_clearance
2025-03-17 09:09:39 [main] INFO  verifyDifferentPaymentOptionsAreAvailable - Injected cookie: .Nop.Antiforgery
2025-03-17 09:09:39 [main] INFO  verifyDifferentPaymentOptionsAreAvailable - Injected cookie: .Nop.Customer
2025-03-17 09:09:39 [main] INFO  verifyDifferentPaymentOptionsAreAvailable - Injected cookie: .Nop.Culture
2025-03-17 09:09:39 [main] INFO  verifyDifferentPaymentOptionsAreAvailable - Injected cookie: _ga_SCT41TW89V
2025-03-17 09:09:40 [main] INFO  verifyDifferentPaymentOptionsAreAvailable - Page refreshed with bypassed cookies.
2025-03-17 09:09:40 [main] INFO  verifyDifferentPaymentOptionsAreAvailable - Navigating to login page: https://demo.nopcommerce.com/login
2025-03-17 09:09:45 [main] INFO  verifyDifferentPaymentOptionsAreAvailable - User logged in successfully.
2025-03-17 09:09:45 [main] INFO  verifyDifferentPaymentOptionsAreAvailable - Navigating to product page: https://demo.nopcommerce.com/adobe-photoshop
2025-03-17 09:09:47 [main] INFO  verifyDifferentPaymentOptionsAreAvailable - Clicked 'Add to Cart' button.
2025-03-17 09:09:48 [main] INFO  verifyDifferentPaymentOptionsAreAvailable - Product successfully added to cart.
2025-03-17 09:09:48 [main] INFO  verifyDifferentPaymentOptionsAreAvailable - Navigating to cart page: https://demo.nopcommerce.com/cart
2025-03-17 09:09:50 [main] INFO  verifyDifferentPaymentOptionsAreAvailable - Cart page loaded successfully.
2025-03-17 09:09:50 [main] INFO  verifyDifferentPaymentOptionsAreAvailable - Accepted terms of service.
2025-03-17 09:09:54 [main] INFO  verifyDifferentPaymentOptionsAreAvailable - Shipping method selected.
2025-03-17 09:09:55 [main] INFO  verifyDifferentPaymentOptionsAreAvailable - Payment section loaded successfully.
2025-03-17 09:09:55 [main] INFO  verifyDifferentPaymentOptionsAreAvailable - Payment options are listed.
2025-03-17 09:10:00 [main] INFO  verifyDifferentPaymentOptionsAreAvailable - Closing the browser for test: verifyDifferentPaymentOptionsAreAvailable
2025-03-17 09:10:00 [main] INFO  verifyDifferentPaymentOptionsAreAvailable - Browser closed.
2025-03-17 09:13:10 [main] INFO  verifyDifferentPaymentOptionsAreAvailable - Starting test setup for: verifyDifferentPaymentOptionsAreAvailable
2025-03-17 09:13:36 [main] INFO  verifyDifferentPaymentOptionsAreAvailable - Navigated to the site: https://demo.nopcommerce.com
2025-03-17 09:13:36 [main] INFO  verifyDifferentPaymentOptionsAreAvailable - Injected cookie: _ga
2025-03-17 09:13:36 [main] INFO  verifyDifferentPaymentOptionsAreAvailable - Injected cookie: cf_clearance
2025-03-17 09:13:36 [main] INFO  verifyDifferentPaymentOptionsAreAvailable - Injected cookie: .Nop.Antiforgery
2025-03-17 09:13:36 [main] INFO  verifyDifferentPaymentOptionsAreAvailable - Injected cookie: .Nop.Customer
2025-03-17 09:13:36 [main] INFO  verifyDifferentPaymentOptionsAreAvailable - Injected cookie: .Nop.Culture
2025-03-17 09:13:36 [main] INFO  verifyDifferentPaymentOptionsAreAvailable - Injected cookie: _ga_SCT41TW89V
2025-03-17 09:13:36 [main] INFO  verifyDifferentPaymentOptionsAreAvailable - Page refreshed with bypassed cookies.
2025-03-17 09:13:36 [main] INFO  verifyDifferentPaymentOptionsAreAvailable - Navigating to login page: https://demo.nopcommerce.com/login
2025-03-17 09:13:41 [main] INFO  verifyDifferentPaymentOptionsAreAvailable - User logged in successfully.
2025-03-17 09:13:41 [main] INFO  verifyDifferentPaymentOptionsAreAvailable - Navigating to product page: https://demo.nopcommerce.com/adobe-photoshop
2025-03-17 09:13:42 [main] INFO  verifyDifferentPaymentOptionsAreAvailable - Clicked 'Add to Cart' button.
2025-03-17 09:13:43 [main] INFO  verifyDifferentPaymentOptionsAreAvailable - Product successfully added to cart.
2025-03-17 09:13:43 [main] INFO  verifyDifferentPaymentOptionsAreAvailable - Navigating to cart page: https://demo.nopcommerce.com/cart
2025-03-17 09:13:45 [main] INFO  verifyDifferentPaymentOptionsAreAvailable - Cart page loaded successfully.
2025-03-17 09:13:45 [main] INFO  verifyDifferentPaymentOptionsAreAvailable - Accepted terms of service.
2025-03-17 09:13:49 [main] INFO  verifyDifferentPaymentOptionsAreAvailable - Shipping method selected.
2025-03-17 09:13:50 [main] INFO  verifyDifferentPaymentOptionsAreAvailable - Payment section loaded successfully.
2025-03-17 09:13:50 [main] INFO  verifyDifferentPaymentOptionsAreAvailable - Payment options are listed.
2025-03-17 09:14:10 [main] INFO  verifyDifferentPaymentOptionsAreAvailable - Closing the browser for test: verifyDifferentPaymentOptionsAreAvailable
2025-03-17 09:14:11 [main] INFO  verifyDifferentPaymentOptionsAreAvailable - Browser closed.
2025-03-17 09:16:36 [main] INFO  verifyDifferentPaymentOptionsAreAvailable - Starting test setup for: verifyDifferentPaymentOptionsAreAvailable
2025-03-17 09:17:01 [main] INFO  verifyDifferentPaymentOptionsAreAvailable - Navigated to the site: https://demo.nopcommerce.com
2025-03-17 09:17:01 [main] INFO  verifyDifferentPaymentOptionsAreAvailable - Injected cookie: _ga
2025-03-17 09:17:01 [main] INFO  verifyDifferentPaymentOptionsAreAvailable - Injected cookie: cf_clearance
2025-03-17 09:17:01 [main] INFO  verifyDifferentPaymentOptionsAreAvailable - Injected cookie: .Nop.Antiforgery
2025-03-17 09:17:01 [main] INFO  verifyDifferentPaymentOptionsAreAvailable - Injected cookie: .Nop.Customer
2025-03-17 09:17:01 [main] INFO  verifyDifferentPaymentOptionsAreAvailable - Injected cookie: .Nop.Culture
2025-03-17 09:17:01 [main] INFO  verifyDifferentPaymentOptionsAreAvailable - Injected cookie: _ga_SCT41TW89V
2025-03-17 09:17:02 [main] INFO  verifyDifferentPaymentOptionsAreAvailable - Page refreshed with bypassed cookies.
2025-03-17 09:17:02 [main] INFO  verifyDifferentPaymentOptionsAreAvailable - Navigating to login page: https://demo.nopcommerce.com/login
2025-03-17 09:17:06 [main] INFO  verifyDifferentPaymentOptionsAreAvailable - User logged in successfully.
2025-03-17 09:17:06 [main] INFO  verifyDifferentPaymentOptionsAreAvailable - Navigating to product page: https://demo.nopcommerce.com/adobe-photoshop
2025-03-17 09:17:08 [main] INFO  verifyDifferentPaymentOptionsAreAvailable - Clicked 'Add to Cart' button.
2025-03-17 09:17:08 [main] INFO  verifyDifferentPaymentOptionsAreAvailable - Product successfully added to cart.
2025-03-17 09:17:08 [main] INFO  verifyDifferentPaymentOptionsAreAvailable - Navigating to cart page: https://demo.nopcommerce.com/cart
2025-03-17 09:17:10 [main] INFO  verifyDifferentPaymentOptionsAreAvailable - Cart page loaded successfully.
2025-03-17 09:17:10 [main] INFO  verifyDifferentPaymentOptionsAreAvailable - Accepted terms of service.
2025-03-17 09:17:14 [main] INFO  verifyDifferentPaymentOptionsAreAvailable - Shipping method selected.
2025-03-17 09:17:15 [main] INFO  verifyDifferentPaymentOptionsAreAvailable - Payment section loaded successfully.
2025-03-17 09:17:15 [main] INFO  verifyDifferentPaymentOptionsAreAvailable - Payment options are listed.
2025-03-17 09:17:16 [main] INFO  verifyDifferentPaymentOptionsAreAvailable - Closing the browser for test: verifyDifferentPaymentOptionsAreAvailable
2025-03-17 09:17:16 [main] INFO  verifyDifferentPaymentOptionsAreAvailable - Browser closed.
2025-03-17 09:21:44 [main] INFO  verifyDifferentPaymentOptionsAreAvailable - Starting test setup for: verifyDifferentPaymentOptionsAreAvailable
2025-03-17 09:22:12 [main] INFO  verifyDifferentPaymentOptionsAreAvailable - Navigated to the site: https://demo.nopcommerce.com
2025-03-17 09:22:12 [main] INFO  verifyDifferentPaymentOptionsAreAvailable - Injected cookie: _ga
2025-03-17 09:22:12 [main] INFO  verifyDifferentPaymentOptionsAreAvailable - Injected cookie: cf_clearance
2025-03-17 09:22:12 [main] INFO  verifyDifferentPaymentOptionsAreAvailable - Injected cookie: .Nop.Antiforgery
2025-03-17 09:22:12 [main] INFO  verifyDifferentPaymentOptionsAreAvailable - Injected cookie: .Nop.Customer
2025-03-17 09:22:12 [main] INFO  verifyDifferentPaymentOptionsAreAvailable - Injected cookie: .Nop.Culture
2025-03-17 09:22:12 [main] INFO  verifyDifferentPaymentOptionsAreAvailable - Injected cookie: _ga_SCT41TW89V
2025-03-17 09:22:18 [main] INFO  verifyDifferentPaymentOptionsAreAvailable - Page refreshed with bypassed cookies.
2025-03-17 09:22:18 [main] INFO  verifyDifferentPaymentOptionsAreAvailable - Navigating to login page: https://demo.nopcommerce.com/login
2025-03-17 09:22:48 [main] INFO  verifyDifferentPaymentOptionsAreAvailable - ================================================================
2025-03-17 09:22:48 [main] INFO  verifyDifferentPaymentOptionsAreAvailable - Starting test setup for: verifyDifferentPaymentOptionsAreAvailable
2025-03-17 09:23:10 [main] INFO  verifyDifferentPaymentOptionsAreAvailable - Navigated to the site: https://demo.nopcommerce.com
2025-03-17 09:23:10 [main] INFO  verifyDifferentPaymentOptionsAreAvailable - Injected cookie: _ga
2025-03-17 09:23:10 [main] INFO  verifyDifferentPaymentOptionsAreAvailable - Injected cookie: cf_clearance
2025-03-17 09:23:10 [main] INFO  verifyDifferentPaymentOptionsAreAvailable - Injected cookie: .Nop.Antiforgery
2025-03-17 09:23:10 [main] INFO  verifyDifferentPaymentOptionsAreAvailable - Injected cookie: .Nop.Customer
2025-03-17 09:23:10 [main] INFO  verifyDifferentPaymentOptionsAreAvailable - Injected cookie: .Nop.Culture
2025-03-17 09:23:10 [main] INFO  verifyDifferentPaymentOptionsAreAvailable - Injected cookie: _ga_SCT41TW89V
2025-03-17 09:23:11 [main] INFO  verifyDifferentPaymentOptionsAreAvailable - Page refreshed with bypassed cookies.
2025-03-17 09:23:11 [main] INFO  verifyDifferentPaymentOptionsAreAvailable - Navigating to login page: https://demo.nopcommerce.com/login
2025-03-17 09:23:14 [main] INFO  verifyDifferentPaymentOptionsAreAvailable - User logged in successfully.
2025-03-17 09:23:14 [main] INFO  verifyDifferentPaymentOptionsAreAvailable - Navigating to product page: https://demo.nopcommerce.com/adobe-photoshop
2025-03-17 09:23:16 [main] INFO  verifyDifferentPaymentOptionsAreAvailable - Clicked 'Add to Cart' button.
2025-03-17 09:23:16 [main] INFO  verifyDifferentPaymentOptionsAreAvailable - Product successfully added to cart.
2025-03-17 09:23:16 [main] INFO  verifyDifferentPaymentOptionsAreAvailable - Navigating to cart page: https://demo.nopcommerce.com/cart
2025-03-17 09:23:18 [main] INFO  verifyDifferentPaymentOptionsAreAvailable - Cart page loaded successfully.
2025-03-17 09:23:18 [main] INFO  verifyDifferentPaymentOptionsAreAvailable - Accepted terms of service.
2025-03-17 09:23:21 [main] INFO  verifyDifferentPaymentOptionsAreAvailable - Shipping method selected.
2025-03-17 09:23:22 [main] INFO  verifyDifferentPaymentOptionsAreAvailable - Payment section loaded successfully.
2025-03-17 09:23:24 [main] INFO  verifyDifferentPaymentOptionsAreAvailable - Payment options are listed.
2025-03-17 09:23:24 [main] INFO  verifyDifferentPaymentOptionsAreAvailable - Both 'Check / Money Order' and 'Credit Card' options are visible.
2025-03-17 09:23:24 [main] INFO  verifyDifferentPaymentOptionsAreAvailable - Closing the browser for test: verifyDifferentPaymentOptionsAreAvailable
2025-03-17 09:23:24 [main] INFO  verifyDifferentPaymentOptionsAreAvailable - Browser closed.
2025-03-17 09:28:47 [main] INFO  verifyDifferentPaymentOptionsAreAvailable - Starting test setup for: verifyDifferentPaymentOptionsAreAvailable
2025-03-17 09:29:09 [main] INFO  verifyDifferentPaymentOptionsAreAvailable - Navigated to the site: https://demo.nopcommerce.com
2025-03-17 09:29:09 [main] INFO  verifyDifferentPaymentOptionsAreAvailable - Injected cookie: cf_clearance
2025-03-17 09:29:09 [main] INFO  verifyDifferentPaymentOptionsAreAvailable - Injected cookie: _ga
2025-03-17 09:29:09 [main] INFO  verifyDifferentPaymentOptionsAreAvailable - Injected cookie: .Nop.Antiforgery
2025-03-17 09:29:09 [main] INFO  verifyDifferentPaymentOptionsAreAvailable - Injected cookie: .Nop.Customer
2025-03-17 09:29:09 [main] INFO  verifyDifferentPaymentOptionsAreAvailable - Injected cookie: .Nop.Culture
2025-03-17 09:29:09 [main] INFO  verifyDifferentPaymentOptionsAreAvailable - Injected cookie: _ga_SCT41TW89V
2025-03-17 09:29:10 [main] INFO  verifyDifferentPaymentOptionsAreAvailable - Page refreshed with bypassed cookies.
2025-03-17 09:29:10 [main] INFO  verifyDifferentPaymentOptionsAreAvailable - Navigating to login page: https://demo.nopcommerce.com/login
2025-03-17 09:29:13 [main] INFO  verifyDifferentPaymentOptionsAreAvailable - User logged in successfully.
2025-03-17 09:29:13 [main] INFO  verifyDifferentPaymentOptionsAreAvailable - Navigating to product page: https://demo.nopcommerce.com/adobe-photoshop
2025-03-17 09:29:14 [main] INFO  verifyDifferentPaymentOptionsAreAvailable - Clicked 'Add to Cart' button.
2025-03-17 09:29:15 [main] INFO  verifyDifferentPaymentOptionsAreAvailable - Product successfully added to cart.
2025-03-17 09:29:15 [main] INFO  verifyDifferentPaymentOptionsAreAvailable - Navigating to cart page: https://demo.nopcommerce.com/cart
2025-03-17 09:29:16 [main] INFO  verifyDifferentPaymentOptionsAreAvailable - Cart page loaded successfully.
2025-03-17 09:29:16 [main] INFO  verifyDifferentPaymentOptionsAreAvailable - Accepted terms of service.
2025-03-17 09:29:20 [main] INFO  verifyDifferentPaymentOptionsAreAvailable - Shipping method selected.
2025-03-17 09:29:20 [main] INFO  verifyDifferentPaymentOptionsAreAvailable - Payment section loaded successfully.
2025-03-17 09:29:22 [main] INFO  verifyDifferentPaymentOptionsAreAvailable - Payment options are listed.
2025-03-17 09:29:22 [main] INFO  verifyDifferentPaymentOptionsAreAvailable - Both 'Check / Money Order' and 'Credit Card' options are visible.
2025-03-17 09:29:22 [main] INFO  verifyDifferentPaymentOptionsAreAvailable - Closing the browser for test: verifyDifferentPaymentOptionsAreAvailable
2025-03-17 09:29:23 [main] INFO  verifyDifferentPaymentOptionsAreAvailable - Browser closed.
2025-03-17 09:33:01 [main] INFO  verifyDifferentPaymentOptionsAreAvailable - 
===================================================================================================================

2025-03-17 09:33:01 [main] INFO  verifyDifferentPaymentOptionsAreAvailable - Starting test setup for: verifyDifferentPaymentOptionsAreAvailable
2025-03-17 09:33:22 [main] INFO  verifyDifferentPaymentOptionsAreAvailable - Navigated to the site: https://demo.nopcommerce.com
2025-03-17 09:33:22 [main] INFO  verifyDifferentPaymentOptionsAreAvailable - Injected cookie: cf_clearance
2025-03-17 09:33:22 [main] INFO  verifyDifferentPaymentOptionsAreAvailable - Injected cookie: _ga
2025-03-17 09:33:22 [main] INFO  verifyDifferentPaymentOptionsAreAvailable - Injected cookie: .Nop.Antiforgery
2025-03-17 09:33:22 [main] INFO  verifyDifferentPaymentOptionsAreAvailable - Injected cookie: .Nop.Customer
2025-03-17 09:33:22 [main] INFO  verifyDifferentPaymentOptionsAreAvailable - Injected cookie: .Nop.Culture
2025-03-17 09:33:22 [main] INFO  verifyDifferentPaymentOptionsAreAvailable - Injected cookie: _ga_SCT41TW89V
2025-03-17 09:33:23 [main] INFO  verifyDifferentPaymentOptionsAreAvailable - Page refreshed with bypassed cookies.
2025-03-17 09:33:23 [main] INFO  verifyDifferentPaymentOptionsAreAvailable - Navigating to login page: https://demo.nopcommerce.com/login
2025-03-17 09:33:26 [main] INFO  verifyDifferentPaymentOptionsAreAvailable - User logged in successfully.
2025-03-17 09:33:26 [main] INFO  verifyDifferentPaymentOptionsAreAvailable - Navigating to product page: https://demo.nopcommerce.com/adobe-photoshop
2025-03-17 09:33:28 [main] INFO  verifyDifferentPaymentOptionsAreAvailable - Clicked 'Add to Cart' button.
2025-03-17 09:33:29 [main] INFO  verifyDifferentPaymentOptionsAreAvailable - Product successfully added to cart.
2025-03-17 09:33:29 [main] INFO  verifyDifferentPaymentOptionsAreAvailable - Navigating to cart page: https://demo.nopcommerce.com/cart
2025-03-17 09:33:30 [main] INFO  verifyDifferentPaymentOptionsAreAvailable - Cart page loaded successfully.
2025-03-17 09:33:30 [main] INFO  verifyDifferentPaymentOptionsAreAvailable - Accepted terms of service.
2025-03-17 09:33:33 [main] INFO  verifyDifferentPaymentOptionsAreAvailable - Shipping method selected.
2025-03-17 09:33:34 [main] INFO  verifyDifferentPaymentOptionsAreAvailable - Payment section loaded successfully.
2025-03-17 09:33:36 [main] INFO  verifyDifferentPaymentOptionsAreAvailable - Payment options are listed.
2025-03-17 09:33:36 [main] INFO  verifyDifferentPaymentOptionsAreAvailable - Both 'Check / Money Order' and 'Credit Card' options are visible.
2025-03-17 09:33:36 [main] INFO  verifyDifferentPaymentOptionsAreAvailable - Closing the browser for test: verifyDifferentPaymentOptionsAreAvailable
2025-03-17 09:33:36 [main] INFO  verifyDifferentPaymentOptionsAreAvailable - Browser closed.
2025-03-17 09:36:47 [main] INFO  verifyDifferentPaymentOptionsAreAvailable - 
=============================================================================================================================== NEW TEST RUN ================================================================================================================================
2025-03-17 09:36:47 [main] INFO  verifyDifferentPaymentOptionsAreAvailable - Starting test setup for: verifyDifferentPaymentOptionsAreAvailable
2025-03-17 09:37:08 [main] INFO  verifyDifferentPaymentOptionsAreAvailable - Navigated to the site: https://demo.nopcommerce.com
2025-03-17 09:37:08 [main] INFO  verifyDifferentPaymentOptionsAreAvailable - Injected cookie: cf_clearance
2025-03-17 09:37:08 [main] INFO  verifyDifferentPaymentOptionsAreAvailable - Injected cookie: _ga
2025-03-17 09:37:08 [main] INFO  verifyDifferentPaymentOptionsAreAvailable - Injected cookie: .Nop.Antiforgery
2025-03-17 09:37:08 [main] INFO  verifyDifferentPaymentOptionsAreAvailable - Injected cookie: .Nop.Customer
2025-03-17 09:37:08 [main] INFO  verifyDifferentPaymentOptionsAreAvailable - Injected cookie: .Nop.Culture
2025-03-17 09:37:08 [main] INFO  verifyDifferentPaymentOptionsAreAvailable - Injected cookie: _ga_SCT41TW89V
2025-03-17 09:37:09 [main] INFO  verifyDifferentPaymentOptionsAreAvailable - Page refreshed with bypassed cookies.
2025-03-17 09:37:09 [main] INFO  verifyDifferentPaymentOptionsAreAvailable - Navigating to login page: https://demo.nopcommerce.com/login
2025-03-17 09:37:12 [main] INFO  verifyDifferentPaymentOptionsAreAvailable - User logged in successfully.
2025-03-17 09:37:12 [main] INFO  verifyDifferentPaymentOptionsAreAvailable - Navigating to product page: https://demo.nopcommerce.com/adobe-photoshop
2025-03-17 09:37:14 [main] INFO  verifyDifferentPaymentOptionsAreAvailable - Clicked 'Add to Cart' button.
2025-03-17 09:37:14 [main] INFO  verifyDifferentPaymentOptionsAreAvailable - Product successfully added to cart.
2025-03-17 09:37:14 [main] INFO  verifyDifferentPaymentOptionsAreAvailable - Navigating to cart page: https://demo.nopcommerce.com/cart
2025-03-17 09:37:15 [main] INFO  verifyDifferentPaymentOptionsAreAvailable - Cart page loaded successfully.
2025-03-17 09:37:15 [main] INFO  verifyDifferentPaymentOptionsAreAvailable - Accepted terms of service.
2025-03-17 09:37:19 [main] INFO  verifyDifferentPaymentOptionsAreAvailable - Shipping method selected.
2025-03-17 09:37:19 [main] INFO  verifyDifferentPaymentOptionsAreAvailable - Payment section loaded successfully.
2025-03-17 09:37:21 [main] INFO  verifyDifferentPaymentOptionsAreAvailable - Payment options are listed.
2025-03-17 09:37:21 [main] INFO  verifyDifferentPaymentOptionsAreAvailable - Both 'Check / Money Order' and 'Credit Card' options are visible.
2025-03-17 09:37:21 [main] INFO  verifyDifferentPaymentOptionsAreAvailable - Closing the browser for test: verifyDifferentPaymentOptionsAreAvailable
2025-03-17 09:37:21 [main] INFO  verifyDifferentPaymentOptionsAreAvailable - Browser closed.
