2025-03-15 14:40:11 [main] INFO  verifyHomePageLoads - Starting test setup for: verifyHomePageLoads
2025-03-15 14:40:11 [main] INFO  verifyHomePageLoads - Setting up Chrome browser...
2025-03-15 14:40:14 [main] INFO  verifyHomePageLoads - Browser setup complete.
2025-03-15 14:40:14 [main] INFO  verifyHomePageLoads - Navigating to: https://demo.nopcommerce.com/
2025-03-15 14:40:16 [main] INFO  verifyHomePageLoads - Page title: nopCommerce demo store. Home page title
2025-03-15 14:40:16 [main] INFO  verifyHomePageLoads - Closing the browser for test: verifyHomePageLoads
2025-03-15 14:40:16 [main] INFO  verifyHomePageLoads - Browser closed.
2025-03-15 14:46:14 [main] INFO  verifyHomePageLoads - Starting test setup for: verifyHomePageLoads
2025-03-15 14:46:14 [main] INFO  verifyHomePageLoads - Setting up Chrome browser...
2025-03-15 14:46:15 [main] INFO  verifyHomePageLoads - Browser setup complete.
2025-03-15 14:46:15 [main] INFO  verifyHomePageLoads - Navigating to: https://demo.nopcommerce.com/
2025-03-15 14:46:17 [main] INFO  verifyHomePageLoads - Actual Page Title: nopCommerce demo store. Home page title
2025-03-15 14:46:17 [main] INFO  verifyHomePageLoads - Closing the browser for test: verifyHomePageLoads
2025-03-15 14:46:17 [main] INFO  verifyHomePageLoads - Browser closed.
2025-03-15 14:48:21 [main] INFO  verifyHomePageLoads - Starting test setup for: verifyHomePageLoads
2025-03-15 14:48:21 [main] INFO  verifyHomePageLoads - Setting up Chrome browser...
2025-03-15 14:48:23 [main] INFO  verifyHomePageLoads - Browser setup complete.
2025-03-15 14:48:23 [main] INFO  verifyHomePageLoads - Navigating to: https://demo.nopcommerce.com/
2025-03-15 14:48:25 [main] INFO  verifyHomePageLoads - Actual Page Title: nopCommerce demo store. Home page title
2025-03-15 14:48:25 [main] INFO  verifyHomePageLoads - Closing the browser for test: verifyHomePageLoads
2025-03-15 14:48:25 [main] INFO  verifyHomePageLoads - Browser closed.
