2025-03-15 22:38:22 [main] INFO  verifySearchFunctionality - Starting test setup for: verifySearchFunctionality
2025-03-15 22:38:22 [main] INFO  verifySearchFunctionality - Setting up Chrome browser...
2025-03-15 22:38:23 [main] INFO  verifySearchFunctionality - Browser setup complete with ZenRows proxy.
2025-03-15 22:38:23 [main] INFO  verifySearchFunctionality - Navigating to: https://demo.nopcommerce.com/
2025-03-15 22:38:25 [main] INFO  verifySearchFunctionality - Search functionality verified successfully.
2025-03-15 22:38:25 [main] INFO  verifySearchFunctionality - Closing the browser for test: verifySearchFunctionality
2025-03-15 22:38:25 [main] INFO  verifySearchFunctionality - Browser closed.
2025-03-15 22:40:39 [main] INFO  verifySearchFunctionality - Starting test setup for: verifySearchFunctionality
2025-03-15 22:40:39 [main] INFO  verifySearchFunctionality - Setting up Chrome browser...
2025-03-15 22:40:40 [main] INFO  verifySearchFunctionality - Browser setup complete with ZenRows proxy.
2025-03-15 22:40:40 [main] INFO  verifySearchFunctionality - Navigating to: https://demo.nopcommerce.com/
2025-03-15 22:40:42 [main] INFO  verifySearchFunctionality - Search functionality verified successfully.
2025-03-15 22:40:42 [main] INFO  verifySearchFunctionality - Closing the browser for test: verifySearchFunctionality
2025-03-15 22:40:42 [main] INFO  verifySearchFunctionality - Browser closed.
2025-03-15 23:02:27 [main] INFO  verifySearchFunctionality - Starting test setup for: verifySearchFunctionality
2025-03-15 23:02:27 [main] INFO  verifySearchFunctionality - Setting up Chrome browser...
2025-03-15 23:02:28 [main] INFO  verifySearchFunctionality - Browser setup complete with ZenRows proxy.
2025-03-15 23:02:28 [main] INFO  verifySearchFunctionality - Navigating to: https://demo.nopcommerce.com/
2025-03-15 23:02:30 [main] INFO  verifySearchFunctionality - Search functionality verified successfully.
2025-03-15 23:02:30 [main] INFO  verifySearchFunctionality - Closing the browser for test: verifySearchFunctionality
2025-03-15 23:02:30 [main] INFO  verifySearchFunctionality - Browser closed.
2025-03-15 23:06:50 [main] INFO  verifySearchFunctionality - Starting test setup for: verifySearchFunctionality
2025-03-15 23:06:50 [main] INFO  verifySearchFunctionality - Setting up Chrome browser...
2025-03-15 23:06:51 [main] INFO  verifySearchFunctionality - Browser setup complete with ZenRows proxy.
2025-03-15 23:06:51 [main] INFO  verifySearchFunctionality - Navigating to: https://demo.nopcommerce.com/
2025-03-15 23:06:53 [main] INFO  verifySearchFunctionality - Search functionality verified successfully.
2025-03-15 23:06:53 [main] INFO  verifySearchFunctionality - Closing the browser for test: verifySearchFunctionality
2025-03-15 23:06:53 [main] INFO  verifySearchFunctionality - Browser closed.
2025-03-15 23:08:59 [main] INFO  verifySearchFunctionality - Starting test setup for: verifySearchFunctionality
2025-03-15 23:08:59 [main] INFO  verifySearchFunctionality - Setting up Chrome browser...
2025-03-15 23:09:00 [main] INFO  verifySearchFunctionality - Browser setup complete with ZenRows proxy.
2025-03-15 23:09:00 [main] INFO  verifySearchFunctionality - Navigating to: https://demo.nopcommerce.com/
2025-03-15 23:09:02 [main] INFO  verifySearchFunctionality - Search functionality verified successfully.
2025-03-15 23:09:02 [main] INFO  verifySearchFunctionality - Closing the browser for test: verifySearchFunctionality
2025-03-15 23:09:02 [main] INFO  verifySearchFunctionality - Browser closed.
2025-03-16 01:39:09 [main] INFO  verifySearchFunctionality - Starting test setup for: verifySearchFunctionality
2025-03-16 01:39:09 [main] INFO  verifySearchFunctionality - Setting up Chrome browser...
2025-03-16 01:39:10 [main] INFO  verifySearchFunctionality - Navigating to: https://demo.nopcommerce.com/
2025-03-16 01:39:15 [main] INFO  verifySearchFunctionality - Search functionality verified successfully.
2025-03-16 01:39:15 [main] INFO  verifySearchFunctionality - Closing the browser for test: verifySearchFunctionality
2025-03-16 01:39:15 [main] INFO  verifySearchFunctionality - Browser closed.
2025-03-16 07:02:37 [main] INFO  verifySearchFunctionality - Starting test setup for: verifySearchFunctionality
2025-03-16 07:02:53 [main] INFO  verifySearchFunctionality - Navigated to the site: https://demo.nopcommerce.com
2025-03-16 07:02:53 [main] INFO  verifySearchFunctionality - Injected cookie: cf_clearance
2025-03-16 07:02:53 [main] INFO  verifySearchFunctionality - Injected cookie: _ga
2025-03-16 07:02:53 [main] INFO  verifySearchFunctionality - Injected cookie: .Nop.Antiforgery
2025-03-16 07:02:53 [main] INFO  verifySearchFunctionality - Injected cookie: .Nop.Customer
2025-03-16 07:02:53 [main] INFO  verifySearchFunctionality - Injected cookie: .Nop.Culture
2025-03-16 07:02:53 [main] INFO  verifySearchFunctionality - Injected cookie: _ga_SCT41TW89V
2025-03-16 07:02:53 [main] INFO  verifySearchFunctionality - Page refreshed with bypassed cookies.
2025-03-16 07:02:53 [main] INFO  verifySearchFunctionality - Navigating to: https://demo.nopcommerce.com/
2025-03-16 07:02:59 [main] INFO  verifySearchFunctionality - Closing the browser for test: verifySearchFunctionality
2025-03-16 07:03:00 [main] INFO  verifySearchFunctionality - Browser closed.
2025-03-16 08:49:31 [main] INFO  verifySearchFunctionality - Starting test setup for: verifySearchFunctionality
2025-03-16 08:49:58 [main] INFO  verifySearchFunctionality - Navigated to the site: https://demo.nopcommerce.com
2025-03-16 08:49:58 [main] INFO  verifySearchFunctionality - Injected cookie: _ga
2025-03-16 08:49:58 [main] INFO  verifySearchFunctionality - Injected cookie: cf_clearance
2025-03-16 08:49:58 [main] INFO  verifySearchFunctionality - Injected cookie: .Nop.Antiforgery
2025-03-16 08:49:58 [main] INFO  verifySearchFunctionality - Injected cookie: .Nop.Customer
2025-03-16 08:49:58 [main] INFO  verifySearchFunctionality - Injected cookie: .Nop.Culture
2025-03-16 08:49:58 [main] INFO  verifySearchFunctionality - Injected cookie: _ga_SCT41TW89V
2025-03-16 08:49:59 [main] INFO  verifySearchFunctionality - Page refreshed with bypassed cookies.
2025-03-16 08:49:59 [main] INFO  verifySearchFunctionality - Navigating to: https://demo.nopcommerce.com/
2025-03-16 08:50:02 [main] INFO  verifySearchFunctionality - Search functionality verified successfully.
2025-03-16 08:50:02 [main] INFO  verifySearchFunctionality - Closing the browser for test: verifySearchFunctionality
2025-03-16 08:50:02 [main] INFO  verifySearchFunctionality - Browser closed.
2025-03-16 09:22:51 [main] INFO  verifySearchFunctionality - Starting test setup for: verifySearchFunctionality
2025-03-16 09:23:15 [main] INFO  verifySearchFunctionality - Navigated to the site: https://demo.nopcommerce.com
2025-03-16 09:23:15 [main] INFO  verifySearchFunctionality - Injected cookie: _ga
2025-03-16 09:23:15 [main] INFO  verifySearchFunctionality - Injected cookie: cf_clearance
2025-03-16 09:23:15 [main] INFO  verifySearchFunctionality - Injected cookie: .Nop.Antiforgery
2025-03-16 09:23:15 [main] INFO  verifySearchFunctionality - Injected cookie: .Nop.Customer
2025-03-16 09:23:15 [main] INFO  verifySearchFunctionality - Injected cookie: .Nop.Culture
2025-03-16 09:23:15 [main] INFO  verifySearchFunctionality - Injected cookie: _ga_SCT41TW89V
2025-03-16 09:23:16 [main] INFO  verifySearchFunctionality - Page refreshed with bypassed cookies.
2025-03-16 09:23:16 [main] INFO  verifySearchFunctionality - Navigating to: https://demo.nopcommerce.com/
2025-03-16 09:23:19 [main] INFO  verifySearchFunctionality - Search functionality verified successfully.
2025-03-16 09:23:19 [main] INFO  verifySearchFunctionality - Closing the browser for test: verifySearchFunctionality
2025-03-16 09:23:19 [main] INFO  verifySearchFunctionality - Browser closed.
