2025-03-16 00:41:28 [main] INFO  verifyCompareListFunctionality - Starting test setup for: verifyCompareListFunctionality
2025-03-16 00:41:28 [main] INFO  verifyCompareListFunctionality - Setting up Chrome browser...
2025-03-16 00:41:30 [main] INFO  verifyCompareListFunctionality - Browser setup complete with ZenRows proxy.
2025-03-16 00:41:30 [main] INFO  verifyCompareListFunctionality - Navigating to: https://demo.nopcommerce.com/
2025-03-16 00:41:41 [main] INFO  verifyCompareListFunctionality - Closing the browser for test: verifyCompareListFunctionality
2025-03-16 00:41:41 [main] INFO  verifyCompareListFunctionality - Browser closed.
2025-03-16 00:42:49 [main] INFO  verifyCompareListFunctionality - Starting test setup for: verifyCompareListFunctionality
2025-03-16 00:42:49 [main] INFO  verifyCompareListFunctionality - Setting up Chrome browser...
2025-03-16 00:42:50 [main] INFO  verifyCompareListFunctionality - Browser setup complete with ZenRows proxy.
2025-03-16 00:42:50 [main] INFO  verifyCompareListFunctionality - Navigating to: https://demo.nopcommerce.com/
2025-03-16 00:42:53 [main] INFO  verifyCompareListFunctionality - Closing the browser for test: verifyCompareListFunctionality
2025-03-16 00:42:53 [main] INFO  verifyCompareListFunctionality - Browser closed.
2025-03-16 00:43:47 [main] INFO  verifyCompareListFunctionality - Starting test setup for: verifyCompareListFunctionality
2025-03-16 00:43:47 [main] INFO  verifyCompareListFunctionality - Setting up Chrome browser...
2025-03-16 00:43:48 [main] INFO  verifyCompareListFunctionality - Browser setup complete with ZenRows proxy.
2025-03-16 00:43:48 [main] INFO  verifyCompareListFunctionality - Navigating to: https://demo.nopcommerce.com/
2025-03-16 00:43:50 [main] INFO  verifyCompareListFunctionality - Opening Apple iPhone 16 128GB product page.
2025-03-16 00:43:52 [main] INFO  verifyCompareListFunctionality - Added Apple iPhone 16 128GB to the compare list.
2025-03-16 00:43:52 [main] INFO  verifyCompareListFunctionality - Opening HTC One Mini Blue product page.
2025-03-16 00:43:53 [main] INFO  verifyCompareListFunctionality - Added HTC One Mini Blue to the compare list.
2025-03-16 00:43:53 [main] INFO  verifyCompareListFunctionality - Navigating to Compare Products list.
2025-03-16 00:43:56 [main] INFO  verifyCompareListFunctionality - Closing the browser for test: verifyCompareListFunctionality
2025-03-16 00:43:56 [main] INFO  verifyCompareListFunctionality - Browser closed.
2025-03-16 00:44:28 [main] INFO  verifyCompareListFunctionality - Starting test setup for: verifyCompareListFunctionality
2025-03-16 00:44:28 [main] INFO  verifyCompareListFunctionality - Setting up Chrome browser...
2025-03-16 00:44:30 [main] INFO  verifyCompareListFunctionality - Browser setup complete with ZenRows proxy.
2025-03-16 00:44:30 [main] INFO  verifyCompareListFunctionality - Navigating to: https://demo.nopcommerce.com/
2025-03-16 00:44:32 [main] INFO  verifyCompareListFunctionality - Opening Apple iPhone 16 128GB product page.
2025-03-16 00:44:37 [main] INFO  verifyCompareListFunctionality - Added Apple iPhone 16 128GB to the compare list.
2025-03-16 00:44:42 [main] INFO  verifyCompareListFunctionality - Opening HTC One Mini Blue product page.
2025-03-16 00:44:45 [main] INFO  verifyCompareListFunctionality - Closing the browser for test: verifyCompareListFunctionality
2025-03-16 00:44:45 [main] INFO  verifyCompareListFunctionality - Browser closed.
2025-03-16 00:45:03 [main] INFO  verifyCompareListFunctionality - Starting test setup for: verifyCompareListFunctionality
2025-03-16 00:45:03 [main] INFO  verifyCompareListFunctionality - Setting up Chrome browser...
2025-03-16 00:45:04 [main] INFO  verifyCompareListFunctionality - Browser setup complete with ZenRows proxy.
2025-03-16 00:45:04 [main] INFO  verifyCompareListFunctionality - Navigating to: https://demo.nopcommerce.com/
2025-03-16 00:45:16 [main] INFO  verifyCompareListFunctionality - Opening Apple iPhone 16 128GB product page.
2025-03-16 00:45:16 [main] INFO  verifyCompareListFunctionality - Closing the browser for test: verifyCompareListFunctionality
2025-03-16 00:45:28 [main] INFO  verifyCompareListFunctionality - Starting test setup for: verifyCompareListFunctionality
2025-03-16 00:45:28 [main] INFO  verifyCompareListFunctionality - Setting up Chrome browser...
2025-03-16 00:45:29 [main] INFO  verifyCompareListFunctionality - Browser setup complete with ZenRows proxy.
2025-03-16 00:45:29 [main] INFO  verifyCompareListFunctionality - Navigating to: https://demo.nopcommerce.com/
2025-03-16 00:45:31 [main] INFO  verifyCompareListFunctionality - Opening Apple iPhone 16 128GB product page.
2025-03-16 00:45:33 [main] INFO  verifyCompareListFunctionality - Added Apple iPhone 16 128GB to the compare list.
2025-03-16 00:45:34 [main] INFO  verifyCompareListFunctionality - Opening HTC One Mini Blue product page.
2025-03-16 00:45:38 [main] INFO  verifyCompareListFunctionality - Closing the browser for test: verifyCompareListFunctionality
2025-03-16 00:45:38 [main] INFO  verifyCompareListFunctionality - Browser closed.
2025-03-16 00:46:16 [main] INFO  verifyCompareListFunctionality - Starting test setup for: verifyCompareListFunctionality
2025-03-16 00:46:16 [main] INFO  verifyCompareListFunctionality - Setting up Chrome browser...
2025-03-16 00:46:17 [main] INFO  verifyCompareListFunctionality - Browser setup complete with ZenRows proxy.
2025-03-16 00:46:17 [main] INFO  verifyCompareListFunctionality - Navigating to: https://demo.nopcommerce.com/
2025-03-16 00:46:19 [main] INFO  verifyCompareListFunctionality - Opening Apple iPhone 16 128GB product page.
2025-03-16 00:46:22 [main] INFO  verifyCompareListFunctionality - Added Apple iPhone 16 128GB to the compare list.
2025-03-16 00:46:23 [main] INFO  verifyCompareListFunctionality - Opening HTC One Mini Blue product page.
2025-03-16 00:46:26 [main] INFO  verifyCompareListFunctionality - Closing the browser for test: verifyCompareListFunctionality
2025-03-16 00:46:27 [main] INFO  verifyCompareListFunctionality - Browser closed.
2025-03-16 00:48:22 [main] INFO  verifyCompareListFunctionality - Starting test setup for: verifyCompareListFunctionality
2025-03-16 00:48:22 [main] INFO  verifyCompareListFunctionality - Setting up Chrome browser...
2025-03-16 00:48:23 [main] INFO  verifyCompareListFunctionality - Browser setup complete with ZenRows proxy.
2025-03-16 00:48:23 [main] INFO  verifyCompareListFunctionality - Navigating to: https://demo.nopcommerce.com/
2025-03-16 00:48:25 [main] INFO  verifyCompareListFunctionality - Opening Apple iPhone 16 128GB product page.
2025-03-16 00:48:30 [main] INFO  verifyCompareListFunctionality - Added Apple iPhone 16 128GB to the compare list.
2025-03-16 00:48:32 [main] INFO  verifyCompareListFunctionality - Opening HTC One Mini Blue product page.
2025-03-16 00:48:36 [main] INFO  verifyCompareListFunctionality - Closing the browser for test: verifyCompareListFunctionality
2025-03-16 00:48:36 [main] INFO  verifyCompareListFunctionality - Browser closed.
2025-03-16 00:50:00 [main] INFO  verifyCompareListFunctionality - Starting test setup for: verifyCompareListFunctionality
2025-03-16 00:50:00 [main] INFO  verifyCompareListFunctionality - Setting up Chrome browser...
2025-03-16 00:50:01 [main] INFO  verifyCompareListFunctionality - Browser setup complete with ZenRows proxy.
2025-03-16 00:50:01 [main] INFO  verifyCompareListFunctionality - Navigating to: https://demo.nopcommerce.com/
2025-03-16 00:50:03 [main] INFO  verifyCompareListFunctionality - Opening Apple iPhone 16 128GB product page.
2025-03-16 00:50:07 [main] INFO  verifyCompareListFunctionality - Added Apple iPhone 16 128GB to the compare list.
2025-03-16 00:50:09 [main] INFO  verifyCompareListFunctionality - Opening HTC One Mini Blue product page.
2025-03-16 00:50:15 [main] INFO  verifyCompareListFunctionality - Closing the browser for test: verifyCompareListFunctionality
2025-03-16 00:50:15 [main] INFO  verifyCompareListFunctionality - Browser closed.
2025-03-16 00:50:27 [main] INFO  verifyCompareListFunctionality - Starting test setup for: verifyCompareListFunctionality
2025-03-16 00:50:27 [main] INFO  verifyCompareListFunctionality - Setting up Chrome browser...
2025-03-16 00:50:28 [main] INFO  verifyCompareListFunctionality - Browser setup complete with ZenRows proxy.
2025-03-16 00:50:28 [main] INFO  verifyCompareListFunctionality - Navigating to: https://demo.nopcommerce.com/
2025-03-16 00:50:33 [main] INFO  verifyCompareListFunctionality - Opening Apple iPhone 16 128GB product page.
2025-03-16 00:50:38 [main] INFO  verifyCompareListFunctionality - Added Apple iPhone 16 128GB to the compare list.
2025-03-16 00:50:41 [main] INFO  verifyCompareListFunctionality - Opening HTC One Mini Blue product page.
2025-03-16 00:50:44 [main] INFO  verifyCompareListFunctionality - Closing the browser for test: verifyCompareListFunctionality
2025-03-16 00:50:44 [main] INFO  verifyCompareListFunctionality - Browser closed.
2025-03-16 00:52:34 [main] INFO  verifyCompareListFunctionality - Starting test setup for: verifyCompareListFunctionality
2025-03-16 00:52:34 [main] INFO  verifyCompareListFunctionality - Setting up Chrome browser...
2025-03-16 00:52:35 [main] INFO  verifyCompareListFunctionality - Browser setup complete with ZenRows proxy.
2025-03-16 00:52:35 [main] INFO  verifyCompareListFunctionality - Navigating to: https://demo.nopcommerce.com/
2025-03-16 00:52:38 [main] INFO  verifyCompareListFunctionality - Opening Apple iPhone 16 128GB product page.
2025-03-16 00:52:48 [main] INFO  verifyCompareListFunctionality - Added Apple iPhone 16 128GB to the compare list.
2025-03-16 00:52:55 [main] INFO  verifyCompareListFunctionality - Opening HTC One Mini Blue product page.
2025-03-16 00:52:59 [main] INFO  verifyCompareListFunctionality - Closing the browser for test: verifyCompareListFunctionality
2025-03-16 00:52:59 [main] INFO  verifyCompareListFunctionality - Browser closed.
2025-03-16 00:54:13 [main] INFO  verifyCompareListFunctionality - Starting test setup for: verifyCompareListFunctionality
2025-03-16 00:54:13 [main] INFO  verifyCompareListFunctionality - Setting up Chrome browser...
2025-03-16 00:54:14 [main] INFO  verifyCompareListFunctionality - Browser setup complete with ZenRows proxy.
2025-03-16 00:54:14 [main] INFO  verifyCompareListFunctionality - Navigating to: https://demo.nopcommerce.com/
2025-03-16 00:54:18 [main] INFO  verifyCompareListFunctionality - Opening Apple iPhone 16 128GB product page.
2025-03-16 00:54:23 [main] INFO  verifyCompareListFunctionality - Added Apple iPhone 16 128GB to the compare list.
2025-03-16 00:54:29 [main] INFO  verifyCompareListFunctionality - Opening HTC One Mini Blue product page.
2025-03-16 00:54:37 [main] INFO  verifyCompareListFunctionality - Closing the browser for test: verifyCompareListFunctionality
2025-03-16 00:54:37 [main] INFO  verifyCompareListFunctionality - Browser closed.
2025-03-16 00:54:46 [main] INFO  verifyCompareListFunctionality - Starting test setup for: verifyCompareListFunctionality
2025-03-16 00:54:46 [main] INFO  verifyCompareListFunctionality - Setting up Chrome browser...
2025-03-16 00:54:47 [main] INFO  verifyCompareListFunctionality - Browser setup complete with ZenRows proxy.
2025-03-16 00:54:47 [main] INFO  verifyCompareListFunctionality - Navigating to: https://demo.nopcommerce.com/
2025-03-16 00:54:49 [main] INFO  verifyCompareListFunctionality - Opening Apple iPhone 16 128GB product page.
2025-03-16 00:54:55 [main] INFO  verifyCompareListFunctionality - Added Apple iPhone 16 128GB to the compare list.
2025-03-16 00:54:58 [main] INFO  verifyCompareListFunctionality - Opening HTC One Mini Blue product page.
2025-03-16 00:55:06 [main] INFO  verifyCompareListFunctionality - Closing the browser for test: verifyCompareListFunctionality
2025-03-16 00:55:06 [main] INFO  verifyCompareListFunctionality - Browser closed.
2025-03-16 00:55:43 [main] INFO  verifyCompareListFunctionality - Starting test setup for: verifyCompareListFunctionality
2025-03-16 00:55:43 [main] INFO  verifyCompareListFunctionality - Setting up Chrome browser...
2025-03-16 00:55:44 [main] INFO  verifyCompareListFunctionality - Browser setup complete with ZenRows proxy.
2025-03-16 00:55:44 [main] INFO  verifyCompareListFunctionality - Navigating to: https://demo.nopcommerce.com/
2025-03-16 00:55:46 [main] INFO  verifyCompareListFunctionality - Opening Apple iPhone 16 128GB product page.
2025-03-16 00:55:52 [main] INFO  verifyCompareListFunctionality - Added Apple iPhone 16 128GB to the compare list.
2025-03-16 00:55:56 [main] INFO  verifyCompareListFunctionality - Opening HTC One Mini Blue product page.
2025-03-16 00:56:01 [main] INFO  verifyCompareListFunctionality - Closing the browser for test: verifyCompareListFunctionality
2025-03-16 00:56:01 [main] INFO  verifyCompareListFunctionality - Browser closed.
2025-03-16 00:57:05 [main] INFO  verifyCompareListFunctionality - Starting test setup for: verifyCompareListFunctionality
2025-03-16 00:57:05 [main] INFO  verifyCompareListFunctionality - Setting up Chrome browser...
2025-03-16 00:57:06 [main] INFO  verifyCompareListFunctionality - Browser setup complete with ZenRows proxy.
2025-03-16 00:57:06 [main] INFO  verifyCompareListFunctionality - Navigating to: https://demo.nopcommerce.com/
2025-03-16 00:57:08 [main] INFO  verifyCompareListFunctionality - Opening Apple iPhone 16 128GB product page.
2025-03-16 00:57:20 [main] INFO  verifyCompareListFunctionality - Added Apple iPhone 16 128GB to the compare list.
2025-03-16 00:57:27 [main] INFO  verifyCompareListFunctionality - Opening HTC One Mini Blue product page.
2025-03-16 00:58:59 [main] INFO  verifyCompareListFunctionality - Starting test setup for: verifyCompareListFunctionality
2025-03-16 00:58:59 [main] INFO  verifyCompareListFunctionality - Setting up Chrome browser...
2025-03-16 00:59:00 [main] INFO  verifyCompareListFunctionality - Browser setup complete with ZenRows proxy.
2025-03-16 00:59:00 [main] INFO  verifyCompareListFunctionality - Navigating to: https://demo.nopcommerce.com/
2025-03-16 00:59:02 [main] INFO  verifyCompareListFunctionality - Opening Apple iPhone 16 128GB product page.
2025-03-16 00:59:14 [main] INFO  verifyCompareListFunctionality - Added Apple iPhone 16 128GB to the compare list.
2025-03-16 00:59:22 [main] INFO  verifyCompareListFunctionality - Opening HTC One Mini Blue product page.
2025-03-16 01:09:20 [main] INFO  verifyCompareListFunctionality - Starting test setup for: verifyCompareListFunctionality
2025-03-16 01:09:20 [main] INFO  verifyCompareListFunctionality - Setting up Chrome browser...
2025-03-16 01:09:22 [main] INFO  verifyCompareListFunctionality - Browser setup complete with ZenRows proxy.
2025-03-16 01:09:22 [main] INFO  verifyCompareListFunctionality - Navigating to: https://demo.nopcommerce.com/
2025-03-16 01:09:23 [main] INFO  verifyCompareListFunctionality - Opening Apple iPhone 16 128GB product page.
2025-03-16 01:09:34 [main] INFO  verifyCompareListFunctionality - Closing the browser for test: verifyCompareListFunctionality
2025-03-16 01:09:34 [main] INFO  verifyCompareListFunctionality - Browser closed.
2025-03-16 01:10:55 [main] INFO  verifyCompareListFunctionality - Starting test setup for: verifyCompareListFunctionality
2025-03-16 01:10:55 [main] INFO  verifyCompareListFunctionality - Setting up Chrome browser...
2025-03-16 01:10:57 [main] INFO  verifyCompareListFunctionality - Browser setup complete with ZenRows proxy.
2025-03-16 01:10:57 [main] INFO  verifyCompareListFunctionality - Navigating to: https://demo.nopcommerce.com/
2025-03-16 01:10:58 [main] INFO  verifyCompareListFunctionality - Opening Apple iPhone 16 128GB product page.
2025-03-16 01:11:11 [main] INFO  verifyCompareListFunctionality - Added Apple iPhone 16 128GB to the compare list.
2025-03-16 01:11:22 [main] INFO  verifyCompareListFunctionality - Opening HTC One Mini Blue product page.
2025-03-16 01:11:32 [main] INFO  verifyCompareListFunctionality - Closing the browser for test: verifyCompareListFunctionality
2025-03-16 01:11:32 [main] INFO  verifyCompareListFunctionality - Browser closed.
2025-03-16 01:12:27 [main] INFO  verifyCompareListFunctionality - Starting test setup for: verifyCompareListFunctionality
2025-03-16 01:12:27 [main] INFO  verifyCompareListFunctionality - Setting up Chrome browser...
2025-03-16 01:12:28 [main] INFO  verifyCompareListFunctionality - Browser setup complete with ZenRows proxy.
2025-03-16 01:12:28 [main] INFO  verifyCompareListFunctionality - Navigating to: https://demo.nopcommerce.com/
2025-03-16 01:12:29 [main] INFO  verifyCompareListFunctionality - Opening Apple iPhone 16 128GB product page.
2025-03-16 01:44:50 [main] INFO  verifyCompareListFunctionality - Starting test setup for: verifyCompareListFunctionality
2025-03-16 01:44:50 [main] INFO  verifyCompareListFunctionality - Setting up Chrome browser...
2025-03-16 01:44:52 [main] INFO  verifyCompareListFunctionality - Navigating to: https://demo.nopcommerce.com/
2025-03-16 01:44:56 [main] INFO  verifyCompareListFunctionality - Opening Apple iPhone 16 128GB product page.
2025-03-16 01:45:09 [main] INFO  verifyCompareListFunctionality - Added Apple iPhone 16 128GB to the compare list.
2025-03-16 01:45:19 [main] INFO  verifyCompareListFunctionality - Opening HTC One Mini Blue product page.
2025-03-16 01:45:32 [main] INFO  verifyCompareListFunctionality - Closing the browser for test: verifyCompareListFunctionality
2025-03-16 01:45:32 [main] INFO  verifyCompareListFunctionality - Browser closed.
2025-03-16 07:11:42 [main] INFO  verifyCompareListFunctionality - Starting test setup for: verifyCompareListFunctionality
2025-03-16 07:11:48 [main] ERROR verifyCompareListFunctionality - Failed to set up the browser
java.lang.RuntimeException: Failed to retrieve bypassed HTML.
	at base.BaseTest.setUp(BaseTest.java:52) ~[test-classes/:?]
	at jdk.internal.reflect.DirectMethodHandleAccessor.invoke(DirectMethodHandleAccessor.java:103) ~[?:?]
	at java.lang.reflect.Method.invoke(Method.java:580) ~[?:?]
	at org.testng.internal.invokers.MethodInvocationHelper.invokeMethod(MethodInvocationHelper.java:141) ~[testng-7.11.0.jar:7.11.0]
	at org.testng.internal.invokers.MethodInvocationHelper.invokeMethodConsideringTimeout(MethodInvocationHelper.java:71) ~[testng-7.11.0.jar:7.11.0]
	at org.testng.internal.invokers.ConfigInvoker.invokeConfigurationMethod(ConfigInvoker.java:400) ~[testng-7.11.0.jar:7.11.0]
	at org.testng.internal.invokers.ConfigInvoker.invokeConfigurations(ConfigInvoker.java:333) ~[testng-7.11.0.jar:7.11.0]
	at org.testng.internal.invokers.TestInvoker.runConfigMethods(TestInvoker.java:836) ~[testng-7.11.0.jar:7.11.0]
	at org.testng.internal.invokers.TestInvoker.invokeMethod(TestInvoker.java:601) ~[testng-7.11.0.jar:7.11.0]
	at org.testng.internal.invokers.TestInvoker.invokeTestMethod(TestInvoker.java:230) ~[testng-7.11.0.jar:7.11.0]
	at org.testng.internal.invokers.MethodRunner.runInSequence(MethodRunner.java:63) ~[testng-7.11.0.jar:7.11.0]
	at org.testng.internal.invokers.TestInvoker$MethodInvocationAgent.invoke(TestInvoker.java:995) ~[testng-7.11.0.jar:7.11.0]
	at org.testng.internal.invokers.TestInvoker.invokeTestMethods(TestInvoker.java:203) ~[testng-7.11.0.jar:7.11.0]
	at org.testng.internal.invokers.TestMethodWorker.invokeTestMethods(TestMethodWorker.java:154) ~[testng-7.11.0.jar:7.11.0]
	at org.testng.internal.invokers.TestMethodWorker.run(TestMethodWorker.java:134) ~[testng-7.11.0.jar:7.11.0]
	at java.util.ArrayList.forEach(ArrayList.java:1597) [?:?]
	at org.testng.TestRunner.privateRun(TestRunner.java:741) [testng-7.11.0.jar:7.11.0]
	at org.testng.TestRunner.run(TestRunner.java:616) [testng-7.11.0.jar:7.11.0]
	at org.testng.SuiteRunner.runTest(SuiteRunner.java:421) [testng-7.11.0.jar:7.11.0]
	at org.testng.SuiteRunner.runSequentially(SuiteRunner.java:413) [testng-7.11.0.jar:7.11.0]
	at org.testng.SuiteRunner.privateRun(SuiteRunner.java:373) [testng-7.11.0.jar:7.11.0]
	at org.testng.SuiteRunner.run(SuiteRunner.java:312) [testng-7.11.0.jar:7.11.0]
	at org.testng.SuiteRunnerWorker.runSuite(SuiteRunnerWorker.java:52) [testng-7.11.0.jar:7.11.0]
	at org.testng.SuiteRunnerWorker.run(SuiteRunnerWorker.java:95) [testng-7.11.0.jar:7.11.0]
	at org.testng.TestNG.runSuitesSequentially(TestNG.java:1274) [testng-7.11.0.jar:7.11.0]
	at org.testng.TestNG.runSuitesLocally(TestNG.java:1208) [testng-7.11.0.jar:7.11.0]
	at org.testng.TestNG.runSuites(TestNG.java:1112) [testng-7.11.0.jar:7.11.0]
	at org.testng.TestNG.run(TestNG.java:1079) [testng-7.11.0.jar:7.11.0]
	at com.intellij.rt.testng.IDEARemoteTestNG.run(IDEARemoteTestNG.java:65) [testng-rt.jar:?]
	at com.intellij.rt.testng.RemoteTestNGStarter.main(RemoteTestNGStarter.java:105) [testng-rt.jar:?]
2025-03-16 07:12:43 [main] INFO  verifyCompareListFunctionality - Starting test setup for: verifyCompareListFunctionality
2025-03-16 07:12:46 [main] ERROR verifyCompareListFunctionality - Failed to set up the browser
java.lang.RuntimeException: Failed to retrieve bypassed HTML.
	at base.BaseTest.setUp(BaseTest.java:52) ~[test-classes/:?]
	at jdk.internal.reflect.DirectMethodHandleAccessor.invoke(DirectMethodHandleAccessor.java:103) ~[?:?]
	at java.lang.reflect.Method.invoke(Method.java:580) ~[?:?]
	at org.testng.internal.invokers.MethodInvocationHelper.invokeMethod(MethodInvocationHelper.java:141) ~[testng-7.11.0.jar:7.11.0]
	at org.testng.internal.invokers.MethodInvocationHelper.invokeMethodConsideringTimeout(MethodInvocationHelper.java:71) ~[testng-7.11.0.jar:7.11.0]
	at org.testng.internal.invokers.ConfigInvoker.invokeConfigurationMethod(ConfigInvoker.java:400) ~[testng-7.11.0.jar:7.11.0]
	at org.testng.internal.invokers.ConfigInvoker.invokeConfigurations(ConfigInvoker.java:333) ~[testng-7.11.0.jar:7.11.0]
	at org.testng.internal.invokers.TestInvoker.runConfigMethods(TestInvoker.java:836) ~[testng-7.11.0.jar:7.11.0]
	at org.testng.internal.invokers.TestInvoker.invokeMethod(TestInvoker.java:601) ~[testng-7.11.0.jar:7.11.0]
	at org.testng.internal.invokers.TestInvoker.invokeTestMethod(TestInvoker.java:230) ~[testng-7.11.0.jar:7.11.0]
	at org.testng.internal.invokers.MethodRunner.runInSequence(MethodRunner.java:63) ~[testng-7.11.0.jar:7.11.0]
	at org.testng.internal.invokers.TestInvoker$MethodInvocationAgent.invoke(TestInvoker.java:995) ~[testng-7.11.0.jar:7.11.0]
	at org.testng.internal.invokers.TestInvoker.invokeTestMethods(TestInvoker.java:203) ~[testng-7.11.0.jar:7.11.0]
	at org.testng.internal.invokers.TestMethodWorker.invokeTestMethods(TestMethodWorker.java:154) ~[testng-7.11.0.jar:7.11.0]
	at org.testng.internal.invokers.TestMethodWorker.run(TestMethodWorker.java:134) ~[testng-7.11.0.jar:7.11.0]
	at java.util.ArrayList.forEach(ArrayList.java:1597) [?:?]
	at org.testng.TestRunner.privateRun(TestRunner.java:741) [testng-7.11.0.jar:7.11.0]
	at org.testng.TestRunner.run(TestRunner.java:616) [testng-7.11.0.jar:7.11.0]
	at org.testng.SuiteRunner.runTest(SuiteRunner.java:421) [testng-7.11.0.jar:7.11.0]
	at org.testng.SuiteRunner.runSequentially(SuiteRunner.java:413) [testng-7.11.0.jar:7.11.0]
	at org.testng.SuiteRunner.privateRun(SuiteRunner.java:373) [testng-7.11.0.jar:7.11.0]
	at org.testng.SuiteRunner.run(SuiteRunner.java:312) [testng-7.11.0.jar:7.11.0]
	at org.testng.SuiteRunnerWorker.runSuite(SuiteRunnerWorker.java:52) [testng-7.11.0.jar:7.11.0]
	at org.testng.SuiteRunnerWorker.run(SuiteRunnerWorker.java:95) [testng-7.11.0.jar:7.11.0]
	at org.testng.TestNG.runSuitesSequentially(TestNG.java:1274) [testng-7.11.0.jar:7.11.0]
	at org.testng.TestNG.runSuitesLocally(TestNG.java:1208) [testng-7.11.0.jar:7.11.0]
	at org.testng.TestNG.runSuites(TestNG.java:1112) [testng-7.11.0.jar:7.11.0]
	at org.testng.TestNG.run(TestNG.java:1079) [testng-7.11.0.jar:7.11.0]
	at com.intellij.rt.testng.IDEARemoteTestNG.run(IDEARemoteTestNG.java:65) [testng-rt.jar:?]
	at com.intellij.rt.testng.RemoteTestNGStarter.main(RemoteTestNGStarter.java:105) [testng-rt.jar:?]
2025-03-16 07:13:03 [main] INFO  verifyCompareListFunctionality - Starting test setup for: verifyCompareListFunctionality
2025-03-16 07:13:06 [main] ERROR verifyCompareListFunctionality - Failed to set up the browser
java.lang.RuntimeException: Failed to retrieve bypassed HTML.
	at base.BaseTest.setUp(BaseTest.java:52) ~[test-classes/:?]
	at jdk.internal.reflect.DirectMethodHandleAccessor.invoke(DirectMethodHandleAccessor.java:103) ~[?:?]
	at java.lang.reflect.Method.invoke(Method.java:580) ~[?:?]
	at org.testng.internal.invokers.MethodInvocationHelper.invokeMethod(MethodInvocationHelper.java:141) ~[testng-7.11.0.jar:7.11.0]
	at org.testng.internal.invokers.MethodInvocationHelper.invokeMethodConsideringTimeout(MethodInvocationHelper.java:71) ~[testng-7.11.0.jar:7.11.0]
	at org.testng.internal.invokers.ConfigInvoker.invokeConfigurationMethod(ConfigInvoker.java:400) ~[testng-7.11.0.jar:7.11.0]
	at org.testng.internal.invokers.ConfigInvoker.invokeConfigurations(ConfigInvoker.java:333) ~[testng-7.11.0.jar:7.11.0]
	at org.testng.internal.invokers.TestInvoker.runConfigMethods(TestInvoker.java:836) ~[testng-7.11.0.jar:7.11.0]
	at org.testng.internal.invokers.TestInvoker.invokeMethod(TestInvoker.java:601) ~[testng-7.11.0.jar:7.11.0]
	at org.testng.internal.invokers.TestInvoker.invokeTestMethod(TestInvoker.java:230) ~[testng-7.11.0.jar:7.11.0]
	at org.testng.internal.invokers.MethodRunner.runInSequence(MethodRunner.java:63) ~[testng-7.11.0.jar:7.11.0]
	at org.testng.internal.invokers.TestInvoker$MethodInvocationAgent.invoke(TestInvoker.java:995) ~[testng-7.11.0.jar:7.11.0]
	at org.testng.internal.invokers.TestInvoker.invokeTestMethods(TestInvoker.java:203) ~[testng-7.11.0.jar:7.11.0]
	at org.testng.internal.invokers.TestMethodWorker.invokeTestMethods(TestMethodWorker.java:154) ~[testng-7.11.0.jar:7.11.0]
	at org.testng.internal.invokers.TestMethodWorker.run(TestMethodWorker.java:134) ~[testng-7.11.0.jar:7.11.0]
	at java.util.ArrayList.forEach(ArrayList.java:1597) [?:?]
	at org.testng.TestRunner.privateRun(TestRunner.java:741) [testng-7.11.0.jar:7.11.0]
	at org.testng.TestRunner.run(TestRunner.java:616) [testng-7.11.0.jar:7.11.0]
	at org.testng.SuiteRunner.runTest(SuiteRunner.java:421) [testng-7.11.0.jar:7.11.0]
	at org.testng.SuiteRunner.runSequentially(SuiteRunner.java:413) [testng-7.11.0.jar:7.11.0]
	at org.testng.SuiteRunner.privateRun(SuiteRunner.java:373) [testng-7.11.0.jar:7.11.0]
	at org.testng.SuiteRunner.run(SuiteRunner.java:312) [testng-7.11.0.jar:7.11.0]
	at org.testng.SuiteRunnerWorker.runSuite(SuiteRunnerWorker.java:52) [testng-7.11.0.jar:7.11.0]
	at org.testng.SuiteRunnerWorker.run(SuiteRunnerWorker.java:95) [testng-7.11.0.jar:7.11.0]
	at org.testng.TestNG.runSuitesSequentially(TestNG.java:1274) [testng-7.11.0.jar:7.11.0]
	at org.testng.TestNG.runSuitesLocally(TestNG.java:1208) [testng-7.11.0.jar:7.11.0]
	at org.testng.TestNG.runSuites(TestNG.java:1112) [testng-7.11.0.jar:7.11.0]
	at org.testng.TestNG.run(TestNG.java:1079) [testng-7.11.0.jar:7.11.0]
	at com.intellij.rt.testng.IDEARemoteTestNG.run(IDEARemoteTestNG.java:65) [testng-rt.jar:?]
	at com.intellij.rt.testng.RemoteTestNGStarter.main(RemoteTestNGStarter.java:105) [testng-rt.jar:?]
2025-03-16 07:14:33 [main] INFO  verifyCompareListFunctionality - Starting test setup for: verifyCompareListFunctionality
2025-03-16 07:14:51 [main] INFO  verifyCompareListFunctionality - Navigated to the site: https://demo.nopcommerce.com
2025-03-16 07:14:51 [main] INFO  verifyCompareListFunctionality - Injected cookie: cf_clearance
2025-03-16 07:14:51 [main] INFO  verifyCompareListFunctionality - Injected cookie: _ga
2025-03-16 07:14:51 [main] INFO  verifyCompareListFunctionality - Injected cookie: .Nop.Antiforgery
2025-03-16 07:14:51 [main] INFO  verifyCompareListFunctionality - Injected cookie: .Nop.Customer
2025-03-16 07:14:51 [main] INFO  verifyCompareListFunctionality - Injected cookie: .Nop.Culture
2025-03-16 07:14:51 [main] INFO  verifyCompareListFunctionality - Injected cookie: _ga_SCT41TW89V
2025-03-16 07:14:51 [main] INFO  verifyCompareListFunctionality - Page refreshed with bypassed cookies.
2025-03-16 07:14:51 [main] INFO  verifyCompareListFunctionality - Navigating to: https://demo.nopcommerce.com/
2025-03-16 07:14:52 [main] INFO  verifyCompareListFunctionality - Opening Apple iPhone 16 128GB product page.
2025-03-16 07:15:02 [main] INFO  verifyCompareListFunctionality - Added Apple iPhone 16 128GB to the compare list.
2025-03-16 07:15:09 [main] INFO  verifyCompareListFunctionality - Opening HTC One Mini Blue product page.
2025-03-16 07:15:18 [main] INFO  verifyCompareListFunctionality - Added HTC One Mini Blue to the compare list.
2025-03-16 07:15:26 [main] INFO  verifyCompareListFunctionality - Navigating to Compare Products list.
2025-03-16 07:15:37 [main] INFO  verifyCompareListFunctionality - Closing the browser for test: verifyCompareListFunctionality
2025-03-16 07:15:37 [main] INFO  verifyCompareListFunctionality - Browser closed.
2025-03-16 07:17:42 [main] INFO  verifyCompareListFunctionality - Starting test setup for: verifyCompareListFunctionality
2025-03-16 07:17:59 [main] INFO  verifyCompareListFunctionality - Navigated to the site: https://demo.nopcommerce.com
2025-03-16 07:17:59 [main] INFO  verifyCompareListFunctionality - Injected cookie: cf_clearance
2025-03-16 07:17:59 [main] INFO  verifyCompareListFunctionality - Injected cookie: _ga
2025-03-16 07:17:59 [main] INFO  verifyCompareListFunctionality - Injected cookie: .Nop.Antiforgery
2025-03-16 07:17:59 [main] INFO  verifyCompareListFunctionality - Injected cookie: .Nop.Customer
2025-03-16 07:17:59 [main] INFO  verifyCompareListFunctionality - Injected cookie: .Nop.Culture
2025-03-16 07:17:59 [main] INFO  verifyCompareListFunctionality - Injected cookie: _ga_SCT41TW89V
2025-03-16 07:18:00 [main] INFO  verifyCompareListFunctionality - Page refreshed with bypassed cookies.
2025-03-16 07:18:00 [main] INFO  verifyCompareListFunctionality - Navigating to: https://demo.nopcommerce.com/
2025-03-16 07:18:01 [main] INFO  verifyCompareListFunctionality - Opening Apple iPhone 16 128GB product page.
2025-03-16 07:18:11 [main] INFO  verifyCompareListFunctionality - Closing the browser for test: verifyCompareListFunctionality
2025-03-16 07:18:11 [main] INFO  verifyCompareListFunctionality - Browser closed.
2025-03-16 07:19:03 [main] INFO  verifyCompareListFunctionality - Starting test setup for: verifyCompareListFunctionality
2025-03-16 07:19:20 [main] INFO  verifyCompareListFunctionality - Navigated to the site: https://demo.nopcommerce.com
2025-03-16 07:19:20 [main] INFO  verifyCompareListFunctionality - Injected cookie: cf_clearance
2025-03-16 07:19:20 [main] INFO  verifyCompareListFunctionality - Injected cookie: _ga
2025-03-16 07:19:20 [main] INFO  verifyCompareListFunctionality - Injected cookie: .Nop.Antiforgery
2025-03-16 07:19:20 [main] INFO  verifyCompareListFunctionality - Injected cookie: .Nop.Customer
2025-03-16 07:19:20 [main] INFO  verifyCompareListFunctionality - Injected cookie: .Nop.Culture
2025-03-16 07:19:20 [main] INFO  verifyCompareListFunctionality - Injected cookie: _ga_SCT41TW89V
2025-03-16 07:19:20 [main] INFO  verifyCompareListFunctionality - Page refreshed with bypassed cookies.
2025-03-16 07:19:20 [main] INFO  verifyCompareListFunctionality - Navigating to: https://demo.nopcommerce.com/
2025-03-16 07:19:21 [main] INFO  verifyCompareListFunctionality - Opening Apple iPhone 16 128GB product page.
2025-03-16 07:19:29 [main] INFO  verifyCompareListFunctionality - Added Apple iPhone 16 128GB to the compare list.
2025-03-16 07:19:39 [main] INFO  verifyCompareListFunctionality - Opening HTC One Mini Blue product page.
2025-03-16 07:19:48 [main] INFO  verifyCompareListFunctionality - Added HTC One Mini Blue to the compare list.
2025-03-16 07:19:57 [main] INFO  verifyCompareListFunctionality - Navigating to Compare Products list.
2025-03-16 07:20:06 [main] INFO  verifyCompareListFunctionality - Closing the browser for test: verifyCompareListFunctionality
2025-03-16 07:20:06 [main] INFO  verifyCompareListFunctionality - Browser closed.
2025-03-16 07:22:38 [main] INFO  verifyCompareListFunctionality - Starting test setup for: verifyCompareListFunctionality
2025-03-16 07:22:55 [main] INFO  verifyCompareListFunctionality - Navigated to the site: https://demo.nopcommerce.com
2025-03-16 07:22:55 [main] INFO  verifyCompareListFunctionality - Injected cookie: cf_clearance
2025-03-16 07:22:55 [main] INFO  verifyCompareListFunctionality - Injected cookie: _ga
2025-03-16 07:22:55 [main] INFO  verifyCompareListFunctionality - Injected cookie: .Nop.Antiforgery
2025-03-16 07:22:55 [main] INFO  verifyCompareListFunctionality - Injected cookie: .Nop.Customer
2025-03-16 07:22:55 [main] INFO  verifyCompareListFunctionality - Injected cookie: .Nop.Culture
2025-03-16 07:22:55 [main] INFO  verifyCompareListFunctionality - Injected cookie: _ga_SCT41TW89V
2025-03-16 07:22:56 [main] INFO  verifyCompareListFunctionality - Page refreshed with bypassed cookies.
2025-03-16 07:22:56 [main] INFO  verifyCompareListFunctionality - Navigating to: https://demo.nopcommerce.com/
2025-03-16 07:22:56 [main] INFO  verifyCompareListFunctionality - Opening Apple iPhone 16 128GB product page.
2025-03-16 07:23:08 [main] INFO  verifyCompareListFunctionality - Added Apple iPhone 16 128GB to the compare list.
2025-03-16 07:23:16 [main] INFO  verifyCompareListFunctionality - Opening HTC One Mini Blue product page.
2025-03-16 07:23:25 [main] INFO  verifyCompareListFunctionality - Added HTC One Mini Blue to the compare list.
2025-03-16 07:23:32 [main] INFO  verifyCompareListFunctionality - Navigating to Compare Products list.
2025-03-16 07:23:42 [main] INFO  verifyCompareListFunctionality - Compare list verification successful.
2025-03-16 07:23:42 [main] INFO  verifyCompareListFunctionality - Closing the browser for test: verifyCompareListFunctionality
2025-03-16 07:23:42 [main] INFO  verifyCompareListFunctionality - Browser closed.
2025-03-16 07:25:13 [main] INFO  verifyCompareListFunctionality - Starting test setup for: verifyCompareListFunctionality
2025-03-16 07:31:39 [main] INFO  verifyCompareListFunctionality - Starting test setup for: verifyCompareListFunctionality
2025-03-16 07:31:56 [main] INFO  verifyCompareListFunctionality - Navigated to the site: https://demo.nopcommerce.com
2025-03-16 07:31:56 [main] INFO  verifyCompareListFunctionality - Injected cookie: cf_clearance
2025-03-16 07:31:56 [main] INFO  verifyCompareListFunctionality - Injected cookie: _ga
2025-03-16 07:31:56 [main] INFO  verifyCompareListFunctionality - Injected cookie: .Nop.Antiforgery
2025-03-16 07:31:56 [main] INFO  verifyCompareListFunctionality - Injected cookie: .Nop.Customer
2025-03-16 07:31:56 [main] INFO  verifyCompareListFunctionality - Injected cookie: .Nop.Culture
2025-03-16 07:31:56 [main] INFO  verifyCompareListFunctionality - Injected cookie: _ga_SCT41TW89V
2025-03-16 07:31:56 [main] INFO  verifyCompareListFunctionality - Page refreshed with bypassed cookies.
2025-03-16 07:31:56 [main] INFO  verifyCompareListFunctionality - Navigating to: https://demo.nopcommerce.com/
2025-03-16 07:31:57 [main] INFO  verifyCompareListFunctionality - Opening Apple iPhone 16 128GB product page.
2025-03-16 07:32:08 [main] INFO  verifyCompareListFunctionality - Added Apple iPhone 16 128GB to the compare list.
2025-03-16 07:32:19 [main] INFO  verifyCompareListFunctionality - Opening HTC One Mini Blue product page.
2025-03-16 07:32:30 [main] INFO  verifyCompareListFunctionality - Added HTC One Mini Blue to the compare list.
2025-03-16 07:32:42 [main] INFO  verifyCompareListFunctionality - Navigating to Compare Products list.
2025-03-16 07:32:53 [main] INFO  verifyCompareListFunctionality - Compare list verification successful.
2025-03-16 07:32:53 [main] INFO  verifyCompareListFunctionality - Closing the browser for test: verifyCompareListFunctionality
2025-03-16 07:32:53 [main] INFO  verifyCompareListFunctionality - Browser closed.
2025-03-16 07:33:03 [main] INFO  verifyCompareListFunctionality - Starting test setup for: verifyCompareListFunctionality
2025-03-16 07:33:21 [main] INFO  verifyCompareListFunctionality - Navigated to the site: https://demo.nopcommerce.com
2025-03-16 07:33:21 [main] INFO  verifyCompareListFunctionality - Injected cookie: _ga
2025-03-16 07:33:21 [main] INFO  verifyCompareListFunctionality - Injected cookie: cf_clearance
2025-03-16 07:33:21 [main] INFO  verifyCompareListFunctionality - Injected cookie: .Nop.Antiforgery
2025-03-16 07:33:21 [main] INFO  verifyCompareListFunctionality - Injected cookie: .Nop.Customer
2025-03-16 07:33:21 [main] INFO  verifyCompareListFunctionality - Injected cookie: .Nop.Culture
2025-03-16 07:33:21 [main] INFO  verifyCompareListFunctionality - Injected cookie: _ga_SCT41TW89V
2025-03-16 07:33:21 [main] INFO  verifyCompareListFunctionality - Page refreshed with bypassed cookies.
2025-03-16 07:33:21 [main] INFO  verifyCompareListFunctionality - Navigating to: https://demo.nopcommerce.com/
2025-03-16 07:33:22 [main] INFO  verifyCompareListFunctionality - Opening Apple iPhone 16 128GB product page.
2025-03-16 07:33:32 [main] INFO  verifyCompareListFunctionality - Added Apple iPhone 16 128GB to the compare list.
2025-03-16 07:33:42 [main] INFO  verifyCompareListFunctionality - Opening HTC One Mini Blue product page.
2025-03-16 07:33:51 [main] INFO  verifyCompareListFunctionality - Added HTC One Mini Blue to the compare list.
2025-03-16 07:33:59 [main] INFO  verifyCompareListFunctionality - Navigating to Compare Products list.
2025-03-16 07:34:07 [main] INFO  verifyCompareListFunctionality - Compare list verification successful.
2025-03-16 07:34:07 [main] INFO  verifyCompareListFunctionality - Closing the browser for test: verifyCompareListFunctionality
2025-03-16 07:34:08 [main] INFO  verifyCompareListFunctionality - Browser closed.
2025-03-16 07:39:20 [main] INFO  verifyCompareListFunctionality - Starting test setup for: verifyCompareListFunctionality
2025-03-16 07:39:37 [main] INFO  verifyCompareListFunctionality - Navigated to the site: https://demo.nopcommerce.com
2025-03-16 07:39:37 [main] INFO  verifyCompareListFunctionality - Injected cookie: cf_clearance
2025-03-16 07:39:37 [main] INFO  verifyCompareListFunctionality - Injected cookie: _ga
2025-03-16 07:39:37 [main] INFO  verifyCompareListFunctionality - Injected cookie: .Nop.Antiforgery
2025-03-16 07:39:37 [main] INFO  verifyCompareListFunctionality - Injected cookie: .Nop.Customer
2025-03-16 07:39:37 [main] INFO  verifyCompareListFunctionality - Injected cookie: .Nop.Culture
2025-03-16 07:39:37 [main] INFO  verifyCompareListFunctionality - Injected cookie: _ga_SCT41TW89V
2025-03-16 07:39:38 [main] INFO  verifyCompareListFunctionality - Page refreshed with bypassed cookies.
2025-03-16 07:39:38 [main] INFO  verifyCompareListFunctionality - Navigating to: https://demo.nopcommerce.com/
2025-03-16 07:39:38 [main] INFO  verifyCompareListFunctionality - Opening Apple iPhone 16 128GB product page.
2025-03-16 07:52:06 [main] INFO  verifyCompareListFunctionality - Starting test setup for: verifyCompareListFunctionality
2025-03-16 07:52:24 [main] INFO  verifyCompareListFunctionality - Navigated to the site: https://demo.nopcommerce.com
2025-03-16 07:52:24 [main] INFO  verifyCompareListFunctionality - Injected cookie: cf_clearance
2025-03-16 07:52:24 [main] INFO  verifyCompareListFunctionality - Injected cookie: _ga
2025-03-16 07:52:24 [main] INFO  verifyCompareListFunctionality - Injected cookie: .Nop.Antiforgery
2025-03-16 07:52:24 [main] INFO  verifyCompareListFunctionality - Injected cookie: .Nop.Customer
2025-03-16 07:52:24 [main] INFO  verifyCompareListFunctionality - Injected cookie: .Nop.Culture
2025-03-16 07:52:24 [main] INFO  verifyCompareListFunctionality - Injected cookie: _ga_SCT41TW89V
2025-03-16 07:52:24 [main] INFO  verifyCompareListFunctionality - Page refreshed with bypassed cookies.
2025-03-16 07:52:24 [main] INFO  verifyCompareListFunctionality - Navigating to: https://demo.nopcommerce.com/
2025-03-16 07:52:25 [main] INFO  verifyCompareListFunctionality - Opening Apple iPhone 16 128GB product page.
2025-03-16 08:42:07 [main] INFO  verifyCompareListFunctionality - Starting test setup for: verifyCompareListFunctionality
2025-03-16 08:42:33 [main] INFO  verifyCompareListFunctionality - Navigated to the site: https://demo.nopcommerce.com
2025-03-16 08:42:33 [main] INFO  verifyCompareListFunctionality - Injected cookie: _ga
2025-03-16 08:42:33 [main] INFO  verifyCompareListFunctionality - Injected cookie: cf_clearance
2025-03-16 08:42:33 [main] INFO  verifyCompareListFunctionality - Injected cookie: .Nop.Antiforgery
2025-03-16 08:42:33 [main] INFO  verifyCompareListFunctionality - Injected cookie: .Nop.Customer
2025-03-16 08:42:33 [main] INFO  verifyCompareListFunctionality - Injected cookie: .Nop.Culture
2025-03-16 08:42:33 [main] INFO  verifyCompareListFunctionality - Injected cookie: _ga_SCT41TW89V
2025-03-16 08:42:34 [main] INFO  verifyCompareListFunctionality - Page refreshed with bypassed cookies.
2025-03-16 08:42:34 [main] INFO  verifyCompareListFunctionality - Navigating to: https://demo.nopcommerce.com/
2025-03-16 08:42:35 [main] INFO  verifyCompareListFunctionality - Opening Apple iPhone 16 128GB product page.
2025-03-16 08:42:44 [main] INFO  verifyCompareListFunctionality - Added Apple iPhone 16 128GB to the compare list.
2025-03-16 08:42:55 [main] INFO  verifyCompareListFunctionality - Opening HTC One Mini Blue product page.
2025-03-16 08:43:06 [main] INFO  verifyCompareListFunctionality - Added HTC One Mini Blue to the compare list.
2025-03-16 08:43:18 [main] INFO  verifyCompareListFunctionality - Navigating to Compare Products list.
2025-03-16 08:43:28 [main] INFO  verifyCompareListFunctionality - Compare list verification successful.
2025-03-16 08:43:28 [main] INFO  verifyCompareListFunctionality - Closing the browser for test: verifyCompareListFunctionality
2025-03-16 08:43:28 [main] INFO  verifyCompareListFunctionality - Browser closed.
2025-03-16 09:16:00 [main] INFO  verifyCompareListFunctionality - Starting test setup for: verifyCompareListFunctionality
2025-03-16 09:16:24 [main] INFO  verifyCompareListFunctionality - Navigated to the site: https://demo.nopcommerce.com
2025-03-16 09:16:24 [main] INFO  verifyCompareListFunctionality - Injected cookie: _ga
2025-03-16 09:16:24 [main] INFO  verifyCompareListFunctionality - Injected cookie: cf_clearance
2025-03-16 09:16:24 [main] INFO  verifyCompareListFunctionality - Injected cookie: .Nop.Antiforgery
2025-03-16 09:16:24 [main] INFO  verifyCompareListFunctionality - Injected cookie: .Nop.Customer
2025-03-16 09:16:24 [main] INFO  verifyCompareListFunctionality - Injected cookie: .Nop.Culture
2025-03-16 09:16:24 [main] INFO  verifyCompareListFunctionality - Injected cookie: _ga_SCT41TW89V
2025-03-16 09:16:25 [main] INFO  verifyCompareListFunctionality - Page refreshed with bypassed cookies.
2025-03-16 09:16:25 [main] INFO  verifyCompareListFunctionality - Navigating to: https://demo.nopcommerce.com/
2025-03-16 09:16:26 [main] INFO  verifyCompareListFunctionality - Opening Apple iPhone 16 128GB product page.
2025-03-16 09:16:35 [main] INFO  verifyCompareListFunctionality - Added Apple iPhone 16 128GB to the compare list.
2025-03-16 09:16:47 [main] INFO  verifyCompareListFunctionality - Opening HTC One Mini Blue product page.
2025-03-16 09:16:55 [main] INFO  verifyCompareListFunctionality - Added HTC One Mini Blue to the compare list.
2025-03-16 09:17:04 [main] INFO  verifyCompareListFunctionality - Navigating to Compare Products list.
2025-03-16 09:17:15 [main] INFO  verifyCompareListFunctionality - Compare list verification successful.
2025-03-16 09:17:15 [main] INFO  verifyCompareListFunctionality - Closing the browser for test: verifyCompareListFunctionality
2025-03-16 09:17:15 [main] INFO  verifyCompareListFunctionality - Browser closed.
