2025-03-15 17:20:33 [main] INFO  verifyAutoSuggestionsInSearchBar - Starting test setup for: verifyAutoSuggestionsInSearchBar
2025-03-15 17:20:33 [main] INFO  verifyAutoSuggestionsInSearchBar - Setting up Chrome browser...
2025-03-15 17:20:34 [main] INFO  verifyAutoSuggestionsInSearchBar - Browser setup complete.
2025-03-15 17:20:34 [main] INFO  verifyAutoSuggestionsInSearchBar - Navigating to: https://demo.nopcommerce.com/
2025-03-15 17:20:44 [main] INFO  verifyAutoSuggestionsInSearchBar - Closing the browser for test: verifyAutoSuggestionsInSearchBar
2025-03-15 17:20:44 [main] INFO  verifyAutoSuggestionsInSearchBar - Browser closed.
2025-03-15 17:21:35 [main] INFO  verifyAutoSuggestionsInSearchBar - Starting test setup for: verifyAutoSuggestionsInSearchBar
2025-03-15 17:21:35 [main] INFO  verifyAutoSuggestionsInSearchBar - Setting up Chrome browser...
2025-03-15 17:21:36 [main] INFO  verifyAutoSuggestionsInSearchBar - Browser setup complete.
2025-03-15 17:21:36 [main] INFO  verifyAutoSuggestionsInSearchBar - Navigating to: https://demo.nopcommerce.com/
2025-03-15 17:22:26 [main] INFO  verifyAutoSuggestionsInSearchBar - Starting test setup for: verifyAutoSuggestionsInSearchBar
2025-03-15 17:22:26 [main] INFO  verifyAutoSuggestionsInSearchBar - Setting up Chrome browser...
2025-03-15 17:22:27 [main] INFO  verifyAutoSuggestionsInSearchBar - Browser setup complete.
2025-03-15 17:22:27 [main] INFO  verifyAutoSuggestionsInSearchBar - Navigating to: https://demo.nopcommerce.com/
2025-03-15 17:23:13 [main] INFO  verifyAutoSuggestionsInSearchBar - Starting test setup for: verifyAutoSuggestionsInSearchBar
2025-03-15 17:23:13 [main] INFO  verifyAutoSuggestionsInSearchBar - Setting up Chrome browser...
2025-03-15 17:23:14 [main] INFO  verifyAutoSuggestionsInSearchBar - Browser setup complete.
2025-03-15 17:23:14 [main] INFO  verifyAutoSuggestionsInSearchBar - Navigating to: https://demo.nopcommerce.com/
2025-03-15 17:23:24 [main] WARN  verifyAutoSuggestionsInSearchBar - Auto-suggestions are not displayed. Check if the website's auto-suggestion feature is working properly.
2025-03-15 17:23:24 [main] INFO  verifyAutoSuggestionsInSearchBar - Closing the browser for test: verifyAutoSuggestionsInSearchBar
2025-03-15 17:23:24 [main] INFO  verifyAutoSuggestionsInSearchBar - Browser closed.
2025-03-15 17:23:46 [main] INFO  verifyAutoSuggestionsInSearchBar - Starting test setup for: verifyAutoSuggestionsInSearchBar
2025-03-15 17:23:46 [main] INFO  verifyAutoSuggestionsInSearchBar - Setting up Chrome browser...
2025-03-15 17:23:47 [main] INFO  verifyAutoSuggestionsInSearchBar - Browser setup complete.
2025-03-15 17:23:47 [main] INFO  verifyAutoSuggestionsInSearchBar - Navigating to: https://demo.nopcommerce.com/
2025-03-15 17:24:10 [main] INFO  verifyAutoSuggestionsInSearchBar - Starting test setup for: verifyAutoSuggestionsInSearchBar
2025-03-15 17:24:10 [main] INFO  verifyAutoSuggestionsInSearchBar - Setting up Chrome browser...
2025-03-15 17:24:11 [main] INFO  verifyAutoSuggestionsInSearchBar - Browser setup complete.
2025-03-15 17:24:11 [main] INFO  verifyAutoSuggestionsInSearchBar - Navigating to: https://demo.nopcommerce.com/
2025-03-15 17:24:22 [main] INFO  verifyAutoSuggestionsInSearchBar - Closing the browser for test: verifyAutoSuggestionsInSearchBar
2025-03-15 17:24:22 [main] INFO  verifyAutoSuggestionsInSearchBar - Browser closed.
2025-03-15 17:24:33 [main] INFO  verifyAutoSuggestionsInSearchBar - Starting test setup for: verifyAutoSuggestionsInSearchBar
2025-03-15 17:24:33 [main] INFO  verifyAutoSuggestionsInSearchBar - Setting up Chrome browser...
2025-03-15 17:24:34 [main] INFO  verifyAutoSuggestionsInSearchBar - Browser setup complete.
2025-03-15 17:24:34 [main] INFO  verifyAutoSuggestionsInSearchBar - Navigating to: https://demo.nopcommerce.com/
2025-03-15 17:24:50 [main] WARN  verifyAutoSuggestionsInSearchBar - Auto-suggestions are not displayed. Check if the website's auto-suggestion feature is working properly.
2025-03-15 17:24:50 [main] INFO  verifyAutoSuggestionsInSearchBar - Closing the browser for test: verifyAutoSuggestionsInSearchBar
2025-03-15 17:24:50 [main] INFO  verifyAutoSuggestionsInSearchBar - Browser closed.
2025-03-15 17:26:24 [main] INFO  verifyAutoSuggestionsInSearchBar - Starting test setup for: verifyAutoSuggestionsInSearchBar
2025-03-15 17:26:24 [main] INFO  verifyAutoSuggestionsInSearchBar - Setting up Chrome browser...
2025-03-15 17:26:25 [main] INFO  verifyAutoSuggestionsInSearchBar - Browser setup complete.
2025-03-15 17:26:25 [main] INFO  verifyAutoSuggestionsInSearchBar - Navigating to: https://demo.nopcommerce.com/
2025-03-15 17:26:45 [main] INFO  verifyAutoSuggestionsInSearchBar - Closing the browser for test: verifyAutoSuggestionsInSearchBar
2025-03-15 17:26:45 [main] INFO  verifyAutoSuggestionsInSearchBar - Browser closed.
2025-03-15 17:28:32 [main] INFO  verifyAutoSuggestionsInSearchBar - Starting test setup for: verifyAutoSuggestionsInSearchBar
2025-03-15 17:28:32 [main] INFO  verifyAutoSuggestionsInSearchBar - Setting up Chrome browser...
2025-03-15 17:28:33 [main] INFO  verifyAutoSuggestionsInSearchBar - Browser setup complete.
2025-03-15 17:28:33 [main] INFO  verifyAutoSuggestionsInSearchBar - Navigating to: https://demo.nopcommerce.com/
2025-03-15 17:29:23 [main] INFO  verifyAutoSuggestionsInSearchBar - Starting test setup for: verifyAutoSuggestionsInSearchBar
2025-03-15 17:29:23 [main] INFO  verifyAutoSuggestionsInSearchBar - Setting up Chrome browser...
2025-03-15 17:29:24 [main] INFO  verifyAutoSuggestionsInSearchBar - Browser setup complete.
2025-03-15 17:29:24 [main] INFO  verifyAutoSuggestionsInSearchBar - Navigating to: https://demo.nopcommerce.com/
2025-03-15 17:29:48 [main] INFO  verifyAutoSuggestionsInSearchBar - Closing the browser for test: verifyAutoSuggestionsInSearchBar
2025-03-15 17:29:48 [main] INFO  verifyAutoSuggestionsInSearchBar - Browser closed.
2025-03-15 17:31:35 [main] INFO  verifyAutoSuggestionsInSearchBar - Starting test setup for: verifyAutoSuggestionsInSearchBar
2025-03-15 17:31:35 [main] INFO  verifyAutoSuggestionsInSearchBar - Setting up Chrome browser...
2025-03-15 17:31:36 [main] INFO  verifyAutoSuggestionsInSearchBar - Browser setup complete.
2025-03-15 17:31:36 [main] INFO  verifyAutoSuggestionsInSearchBar - Navigating to: https://demo.nopcommerce.com/
2025-03-15 17:31:59 [main] INFO  verifyAutoSuggestionsInSearchBar - Starting test setup for: verifyAutoSuggestionsInSearchBar
2025-03-15 17:31:59 [main] INFO  verifyAutoSuggestionsInSearchBar - Setting up Chrome browser...
2025-03-15 17:32:00 [main] INFO  verifyAutoSuggestionsInSearchBar - Browser setup complete.
2025-03-15 17:32:00 [main] INFO  verifyAutoSuggestionsInSearchBar - Navigating to: https://demo.nopcommerce.com/
2025-03-15 17:32:04 [main] INFO  verifyAutoSuggestionsInSearchBar - Closing the browser for test: verifyAutoSuggestionsInSearchBar
2025-03-15 17:32:05 [main] INFO  verifyAutoSuggestionsInSearchBar - Browser closed.
