2025-03-16 00:06:36 [main] INFO  verifyProductReviewsAreDisplayed - Starting test setup for: verifyProductReviewsAreDisplayed
2025-03-16 00:06:36 [main] INFO  verifyProductReviewsAreDisplayed - Setting up Chrome browser...
2025-03-16 00:06:38 [main] INFO  verifyProductReviewsAreDisplayed - Browser setup complete with ZenRows proxy.
2025-03-16 00:06:38 [main] INFO  verifyProductReviewsAreDisplayed - Navigating to: https://demo.nopcommerce.com/
2025-03-16 00:06:47 [main] INFO  verifyProductReviewsAreDisplayed - Closing the browser for test: verifyProductReviewsAreDisplayed
2025-03-16 00:06:47 [main] INFO  verifyProductReviewsAreDisplayed - Browser closed.
2025-03-16 00:27:57 [main] INFO  verifyProductReviewsAreDisplayed - Starting test setup for: verifyProductReviewsAreDisplayed
2025-03-16 00:27:57 [main] INFO  verifyProductReviewsAreDisplayed - Setting up Chrome browser...
2025-03-16 00:27:58 [main] INFO  verifyProductReviewsAreDisplayed - Browser setup complete with ZenRows proxy.
2025-03-16 00:27:58 [main] INFO  verifyProductReviewsAreDisplayed - Navigating to: https://demo.nopcommerce.com/
2025-03-16 00:28:04 [main] INFO  verifyProductReviewsAreDisplayed - Product page loaded successfully.
2025-03-16 00:28:04 [main] INFO  verifyProductReviewsAreDisplayed - Product reviews are displayed successfully.
2025-03-16 00:28:04 [main] INFO  verifyProductReviewsAreDisplayed - Closing the browser for test: verifyProductReviewsAreDisplayed
2025-03-16 00:28:04 [main] INFO  verifyProductReviewsAreDisplayed - Browser closed.
2025-03-16 07:31:05 [main] INFO  verifyProductReviewsAreDisplayed - Starting test setup for: verifyProductReviewsAreDisplayed
2025-03-16 07:31:22 [main] INFO  verifyProductReviewsAreDisplayed - Navigated to the site: https://demo.nopcommerce.com
2025-03-16 07:31:22 [main] INFO  verifyProductReviewsAreDisplayed - Injected cookie: cf_clearance
2025-03-16 07:31:22 [main] INFO  verifyProductReviewsAreDisplayed - Injected cookie: _ga
2025-03-16 07:31:22 [main] INFO  verifyProductReviewsAreDisplayed - Injected cookie: .Nop.Antiforgery
2025-03-16 07:31:22 [main] INFO  verifyProductReviewsAreDisplayed - Injected cookie: .Nop.Customer
2025-03-16 07:31:22 [main] INFO  verifyProductReviewsAreDisplayed - Injected cookie: .Nop.Culture
2025-03-16 07:31:22 [main] INFO  verifyProductReviewsAreDisplayed - Injected cookie: _ga_SCT41TW89V
2025-03-16 07:31:23 [main] INFO  verifyProductReviewsAreDisplayed - Page refreshed with bypassed cookies.
2025-03-16 07:31:23 [main] INFO  verifyProductReviewsAreDisplayed - Navigating to: https://demo.nopcommerce.com/
2025-03-16 07:31:25 [main] INFO  verifyProductReviewsAreDisplayed - Product page loaded successfully.
2025-03-16 07:31:25 [main] INFO  verifyProductReviewsAreDisplayed - Product reviews are displayed successfully.
2025-03-16 07:31:25 [main] INFO  verifyProductReviewsAreDisplayed - Closing the browser for test: verifyProductReviewsAreDisplayed
2025-03-16 07:31:25 [main] INFO  verifyProductReviewsAreDisplayed - Browser closed.
2025-03-16 07:34:46 [main] INFO  verifyProductReviewsAreDisplayed - Starting test setup for: verifyProductReviewsAreDisplayed
2025-03-16 07:35:03 [main] INFO  verifyProductReviewsAreDisplayed - Navigated to the site: https://demo.nopcommerce.com
2025-03-16 07:35:03 [main] INFO  verifyProductReviewsAreDisplayed - Injected cookie: cf_clearance
2025-03-16 07:35:03 [main] INFO  verifyProductReviewsAreDisplayed - Injected cookie: _ga
2025-03-16 07:35:03 [main] INFO  verifyProductReviewsAreDisplayed - Injected cookie: .Nop.Antiforgery
2025-03-16 07:35:03 [main] INFO  verifyProductReviewsAreDisplayed - Injected cookie: .Nop.Customer
2025-03-16 07:35:03 [main] INFO  verifyProductReviewsAreDisplayed - Injected cookie: .Nop.Culture
2025-03-16 07:35:03 [main] INFO  verifyProductReviewsAreDisplayed - Injected cookie: _ga_SCT41TW89V
2025-03-16 07:35:03 [main] INFO  verifyProductReviewsAreDisplayed - Page refreshed with bypassed cookies.
2025-03-16 07:35:03 [main] INFO  verifyProductReviewsAreDisplayed - Navigating to: https://demo.nopcommerce.com/
2025-03-16 07:35:06 [main] INFO  verifyProductReviewsAreDisplayed - Product page loaded successfully.
2025-03-16 07:35:06 [main] INFO  verifyProductReviewsAreDisplayed - Product reviews are displayed successfully.
2025-03-16 07:35:06 [main] INFO  verifyProductReviewsAreDisplayed - Closing the browser for test: verifyProductReviewsAreDisplayed
2025-03-16 07:35:06 [main] INFO  verifyProductReviewsAreDisplayed - Browser closed.
2025-03-16 08:44:28 [main] INFO  verifyProductReviewsAreDisplayed - Starting test setup for: verifyProductReviewsAreDisplayed
2025-03-16 08:44:52 [main] INFO  verifyProductReviewsAreDisplayed - Navigated to the site: https://demo.nopcommerce.com
2025-03-16 08:44:52 [main] INFO  verifyProductReviewsAreDisplayed - Injected cookie: cf_clearance
2025-03-16 08:44:52 [main] INFO  verifyProductReviewsAreDisplayed - Injected cookie: _ga
2025-03-16 08:44:52 [main] INFO  verifyProductReviewsAreDisplayed - Injected cookie: .Nop.Antiforgery
2025-03-16 08:44:52 [main] INFO  verifyProductReviewsAreDisplayed - Injected cookie: .Nop.Customer
2025-03-16 08:44:52 [main] INFO  verifyProductReviewsAreDisplayed - Injected cookie: .Nop.Culture
2025-03-16 08:44:52 [main] INFO  verifyProductReviewsAreDisplayed - Injected cookie: _ga_SCT41TW89V
2025-03-16 08:44:53 [main] INFO  verifyProductReviewsAreDisplayed - Page refreshed with bypassed cookies.
2025-03-16 08:44:53 [main] INFO  verifyProductReviewsAreDisplayed - Navigating to: https://demo.nopcommerce.com/
2025-03-16 08:44:58 [main] INFO  verifyProductReviewsAreDisplayed - Product page loaded successfully.
2025-03-16 08:44:58 [main] INFO  verifyProductReviewsAreDisplayed - Product reviews are displayed successfully.
2025-03-16 08:44:58 [main] INFO  verifyProductReviewsAreDisplayed - Closing the browser for test: verifyProductReviewsAreDisplayed
2025-03-16 08:44:58 [main] INFO  verifyProductReviewsAreDisplayed - Browser closed.
2025-03-16 09:18:12 [main] INFO  verifyProductReviewsAreDisplayed - Starting test setup for: verifyProductReviewsAreDisplayed
2025-03-16 09:18:35 [main] INFO  verifyProductReviewsAreDisplayed - Navigated to the site: https://demo.nopcommerce.com
2025-03-16 09:18:35 [main] INFO  verifyProductReviewsAreDisplayed - Injected cookie: _ga
2025-03-16 09:18:36 [main] INFO  verifyProductReviewsAreDisplayed - Injected cookie: cf_clearance
2025-03-16 09:18:36 [main] INFO  verifyProductReviewsAreDisplayed - Injected cookie: .Nop.Antiforgery
2025-03-16 09:18:36 [main] INFO  verifyProductReviewsAreDisplayed - Injected cookie: .Nop.Customer
2025-03-16 09:18:36 [main] INFO  verifyProductReviewsAreDisplayed - Injected cookie: .Nop.Culture
2025-03-16 09:18:36 [main] INFO  verifyProductReviewsAreDisplayed - Injected cookie: _ga_SCT41TW89V
2025-03-16 09:18:36 [main] INFO  verifyProductReviewsAreDisplayed - Page refreshed with bypassed cookies.
2025-03-16 09:18:36 [main] INFO  verifyProductReviewsAreDisplayed - Navigating to: https://demo.nopcommerce.com/
2025-03-16 09:18:41 [main] INFO  verifyProductReviewsAreDisplayed - Product page loaded successfully.
2025-03-16 09:18:41 [main] INFO  verifyProductReviewsAreDisplayed - Product reviews are displayed successfully.
2025-03-16 09:18:41 [main] INFO  verifyProductReviewsAreDisplayed - Closing the browser for test: verifyProductReviewsAreDisplayed
2025-03-16 09:18:41 [main] INFO  verifyProductReviewsAreDisplayed - Browser closed.
