2025-03-15 22:38:00 [main] INFO  verifyFilteringByManufacturer - Starting test setup for: verifyFilteringByManufacturer
2025-03-15 22:38:00 [main] INFO  verifyFilteringByManufacturer - Setting up Chrome browser...
2025-03-15 22:38:01 [main] INFO  verifyFilteringByManufacturer - Browser setup complete with ZenRows proxy.
2025-03-15 22:38:01 [main] INFO  verifyFilteringByManufacturer - Navigating to: https://demo.nopcommerce.com/
2025-03-15 22:38:04 [main] INFO  verifyFilteringByManufacturer - Filtering by manufacturer HP verified successfully.
2025-03-15 22:38:04 [main] INFO  verifyFilteringByManufacturer - Closing the browser for test: verifyFilteringByManufacturer
2025-03-15 22:38:04 [main] INFO  verifyFilteringByManufacturer - Browser closed.
2025-03-15 23:02:06 [main] INFO  verifyFilteringByManufacturer - Starting test setup for: verifyFilteringByManufacturer
2025-03-15 23:02:06 [main] INFO  verifyFilteringByManufacturer - Setting up Chrome browser...
2025-03-15 23:02:07 [main] INFO  verifyFilteringByManufacturer - Browser setup complete with ZenRows proxy.
2025-03-15 23:02:07 [main] INFO  verifyFilteringByManufacturer - Navigating to: https://demo.nopcommerce.com/
2025-03-15 23:02:10 [main] INFO  verifyFilteringByManufacturer - Filtering by manufacturer HP verified successfully.
2025-03-15 23:02:10 [main] INFO  verifyFilteringByManufacturer - Closing the browser for test: verifyFilteringByManufacturer
2025-03-15 23:02:10 [main] INFO  verifyFilteringByManufacturer - Browser closed.
2025-03-15 23:06:29 [main] INFO  verifyFilteringByManufacturer - Starting test setup for: verifyFilteringByManufacturer
2025-03-15 23:06:29 [main] INFO  verifyFilteringByManufacturer - Setting up Chrome browser...
2025-03-15 23:06:30 [main] INFO  verifyFilteringByManufacturer - Browser setup complete with ZenRows proxy.
2025-03-15 23:06:30 [main] INFO  verifyFilteringByManufacturer - Navigating to: https://demo.nopcommerce.com/
2025-03-15 23:06:33 [main] INFO  verifyFilteringByManufacturer - Filtering by manufacturer HP verified successfully.
2025-03-15 23:06:33 [main] INFO  verifyFilteringByManufacturer - Closing the browser for test: verifyFilteringByManufacturer
2025-03-15 23:06:33 [main] INFO  verifyFilteringByManufacturer - Browser closed.
2025-03-15 23:08:36 [main] INFO  verifyFilteringByManufacturer - Starting test setup for: verifyFilteringByManufacturer
2025-03-15 23:08:36 [main] INFO  verifyFilteringByManufacturer - Setting up Chrome browser...
2025-03-15 23:08:37 [main] INFO  verifyFilteringByManufacturer - Browser setup complete with ZenRows proxy.
2025-03-15 23:08:37 [main] INFO  verifyFilteringByManufacturer - Navigating to: https://demo.nopcommerce.com/
2025-03-15 23:08:40 [main] INFO  verifyFilteringByManufacturer - Filtering by manufacturer HP verified successfully.
2025-03-15 23:08:40 [main] INFO  verifyFilteringByManufacturer - Closing the browser for test: verifyFilteringByManufacturer
2025-03-15 23:08:40 [main] INFO  verifyFilteringByManufacturer - Browser closed.
2025-03-16 01:38:26 [main] INFO  verifyFilteringByManufacturer - Starting test setup for: verifyFilteringByManufacturer
2025-03-16 01:38:26 [main] INFO  verifyFilteringByManufacturer - Setting up Chrome browser...
2025-03-16 01:38:27 [main] INFO  verifyFilteringByManufacturer - Navigating to: https://demo.nopcommerce.com/
2025-03-16 01:38:37 [main] INFO  verifyFilteringByManufacturer - Filtering by manufacturer HP verified successfully.
2025-03-16 01:38:37 [main] INFO  verifyFilteringByManufacturer - Closing the browser for test: verifyFilteringByManufacturer
2025-03-16 01:38:38 [main] INFO  verifyFilteringByManufacturer - Browser closed.
2025-03-16 07:01:04 [main] INFO  verifyFilteringByManufacturer - Starting test setup for: verifyFilteringByManufacturer
2025-03-16 07:01:21 [main] INFO  verifyFilteringByManufacturer - Navigated to the site: https://demo.nopcommerce.com
2025-03-16 07:01:21 [main] INFO  verifyFilteringByManufacturer - Injected cookie: cf_clearance
2025-03-16 07:01:21 [main] INFO  verifyFilteringByManufacturer - Injected cookie: _ga
2025-03-16 07:01:21 [main] INFO  verifyFilteringByManufacturer - Injected cookie: .Nop.Antiforgery
2025-03-16 07:01:21 [main] INFO  verifyFilteringByManufacturer - Injected cookie: .Nop.Customer
2025-03-16 07:01:21 [main] INFO  verifyFilteringByManufacturer - Injected cookie: .Nop.Culture
2025-03-16 07:01:21 [main] INFO  verifyFilteringByManufacturer - Injected cookie: _ga_SCT41TW89V
2025-03-16 07:01:22 [main] INFO  verifyFilteringByManufacturer - Page refreshed with bypassed cookies.
2025-03-16 07:01:22 [main] INFO  verifyFilteringByManufacturer - Navigating to: https://demo.nopcommerce.com/
2025-03-16 07:01:24 [main] INFO  verifyFilteringByManufacturer - Filtering by manufacturer HP verified successfully.
2025-03-16 07:01:24 [main] INFO  verifyFilteringByManufacturer - Closing the browser for test: verifyFilteringByManufacturer
2025-03-16 07:01:24 [main] INFO  verifyFilteringByManufacturer - Browser closed.
2025-03-16 08:47:27 [main] INFO  verifyFilteringByManufacturer - Starting test setup for: verifyFilteringByManufacturer
2025-03-16 08:47:51 [main] INFO  verifyFilteringByManufacturer - Navigated to the site: https://demo.nopcommerce.com
2025-03-16 08:47:51 [main] INFO  verifyFilteringByManufacturer - Injected cookie: _ga
2025-03-16 08:47:51 [main] INFO  verifyFilteringByManufacturer - Injected cookie: cf_clearance
2025-03-16 08:47:51 [main] INFO  verifyFilteringByManufacturer - Injected cookie: .Nop.Antiforgery
2025-03-16 08:47:51 [main] INFO  verifyFilteringByManufacturer - Injected cookie: .Nop.Customer
2025-03-16 08:47:51 [main] INFO  verifyFilteringByManufacturer - Injected cookie: .Nop.Culture
2025-03-16 08:47:51 [main] INFO  verifyFilteringByManufacturer - Injected cookie: _ga_SCT41TW89V
2025-03-16 08:47:52 [main] INFO  verifyFilteringByManufacturer - Page refreshed with bypassed cookies.
2025-03-16 08:47:52 [main] INFO  verifyFilteringByManufacturer - Navigating to: https://demo.nopcommerce.com/
2025-03-16 08:47:56 [main] INFO  verifyFilteringByManufacturer - Filtering by manufacturer HP verified successfully.
2025-03-16 08:47:56 [main] INFO  verifyFilteringByManufacturer - Closing the browser for test: verifyFilteringByManufacturer
2025-03-16 08:47:56 [main] INFO  verifyFilteringByManufacturer - Browser closed.
2025-03-16 09:20:57 [main] INFO  verifyFilteringByManufacturer - Starting test setup for: verifyFilteringByManufacturer
2025-03-16 09:21:21 [main] INFO  verifyFilteringByManufacturer - Navigated to the site: https://demo.nopcommerce.com
2025-03-16 09:21:21 [main] INFO  verifyFilteringByManufacturer - Injected cookie: _ga
2025-03-16 09:21:21 [main] INFO  verifyFilteringByManufacturer - Injected cookie: cf_clearance
2025-03-16 09:21:21 [main] INFO  verifyFilteringByManufacturer - Injected cookie: .Nop.Antiforgery
2025-03-16 09:21:21 [main] INFO  verifyFilteringByManufacturer - Injected cookie: .Nop.Customer
2025-03-16 09:21:21 [main] INFO  verifyFilteringByManufacturer - Injected cookie: .Nop.Culture
2025-03-16 09:21:21 [main] INFO  verifyFilteringByManufacturer - Injected cookie: _ga_SCT41TW89V
2025-03-16 09:21:22 [main] INFO  verifyFilteringByManufacturer - Page refreshed with bypassed cookies.
2025-03-16 09:21:22 [main] INFO  verifyFilteringByManufacturer - Navigating to: https://demo.nopcommerce.com/
2025-03-16 09:21:26 [main] INFO  verifyFilteringByManufacturer - Filtering by manufacturer HP verified successfully.
2025-03-16 09:21:26 [main] INFO  verifyFilteringByManufacturer - Closing the browser for test: verifyFilteringByManufacturer
2025-03-16 09:21:26 [main] INFO  verifyFilteringByManufacturer - Browser closed.
