2025-03-15 23:15:27 [main] INFO  verifyRelatedProductsAreDisplayed - Starting test setup for: verifyRelatedProductsAreDisplayed
2025-03-15 23:15:27 [main] INFO  verifyRelatedProductsAreDisplayed - Setting up Chrome browser...
2025-03-15 23:15:28 [main] INFO  verifyRelatedProductsAreDisplayed - Browser setup complete with ZenRows proxy.
2025-03-15 23:15:28 [main] INFO  verifyRelatedProductsAreDisplayed - Navigating to: https://demo.nopcommerce.com/
2025-03-15 23:15:34 [main] INFO  verifyRelatedProductsAreDisplayed - Closing the browser for test: verifyRelatedProductsAreDisplayed
2025-03-15 23:15:34 [main] INFO  verifyRelatedProductsAreDisplayed - Browser closed.
2025-03-15 23:16:14 [main] INFO  verifyRelatedProductsAreDisplayed - Starting test setup for: verifyRelatedProductsAreDisplayed
2025-03-15 23:16:14 [main] INFO  verifyRelatedProductsAreDisplayed - Setting up Chrome browser...
2025-03-15 23:16:15 [main] INFO  verifyRelatedProductsAreDisplayed - Browser setup complete with ZenRows proxy.
2025-03-15 23:16:15 [main] INFO  verifyRelatedProductsAreDisplayed - Navigating to: https://demo.nopcommerce.com/
2025-03-15 23:16:18 [main] INFO  verifyRelatedProductsAreDisplayed - Product page loaded successfully.
2025-03-15 23:16:29 [main] INFO  verifyRelatedProductsAreDisplayed - Closing the browser for test: verifyRelatedProductsAreDisplayed
2025-03-15 23:16:29 [main] INFO  verifyRelatedProductsAreDisplayed - Browser closed.
2025-03-15 23:18:32 [main] INFO  verifyRelatedProductsAreDisplayed - Starting test setup for: verifyRelatedProductsAreDisplayed
2025-03-15 23:18:32 [main] INFO  verifyRelatedProductsAreDisplayed - Setting up Chrome browser...
2025-03-15 23:18:33 [main] INFO  verifyRelatedProductsAreDisplayed - Browser setup complete with ZenRows proxy.
2025-03-15 23:18:33 [main] INFO  verifyRelatedProductsAreDisplayed - Navigating to: https://demo.nopcommerce.com/
2025-03-15 23:18:42 [main] INFO  verifyRelatedProductsAreDisplayed - Closing the browser for test: verifyRelatedProductsAreDisplayed
2025-03-15 23:18:42 [main] INFO  verifyRelatedProductsAreDisplayed - Browser closed.
2025-03-15 23:18:50 [main] INFO  verifyRelatedProductsAreDisplayed - Starting test setup for: verifyRelatedProductsAreDisplayed
2025-03-15 23:18:50 [main] INFO  verifyRelatedProductsAreDisplayed - Setting up Chrome browser...
2025-03-15 23:18:51 [main] INFO  verifyRelatedProductsAreDisplayed - Browser setup complete with ZenRows proxy.
2025-03-15 23:18:51 [main] INFO  verifyRelatedProductsAreDisplayed - Navigating to: https://demo.nopcommerce.com/
2025-03-15 23:18:56 [main] INFO  verifyRelatedProductsAreDisplayed - Closing the browser for test: verifyRelatedProductsAreDisplayed
2025-03-15 23:18:56 [main] INFO  verifyRelatedProductsAreDisplayed - Browser closed.
2025-03-15 23:21:49 [main] INFO  verifyRelatedProductsAreDisplayed - Starting test setup for: verifyRelatedProductsAreDisplayed
2025-03-15 23:21:49 [main] INFO  verifyRelatedProductsAreDisplayed - Setting up Chrome browser...
2025-03-15 23:21:50 [main] INFO  verifyRelatedProductsAreDisplayed - Browser setup complete with ZenRows proxy.
2025-03-15 23:21:50 [main] INFO  verifyRelatedProductsAreDisplayed - Navigating to: https://demo.nopcommerce.com/
2025-03-15 23:23:09 [main] INFO  verifyRelatedProductsAreDisplayed - Starting test setup for: verifyRelatedProductsAreDisplayed
2025-03-15 23:23:09 [main] INFO  verifyRelatedProductsAreDisplayed - Setting up Chrome browser...
2025-03-15 23:23:10 [main] INFO  verifyRelatedProductsAreDisplayed - Browser setup complete with ZenRows proxy.
2025-03-15 23:23:11 [main] INFO  verifyRelatedProductsAreDisplayed - Navigating to: https://demo.nopcommerce.com/
2025-03-15 23:23:14 [main] INFO  verifyRelatedProductsAreDisplayed - Product page loaded successfully.
2025-03-15 23:23:14 [main] INFO  verifyRelatedProductsAreDisplayed - Number of related products displayed: 1
2025-03-15 23:23:14 [main] INFO  verifyRelatedProductsAreDisplayed - Related Product Found: Adobe Photoshop
2025-03-15 23:23:14 [main] INFO  verifyRelatedProductsAreDisplayed - Related products are displayed successfully.
2025-03-15 23:23:14 [main] INFO  verifyRelatedProductsAreDisplayed - Closing the browser for test: verifyRelatedProductsAreDisplayed
2025-03-15 23:23:14 [main] INFO  verifyRelatedProductsAreDisplayed - Browser closed.
2025-03-15 23:23:31 [main] INFO  verifyRelatedProductsAreDisplayed - Starting test setup for: verifyRelatedProductsAreDisplayed
2025-03-15 23:23:31 [main] INFO  verifyRelatedProductsAreDisplayed - Setting up Chrome browser...
2025-03-15 23:23:32 [main] INFO  verifyRelatedProductsAreDisplayed - Browser setup complete with ZenRows proxy.
2025-03-15 23:23:32 [main] INFO  verifyRelatedProductsAreDisplayed - Navigating to: https://demo.nopcommerce.com/
2025-03-15 23:23:39 [main] INFO  verifyRelatedProductsAreDisplayed - Closing the browser for test: verifyRelatedProductsAreDisplayed
2025-03-15 23:23:39 [main] INFO  verifyRelatedProductsAreDisplayed - Browser closed.
2025-03-15 23:23:59 [main] INFO  verifyRelatedProductsAreDisplayed - Starting test setup for: verifyRelatedProductsAreDisplayed
2025-03-15 23:23:59 [main] INFO  verifyRelatedProductsAreDisplayed - Setting up Chrome browser...
2025-03-15 23:24:00 [main] INFO  verifyRelatedProductsAreDisplayed - Browser setup complete with ZenRows proxy.
2025-03-15 23:24:00 [main] INFO  verifyRelatedProductsAreDisplayed - Navigating to: https://demo.nopcommerce.com/
2025-03-15 23:24:03 [main] INFO  verifyRelatedProductsAreDisplayed - Product page loaded successfully.
2025-03-15 23:24:03 [main] INFO  verifyRelatedProductsAreDisplayed - Number of related products displayed: 1
2025-03-15 23:24:03 [main] INFO  verifyRelatedProductsAreDisplayed - Related Product Found: Adobe Photoshop
2025-03-15 23:24:03 [main] INFO  verifyRelatedProductsAreDisplayed - Related products are displayed successfully.
2025-03-15 23:24:03 [main] INFO  verifyRelatedProductsAreDisplayed - Closing the browser for test: verifyRelatedProductsAreDisplayed
2025-03-15 23:24:03 [main] INFO  verifyRelatedProductsAreDisplayed - Browser closed.
2025-03-15 23:25:05 [main] INFO  verifyRelatedProductsAreDisplayed - Starting test setup for: verifyRelatedProductsAreDisplayed
2025-03-15 23:25:05 [main] INFO  verifyRelatedProductsAreDisplayed - Setting up Chrome browser...
2025-03-15 23:25:06 [main] INFO  verifyRelatedProductsAreDisplayed - Browser setup complete with ZenRows proxy.
2025-03-15 23:25:06 [main] INFO  verifyRelatedProductsAreDisplayed - Navigating to: https://demo.nopcommerce.com/
2025-03-15 23:25:11 [main] INFO  verifyRelatedProductsAreDisplayed - Closing the browser for test: verifyRelatedProductsAreDisplayed
2025-03-15 23:25:11 [main] INFO  verifyRelatedProductsAreDisplayed - Browser closed.
2025-03-15 23:57:20 [main] INFO  verifyRelatedProductsAreDisplayed - Starting test setup for: verifyRelatedProductsAreDisplayed
2025-03-15 23:57:20 [main] INFO  verifyRelatedProductsAreDisplayed - Setting up Chrome browser...
2025-03-15 23:57:22 [main] INFO  verifyRelatedProductsAreDisplayed - Browser setup complete with ZenRows proxy.
2025-03-15 23:57:22 [main] INFO  verifyRelatedProductsAreDisplayed - Navigating to: https://demo.nopcommerce.com/
2025-03-15 23:58:16 [main] INFO  verifyRelatedProductsAreDisplayed - Starting test setup for: verifyRelatedProductsAreDisplayed
2025-03-15 23:58:16 [main] INFO  verifyRelatedProductsAreDisplayed - Setting up Chrome browser...
2025-03-15 23:58:17 [main] INFO  verifyRelatedProductsAreDisplayed - Browser setup complete with ZenRows proxy.
2025-03-15 23:58:17 [main] INFO  verifyRelatedProductsAreDisplayed - Navigating to: https://demo.nopcommerce.com/
2025-03-15 23:58:32 [main] INFO  verifyRelatedProductsAreDisplayed - Closing the browser for test: verifyRelatedProductsAreDisplayed
2025-03-15 23:58:32 [main] INFO  verifyRelatedProductsAreDisplayed - Browser closed.
2025-03-16 00:28:16 [main] INFO  verifyRelatedProductsAreDisplayed - Starting test setup for: verifyRelatedProductsAreDisplayed
2025-03-16 00:28:16 [main] INFO  verifyRelatedProductsAreDisplayed - Setting up Chrome browser...
2025-03-16 00:28:17 [main] INFO  verifyRelatedProductsAreDisplayed - Browser setup complete with ZenRows proxy.
2025-03-16 00:28:17 [main] INFO  verifyRelatedProductsAreDisplayed - Navigating to: https://demo.nopcommerce.com/
2025-03-16 00:28:21 [main] INFO  verifyRelatedProductsAreDisplayed - Product page loaded successfully.
2025-03-16 00:28:21 [main] INFO  verifyRelatedProductsAreDisplayed - Number of related products displayed: 1
2025-03-16 00:28:21 [main] INFO  verifyRelatedProductsAreDisplayed - Related Product Found: Adobe Photoshop
2025-03-16 00:28:21 [main] INFO  verifyRelatedProductsAreDisplayed - Related products are displayed successfully.
2025-03-16 00:28:21 [main] INFO  verifyRelatedProductsAreDisplayed - Closing the browser for test: verifyRelatedProductsAreDisplayed
2025-03-16 00:28:21 [main] INFO  verifyRelatedProductsAreDisplayed - Browser closed.
2025-03-16 07:28:16 [main] INFO  verifyRelatedProductsAreDisplayed - Starting test setup for: verifyRelatedProductsAreDisplayed
2025-03-16 07:28:33 [main] INFO  verifyRelatedProductsAreDisplayed - Navigated to the site: https://demo.nopcommerce.com
2025-03-16 07:28:33 [main] INFO  verifyRelatedProductsAreDisplayed - Injected cookie: _ga
2025-03-16 07:28:33 [main] INFO  verifyRelatedProductsAreDisplayed - Injected cookie: cf_clearance
2025-03-16 07:28:33 [main] INFO  verifyRelatedProductsAreDisplayed - Injected cookie: .Nop.Antiforgery
2025-03-16 07:28:33 [main] INFO  verifyRelatedProductsAreDisplayed - Injected cookie: .Nop.Customer
2025-03-16 07:28:33 [main] INFO  verifyRelatedProductsAreDisplayed - Injected cookie: .Nop.Culture
2025-03-16 07:28:33 [main] INFO  verifyRelatedProductsAreDisplayed - Injected cookie: _ga_SCT41TW89V
2025-03-16 07:28:34 [main] INFO  verifyRelatedProductsAreDisplayed - Page refreshed with bypassed cookies.
2025-03-16 07:28:34 [main] INFO  verifyRelatedProductsAreDisplayed - Navigating to: https://demo.nopcommerce.com/
2025-03-16 07:28:36 [main] INFO  verifyRelatedProductsAreDisplayed - Product page loaded successfully.
2025-03-16 07:28:36 [main] INFO  verifyRelatedProductsAreDisplayed - Number of related products displayed: 1
2025-03-16 07:28:36 [main] INFO  verifyRelatedProductsAreDisplayed - Related Product Found: Adobe Photoshop
2025-03-16 07:28:36 [main] INFO  verifyRelatedProductsAreDisplayed - Related products are displayed successfully.
2025-03-16 07:28:36 [main] INFO  verifyRelatedProductsAreDisplayed - Closing the browser for test: verifyRelatedProductsAreDisplayed
2025-03-16 07:28:36 [main] INFO  verifyRelatedProductsAreDisplayed - Browser closed.
2025-03-16 07:35:49 [main] INFO  verifyRelatedProductsAreDisplayed - Starting test setup for: verifyRelatedProductsAreDisplayed
2025-03-16 07:36:06 [main] INFO  verifyRelatedProductsAreDisplayed - Navigated to the site: https://demo.nopcommerce.com
2025-03-16 07:36:06 [main] INFO  verifyRelatedProductsAreDisplayed - Injected cookie: _ga
2025-03-16 07:36:06 [main] INFO  verifyRelatedProductsAreDisplayed - Injected cookie: cf_clearance
2025-03-16 07:36:06 [main] INFO  verifyRelatedProductsAreDisplayed - Injected cookie: .Nop.Antiforgery
2025-03-16 07:36:06 [main] INFO  verifyRelatedProductsAreDisplayed - Injected cookie: .Nop.Customer
2025-03-16 07:36:06 [main] INFO  verifyRelatedProductsAreDisplayed - Injected cookie: .Nop.Culture
2025-03-16 07:36:06 [main] INFO  verifyRelatedProductsAreDisplayed - Injected cookie: _ga_SCT41TW89V
2025-03-16 07:36:07 [main] INFO  verifyRelatedProductsAreDisplayed - Page refreshed with bypassed cookies.
2025-03-16 07:36:07 [main] INFO  verifyRelatedProductsAreDisplayed - Navigating to: https://demo.nopcommerce.com/
2025-03-16 07:36:09 [main] INFO  verifyRelatedProductsAreDisplayed - Product page loaded successfully.
2025-03-16 07:36:09 [main] INFO  verifyRelatedProductsAreDisplayed - Number of related products displayed: 1
2025-03-16 07:36:09 [main] INFO  verifyRelatedProductsAreDisplayed - Related Product Found: Adobe Photoshop
2025-03-16 07:36:09 [main] INFO  verifyRelatedProductsAreDisplayed - Related products are displayed successfully.
2025-03-16 07:36:09 [main] INFO  verifyRelatedProductsAreDisplayed - Closing the browser for test: verifyRelatedProductsAreDisplayed
2025-03-16 07:36:09 [main] INFO  verifyRelatedProductsAreDisplayed - Browser closed.
2025-03-16 08:45:47 [main] INFO  verifyRelatedProductsAreDisplayed - Starting test setup for: verifyRelatedProductsAreDisplayed
2025-03-16 08:46:12 [main] INFO  verifyRelatedProductsAreDisplayed - Navigated to the site: https://demo.nopcommerce.com
2025-03-16 08:46:12 [main] INFO  verifyRelatedProductsAreDisplayed - Injected cookie: _ga
2025-03-16 08:46:12 [main] INFO  verifyRelatedProductsAreDisplayed - Injected cookie: cf_clearance
2025-03-16 08:46:12 [main] INFO  verifyRelatedProductsAreDisplayed - Injected cookie: .Nop.Antiforgery
2025-03-16 08:46:12 [main] INFO  verifyRelatedProductsAreDisplayed - Injected cookie: .Nop.Customer
2025-03-16 08:46:12 [main] INFO  verifyRelatedProductsAreDisplayed - Injected cookie: .Nop.Culture
2025-03-16 08:46:12 [main] INFO  verifyRelatedProductsAreDisplayed - Injected cookie: _ga_SCT41TW89V
2025-03-16 08:46:13 [main] INFO  verifyRelatedProductsAreDisplayed - Page refreshed with bypassed cookies.
2025-03-16 08:46:13 [main] INFO  verifyRelatedProductsAreDisplayed - Navigating to: https://demo.nopcommerce.com/
2025-03-16 08:46:19 [main] INFO  verifyRelatedProductsAreDisplayed - Product page loaded successfully.
2025-03-16 08:46:19 [main] INFO  verifyRelatedProductsAreDisplayed - Number of related products displayed: 1
2025-03-16 08:46:19 [main] INFO  verifyRelatedProductsAreDisplayed - Related Product Found: Adobe Photoshop
2025-03-16 08:46:19 [main] INFO  verifyRelatedProductsAreDisplayed - Related products are displayed successfully.
2025-03-16 08:46:19 [main] INFO  verifyRelatedProductsAreDisplayed - Closing the browser for test: verifyRelatedProductsAreDisplayed
2025-03-16 08:46:20 [main] INFO  verifyRelatedProductsAreDisplayed - Browser closed.
2025-03-16 09:19:33 [main] INFO  verifyRelatedProductsAreDisplayed - Starting test setup for: verifyRelatedProductsAreDisplayed
2025-03-16 09:19:57 [main] INFO  verifyRelatedProductsAreDisplayed - Navigated to the site: https://demo.nopcommerce.com
2025-03-16 09:19:57 [main] INFO  verifyRelatedProductsAreDisplayed - Injected cookie: _ga
2025-03-16 09:19:57 [main] INFO  verifyRelatedProductsAreDisplayed - Injected cookie: cf_clearance
2025-03-16 09:19:57 [main] INFO  verifyRelatedProductsAreDisplayed - Injected cookie: .Nop.Antiforgery
2025-03-16 09:19:57 [main] INFO  verifyRelatedProductsAreDisplayed - Injected cookie: .Nop.Customer
2025-03-16 09:19:57 [main] INFO  verifyRelatedProductsAreDisplayed - Injected cookie: .Nop.Culture
2025-03-16 09:19:57 [main] INFO  verifyRelatedProductsAreDisplayed - Injected cookie: _ga_SCT41TW89V
2025-03-16 09:19:58 [main] INFO  verifyRelatedProductsAreDisplayed - Page refreshed with bypassed cookies.
2025-03-16 09:19:58 [main] INFO  verifyRelatedProductsAreDisplayed - Navigating to: https://demo.nopcommerce.com/
2025-03-16 09:20:03 [main] INFO  verifyRelatedProductsAreDisplayed - Product page loaded successfully.
2025-03-16 09:20:03 [main] INFO  verifyRelatedProductsAreDisplayed - Number of related products displayed: 1
2025-03-16 09:20:03 [main] INFO  verifyRelatedProductsAreDisplayed - Related Product Found: Adobe Photoshop
2025-03-16 09:20:03 [main] INFO  verifyRelatedProductsAreDisplayed - Related products are displayed successfully.
2025-03-16 09:20:03 [main] INFO  verifyRelatedProductsAreDisplayed - Closing the browser for test: verifyRelatedProductsAreDisplayed
2025-03-16 09:20:03 [main] INFO  verifyRelatedProductsAreDisplayed - Browser closed.
