2025-03-22 21:42:34 [main] INFO  TC-026_verifyUserLoginWithInvalidCredentials - 
===================================================================================== NEW TEST RUN =====================================================================================
2025-03-22 21:42:34 [main] INFO  TC-026_verifyUserLoginWithInvalidCredentials - Logger initialized
2025-03-22 21:42:34 [main] INFO  TC-026_verifyUserLoginWithInvalidCredentials - Starting test setup for: verifyUserLoginWithInvalidCredentials (🔢 Test Case ID: TC-026)
2025-03-22 21:42:58 [main] INFO  TC-026_verifyUserLoginWithInvalidCredentials - Navigated to the site: https://demo.nopcommerce.com
2025-03-22 21:42:58 [main] INFO  TC-026_verifyUserLoginWithInvalidCredentials - Injected cookie: _ga
2025-03-22 21:42:58 [main] INFO  TC-026_verifyUserLoginWithInvalidCredentials - Injected cookie: cf_clearance
2025-03-22 21:42:58 [main] INFO  TC-026_verifyUserLoginWithInvalidCredentials - Injected cookie: .Nop.Antiforgery
2025-03-22 21:42:58 [main] INFO  TC-026_verifyUserLoginWithInvalidCredentials - Injected cookie: .Nop.Customer
2025-03-22 21:42:58 [main] INFO  TC-026_verifyUserLoginWithInvalidCredentials - Injected cookie: .Nop.Culture
2025-03-22 21:42:58 [main] INFO  TC-026_verifyUserLoginWithInvalidCredentials - Injected cookie: _ga_SCT41TW89V
2025-03-22 21:42:59 [main] INFO  TC-026_verifyUserLoginWithInvalidCredentials - Page refreshed with bypassed cookies.
2025-03-22 21:42:59 [main] INFO  TC-026_verifyUserLoginWithInvalidCredentials - 🟢 Starting test: verifyUserLoginWithInvalidCredentials (🔢 Test Case ID: TC-026)
2025-03-22 21:43:01 [main] INFO  utils.MainFunctionalities - Navigated to login page
2025-03-22 21:43:05 [main] INFO  utils.MainFunctionalities - Entered username and password
2025-03-22 21:43:18 [main] ERROR listeners.TestListener - ❌ Test FAILED: verifyUserLoginWithInvalidCredentials
org.openqa.selenium.TimeoutException: Expected condition failed: waiting for visibility of element located by By.cssSelector: .ico-account (tried for 10 second(s) with 500 milliseconds interval)
Build info: version: '4.29.0', revision: '5fc1ec94cb'
System info: os.name: 'Windows 11', os.arch: 'amd64', os.version: '10.0', java.version: '23.0.1'
Driver info: org.openqa.selenium.chrome.ChromeDriver
Capabilities {acceptInsecureCerts: false, browserName: chrome, browserVersion: 134.0.6998.118, chrome: {chromedriverVersion: 134.0.6998.165 (fd886e2cb29..., userDataDir: C:\Users\MOHAME~1\AppData\L...}, fedcm:accounts: true, goog:chromeOptions: {debuggerAddress: localhost:59562}, networkConnectionEnabled: false, pageLoadStrategy: normal, platformName: windows, proxy: Proxy(), se:cdp: ws://localhost:59562/devtoo..., se:cdpVersion: 134.0.6998.118, setWindowRect: true, strictFileInteractability: false, timeouts: {implicit: 0, pageLoad: 300000, script: 30000}, unhandledPromptBehavior: dismiss and notify, webauthn:extension:credBlob: true, webauthn:extension:largeBlob: true, webauthn:extension:minPinLength: true, webauthn:extension:prf: true, webauthn:virtualAuthenticators: true}
Session ID: b14989921866cca47ea0de6a7d23b9ce
	at org.openqa.selenium.support.ui.WebDriverWait.timeoutException(WebDriverWait.java:84) ~[selenium-support-4.29.0.jar:?]
	at org.openqa.selenium.support.ui.FluentWait.until(FluentWait.java:228) ~[selenium-support-4.29.0.jar:?]
	at utils.SeleniumHelper.waitForVisibility(SeleniumHelper.java:63) ~[test-classes/:?]
	at utils.MainFunctionalities.login(MainFunctionalities.java:58) ~[test-classes/:?]
	at tests.ui.AuthenticationTest.verifyUserLoginWithInvalidCredentials(AuthenticationTest.java:105) ~[test-classes/:?]
	at jdk.internal.reflect.DirectMethodHandleAccessor.invoke(DirectMethodHandleAccessor.java:103) ~[?:?]
	at java.lang.reflect.Method.invoke(Method.java:580) ~[?:?]
	at org.testng.internal.invokers.MethodInvocationHelper.invokeMethod(MethodInvocationHelper.java:141) ~[testng-7.11.0.jar:7.11.0]
	at org.testng.internal.invokers.TestInvoker.invokeMethod(TestInvoker.java:687) ~[testng-7.11.0.jar:7.11.0]
	at org.testng.internal.invokers.TestInvoker.invokeTestMethod(TestInvoker.java:230) ~[testng-7.11.0.jar:7.11.0]
	at org.testng.internal.invokers.MethodRunner.runInSequence(MethodRunner.java:63) ~[testng-7.11.0.jar:7.11.0]
	at org.testng.internal.invokers.TestInvoker$MethodInvocationAgent.invoke(TestInvoker.java:995) ~[testng-7.11.0.jar:7.11.0]
	at org.testng.internal.invokers.TestInvoker.invokeTestMethods(TestInvoker.java:203) ~[testng-7.11.0.jar:7.11.0]
	at org.testng.internal.invokers.TestMethodWorker.invokeTestMethods(TestMethodWorker.java:154) ~[testng-7.11.0.jar:7.11.0]
	at org.testng.internal.invokers.TestMethodWorker.run(TestMethodWorker.java:134) ~[testng-7.11.0.jar:7.11.0]
	at java.util.ArrayList.forEach(ArrayList.java:1597) [?:?]
	at org.testng.TestRunner.privateRun(TestRunner.java:741) [testng-7.11.0.jar:7.11.0]
	at org.testng.TestRunner.run(TestRunner.java:616) [testng-7.11.0.jar:7.11.0]
	at org.testng.SuiteRunner.runTest(SuiteRunner.java:421) [testng-7.11.0.jar:7.11.0]
	at org.testng.SuiteRunner.runSequentially(SuiteRunner.java:413) [testng-7.11.0.jar:7.11.0]
	at org.testng.SuiteRunner.privateRun(SuiteRunner.java:373) [testng-7.11.0.jar:7.11.0]
	at org.testng.SuiteRunner.run(SuiteRunner.java:312) [testng-7.11.0.jar:7.11.0]
	at org.testng.SuiteRunnerWorker.runSuite(SuiteRunnerWorker.java:52) [testng-7.11.0.jar:7.11.0]
	at org.testng.SuiteRunnerWorker.run(SuiteRunnerWorker.java:95) [testng-7.11.0.jar:7.11.0]
	at org.testng.TestNG.runSuitesSequentially(TestNG.java:1274) [testng-7.11.0.jar:7.11.0]
	at org.testng.TestNG.runSuitesLocally(TestNG.java:1208) [testng-7.11.0.jar:7.11.0]
	at org.testng.TestNG.runSuites(TestNG.java:1112) [testng-7.11.0.jar:7.11.0]
	at org.testng.TestNG.run(TestNG.java:1079) [testng-7.11.0.jar:7.11.0]
	at org.apache.maven.surefire.testng.TestNGExecutor.run(TestNGExecutor.java:155) [surefire-testng-3.5.2.jar:3.5.2]
	at org.apache.maven.surefire.testng.TestNGDirectoryTestSuite.executeSingleClass(TestNGDirectoryTestSuite.java:102) [surefire-testng-3.5.2.jar:3.5.2]
	at org.apache.maven.surefire.testng.TestNGDirectoryTestSuite.execute(TestNGDirectoryTestSuite.java:91) [surefire-testng-3.5.2.jar:3.5.2]
	at org.apache.maven.surefire.testng.TestNGProvider.invoke(TestNGProvider.java:137) [surefire-testng-3.5.2.jar:3.5.2]
	at org.apache.maven.surefire.booter.ForkedBooter.runSuitesInProcess(ForkedBooter.java:385) [surefire-booter-3.5.2.jar:3.5.2]
	at org.apache.maven.surefire.booter.ForkedBooter.execute(ForkedBooter.java:162) [surefire-booter-3.5.2.jar:3.5.2]
	at org.apache.maven.surefire.booter.ForkedBooter.run(ForkedBooter.java:507) [surefire-booter-3.5.2.jar:3.5.2]
	at org.apache.maven.surefire.booter.ForkedBooter.main(ForkedBooter.java:495) [surefire-booter-3.5.2.jar:3.5.2]
2025-03-22 21:43:18 [main] INFO  TC-026_verifyUserLoginWithInvalidCredentials - Closing the browser for test: verifyUserLoginWithInvalidCredentials
2025-03-22 21:43:18 [main] INFO  TC-026_verifyUserLoginWithInvalidCredentials - Browser closed.
2025-03-22 21:59:50 [main] INFO  TC-026_verifyUserLoginWithInvalidCredentials - 
===================================================================================== NEW TEST RUN =====================================================================================
2025-03-22 21:59:50 [main] INFO  TC-026_verifyUserLoginWithInvalidCredentials - Logger initialized
2025-03-22 21:59:50 [main] INFO  TC-026_verifyUserLoginWithInvalidCredentials - Starting test setup for: verifyUserLoginWithInvalidCredentials (🔢 Test Case ID: TC-026)
2025-03-22 22:00:12 [main] INFO  TC-026_verifyUserLoginWithInvalidCredentials - Navigated to the site: https://demo.nopcommerce.com
2025-03-22 22:00:12 [main] INFO  TC-026_verifyUserLoginWithInvalidCredentials - Injected cookie: _ga
2025-03-22 22:00:12 [main] INFO  TC-026_verifyUserLoginWithInvalidCredentials - Injected cookie: cf_clearance
2025-03-22 22:00:12 [main] INFO  TC-026_verifyUserLoginWithInvalidCredentials - Injected cookie: .Nop.Antiforgery
2025-03-22 22:00:12 [main] INFO  TC-026_verifyUserLoginWithInvalidCredentials - Injected cookie: .Nop.Customer
2025-03-22 22:00:12 [main] INFO  TC-026_verifyUserLoginWithInvalidCredentials - Injected cookie: .Nop.Culture
2025-03-22 22:00:12 [main] INFO  TC-026_verifyUserLoginWithInvalidCredentials - Injected cookie: _ga_SCT41TW89V
2025-03-22 22:00:13 [main] INFO  TC-026_verifyUserLoginWithInvalidCredentials - Page refreshed with bypassed cookies.
2025-03-22 22:00:13 [main] INFO  TC-026_verifyUserLoginWithInvalidCredentials - 🟢 Starting test: verifyUserLoginWithInvalidCredentials (🔢 Test Case ID: TC-026)
2025-03-22 22:00:15 [main] INFO  utils.MainFunctionalities - Navigated to login page
2025-03-22 22:00:20 [main] INFO  utils.MainFunctionalities - Entered username and password
2025-03-22 22:00:34 [main] ERROR listeners.TestListener - ❌ Test FAILED: verifyUserLoginWithInvalidCredentials
java.lang.AssertionError: Expected login failure, but no error message was found.
	at org.testng.Assert.fail(Assert.java:111) ~[testng-7.11.0.jar:7.11.0]
	at tests.ui.AuthenticationTest.verifyUserLoginWithInvalidCredentials(AuthenticationTest.java:118) ~[test-classes/:?]
	at jdk.internal.reflect.DirectMethodHandleAccessor.invoke(DirectMethodHandleAccessor.java:103) ~[?:?]
	at java.lang.reflect.Method.invoke(Method.java:580) ~[?:?]
	at org.testng.internal.invokers.MethodInvocationHelper.invokeMethod(MethodInvocationHelper.java:141) ~[testng-7.11.0.jar:7.11.0]
	at org.testng.internal.invokers.TestInvoker.invokeMethod(TestInvoker.java:687) ~[testng-7.11.0.jar:7.11.0]
	at org.testng.internal.invokers.TestInvoker.invokeTestMethod(TestInvoker.java:230) ~[testng-7.11.0.jar:7.11.0]
	at org.testng.internal.invokers.MethodRunner.runInSequence(MethodRunner.java:63) ~[testng-7.11.0.jar:7.11.0]
	at org.testng.internal.invokers.TestInvoker$MethodInvocationAgent.invoke(TestInvoker.java:995) ~[testng-7.11.0.jar:7.11.0]
	at org.testng.internal.invokers.TestInvoker.invokeTestMethods(TestInvoker.java:203) ~[testng-7.11.0.jar:7.11.0]
	at org.testng.internal.invokers.TestMethodWorker.invokeTestMethods(TestMethodWorker.java:154) ~[testng-7.11.0.jar:7.11.0]
	at org.testng.internal.invokers.TestMethodWorker.run(TestMethodWorker.java:134) ~[testng-7.11.0.jar:7.11.0]
	at java.util.ArrayList.forEach(ArrayList.java:1597) [?:?]
	at org.testng.TestRunner.privateRun(TestRunner.java:741) [testng-7.11.0.jar:7.11.0]
	at org.testng.TestRunner.run(TestRunner.java:616) [testng-7.11.0.jar:7.11.0]
	at org.testng.SuiteRunner.runTest(SuiteRunner.java:421) [testng-7.11.0.jar:7.11.0]
	at org.testng.SuiteRunner.runSequentially(SuiteRunner.java:413) [testng-7.11.0.jar:7.11.0]
	at org.testng.SuiteRunner.privateRun(SuiteRunner.java:373) [testng-7.11.0.jar:7.11.0]
	at org.testng.SuiteRunner.run(SuiteRunner.java:312) [testng-7.11.0.jar:7.11.0]
	at org.testng.SuiteRunnerWorker.runSuite(SuiteRunnerWorker.java:52) [testng-7.11.0.jar:7.11.0]
	at org.testng.SuiteRunnerWorker.run(SuiteRunnerWorker.java:95) [testng-7.11.0.jar:7.11.0]
	at org.testng.TestNG.runSuitesSequentially(TestNG.java:1274) [testng-7.11.0.jar:7.11.0]
	at org.testng.TestNG.runSuitesLocally(TestNG.java:1208) [testng-7.11.0.jar:7.11.0]
	at org.testng.TestNG.runSuites(TestNG.java:1112) [testng-7.11.0.jar:7.11.0]
	at org.testng.TestNG.run(TestNG.java:1079) [testng-7.11.0.jar:7.11.0]
	at org.apache.maven.surefire.testng.TestNGExecutor.run(TestNGExecutor.java:155) [surefire-testng-3.5.2.jar:3.5.2]
	at org.apache.maven.surefire.testng.TestNGDirectoryTestSuite.executeSingleClass(TestNGDirectoryTestSuite.java:102) [surefire-testng-3.5.2.jar:3.5.2]
	at org.apache.maven.surefire.testng.TestNGDirectoryTestSuite.execute(TestNGDirectoryTestSuite.java:91) [surefire-testng-3.5.2.jar:3.5.2]
	at org.apache.maven.surefire.testng.TestNGProvider.invoke(TestNGProvider.java:137) [surefire-testng-3.5.2.jar:3.5.2]
	at org.apache.maven.surefire.booter.ForkedBooter.runSuitesInProcess(ForkedBooter.java:385) [surefire-booter-3.5.2.jar:3.5.2]
	at org.apache.maven.surefire.booter.ForkedBooter.execute(ForkedBooter.java:162) [surefire-booter-3.5.2.jar:3.5.2]
	at org.apache.maven.surefire.booter.ForkedBooter.run(ForkedBooter.java:507) [surefire-booter-3.5.2.jar:3.5.2]
	at org.apache.maven.surefire.booter.ForkedBooter.main(ForkedBooter.java:495) [surefire-booter-3.5.2.jar:3.5.2]
2025-03-22 22:00:34 [main] INFO  TC-026_verifyUserLoginWithInvalidCredentials - Closing the browser for test: verifyUserLoginWithInvalidCredentials
2025-03-22 22:00:34 [main] INFO  TC-026_verifyUserLoginWithInvalidCredentials - Browser closed.
2025-03-22 22:10:54 [main] INFO  TC-026_verifyUserLoginWithInvalidCredentials - 
===================================================================================== NEW TEST RUN =====================================================================================
2025-03-22 22:10:54 [main] INFO  TC-026_verifyUserLoginWithInvalidCredentials - Logger initialized
2025-03-22 22:10:54 [main] INFO  TC-026_verifyUserLoginWithInvalidCredentials - Starting test setup for: verifyUserLoginWithInvalidCredentials (🔢 Test Case ID: TC-026)
2025-03-22 22:11:17 [main] INFO  TC-026_verifyUserLoginWithInvalidCredentials - Navigated to the site: https://demo.nopcommerce.com
2025-03-22 22:11:17 [main] INFO  TC-026_verifyUserLoginWithInvalidCredentials - Injected cookie: _ga
2025-03-22 22:11:17 [main] INFO  TC-026_verifyUserLoginWithInvalidCredentials - Injected cookie: cf_clearance
2025-03-22 22:11:17 [main] INFO  TC-026_verifyUserLoginWithInvalidCredentials - Injected cookie: .Nop.Antiforgery
2025-03-22 22:11:17 [main] INFO  TC-026_verifyUserLoginWithInvalidCredentials - Injected cookie: .Nop.Customer
2025-03-22 22:11:17 [main] INFO  TC-026_verifyUserLoginWithInvalidCredentials - Injected cookie: .Nop.Culture
2025-03-22 22:11:17 [main] INFO  TC-026_verifyUserLoginWithInvalidCredentials - Injected cookie: _ga_SCT41TW89V
2025-03-22 22:11:18 [main] INFO  TC-026_verifyUserLoginWithInvalidCredentials - Page refreshed with bypassed cookies.
2025-03-22 22:11:18 [main] INFO  TC-026_verifyUserLoginWithInvalidCredentials - 🟢 Starting test: verifyUserLoginWithInvalidCredentials (🔢 Test Case ID: TC-026)
2025-03-22 22:11:19 [main] INFO  utils.MainFunctionalities - Navigated to login page
2025-03-22 22:11:23 [main] INFO  utils.MainFunctionalities - Entered username and password
2025-03-22 22:11:47 [main] ERROR listeners.TestListener - ❌ Test FAILED: verifyUserLoginWithInvalidCredentials
org.openqa.selenium.TimeoutException: Expected condition failed: waiting for visibility of element located by By.cssSelector: .ico-account (tried for 10 second(s) with 500 milliseconds interval)
Build info: version: '4.29.0', revision: '5fc1ec94cb'
System info: os.name: 'Windows 11', os.arch: 'amd64', os.version: '10.0', java.version: '23.0.1'
Driver info: org.openqa.selenium.chrome.ChromeDriver
Capabilities {acceptInsecureCerts: false, browserName: chrome, browserVersion: 134.0.6998.118, chrome: {chromedriverVersion: 134.0.6998.165 (fd886e2cb29..., userDataDir: C:\Users\MOHAME~1\AppData\L...}, fedcm:accounts: true, goog:chromeOptions: {debuggerAddress: localhost:50699}, networkConnectionEnabled: false, pageLoadStrategy: normal, platformName: windows, proxy: Proxy(), se:cdp: ws://localhost:50699/devtoo..., se:cdpVersion: 134.0.6998.118, setWindowRect: true, strictFileInteractability: false, timeouts: {implicit: 0, pageLoad: 300000, script: 30000}, unhandledPromptBehavior: dismiss and notify, webauthn:extension:credBlob: true, webauthn:extension:largeBlob: true, webauthn:extension:minPinLength: true, webauthn:extension:prf: true, webauthn:virtualAuthenticators: true}
Session ID: 24b8e21ac957adbd2d76e6e3bec1c73e
	at org.openqa.selenium.support.ui.WebDriverWait.timeoutException(WebDriverWait.java:84) ~[selenium-support-4.29.0.jar:?]
	at org.openqa.selenium.support.ui.FluentWait.until(FluentWait.java:228) ~[selenium-support-4.29.0.jar:?]
	at utils.SeleniumHelper.waitForVisibility(SeleniumHelper.java:63) ~[test-classes/:?]
	at tests.ui.AuthenticationTest.verifyUserLoginWithInvalidCredentials(AuthenticationTest.java:118) ~[test-classes/:?]
	at jdk.internal.reflect.DirectMethodHandleAccessor.invoke(DirectMethodHandleAccessor.java:103) ~[?:?]
	at java.lang.reflect.Method.invoke(Method.java:580) ~[?:?]
	at org.testng.internal.invokers.MethodInvocationHelper.invokeMethod(MethodInvocationHelper.java:141) ~[testng-7.11.0.jar:7.11.0]
	at org.testng.internal.invokers.TestInvoker.invokeMethod(TestInvoker.java:687) ~[testng-7.11.0.jar:7.11.0]
	at org.testng.internal.invokers.TestInvoker.invokeTestMethod(TestInvoker.java:230) ~[testng-7.11.0.jar:7.11.0]
	at org.testng.internal.invokers.MethodRunner.runInSequence(MethodRunner.java:63) ~[testng-7.11.0.jar:7.11.0]
	at org.testng.internal.invokers.TestInvoker$MethodInvocationAgent.invoke(TestInvoker.java:995) ~[testng-7.11.0.jar:7.11.0]
	at org.testng.internal.invokers.TestInvoker.invokeTestMethods(TestInvoker.java:203) ~[testng-7.11.0.jar:7.11.0]
	at org.testng.internal.invokers.TestMethodWorker.invokeTestMethods(TestMethodWorker.java:154) ~[testng-7.11.0.jar:7.11.0]
	at org.testng.internal.invokers.TestMethodWorker.run(TestMethodWorker.java:134) ~[testng-7.11.0.jar:7.11.0]
	at java.util.ArrayList.forEach(ArrayList.java:1597) [?:?]
	at org.testng.TestRunner.privateRun(TestRunner.java:741) [testng-7.11.0.jar:7.11.0]
	at org.testng.TestRunner.run(TestRunner.java:616) [testng-7.11.0.jar:7.11.0]
	at org.testng.SuiteRunner.runTest(SuiteRunner.java:421) [testng-7.11.0.jar:7.11.0]
	at org.testng.SuiteRunner.runSequentially(SuiteRunner.java:413) [testng-7.11.0.jar:7.11.0]
	at org.testng.SuiteRunner.privateRun(SuiteRunner.java:373) [testng-7.11.0.jar:7.11.0]
	at org.testng.SuiteRunner.run(SuiteRunner.java:312) [testng-7.11.0.jar:7.11.0]
	at org.testng.SuiteRunnerWorker.runSuite(SuiteRunnerWorker.java:52) [testng-7.11.0.jar:7.11.0]
	at org.testng.SuiteRunnerWorker.run(SuiteRunnerWorker.java:95) [testng-7.11.0.jar:7.11.0]
	at org.testng.TestNG.runSuitesSequentially(TestNG.java:1274) [testng-7.11.0.jar:7.11.0]
	at org.testng.TestNG.runSuitesLocally(TestNG.java:1208) [testng-7.11.0.jar:7.11.0]
	at org.testng.TestNG.runSuites(TestNG.java:1112) [testng-7.11.0.jar:7.11.0]
	at org.testng.TestNG.run(TestNG.java:1079) [testng-7.11.0.jar:7.11.0]
	at org.apache.maven.surefire.testng.TestNGExecutor.run(TestNGExecutor.java:155) [surefire-testng-3.5.2.jar:3.5.2]
	at org.apache.maven.surefire.testng.TestNGDirectoryTestSuite.executeSingleClass(TestNGDirectoryTestSuite.java:102) [surefire-testng-3.5.2.jar:3.5.2]
	at org.apache.maven.surefire.testng.TestNGDirectoryTestSuite.execute(TestNGDirectoryTestSuite.java:91) [surefire-testng-3.5.2.jar:3.5.2]
	at org.apache.maven.surefire.testng.TestNGProvider.invoke(TestNGProvider.java:137) [surefire-testng-3.5.2.jar:3.5.2]
	at org.apache.maven.surefire.booter.ForkedBooter.runSuitesInProcess(ForkedBooter.java:385) [surefire-booter-3.5.2.jar:3.5.2]
	at org.apache.maven.surefire.booter.ForkedBooter.execute(ForkedBooter.java:162) [surefire-booter-3.5.2.jar:3.5.2]
	at org.apache.maven.surefire.booter.ForkedBooter.run(ForkedBooter.java:507) [surefire-booter-3.5.2.jar:3.5.2]
	at org.apache.maven.surefire.booter.ForkedBooter.main(ForkedBooter.java:495) [surefire-booter-3.5.2.jar:3.5.2]
2025-03-22 22:11:47 [main] INFO  TC-026_verifyUserLoginWithInvalidCredentials - Closing the browser for test: verifyUserLoginWithInvalidCredentials
2025-03-22 22:11:47 [main] INFO  TC-026_verifyUserLoginWithInvalidCredentials - Browser closed.
2025-03-22 22:16:28 [main] INFO  TC-026_verifyUserLoginWithInvalidCredentials - 
===================================================================================== NEW TEST RUN =====================================================================================
2025-03-22 22:16:28 [main] INFO  TC-026_verifyUserLoginWithInvalidCredentials - Logger initialized
2025-03-22 22:16:28 [main] INFO  TC-026_verifyUserLoginWithInvalidCredentials - Starting test setup for: verifyUserLoginWithInvalidCredentials (🔢 Test Case ID: TC-026)
2025-03-22 22:16:52 [main] INFO  TC-026_verifyUserLoginWithInvalidCredentials - Navigated to the site: https://demo.nopcommerce.com
2025-03-22 22:16:52 [main] INFO  TC-026_verifyUserLoginWithInvalidCredentials - Injected cookie: _ga
2025-03-22 22:16:52 [main] INFO  TC-026_verifyUserLoginWithInvalidCredentials - Injected cookie: cf_clearance
2025-03-22 22:16:52 [main] INFO  TC-026_verifyUserLoginWithInvalidCredentials - Injected cookie: .Nop.Antiforgery
2025-03-22 22:16:52 [main] INFO  TC-026_verifyUserLoginWithInvalidCredentials - Injected cookie: .Nop.Customer
2025-03-22 22:16:52 [main] INFO  TC-026_verifyUserLoginWithInvalidCredentials - Injected cookie: .Nop.Culture
2025-03-22 22:16:52 [main] INFO  TC-026_verifyUserLoginWithInvalidCredentials - Injected cookie: _ga_SCT41TW89V
2025-03-22 22:16:52 [main] INFO  TC-026_verifyUserLoginWithInvalidCredentials - Page refreshed with bypassed cookies.
2025-03-22 22:16:52 [main] INFO  TC-026_verifyUserLoginWithInvalidCredentials - 🟢 Starting test: verifyUserLoginWithInvalidCredentials (🔢 Test Case ID: TC-026)
2025-03-22 22:16:54 [main] INFO  utils.MainFunctionalities - Navigated to login page
2025-03-22 22:16:57 [main] INFO  utils.MainFunctionalities - Entered username and password
2025-03-22 22:17:00 [main] INFO  utils.MainFunctionalities - User is logged in successfully.
2025-03-22 22:17:00 [main] INFO  TC-026_verifyUserLoginWithInvalidCredentials - Error message for invalid credentials is displayed successfully.
2025-03-22 22:17:00 [main] INFO  listeners.TestListener - ✅ Test PASSED: verifyUserLoginWithInvalidCredentials (Duration: 7286ms)
2025-03-22 22:17:00 [main] INFO  TC-026_verifyUserLoginWithInvalidCredentials - Closing the browser for test: verifyUserLoginWithInvalidCredentials
2025-03-22 22:17:01 [main] INFO  TC-026_verifyUserLoginWithInvalidCredentials - Browser closed.
