2025-03-16 00:14:40 [main] INFO  verifyProductImageGallery - Starting test setup for: verifyProductImageGallery
2025-03-16 00:14:40 [main] INFO  verifyProductImageGallery - Setting up Chrome browser...
2025-03-16 00:14:41 [main] INFO  verifyProductImageGallery - Browser setup complete with ZenRows proxy.
2025-03-16 00:14:41 [main] INFO  verifyProductImageGallery - Navigating to: https://demo.nopcommerce.com/
2025-03-16 00:14:46 [main] INFO  verifyProductImageGallery - Closing the browser for test: verifyProductImageGallery
2025-03-16 00:14:46 [main] INFO  verifyProductImageGallery - Browser closed.
2025-03-16 00:15:37 [main] INFO  verifyProductImageGallery - Starting test setup for: verifyProductImageGallery
2025-03-16 00:15:37 [main] INFO  verifyProductImageGallery - Setting up Chrome browser...
2025-03-16 00:15:38 [main] INFO  verifyProductImageGallery - Browser setup complete with ZenRows proxy.
2025-03-16 00:15:38 [main] INFO  verifyProductImageGallery - Navigating to: https://demo.nopcommerce.com/
2025-03-16 00:15:47 [main] INFO  verifyProductImageGallery - Closing the browser for test: verifyProductImageGallery
2025-03-16 00:15:47 [main] INFO  verifyProductImageGallery - Browser closed.
2025-03-16 00:17:57 [main] INFO  verifyProductImageGallery - Starting test setup for: verifyProductImageGallery
2025-03-16 00:17:57 [main] INFO  verifyProductImageGallery - Setting up Chrome browser...
2025-03-16 00:17:58 [main] INFO  verifyProductImageGallery - Browser setup complete with ZenRows proxy.
2025-03-16 00:17:58 [main] INFO  verifyProductImageGallery - Navigating to: https://demo.nopcommerce.com/
2025-03-16 00:18:23 [main] INFO  verifyProductImageGallery - Closing the browser for test: verifyProductImageGallery
2025-03-16 00:18:23 [main] INFO  verifyProductImageGallery - Browser closed.
2025-03-16 00:19:38 [main] INFO  verifyProductImageGallery - Starting test setup for: verifyProductImageGallery
2025-03-16 00:19:38 [main] INFO  verifyProductImageGallery - Setting up Chrome browser...
2025-03-16 00:19:39 [main] INFO  verifyProductImageGallery - Browser setup complete with ZenRows proxy.
2025-03-16 00:19:39 [main] INFO  verifyProductImageGallery - Navigating to: https://demo.nopcommerce.com/
2025-03-16 00:20:07 [main] INFO  verifyProductImageGallery - Closing the browser for test: verifyProductImageGallery
2025-03-16 00:20:07 [main] INFO  verifyProductImageGallery - Browser closed.
2025-03-16 00:22:13 [main] INFO  verifyProductImageGallery - Starting test setup for: verifyProductImageGallery
2025-03-16 00:22:13 [main] INFO  verifyProductImageGallery - Setting up Chrome browser...
2025-03-16 00:22:14 [main] INFO  verifyProductImageGallery - Browser setup complete with ZenRows proxy.
2025-03-16 00:22:14 [main] INFO  verifyProductImageGallery - Navigating to: https://demo.nopcommerce.com/
2025-03-16 00:22:26 [main] INFO  verifyProductImageGallery - Closing the browser for test: verifyProductImageGallery
2025-03-16 00:22:26 [main] INFO  verifyProductImageGallery - Browser closed.
2025-03-16 00:23:31 [main] INFO  verifyProductImageGallery - Starting test setup for: verifyProductImageGallery
2025-03-16 00:23:31 [main] INFO  verifyProductImageGallery - Setting up Chrome browser...
2025-03-16 00:23:33 [main] INFO  verifyProductImageGallery - Browser setup complete with ZenRows proxy.
2025-03-16 00:23:33 [main] INFO  verifyProductImageGallery - Navigating to: https://demo.nopcommerce.com/
2025-03-16 00:23:45 [main] INFO  verifyProductImageGallery - Closing the browser for test: verifyProductImageGallery
2025-03-16 00:23:45 [main] INFO  verifyProductImageGallery - Browser closed.
2025-03-16 00:24:03 [main] INFO  verifyProductImageGallery - Starting test setup for: verifyProductImageGallery
2025-03-16 00:24:03 [main] INFO  verifyProductImageGallery - Setting up Chrome browser...
2025-03-16 00:24:04 [main] INFO  verifyProductImageGallery - Browser setup complete with ZenRows proxy.
2025-03-16 00:24:04 [main] INFO  verifyProductImageGallery - Navigating to: https://demo.nopcommerce.com/
2025-03-16 00:24:10 [main] INFO  verifyProductImageGallery - Closing the browser for test: verifyProductImageGallery
2025-03-16 00:24:10 [main] INFO  verifyProductImageGallery - Browser closed.
2025-03-16 00:24:24 [main] INFO  verifyProductImageGallery - Starting test setup for: verifyProductImageGallery
2025-03-16 00:24:24 [main] INFO  verifyProductImageGallery - Setting up Chrome browser...
2025-03-16 00:24:25 [main] INFO  verifyProductImageGallery - Browser setup complete with ZenRows proxy.
2025-03-16 00:24:25 [main] INFO  verifyProductImageGallery - Navigating to: https://demo.nopcommerce.com/
2025-03-16 00:24:39 [main] INFO  verifyProductImageGallery - Closing the browser for test: verifyProductImageGallery
2025-03-16 00:24:40 [main] INFO  verifyProductImageGallery - Browser closed.
2025-03-16 00:26:47 [main] INFO  verifyProductImageGallery - Starting test setup for: verifyProductImageGallery
2025-03-16 00:26:47 [main] INFO  verifyProductImageGallery - Setting up Chrome browser...
2025-03-16 00:26:48 [main] INFO  verifyProductImageGallery - Browser setup complete with ZenRows proxy.
2025-03-16 00:26:48 [main] INFO  verifyProductImageGallery - Navigating to: https://demo.nopcommerce.com/
2025-03-16 00:27:02 [main] INFO  verifyProductImageGallery - Closing the browser for test: verifyProductImageGallery
2025-03-16 00:27:02 [main] INFO  verifyProductImageGallery - Browser closed.
2025-03-16 00:27:43 [main] INFO  verifyProductImageGallery - Starting test setup for: verifyProductImageGallery
2025-03-16 00:27:43 [main] INFO  verifyProductImageGallery - Setting up Chrome browser...
2025-03-16 00:27:44 [main] INFO  verifyProductImageGallery - Browser setup complete with ZenRows proxy.
2025-03-16 00:27:44 [main] INFO  verifyProductImageGallery - Navigating to: https://demo.nopcommerce.com/
2025-03-16 00:27:50 [main] INFO  verifyProductImageGallery - Product image gallery allows browsing images successfully.
2025-03-16 00:27:50 [main] INFO  verifyProductImageGallery - Closing the browser for test: verifyProductImageGallery
2025-03-16 00:27:50 [main] INFO  verifyProductImageGallery - Browser closed.
2025-03-16 07:15:37 [main] INFO  verifyProductImageGallery - Starting test setup for: verifyProductImageGallery
2025-03-16 07:18:11 [main] INFO  verifyProductImageGallery - Starting test setup for: verifyProductImageGallery
2025-03-16 07:20:06 [main] INFO  verifyProductImageGallery - Starting test setup for: verifyProductImageGallery
2025-03-16 07:23:42 [main] INFO  verifyProductImageGallery - Starting test setup for: verifyProductImageGallery
2025-03-16 07:23:59 [main] INFO  verifyProductImageGallery - Navigated to the site: https://demo.nopcommerce.com
2025-03-16 07:23:59 [main] INFO  verifyProductImageGallery - Injected cookie: _ga
2025-03-16 07:23:59 [main] INFO  verifyProductImageGallery - Injected cookie: cf_clearance
2025-03-16 07:23:59 [main] INFO  verifyProductImageGallery - Injected cookie: .Nop.Antiforgery
2025-03-16 07:23:59 [main] INFO  verifyProductImageGallery - Injected cookie: .Nop.Customer
2025-03-16 07:23:59 [main] INFO  verifyProductImageGallery - Injected cookie: .Nop.Culture
2025-03-16 07:23:59 [main] INFO  verifyProductImageGallery - Injected cookie: _ga_SCT41TW89V
2025-03-16 07:24:00 [main] INFO  verifyProductImageGallery - Page refreshed with bypassed cookies.
2025-03-16 07:24:00 [main] INFO  verifyProductImageGallery - Navigating to: https://demo.nopcommerce.com/
2025-03-16 07:24:22 [main] INFO  verifyProductImageGallery - Closing the browser for test: verifyProductImageGallery
2025-03-16 07:24:22 [main] INFO  verifyProductImageGallery - Browser closed.
2025-03-16 07:28:48 [main] INFO  verifyProductImageGallery - Starting test setup for: verifyProductImageGallery
2025-03-16 07:29:05 [main] INFO  verifyProductImageGallery - Navigated to the site: https://demo.nopcommerce.com
2025-03-16 07:29:05 [main] INFO  verifyProductImageGallery - Injected cookie: _ga
2025-03-16 07:29:05 [main] INFO  verifyProductImageGallery - Injected cookie: cf_clearance
2025-03-16 07:29:05 [main] INFO  verifyProductImageGallery - Injected cookie: .Nop.Antiforgery
2025-03-16 07:29:05 [main] INFO  verifyProductImageGallery - Injected cookie: .Nop.Customer
2025-03-16 07:29:05 [main] INFO  verifyProductImageGallery - Injected cookie: .Nop.Culture
2025-03-16 07:29:05 [main] INFO  verifyProductImageGallery - Injected cookie: _ga_SCT41TW89V
2025-03-16 07:29:05 [main] INFO  verifyProductImageGallery - Page refreshed with bypassed cookies.
2025-03-16 07:29:05 [main] INFO  verifyProductImageGallery - Navigating to: https://demo.nopcommerce.com/
2025-03-16 07:29:15 [main] INFO  verifyProductImageGallery - Closing the browser for test: verifyProductImageGallery
2025-03-16 07:29:15 [main] INFO  verifyProductImageGallery - Browser closed.
2025-03-16 07:30:20 [main] INFO  verifyProductImageGallery - Starting test setup for: verifyProductImageGallery
2025-03-16 07:30:38 [main] INFO  verifyProductImageGallery - Navigated to the site: https://demo.nopcommerce.com
2025-03-16 07:30:38 [main] INFO  verifyProductImageGallery - Injected cookie: cf_clearance
2025-03-16 07:30:38 [main] INFO  verifyProductImageGallery - Injected cookie: _ga
2025-03-16 07:30:38 [main] INFO  verifyProductImageGallery - Injected cookie: .Nop.Antiforgery
2025-03-16 07:30:38 [main] INFO  verifyProductImageGallery - Injected cookie: .Nop.Customer
2025-03-16 07:30:38 [main] INFO  verifyProductImageGallery - Injected cookie: .Nop.Culture
2025-03-16 07:30:38 [main] INFO  verifyProductImageGallery - Injected cookie: _ga_SCT41TW89V
2025-03-16 07:30:38 [main] INFO  verifyProductImageGallery - Page refreshed with bypassed cookies.
2025-03-16 07:30:38 [main] INFO  verifyProductImageGallery - Navigating to: https://demo.nopcommerce.com/
2025-03-16 07:30:41 [main] INFO  verifyProductImageGallery - Product image gallery allows browsing images successfully.
2025-03-16 07:30:41 [main] INFO  verifyProductImageGallery - Closing the browser for test: verifyProductImageGallery
2025-03-16 07:30:41 [main] INFO  verifyProductImageGallery - Browser closed.
2025-03-16 07:34:08 [main] INFO  verifyProductImageGallery - Starting test setup for: verifyProductImageGallery
2025-03-16 07:34:25 [main] INFO  verifyProductImageGallery - Navigated to the site: https://demo.nopcommerce.com
2025-03-16 07:34:25 [main] INFO  verifyProductImageGallery - Injected cookie: _ga
2025-03-16 07:34:25 [main] INFO  verifyProductImageGallery - Injected cookie: cf_clearance
2025-03-16 07:34:25 [main] INFO  verifyProductImageGallery - Injected cookie: .Nop.Antiforgery
2025-03-16 07:34:25 [main] INFO  verifyProductImageGallery - Injected cookie: .Nop.Customer
2025-03-16 07:34:25 [main] INFO  verifyProductImageGallery - Injected cookie: .Nop.Culture
2025-03-16 07:34:25 [main] INFO  verifyProductImageGallery - Injected cookie: _ga_SCT41TW89V
2025-03-16 07:34:25 [main] INFO  verifyProductImageGallery - Page refreshed with bypassed cookies.
2025-03-16 07:34:25 [main] INFO  verifyProductImageGallery - Navigating to: https://demo.nopcommerce.com/
2025-03-16 07:34:28 [main] INFO  verifyProductImageGallery - Product image gallery allows browsing images successfully.
2025-03-16 07:34:28 [main] INFO  verifyProductImageGallery - Closing the browser for test: verifyProductImageGallery
2025-03-16 07:34:28 [main] INFO  verifyProductImageGallery - Browser closed.
2025-03-16 08:43:28 [main] INFO  verifyProductImageGallery - Starting test setup for: verifyProductImageGallery
2025-03-16 08:43:53 [main] INFO  verifyProductImageGallery - Navigated to the site: https://demo.nopcommerce.com
2025-03-16 08:43:53 [main] INFO  verifyProductImageGallery - Injected cookie: _ga
2025-03-16 08:43:53 [main] INFO  verifyProductImageGallery - Injected cookie: cf_clearance
2025-03-16 08:43:53 [main] INFO  verifyProductImageGallery - Injected cookie: .Nop.Antiforgery
2025-03-16 08:43:53 [main] INFO  verifyProductImageGallery - Injected cookie: .Nop.Customer
2025-03-16 08:43:53 [main] INFO  verifyProductImageGallery - Injected cookie: .Nop.Culture
2025-03-16 08:43:53 [main] INFO  verifyProductImageGallery - Injected cookie: _ga_SCT41TW89V
2025-03-16 08:43:54 [main] INFO  verifyProductImageGallery - Page refreshed with bypassed cookies.
2025-03-16 08:43:54 [main] INFO  verifyProductImageGallery - Navigating to: https://demo.nopcommerce.com/
2025-03-16 08:43:59 [main] INFO  verifyProductImageGallery - Product image gallery allows browsing images successfully.
2025-03-16 08:43:59 [main] INFO  verifyProductImageGallery - Closing the browser for test: verifyProductImageGallery
2025-03-16 08:43:59 [main] INFO  verifyProductImageGallery - Browser closed.
2025-03-16 09:17:15 [main] INFO  verifyProductImageGallery - Starting test setup for: verifyProductImageGallery
2025-03-16 09:17:39 [main] INFO  verifyProductImageGallery - Navigated to the site: https://demo.nopcommerce.com
2025-03-16 09:17:39 [main] INFO  verifyProductImageGallery - Injected cookie: _ga
2025-03-16 09:17:39 [main] INFO  verifyProductImageGallery - Injected cookie: cf_clearance
2025-03-16 09:17:39 [main] INFO  verifyProductImageGallery - Injected cookie: .Nop.Antiforgery
2025-03-16 09:17:39 [main] INFO  verifyProductImageGallery - Injected cookie: .Nop.Customer
2025-03-16 09:17:39 [main] INFO  verifyProductImageGallery - Injected cookie: .Nop.Culture
2025-03-16 09:17:39 [main] INFO  verifyProductImageGallery - Injected cookie: _ga_SCT41TW89V
2025-03-16 09:17:40 [main] INFO  verifyProductImageGallery - Page refreshed with bypassed cookies.
2025-03-16 09:17:40 [main] INFO  verifyProductImageGallery - Navigating to: https://demo.nopcommerce.com/
2025-03-16 09:17:45 [main] INFO  verifyProductImageGallery - Product image gallery allows browsing images successfully.
2025-03-16 09:17:45 [main] INFO  verifyProductImageGallery - Closing the browser for test: verifyProductImageGallery
2025-03-16 09:17:45 [main] INFO  verifyProductImageGallery - Browser closed.
2025-03-17 10:06:56 [main] INFO  verifyProductImageGallery - 
================================================================================================================================ NEW TEST RUN ================================================================================================================================
2025-03-17 10:06:56 [main] INFO  verifyProductImageGallery - Starting test setup for: verifyProductImageGallery
2025-03-17 10:07:17 [main] INFO  verifyProductImageGallery - Navigated to the site: https://demo.nopcommerce.com
2025-03-17 10:07:17 [main] INFO  verifyProductImageGallery - Injected cookie: cf_clearance
2025-03-17 10:07:17 [main] INFO  verifyProductImageGallery - Injected cookie: _ga
2025-03-17 10:07:17 [main] INFO  verifyProductImageGallery - Injected cookie: .Nop.Antiforgery
2025-03-17 10:07:17 [main] INFO  verifyProductImageGallery - Injected cookie: .Nop.Customer
2025-03-17 10:07:17 [main] INFO  verifyProductImageGallery - Injected cookie: .Nop.Culture
2025-03-17 10:07:17 [main] INFO  verifyProductImageGallery - Injected cookie: _ga_SCT41TW89V
2025-03-17 10:07:18 [main] INFO  verifyProductImageGallery - Page refreshed with bypassed cookies.
2025-03-17 10:07:18 [main] INFO  verifyProductImageGallery - Navigating to: https://demo.nopcommerce.com/
2025-03-17 10:08:25 [main] INFO  verifyProductImageGallery - Closing the browser for test: verifyProductImageGallery
2025-03-17 10:08:25 [main] INFO  verifyProductImageGallery - Browser closed.
2025-03-17 18:19:52 [main] INFO  verifyProductImageGallery - 
================================================================================================================================ NEW TEST RUN ================================================================================================================================
2025-03-17 18:19:52 [main] INFO  verifyProductImageGallery - Starting test setup for: verifyProductImageGallery
2025-03-17 18:20:15 [main] INFO  verifyProductImageGallery - Navigated to the site: https://demo.nopcommerce.com
2025-03-17 18:20:15 [main] INFO  verifyProductImageGallery - Injected cookie: _ga
2025-03-17 18:20:15 [main] INFO  verifyProductImageGallery - Injected cookie: cf_clearance
2025-03-17 18:20:15 [main] INFO  verifyProductImageGallery - Injected cookie: .Nop.Antiforgery
2025-03-17 18:20:15 [main] INFO  verifyProductImageGallery - Injected cookie: .Nop.Customer
2025-03-17 18:20:16 [main] INFO  verifyProductImageGallery - Injected cookie: .Nop.Culture
2025-03-17 18:20:16 [main] INFO  verifyProductImageGallery - Injected cookie: _ga_SCT41TW89V
2025-03-17 18:20:16 [main] INFO  verifyProductImageGallery - Page refreshed with bypassed cookies.
2025-03-17 18:20:16 [main] INFO  verifyProductImageGallery - Navigating to: https://demo.nopcommerce.com/
2025-03-17 18:20:22 [main] INFO  verifyProductImageGallery - Product image gallery allows browsing images successfully.
2025-03-17 18:20:22 [main] INFO  verifyProductImageGallery - Closing the browser for test: verifyProductImageGallery
2025-03-17 18:20:22 [main] INFO  verifyProductImageGallery - Browser closed.
2025-03-17 18:46:13 [main] INFO  verifyProductImageGallery - 
===================================================================================== NEW TEST RUN =====================================================================================
2025-03-17 18:46:13 [main] INFO  verifyProductImageGallery - Starting test setup for: verifyProductImageGallery
2025-03-17 18:46:35 [main] INFO  verifyProductImageGallery - Navigated to the site: https://demo.nopcommerce.com
2025-03-17 18:46:35 [main] INFO  verifyProductImageGallery - Injected cookie: _ga
2025-03-17 18:46:35 [main] INFO  verifyProductImageGallery - Injected cookie: cf_clearance
2025-03-17 18:46:35 [main] INFO  verifyProductImageGallery - Injected cookie: .Nop.Antiforgery
2025-03-17 18:46:35 [main] INFO  verifyProductImageGallery - Injected cookie: .Nop.Customer
2025-03-17 18:46:35 [main] INFO  verifyProductImageGallery - Injected cookie: .Nop.Culture
2025-03-17 18:46:35 [main] INFO  verifyProductImageGallery - Injected cookie: _ga_SCT41TW89V
2025-03-17 18:46:36 [main] INFO  verifyProductImageGallery - Page refreshed with bypassed cookies.
2025-03-17 18:46:36 [main] INFO  verifyProductImageGallery - Navigating to: https://demo.nopcommerce.com/
2025-03-17 18:46:42 [main] INFO  verifyProductImageGallery - Product image gallery allows browsing images successfully.
2025-03-17 18:46:42 [main] INFO  verifyProductImageGallery - Closing the browser for test: verifyProductImageGallery
2025-03-17 18:46:42 [main] INFO  verifyProductImageGallery - Browser closed.
2025-03-17 20:03:18 [main] INFO  verifyProductImageGallery - 
===================================================================================== NEW TEST RUN =====================================================================================
2025-03-17 20:03:18 [main] INFO  verifyProductImageGallery - Starting test setup for: verifyProductImageGallery
2025-03-17 20:03:35 [main] INFO  verifyProductImageGallery - Navigated to the site: https://demo.nopcommerce.com
2025-03-17 20:03:35 [main] INFO  verifyProductImageGallery - Injected cookie: _ga
2025-03-17 20:03:35 [main] INFO  verifyProductImageGallery - Injected cookie: cf_clearance
2025-03-17 20:03:35 [main] INFO  verifyProductImageGallery - Injected cookie: .Nop.Antiforgery
2025-03-17 20:03:35 [main] INFO  verifyProductImageGallery - Injected cookie: .Nop.Customer
2025-03-17 20:03:35 [main] INFO  verifyProductImageGallery - Injected cookie: .Nop.Culture
2025-03-17 20:03:35 [main] INFO  verifyProductImageGallery - Injected cookie: _ga_SCT41TW89V
2025-03-17 20:03:36 [main] INFO  verifyProductImageGallery - Page refreshed with bypassed cookies.
2025-03-17 20:03:36 [main] INFO  verifyProductImageGallery - Navigating to: https://demo.nopcommerce.com/
2025-03-17 20:03:38 [main] INFO  verifyProductImageGallery - Product image gallery allows browsing images successfully.
2025-03-17 20:03:38 [main] INFO  verifyProductImageGallery - Closing the browser for test: verifyProductImageGallery
2025-03-17 20:03:38 [main] INFO  verifyProductImageGallery - Browser closed.
2025-03-17 20:05:29 [main] INFO  verifyProductImageGallery - 
===================================================================================== NEW TEST RUN =====================================================================================
2025-03-17 20:05:29 [main] INFO  verifyProductImageGallery - Starting test setup for: verifyProductImageGallery
2025-03-17 20:05:52 [main] INFO  verifyProductImageGallery - Navigated to the site: https://demo.nopcommerce.com
2025-03-17 20:05:52 [main] INFO  verifyProductImageGallery - Injected cookie: _ga
2025-03-17 20:05:52 [main] INFO  verifyProductImageGallery - Injected cookie: cf_clearance
2025-03-17 20:05:52 [main] INFO  verifyProductImageGallery - Injected cookie: .Nop.Antiforgery
2025-03-17 20:05:52 [main] INFO  verifyProductImageGallery - Injected cookie: .Nop.Customer
2025-03-17 20:05:52 [main] INFO  verifyProductImageGallery - Injected cookie: .Nop.Culture
2025-03-17 20:05:52 [main] INFO  verifyProductImageGallery - Injected cookie: _ga_SCT41TW89V
2025-03-17 20:05:53 [main] INFO  verifyProductImageGallery - Page refreshed with bypassed cookies.
2025-03-17 20:05:53 [main] INFO  verifyProductImageGallery - Navigating to: https://demo.nopcommerce.com/
2025-03-17 20:05:57 [main] INFO  verifyProductImageGallery - Product image gallery allows browsing images successfully.
2025-03-17 20:05:57 [main] INFO  verifyProductImageGallery - Closing the browser for test: verifyProductImageGallery
2025-03-17 20:05:57 [main] INFO  verifyProductImageGallery - Browser closed.
